<?xml version="1.0" encoding="UTF-8" ?>
<testsuite tests="7" failures="2" name="com.project.backend.CategoryTestCase" time="0.526" errors="1" skipped="0">
  <properties>
    <property name="java.runtime.name" value="Java(TM) SE Runtime Environment"/>
    <property name="sun.boot.library.path" value="C:\Program Files\Java\jre1.8.0_161\bin"/>
    <property name="java.vm.version" value="25.161-b12"/>
    <property name="java.vm.vendor" value="Oracle Corporation"/>
    <property name="maven.multiModuleProjectDirectory" value="F:\Workstation\backend"/>
    <property name="java.vendor.url" value="http://java.oracle.com/"/>
    <property name="path.separator" value=";"/>
    <property name="guice.disable.misplaced.annotation.check" value="true"/>
    <property name="java.vm.name" value="Java HotSpot(TM) 64-Bit Server VM"/>
    <property name="file.encoding.pkg" value="sun.io"/>
    <property name="user.script" value=""/>
    <property name="user.country" value="US"/>
    <property name="sun.java.launcher" value="SUN_STANDARD"/>
    <property name="sun.os.patch.level" value=""/>
    <property name="java.vm.specification.name" value="Java Virtual Machine Specification"/>
    <property name="user.dir" value="F:\Workstation\backend"/>
    <property name="java.runtime.version" value="1.8.0_161-b12"/>
    <property name="java.awt.graphicsenv" value="sun.awt.Win32GraphicsEnvironment"/>
    <property name="java.endorsed.dirs" value="C:\Program Files\Java\jre1.8.0_161\lib\endorsed"/>
    <property name="os.arch" value="amd64"/>
    <property name="java.io.tmpdir" value="C:\Users\yogender\AppData\Local\Temp\"/>
    <property name="line.separator" value="
"/>
    <property name="java.vm.specification.vendor" value="Oracle Corporation"/>
    <property name="user.variant" value=""/>
    <property name="os.name" value="Windows 10"/>
    <property name="classworlds.conf" value="F:\Workstation\.metadata\.plugins\org.eclipse.m2e.launching\launches\m2conf1838115320050085013.tmp"/>
    <property name="sun.jnu.encoding" value="Cp1252"/>
    <property name="java.library.path" value="C:\Program Files\Java\jre1.8.0_161\bin;C:\WINDOWS\Sun\Java\bin;C:\WINDOWS\system32;C:\WINDOWS;C:/Program Files/Java/jre1.8.0_161/bin/server;C:/Program Files/Java/jre1.8.0_161/bin;C:/Program Files/Java/jre1.8.0_161/lib/amd64;C:\ProgramData\Oracle\Java\javapath;C:\WINDOWS\system32;C:\WINDOWS;C:\WINDOWS\System32\Wbem;C:\WINDOWS\System32\WindowsPowerShell\v1.0\;F:\apache-maven-3.5.2\bin;C:\Program Files\Java\jdk1.8.0_161\bin;C:\Users\yogender\AppData\Local\Microsoft\WindowsApps;C:\Users\yogender\AppData\Local\GitHubDesktop\bin;F:\study material\softwares\eclipse;;."/>
    <property name="java.specification.name" value="Java Platform API Specification"/>
    <property name="java.class.version" value="52.0"/>
    <property name="sun.management.compiler" value="HotSpot 64-Bit Tiered Compilers"/>
    <property name="os.version" value="10.0"/>
    <property name="user.home" value="C:\Users\yogender"/>
    <property name="user.timezone" value="Asia/Calcutta"/>
    <property name="java.awt.printerjob" value="sun.awt.windows.WPrinterJob"/>
    <property name="java.specification.version" value="1.8"/>
    <property name="file.encoding" value="Cp1252"/>
    <property name="user.name" value="yogender"/>
    <property name="java.class.path" value="F:\study material\softwares\eclipse\plugins\org.eclipse.m2e.maven.runtime_1.8.2.20171007-0216\jars\plexus-classworlds-2.5.2.jar"/>
    <property name="java.vm.specification.version" value="1.8"/>
    <property name="sun.arch.data.model" value="64"/>
    <property name="java.home" value="C:\Program Files\Java\jre1.8.0_161"/>
    <property name="sun.java.command" value="org.codehaus.plexus.classworlds.launcher.Launcher -B install"/>
    <property name="java.specification.vendor" value="Oracle Corporation"/>
    <property name="user.language" value="en"/>
    <property name="awt.toolkit" value="sun.awt.windows.WToolkit"/>
    <property name="java.vm.info" value="mixed mode"/>
    <property name="java.version" value="1.8.0_161"/>
    <property name="java.ext.dirs" value="C:\Program Files\Java\jre1.8.0_161\lib\ext;C:\WINDOWS\Sun\Java\lib\ext"/>
    <property name="sun.boot.class.path" value="C:\Program Files\Java\jre1.8.0_161\lib\resources.jar;C:\Program Files\Java\jre1.8.0_161\lib\rt.jar;C:\Program Files\Java\jre1.8.0_161\lib\sunrsasign.jar;C:\Program Files\Java\jre1.8.0_161\lib\jsse.jar;C:\Program Files\Java\jre1.8.0_161\lib\jce.jar;C:\Program Files\Java\jre1.8.0_161\lib\charsets.jar;C:\Program Files\Java\jre1.8.0_161\lib\jfr.jar;C:\Program Files\Java\jre1.8.0_161\classes"/>
    <property name="java.vendor" value="Oracle Corporation"/>
    <property name="maven.home" value="F:\Workstation\backend\EMBEDDED"/>
    <property name="file.separator" value="\"/>
    <property name="java.vendor.url.bug" value="http://bugreport.sun.com/bugreport/"/>
    <property name="sun.cpu.endian" value="little"/>
    <property name="sun.io.unicode.encoding" value="UnicodeLittle"/>
    <property name="sun.desktop" value="windows"/>
    <property name="sun.cpu.isalist" value="amd64"/>
  </properties>
  <testcase classname="com.project.backend.CategoryTestCase" name="getAllCategorysTestCase" time="0.315">
    <failure message="get all usres  expected:&lt;3&gt; but was:&lt;4&gt;" type="java.lang.AssertionError">java.lang.AssertionError: get all usres  expected:&lt;3&gt; but was:&lt;4&gt;
	at org.junit.Assert.fail(Assert.java:74)
	at org.junit.Assert.failNotEquals(Assert.java:448)
	at org.junit.Assert.assertEquals(Assert.java:102)
	at org.junit.Assert.assertEquals(Assert.java:323)
	at com.project.backend.CategoryTestCase.getAllCategorysTestCase(CategoryTestCase.java:80)
	at sun.reflect.NativeMethodAccessorImpl.invoke0(Native Method)
	at sun.reflect.NativeMethodAccessorImpl.invoke(Unknown Source)
	at sun.reflect.DelegatingMethodAccessorImpl.invoke(Unknown Source)
	at java.lang.reflect.Method.invoke(Unknown Source)
	at org.junit.internal.runners.TestMethod.invoke(TestMethod.java:59)
	at org.junit.internal.runners.MethodRoadie.runTestMethod(MethodRoadie.java:98)
	at org.junit.internal.runners.MethodRoadie$2.run(MethodRoadie.java:79)
	at org.junit.internal.runners.MethodRoadie.runBeforesThenTestThenAfters(MethodRoadie.java:87)
	at org.junit.internal.runners.MethodRoadie.runTest(MethodRoadie.java:77)
	at org.junit.internal.runners.MethodRoadie.run(MethodRoadie.java:42)
	at org.junit.internal.runners.JUnit4ClassRunner.invokeTestMethod(JUnit4ClassRunner.java:88)
	at org.junit.internal.runners.JUnit4ClassRunner.runMethods(JUnit4ClassRunner.java:51)
	at org.junit.internal.runners.JUnit4ClassRunner$1.run(JUnit4ClassRunner.java:44)
	at org.junit.internal.runners.ClassRoadie.runUnprotected(ClassRoadie.java:27)
	at org.junit.internal.runners.ClassRoadie.runProtected(ClassRoadie.java:37)
	at org.junit.internal.runners.JUnit4ClassRunner.run(JUnit4ClassRunner.java:42)
	at org.apache.maven.surefire.junit4.JUnit4Provider.execute(JUnit4Provider.java:252)
	at org.apache.maven.surefire.junit4.JUnit4Provider.executeTestSet(JUnit4Provider.java:141)
	at org.apache.maven.surefire.junit4.JUnit4Provider.invoke(JUnit4Provider.java:112)
	at sun.reflect.NativeMethodAccessorImpl.invoke0(Native Method)
	at sun.reflect.NativeMethodAccessorImpl.invoke(Unknown Source)
	at sun.reflect.DelegatingMethodAccessorImpl.invoke(Unknown Source)
	at java.lang.reflect.Method.invoke(Unknown Source)
	at org.apache.maven.surefire.util.ReflectionUtils.invokeMethodWithArray(ReflectionUtils.java:189)
	at org.apache.maven.surefire.booter.ProviderFactory$ProviderProxy.invoke(ProviderFactory.java:165)
	at org.apache.maven.surefire.booter.ProviderFactory.invokeProvider(ProviderFactory.java:85)
	at org.apache.maven.surefire.booter.ForkedBooter.runSuitesInProcess(ForkedBooter.java:115)
	at org.apache.maven.surefire.booter.ForkedBooter.main(ForkedBooter.java:75)
</failure>
    <system-out>22:30:02.932 [main] DEBUG org.springframework.core.env.StandardEnvironment - Adding PropertySource &apos;systemProperties&apos; with lowest search precedence
22:30:02.948 [main] DEBUG org.springframework.core.env.StandardEnvironment - Adding PropertySource &apos;systemEnvironment&apos; with lowest search precedence
22:30:02.949 [main] DEBUG org.springframework.core.env.StandardEnvironment - Initialized StandardEnvironment with PropertySources [MapPropertySource@892529689 {name=&apos;systemProperties&apos;, properties={java.runtime.name=Java(TM) SE Runtime Environment, sun.boot.library.path=C:\Program Files\Java\jre1.8.0_161\bin, java.vm.version=25.161-b12, java.vm.vendor=Oracle Corporation, java.vendor.url=http://java.oracle.com/, path.separator=;, java.vm.name=Java HotSpot(TM) 64-Bit Server VM, file.encoding.pkg=sun.io, user.country=US, user.script=, sun.java.launcher=SUN_STANDARD, sun.os.patch.level=, java.vm.specification.name=Java Virtual Machine Specification, user.dir=F:\Workstation\backend, java.runtime.version=1.8.0_161-b12, basedir=F:\Workstation\backend, java.awt.graphicsenv=sun.awt.Win32GraphicsEnvironment, java.endorsed.dirs=C:\Program Files\Java\jre1.8.0_161\lib\endorsed, os.arch=amd64, surefire.real.class.path=F:\Workstation\backend\target\surefire\surefirebooter1169634460267211287.jar, java.io.tmpdir=C:\Users\yogender\AppData\Local\Temp\, line.separator=
, java.vm.specification.vendor=Oracle Corporation, user.variant=, os.name=Windows 10, sun.jnu.encoding=Cp1252, java.library.path=C:\Program Files\Java\jre1.8.0_161\bin;C:\WINDOWS\Sun\Java\bin;C:\WINDOWS\system32;C:\WINDOWS;C:/Program Files/Java/jre1.8.0_161/bin/server;C:/Program Files/Java/jre1.8.0_161/bin;C:/Program Files/Java/jre1.8.0_161/lib/amd64;C:\ProgramData\Oracle\Java\javapath;C:\WINDOWS\system32;C:\WINDOWS;C:\WINDOWS\System32\Wbem;C:\WINDOWS\System32\WindowsPowerShell\v1.0\;F:\apache-maven-3.5.2\bin;C:\Program Files\Java\jdk1.8.0_161\bin;C:\Users\yogender\AppData\Local\Microsoft\WindowsApps;C:\Users\yogender\AppData\Local\GitHubDesktop\bin;F:\study material\softwares\eclipse;;., surefire.test.class.path=F:\Workstation\backend\target\test-classes;F:\Workstation\backend\target\classes;C:\Users\yogender\.m2\repository\javax\xml\jaxb-impl\2.1\jaxb-impl-2.1.jar;C:\Users\yogender\.m2\repository\org\glassfish\jaxb\jaxb-core\2.2.11\jaxb-core-2.2.11.jar;C:\Users\yogender\.m2\repository\javax\xml\bind\jaxb-api\2.3.0\jaxb-api-2.3.0.jar;C:\Users\yogender\.m2\repository\org\apache\maven\maven-plugin-api\3.3.9\maven-plugin-api-3.3.9.jar;C:\Users\yogender\.m2\repository\org\apache\maven\maven-model\3.3.9\maven-model-3.3.9.jar;C:\Users\yogender\.m2\repository\org\codehaus\plexus\plexus-utils\3.0.22\plexus-utils-3.0.22.jar;C:\Users\yogender\.m2\repository\org\apache\commons\commons-lang3\3.4\commons-lang3-3.4.jar;C:\Users\yogender\.m2\repository\org\apache\maven\maven-artifact\3.3.9\maven-artifact-3.3.9.jar;C:\Users\yogender\.m2\repository\org\eclipse\sisu\org.eclipse.sisu.plexus\0.3.2\org.eclipse.sisu.plexus-0.3.2.jar;C:\Users\yogender\.m2\repository\javax\enterprise\cdi-api\1.0\cdi-api-1.0.jar;C:\Users\yogender\.m2\repository\javax\annotation\jsr250-api\1.0\jsr250-api-1.0.jar;C:\Users\yogender\.m2\repository\javax\inject\javax.inject\1\javax.inject-1.jar;C:\Users\yogender\.m2\repository\org\eclipse\sisu\org.eclipse.sisu.inject\0.3.2\org.eclipse.sisu.inject-0.3.2.jar;C:\Users\yogender\.m2\repository\org\codehaus\plexus\plexus-component-annotations\1.5.5\plexus-component-annotations-1.5.5.jar;C:\Users\yogender\.m2\repository\org\codehaus\plexus\plexus-classworlds\2.5.2\plexus-classworlds-2.5.2.jar;C:\Users\yogender\.m2\repository\org\springframework\spring-core\5.0.4.RELEASE\spring-core-5.0.4.RELEASE.jar;C:\Users\yogender\.m2\repository\org\springframework\spring-jcl\5.0.4.RELEASE\spring-jcl-5.0.4.RELEASE.jar;C:\Users\yogender\.m2\repository\org\springframework\spring-context\5.0.4.RELEASE\spring-context-5.0.4.RELEASE.jar;C:\Users\yogender\.m2\repository\org\springframework\spring-aop\5.0.4.RELEASE\spring-aop-5.0.4.RELEASE.jar;C:\Users\yogender\.m2\repository\org\springframework\spring-beans\5.0.4.RELEASE\spring-beans-5.0.4.RELEASE.jar;C:\Users\yogender\.m2\repository\org\springframework\spring-expression\5.0.4.RELEASE\spring-expression-5.0.4.RELEASE.jar;C:\Users\yogender\.m2\repository\org\hibernate\hibernate-core\5.0.4.Final\hibernate-core-5.0.4.Final.jar;C:\Users\yogender\.m2\repository\org\jboss\logging\jboss-logging\3.3.0.Final\jboss-logging-3.3.0.Final.jar;C:\Users\yogender\.m2\repository\org\hibernate\javax\persistence\hibernate-jpa-2.1-api\1.0.0.Final\hibernate-jpa-2.1-api-1.0.0.Final.jar;C:\Users\yogender\.m2\repository\org\javassist\javassist\3.18.1-GA\javassist-3.18.1-GA.jar;C:\Users\yogender\.m2\repository\antlr\antlr\2.7.7\antlr-2.7.7.jar;C:\Users\yogender\.m2\repository\org\jboss\jandex\2.0.0.CR1\jandex-2.0.0.CR1.jar;C:\Users\yogender\.m2\repository\dom4j\dom4j\1.6.1\dom4j-1.6.1.jar;C:\Users\yogender\.m2\repository\xml-apis\xml-apis\1.0.b2\xml-apis-1.0.b2.jar;C:\Users\yogender\.m2\repository\org\hibernate\common\hibernate-commons-annotations\5.0.0.Final\hibernate-commons-annotations-5.0.0.Final.jar;C:\Users\yogender\.m2\repository\org\springframework\spring-orm\5.0.4.RELEASE\spring-orm-5.0.4.RELEASE.jar;C:\Users\yogender\.m2\repository\org\springframework\spring-jdbc\5.0.4.RELEASE\spring-jdbc-5.0.4.RELEASE.jar;C:\Users\yogender\.m2\repository\org\springframework\spring-tx\5.0.4.RELEASE\spring-tx-5.0.4.RELEASE.jar;C:\Users\yogender\.m2\repository\com\h2database\h2\1.4.196\h2-1.4.196.jar;C:\Users\yogender\.m2\repository\junit\junit\4.4\junit-4.4.jar;C:\Users\yogender\.m2\repository\javax\transaction\jta\1.1\jta-1.1.jar;C:\Users\yogender\.m2\repository\org\slf4j\slf4j-api\1.7.25\slf4j-api-1.7.25.jar;C:\Users\yogender\.m2\repository\ch\qos\logback\logback-classic\1.2.3\logback-classic-1.2.3.jar;C:\Users\yogender\.m2\repository\ch\qos\logback\logback-core\1.2.3\logback-core-1.2.3.jar;, java.specification.name=Java Platform API Specification, java.class.version=52.0, sun.management.compiler=HotSpot 64-Bit Tiered Compilers, os.version=10.0, user.home=C:\Users\yogender, user.timezone=Asia/Calcutta, java.awt.printerjob=sun.awt.windows.WPrinterJob, file.encoding=Cp1252, java.specification.version=1.8, java.class.path=F:\Workstation\backend\target\test-classes;F:\Workstation\backend\target\classes;C:\Users\yogender\.m2\repository\javax\xml\jaxb-impl\2.1\jaxb-impl-2.1.jar;C:\Users\yogender\.m2\repository\org\glassfish\jaxb\jaxb-core\2.2.11\jaxb-core-2.2.11.jar;C:\Users\yogender\.m2\repository\javax\xml\bind\jaxb-api\2.3.0\jaxb-api-2.3.0.jar;C:\Users\yogender\.m2\repository\org\apache\maven\maven-plugin-api\3.3.9\maven-plugin-api-3.3.9.jar;C:\Users\yogender\.m2\repository\org\apache\maven\maven-model\3.3.9\maven-model-3.3.9.jar;C:\Users\yogender\.m2\repository\org\codehaus\plexus\plexus-utils\3.0.22\plexus-utils-3.0.22.jar;C:\Users\yogender\.m2\repository\org\apache\commons\commons-lang3\3.4\commons-lang3-3.4.jar;C:\Users\yogender\.m2\repository\org\apache\maven\maven-artifact\3.3.9\maven-artifact-3.3.9.jar;C:\Users\yogender\.m2\repository\org\eclipse\sisu\org.eclipse.sisu.plexus\0.3.2\org.eclipse.sisu.plexus-0.3.2.jar;C:\Users\yogender\.m2\repository\javax\enterprise\cdi-api\1.0\cdi-api-1.0.jar;C:\Users\yogender\.m2\repository\javax\annotation\jsr250-api\1.0\jsr250-api-1.0.jar;C:\Users\yogender\.m2\repository\javax\inject\javax.inject\1\javax.inject-1.jar;C:\Users\yogender\.m2\repository\org\eclipse\sisu\org.eclipse.sisu.inject\0.3.2\org.eclipse.sisu.inject-0.3.2.jar;C:\Users\yogender\.m2\repository\org\codehaus\plexus\plexus-component-annotations\1.5.5\plexus-component-annotations-1.5.5.jar;C:\Users\yogender\.m2\repository\org\codehaus\plexus\plexus-classworlds\2.5.2\plexus-classworlds-2.5.2.jar;C:\Users\yogender\.m2\repository\org\springframework\spring-core\5.0.4.RELEASE\spring-core-5.0.4.RELEASE.jar;C:\Users\yogender\.m2\repository\org\springframework\spring-jcl\5.0.4.RELEASE\spring-jcl-5.0.4.RELEASE.jar;C:\Users\yogender\.m2\repository\org\springframework\spring-context\5.0.4.RELEASE\spring-context-5.0.4.RELEASE.jar;C:\Users\yogender\.m2\repository\org\springframework\spring-aop\5.0.4.RELEASE\spring-aop-5.0.4.RELEASE.jar;C:\Users\yogender\.m2\repository\org\springframework\spring-beans\5.0.4.RELEASE\spring-beans-5.0.4.RELEASE.jar;C:\Users\yogender\.m2\repository\org\springframework\spring-expression\5.0.4.RELEASE\spring-expression-5.0.4.RELEASE.jar;C:\Users\yogender\.m2\repository\org\hibernate\hibernate-core\5.0.4.Final\hibernate-core-5.0.4.Final.jar;C:\Users\yogender\.m2\repository\org\jboss\logging\jboss-logging\3.3.0.Final\jboss-logging-3.3.0.Final.jar;C:\Users\yogender\.m2\repository\org\hibernate\javax\persistence\hibernate-jpa-2.1-api\1.0.0.Final\hibernate-jpa-2.1-api-1.0.0.Final.jar;C:\Users\yogender\.m2\repository\org\javassist\javassist\3.18.1-GA\javassist-3.18.1-GA.jar;C:\Users\yogender\.m2\repository\antlr\antlr\2.7.7\antlr-2.7.7.jar;C:\Users\yogender\.m2\repository\org\jboss\jandex\2.0.0.CR1\jandex-2.0.0.CR1.jar;C:\Users\yogender\.m2\repository\dom4j\dom4j\1.6.1\dom4j-1.6.1.jar;C:\Users\yogender\.m2\repository\xml-apis\xml-apis\1.0.b2\xml-apis-1.0.b2.jar;C:\Users\yogender\.m2\repository\org\hibernate\common\hibernate-commons-annotations\5.0.0.Final\hibernate-commons-annotations-5.0.0.Final.jar;C:\Users\yogender\.m2\repository\org\springframework\spring-orm\5.0.4.RELEASE\spring-orm-5.0.4.RELEASE.jar;C:\Users\yogender\.m2\repository\org\springframework\spring-jdbc\5.0.4.RELEASE\spring-jdbc-5.0.4.RELEASE.jar;C:\Users\yogender\.m2\repository\org\springframework\spring-tx\5.0.4.RELEASE\spring-tx-5.0.4.RELEASE.jar;C:\Users\yogender\.m2\repository\com\h2database\h2\1.4.196\h2-1.4.196.jar;C:\Users\yogender\.m2\repository\junit\junit\4.4\junit-4.4.jar;C:\Users\yogender\.m2\repository\javax\transaction\jta\1.1\jta-1.1.jar;C:\Users\yogender\.m2\repository\org\slf4j\slf4j-api\1.7.25\slf4j-api-1.7.25.jar;C:\Users\yogender\.m2\repository\ch\qos\logback\logback-classic\1.2.3\logback-classic-1.2.3.jar;C:\Users\yogender\.m2\repository\ch\qos\logback\logback-core\1.2.3\logback-core-1.2.3.jar;, user.name=yogender, java.vm.specification.version=1.8, sun.java.command=F:\Workstation\backend\target\surefire\surefirebooter1169634460267211287.jar F:\Workstation\backend\target\surefire\surefire3937481837042953127tmp F:\Workstation\backend\target\surefire\surefire_0294470579703560172tmp, java.home=C:\Program Files\Java\jre1.8.0_161, sun.arch.data.model=64, user.language=en, java.specification.vendor=Oracle Corporation, awt.toolkit=sun.awt.windows.WToolkit, java.vm.info=mixed mode, java.version=1.8.0_161, java.ext.dirs=C:\Program Files\Java\jre1.8.0_161\lib\ext;C:\WINDOWS\Sun\Java\lib\ext, sun.boot.class.path=C:\Program Files\Java\jre1.8.0_161\lib\resources.jar;C:\Program Files\Java\jre1.8.0_161\lib\rt.jar;C:\Program Files\Java\jre1.8.0_161\lib\sunrsasign.jar;C:\Program Files\Java\jre1.8.0_161\lib\jsse.jar;C:\Program Files\Java\jre1.8.0_161\lib\jce.jar;C:\Program Files\Java\jre1.8.0_161\lib\charsets.jar;C:\Program Files\Java\jre1.8.0_161\lib\jfr.jar;C:\Program Files\Java\jre1.8.0_161\classes, java.vendor=Oracle Corporation, localRepository=C:\Users\yogender\.m2\repository, file.separator=\, java.vendor.url.bug=http://bugreport.sun.com/bugreport/, sun.io.unicode.encoding=UnicodeLittle, sun.cpu.endian=little, sun.desktop=windows, sun.cpu.isalist=amd64}}, SystemEnvironmentPropertySource@1757676444 {name=&apos;systemEnvironment&apos;, properties={GOOGLE_DEFAULT_CLIENT_ID=no, PATH=C:/Program Files/Java/jre1.8.0_161/bin/server;C:/Program Files/Java/jre1.8.0_161/bin;C:/Program Files/Java/jre1.8.0_161/lib/amd64;C:\ProgramData\Oracle\Java\javapath;C:\WINDOWS\system32;C:\WINDOWS;C:\WINDOWS\System32\Wbem;C:\WINDOWS\System32\WindowsPowerShell\v1.0\;F:\apache-maven-3.5.2\bin;C:\Program Files\Java\jdk1.8.0_161\bin;C:\Users\yogender\AppData\Local\Microsoft\WindowsApps;C:\Users\yogender\AppData\Local\GitHubDesktop\bin;F:\study material\softwares\eclipse;, USERDOMAIN_ROAMINGPROFILE=LAPTOP-BGB9KQ7P, LOCALAPPDATA=C:\Users\yogender\AppData\Local, PROCESSOR_LEVEL=6, SYSTEMDRIVE=C:, COMMONPROGRAMFILES(X86)=C:\Program Files (x86)\Common Files, USERDOMAIN=LAPTOP-BGB9KQ7P, FPS_BROWSER_APP_PROFILE_STRING=Internet Explorer, LOGONSERVER=\\LAPTOP-BGB9KQ7P, JAVA_HOME=C:\Program Files\Java\jdk1.8.0_161\bin, PROMPT=$P$G, SESSIONNAME=Console, ALLUSERSPROFILE=C:\ProgramData, PROGRAMFILES(X86)=C:\Program Files (x86), PROCESSOR_ARCHITECTURE=AMD64, GOOGLE_DEFAULT_CLIENT_SECRET=no, PROGRAMFILES=C:\Program Files, =C:=C:\, APPDATA=C:\Users\yogender\AppData\Roaming, PSMODULEPATH=%ProgramFiles%\WindowsPowerShell\Modules;C:\WINDOWS\system32\WindowsPowerShell\v1.0\Modules, PROGRAMW6432=C:\Program Files, PROGRAMDATA=C:\ProgramData, SYSTEMROOT=C:\WINDOWS, USERNAME=yogender, GOOGLE_API_KEY=no, FPS_BROWSER_USER_PROFILE_STRING=Default, ONEDRIVE=C:\Users\yogender\OneDrive, CONFIGSETROOT=C:\WINDOWS\ConfigSetRoot, PATHEXT=.COM;.EXE;.BAT;.CMD;.VBS;.VBE;.JS;.JSE;.WSF;.WSH;.MSC, OS=Windows_NT, COMMONPROGRAMW6432=C:\Program Files\Common Files, COMPUTERNAME=LAPTOP-BGB9KQ7P, COMMONPROGRAMFILES=C:\Program Files\Common Files, COMSPEC=C:\WINDOWS\system32\cmd.exe, PROCESSOR_REVISION=8e09, WINDIR=C:\WINDOWS, =F:=F:\Workstation\backend, HOMEPATH=\Users\yogender, TEMP=C:\Users\yogender\AppData\Local\Temp, HOMEDRIVE=C:, PROCESSOR_IDENTIFIER=Intel64 Family 6 Model 142 Stepping 9, GenuineIntel, USERPROFILE=C:\Users\yogender, TMP=C:\Users\yogender\AppData\Local\Temp, PUBLIC=C:\Users\Public, NUMBER_OF_PROCESSORS=4, =::=::\}}]
22:30:03.001 [main] DEBUG org.springframework.context.annotation.ClassPathBeanDefinitionScanner - JSR-330 &apos;javax.inject.Named&apos; annotation found and supported for component scanning
22:30:03.001 [main] DEBUG org.springframework.core.io.support.PathMatchingResourcePatternResolver - Resolved classpath location [com/project/] to resources [URL [file:/F:/Workstation/backend/target/test-classes/com/project/], URL [file:/F:/Workstation/backend/target/classes/com/project/]]
22:30:03.001 [main] DEBUG org.springframework.core.io.support.PathMatchingResourcePatternResolver - Looking for matching resources in directory tree [F:\Workstation\backend\target\test-classes\com\project]
22:30:03.001 [main] DEBUG org.springframework.core.io.support.PathMatchingResourcePatternResolver - Searching directory [F:\Workstation\backend\target\test-classes\com\project] for files matching pattern [F:/Workstation/backend/target/test-classes/com/project/**/*.class]
22:30:03.017 [main] DEBUG org.springframework.core.io.support.PathMatchingResourcePatternResolver - Searching directory [F:\Workstation\backend\target\test-classes\com\project\backend] for files matching pattern [F:/Workstation/backend/target/test-classes/com/project/**/*.class]
22:30:03.019 [main] DEBUG org.springframework.core.io.support.PathMatchingResourcePatternResolver - Looking for matching resources in directory tree [F:\Workstation\backend\target\classes\com\project]
22:30:03.019 [main] DEBUG org.springframework.core.io.support.PathMatchingResourcePatternResolver - Searching directory [F:\Workstation\backend\target\classes\com\project] for files matching pattern [F:/Workstation/backend/target/classes/com/project/**/*.class]
22:30:03.019 [main] DEBUG org.springframework.core.io.support.PathMatchingResourcePatternResolver - Searching directory [F:\Workstation\backend\target\classes\com\project\backend] for files matching pattern [F:/Workstation/backend/target/classes/com/project/**/*.class]
22:30:03.019 [main] DEBUG org.springframework.core.io.support.PathMatchingResourcePatternResolver - Searching directory [F:\Workstation\backend\target\classes\com\project\backend\config] for files matching pattern [F:/Workstation/backend/target/classes/com/project/**/*.class]
22:30:03.019 [main] DEBUG org.springframework.core.io.support.PathMatchingResourcePatternResolver - Searching directory [F:\Workstation\backend\target\classes\com\project\backend\DAO] for files matching pattern [F:/Workstation/backend/target/classes/com/project/**/*.class]
22:30:03.019 [main] DEBUG org.springframework.core.io.support.PathMatchingResourcePatternResolver - Searching directory [F:\Workstation\backend\target\classes\com\project\backend\daoimpl] for files matching pattern [F:/Workstation/backend/target/classes/com/project/**/*.class]
22:30:03.019 [main] DEBUG org.springframework.core.io.support.PathMatchingResourcePatternResolver - Searching directory [F:\Workstation\backend\target\classes\com\project\backend\domain] for files matching pattern [F:/Workstation/backend/target/classes/com/project/**/*.class]
22:30:03.019 [main] DEBUG org.springframework.core.io.support.PathMatchingResourcePatternResolver - Resolved location pattern [classpath*:com/project/**/*.class] to resources [file [F:\Workstation\backend\target\test-classes\com\project\backend\CategoryTestCase.class], file [F:\Workstation\backend\target\test-classes\com\project\backend\ProductTestCase.class], file [F:\Workstation\backend\target\test-classes\com\project\backend\SupplierTestCase.class], file [F:\Workstation\backend\target\test-classes\com\project\backend\TestConfiguration.class], file [F:\Workstation\backend\target\test-classes\com\project\backend\UserDAOTestCase.class], file [F:\Workstation\backend\target\classes\com\project\backend\config\ApplicationContextConfig.class], file [F:\Workstation\backend\target\classes\com\project\backend\DAO\CategoryDAO.class], file [F:\Workstation\backend\target\classes\com\project\backend\DAO\ProductDAO.class], file [F:\Workstation\backend\target\classes\com\project\backend\DAO\SupplierDAO.class], file [F:\Workstation\backend\target\classes\com\project\backend\DAO\UserDAO.class], file [F:\Workstation\backend\target\classes\com\project\backend\daoimpl\CategoryDAOIMPL.class], file [F:\Workstation\backend\target\classes\com\project\backend\daoimpl\ProductDAOIMPL.class], file [F:\Workstation\backend\target\classes\com\project\backend\daoimpl\SupplierDAOIMPL.class], file [F:\Workstation\backend\target\classes\com\project\backend\daoimpl\UserDAOIMPL.class], file [F:\Workstation\backend\target\classes\com\project\backend\domain\Category.class], file [F:\Workstation\backend\target\classes\com\project\backend\domain\Product.class], file [F:\Workstation\backend\target\classes\com\project\backend\domain\Supplier.class], file [F:\Workstation\backend\target\classes\com\project\backend\domain\User.class]]
22:30:03.070 [main] DEBUG org.springframework.context.annotation.ClassPathBeanDefinitionScanner - Identified candidate component class: file [F:\Workstation\backend\target\classes\com\project\backend\config\ApplicationContextConfig.class]
22:30:03.085 [main] DEBUG org.springframework.context.annotation.ClassPathBeanDefinitionScanner - Identified candidate component class: file [F:\Workstation\backend\target\classes\com\project\backend\daoimpl\CategoryDAOIMPL.class]
22:30:03.085 [main] DEBUG org.springframework.context.annotation.ClassPathBeanDefinitionScanner - Identified candidate component class: file [F:\Workstation\backend\target\classes\com\project\backend\daoimpl\ProductDAOIMPL.class]
22:30:03.085 [main] DEBUG org.springframework.context.annotation.ClassPathBeanDefinitionScanner - Identified candidate component class: file [F:\Workstation\backend\target\classes\com\project\backend\daoimpl\SupplierDAOIMPL.class]
22:30:03.085 [main] DEBUG org.springframework.context.annotation.ClassPathBeanDefinitionScanner - Identified candidate component class: file [F:\Workstation\backend\target\classes\com\project\backend\daoimpl\UserDAOIMPL.class]
22:30:03.085 [main] DEBUG org.springframework.context.annotation.ClassPathBeanDefinitionScanner - Identified candidate component class: file [F:\Workstation\backend\target\classes\com\project\backend\domain\Category.class]
22:30:03.101 [main] DEBUG org.springframework.context.annotation.ClassPathBeanDefinitionScanner - Identified candidate component class: file [F:\Workstation\backend\target\classes\com\project\backend\domain\Product.class]
22:30:03.101 [main] DEBUG org.springframework.context.annotation.ClassPathBeanDefinitionScanner - Identified candidate component class: file [F:\Workstation\backend\target\classes\com\project\backend\domain\Supplier.class]
22:30:03.101 [main] DEBUG org.springframework.context.annotation.ClassPathBeanDefinitionScanner - Identified candidate component class: file [F:\Workstation\backend\target\classes\com\project\backend\domain\User.class]
22:30:03.101 [main] INFO org.springframework.context.annotation.AnnotationConfigApplicationContext - Refreshing org.springframework.context.annotation.AnnotationConfigApplicationContext@668bc3d5: startup date [Thu Mar 29 22:30:03 IST 2018]; root of context hierarchy
22:30:03.101 [main] DEBUG org.springframework.context.annotation.AnnotationConfigApplicationContext - Bean factory for org.springframework.context.annotation.AnnotationConfigApplicationContext@668bc3d5: org.springframework.beans.factory.support.DefaultListableBeanFactory@3ecd23d9: defining beans [org.springframework.context.annotation.internalConfigurationAnnotationProcessor,org.springframework.context.annotation.internalAutowiredAnnotationProcessor,org.springframework.context.annotation.internalRequiredAnnotationProcessor,org.springframework.context.annotation.internalCommonAnnotationProcessor,org.springframework.context.annotation.internalPersistenceAnnotationProcessor,org.springframework.context.event.internalEventListenerProcessor,org.springframework.context.event.internalEventListenerFactory,applicationContextConfig,categoryDAO,productDAO,supplierDAO,userDAO,category,product,supplier,user]; root of factory hierarchy
22:30:03.132 [main] DEBUG org.springframework.beans.factory.support.DefaultListableBeanFactory - Creating shared instance of singleton bean &apos;org.springframework.context.annotation.internalConfigurationAnnotationProcessor&apos;
22:30:03.132 [main] DEBUG org.springframework.beans.factory.support.DefaultListableBeanFactory - Creating instance of bean &apos;org.springframework.context.annotation.internalConfigurationAnnotationProcessor&apos;
22:30:03.154 [main] DEBUG org.springframework.beans.factory.support.DefaultListableBeanFactory - Eagerly caching bean &apos;org.springframework.context.annotation.internalConfigurationAnnotationProcessor&apos; to allow for resolving potential circular references
22:30:03.154 [main] DEBUG org.springframework.beans.factory.support.DefaultListableBeanFactory - Finished creating instance of bean &apos;org.springframework.context.annotation.internalConfigurationAnnotationProcessor&apos;
22:30:03.185 [main] DEBUG org.springframework.context.annotation.ClassPathBeanDefinitionScanner - JSR-330 &apos;javax.inject.Named&apos; annotation found and supported for component scanning
22:30:03.185 [main] DEBUG org.springframework.core.io.support.PathMatchingResourcePatternResolver - Resolved classpath location [com/project/] to resources [URL [file:/F:/Workstation/backend/target/test-classes/com/project/], URL [file:/F:/Workstation/backend/target/classes/com/project/]]
22:30:03.185 [main] DEBUG org.springframework.core.io.support.PathMatchingResourcePatternResolver - Looking for matching resources in directory tree [F:\Workstation\backend\target\test-classes\com\project]
22:30:03.185 [main] DEBUG org.springframework.core.io.support.PathMatchingResourcePatternResolver - Searching directory [F:\Workstation\backend\target\test-classes\com\project] for files matching pattern [F:/Workstation/backend/target/test-classes/com/project/**/*.class]
22:30:03.185 [main] DEBUG org.springframework.core.io.support.PathMatchingResourcePatternResolver - Searching directory [F:\Workstation\backend\target\test-classes\com\project\backend] for files matching pattern [F:/Workstation/backend/target/test-classes/com/project/**/*.class]
22:30:03.185 [main] DEBUG org.springframework.core.io.support.PathMatchingResourcePatternResolver - Looking for matching resources in directory tree [F:\Workstation\backend\target\classes\com\project]
22:30:03.185 [main] DEBUG org.springframework.core.io.support.PathMatchingResourcePatternResolver - Searching directory [F:\Workstation\backend\target\classes\com\project] for files matching pattern [F:/Workstation/backend/target/classes/com/project/**/*.class]
22:30:03.185 [main] DEBUG org.springframework.core.io.support.PathMatchingResourcePatternResolver - Searching directory [F:\Workstation\backend\target\classes\com\project\backend] for files matching pattern [F:/Workstation/backend/target/classes/com/project/**/*.class]
22:30:03.185 [main] DEBUG org.springframework.core.io.support.PathMatchingResourcePatternResolver - Searching directory [F:\Workstation\backend\target\classes\com\project\backend\config] for files matching pattern [F:/Workstation/backend/target/classes/com/project/**/*.class]
22:30:03.185 [main] DEBUG org.springframework.core.io.support.PathMatchingResourcePatternResolver - Searching directory [F:\Workstation\backend\target\classes\com\project\backend\DAO] for files matching pattern [F:/Workstation/backend/target/classes/com/project/**/*.class]
22:30:03.185 [main] DEBUG org.springframework.core.io.support.PathMatchingResourcePatternResolver - Searching directory [F:\Workstation\backend\target\classes\com\project\backend\daoimpl] for files matching pattern [F:/Workstation/backend/target/classes/com/project/**/*.class]
22:30:03.185 [main] DEBUG org.springframework.core.io.support.PathMatchingResourcePatternResolver - Searching directory [F:\Workstation\backend\target\classes\com\project\backend\domain] for files matching pattern [F:/Workstation/backend/target/classes/com/project/**/*.class]
22:30:03.185 [main] DEBUG org.springframework.core.io.support.PathMatchingResourcePatternResolver - Resolved location pattern [classpath*:com/project/**/*.class] to resources [file [F:\Workstation\backend\target\test-classes\com\project\backend\CategoryTestCase.class], file [F:\Workstation\backend\target\test-classes\com\project\backend\ProductTestCase.class], file [F:\Workstation\backend\target\test-classes\com\project\backend\SupplierTestCase.class], file [F:\Workstation\backend\target\test-classes\com\project\backend\TestConfiguration.class], file [F:\Workstation\backend\target\test-classes\com\project\backend\UserDAOTestCase.class], file [F:\Workstation\backend\target\classes\com\project\backend\config\ApplicationContextConfig.class], file [F:\Workstation\backend\target\classes\com\project\backend\DAO\CategoryDAO.class], file [F:\Workstation\backend\target\classes\com\project\backend\DAO\ProductDAO.class], file [F:\Workstation\backend\target\classes\com\project\backend\DAO\SupplierDAO.class], file [F:\Workstation\backend\target\classes\com\project\backend\DAO\UserDAO.class], file [F:\Workstation\backend\target\classes\com\project\backend\daoimpl\CategoryDAOIMPL.class], file [F:\Workstation\backend\target\classes\com\project\backend\daoimpl\ProductDAOIMPL.class], file [F:\Workstation\backend\target\classes\com\project\backend\daoimpl\SupplierDAOIMPL.class], file [F:\Workstation\backend\target\classes\com\project\backend\daoimpl\UserDAOIMPL.class], file [F:\Workstation\backend\target\classes\com\project\backend\domain\Category.class], file [F:\Workstation\backend\target\classes\com\project\backend\domain\Product.class], file [F:\Workstation\backend\target\classes\com\project\backend\domain\Supplier.class], file [F:\Workstation\backend\target\classes\com\project\backend\domain\User.class]]
22:30:03.185 [main] DEBUG org.springframework.context.annotation.ClassPathBeanDefinitionScanner - Identified candidate component class: file [F:\Workstation\backend\target\classes\com\project\backend\daoimpl\CategoryDAOIMPL.class]
22:30:03.185 [main] DEBUG org.springframework.context.annotation.ClassPathBeanDefinitionScanner - Identified candidate component class: file [F:\Workstation\backend\target\classes\com\project\backend\daoimpl\ProductDAOIMPL.class]
22:30:03.185 [main] DEBUG org.springframework.context.annotation.ClassPathBeanDefinitionScanner - Identified candidate component class: file [F:\Workstation\backend\target\classes\com\project\backend\daoimpl\SupplierDAOIMPL.class]
22:30:03.185 [main] DEBUG org.springframework.context.annotation.ClassPathBeanDefinitionScanner - Identified candidate component class: file [F:\Workstation\backend\target\classes\com\project\backend\daoimpl\UserDAOIMPL.class]
22:30:03.185 [main] DEBUG org.springframework.context.annotation.ClassPathBeanDefinitionScanner - Identified candidate component class: file [F:\Workstation\backend\target\classes\com\project\backend\domain\Category.class]
22:30:03.185 [main] DEBUG org.springframework.context.annotation.ClassPathBeanDefinitionScanner - Identified candidate component class: file [F:\Workstation\backend\target\classes\com\project\backend\domain\Product.class]
22:30:03.185 [main] DEBUG org.springframework.context.annotation.ClassPathBeanDefinitionScanner - Identified candidate component class: file [F:\Workstation\backend\target\classes\com\project\backend\domain\Supplier.class]
22:30:03.185 [main] DEBUG org.springframework.context.annotation.ClassPathBeanDefinitionScanner - Identified candidate component class: file [F:\Workstation\backend\target\classes\com\project\backend\domain\User.class]
22:30:03.254 [main] DEBUG org.springframework.context.annotation.ConfigurationClassBeanDefinitionReader - Registered bean definition for imported class &apos;org.springframework.transaction.annotation.ProxyTransactionManagementConfiguration&apos;
22:30:03.254 [main] DEBUG org.springframework.context.annotation.ConfigurationClassBeanDefinitionReader - Registering bean definition for @Bean method org.springframework.transaction.annotation.ProxyTransactionManagementConfiguration.org.springframework.transaction.config.internalTransactionAdvisor()
22:30:03.254 [main] DEBUG org.springframework.context.annotation.ConfigurationClassBeanDefinitionReader - Registering bean definition for @Bean method org.springframework.transaction.annotation.ProxyTransactionManagementConfiguration.transactionAttributeSource()
22:30:03.254 [main] DEBUG org.springframework.context.annotation.ConfigurationClassBeanDefinitionReader - Registering bean definition for @Bean method org.springframework.transaction.annotation.ProxyTransactionManagementConfiguration.transactionInterceptor()
22:30:03.254 [main] DEBUG org.springframework.context.annotation.ConfigurationClassBeanDefinitionReader - Registering bean definition for @Bean method org.springframework.transaction.annotation.ProxyTransactionManagementConfiguration.org.springframework.transaction.config.internalTransactionalEventListenerFactory()
22:30:03.254 [main] DEBUG org.springframework.context.annotation.ConfigurationClassBeanDefinitionReader - Registering bean definition for @Bean method com.project.backend.config.ApplicationContextConfig.dataSource()
22:30:03.254 [main] DEBUG org.springframework.context.annotation.ConfigurationClassBeanDefinitionReader - Registering bean definition for @Bean method com.project.backend.config.ApplicationContextConfig.sessionFactory()
22:30:03.254 [main] DEBUG org.springframework.context.annotation.ConfigurationClassBeanDefinitionReader - Registering bean definition for @Bean method com.project.backend.config.ApplicationContextConfig.transactionManager()
22:30:03.386 [main] DEBUG org.springframework.context.annotation.ConfigurationClassEnhancer - Successfully enhanced com.project.backend.config.ApplicationContextConfig; enhanced class name is: com.project.backend.config.ApplicationContextConfig$$EnhancerBySpringCGLIB$$9d35eb22
22:30:03.386 [main] DEBUG org.springframework.context.annotation.ConfigurationClassPostProcessor - Replacing bean definition &apos;applicationContextConfig&apos; existing class &apos;com.project.backend.config.ApplicationContextConfig&apos; with enhanced class &apos;com.project.backend.config.ApplicationContextConfig$$EnhancerBySpringCGLIB$$9d35eb22&apos;
22:30:03.402 [main] DEBUG org.springframework.context.annotation.ConfigurationClassEnhancer - Successfully enhanced org.springframework.transaction.annotation.ProxyTransactionManagementConfiguration; enhanced class name is: org.springframework.transaction.annotation.ProxyTransactionManagementConfiguration$$EnhancerBySpringCGLIB$$7930e68c
22:30:03.402 [main] DEBUG org.springframework.context.annotation.ConfigurationClassPostProcessor - Replacing bean definition &apos;org.springframework.transaction.annotation.ProxyTransactionManagementConfiguration&apos; existing class &apos;org.springframework.transaction.annotation.ProxyTransactionManagementConfiguration&apos; with enhanced class &apos;org.springframework.transaction.annotation.ProxyTransactionManagementConfiguration$$EnhancerBySpringCGLIB$$7930e68c&apos;
22:30:03.402 [main] DEBUG org.springframework.beans.factory.support.DefaultListableBeanFactory - Creating shared instance of singleton bean &apos;org.springframework.context.annotation.internalAutowiredAnnotationProcessor&apos;
22:30:03.402 [main] DEBUG org.springframework.beans.factory.support.DefaultListableBeanFactory - Creating instance of bean &apos;org.springframework.context.annotation.internalAutowiredAnnotationProcessor&apos;
22:30:03.402 [main] INFO org.springframework.beans.factory.annotation.AutowiredAnnotationBeanPostProcessor - JSR-330 &apos;javax.inject.Inject&apos; annotation found and supported for autowiring
22:30:03.402 [main] DEBUG org.springframework.beans.factory.support.DefaultListableBeanFactory - Eagerly caching bean &apos;org.springframework.context.annotation.internalAutowiredAnnotationProcessor&apos; to allow for resolving potential circular references
22:30:03.417 [main] DEBUG org.springframework.beans.factory.support.DefaultListableBeanFactory - Finished creating instance of bean &apos;org.springframework.context.annotation.internalAutowiredAnnotationProcessor&apos;
22:30:03.417 [main] DEBUG org.springframework.beans.factory.support.DefaultListableBeanFactory - Creating shared instance of singleton bean &apos;org.springframework.context.annotation.internalRequiredAnnotationProcessor&apos;
22:30:03.417 [main] DEBUG org.springframework.beans.factory.support.DefaultListableBeanFactory - Creating instance of bean &apos;org.springframework.context.annotation.internalRequiredAnnotationProcessor&apos;
22:30:03.417 [main] DEBUG org.springframework.beans.factory.support.DefaultListableBeanFactory - Eagerly caching bean &apos;org.springframework.context.annotation.internalRequiredAnnotationProcessor&apos; to allow for resolving potential circular references
22:30:03.433 [main] DEBUG org.springframework.beans.factory.support.DefaultListableBeanFactory - Finished creating instance of bean &apos;org.springframework.context.annotation.internalRequiredAnnotationProcessor&apos;
22:30:03.433 [main] DEBUG org.springframework.beans.factory.support.DefaultListableBeanFactory - Creating shared instance of singleton bean &apos;org.springframework.context.annotation.internalCommonAnnotationProcessor&apos;
22:30:03.433 [main] DEBUG org.springframework.beans.factory.support.DefaultListableBeanFactory - Creating instance of bean &apos;org.springframework.context.annotation.internalCommonAnnotationProcessor&apos;
22:30:03.433 [main] DEBUG org.springframework.beans.factory.support.DefaultListableBeanFactory - Eagerly caching bean &apos;org.springframework.context.annotation.internalCommonAnnotationProcessor&apos; to allow for resolving potential circular references
22:30:03.433 [main] DEBUG org.springframework.beans.factory.support.DefaultListableBeanFactory - Finished creating instance of bean &apos;org.springframework.context.annotation.internalCommonAnnotationProcessor&apos;
22:30:03.433 [main] DEBUG org.springframework.beans.factory.support.DefaultListableBeanFactory - Creating shared instance of singleton bean &apos;org.springframework.context.annotation.internalPersistenceAnnotationProcessor&apos;
22:30:03.433 [main] DEBUG org.springframework.beans.factory.support.DefaultListableBeanFactory - Creating instance of bean &apos;org.springframework.context.annotation.internalPersistenceAnnotationProcessor&apos;
22:30:03.433 [main] DEBUG org.springframework.beans.factory.support.DefaultListableBeanFactory - Eagerly caching bean &apos;org.springframework.context.annotation.internalPersistenceAnnotationProcessor&apos; to allow for resolving potential circular references
22:30:03.451 [main] DEBUG org.springframework.beans.factory.support.DefaultListableBeanFactory - Finished creating instance of bean &apos;org.springframework.context.annotation.internalPersistenceAnnotationProcessor&apos;
22:30:03.451 [main] DEBUG org.springframework.beans.factory.support.DefaultListableBeanFactory - Creating shared instance of singleton bean &apos;org.springframework.aop.config.internalAutoProxyCreator&apos;
22:30:03.451 [main] DEBUG org.springframework.beans.factory.support.DefaultListableBeanFactory - Creating instance of bean &apos;org.springframework.aop.config.internalAutoProxyCreator&apos;
22:30:03.474 [main] DEBUG org.springframework.beans.factory.support.DefaultListableBeanFactory - Eagerly caching bean &apos;org.springframework.aop.config.internalAutoProxyCreator&apos; to allow for resolving potential circular references
22:30:03.500 [main] DEBUG org.springframework.beans.factory.support.DefaultListableBeanFactory - Finished creating instance of bean &apos;org.springframework.aop.config.internalAutoProxyCreator&apos;
22:30:03.500 [main] DEBUG org.springframework.context.annotation.AnnotationConfigApplicationContext - Unable to locate MessageSource with name &apos;messageSource&apos;: using default [org.springframework.context.support.DelegatingMessageSource@3e694b3f]
22:30:03.500 [main] DEBUG org.springframework.context.annotation.AnnotationConfigApplicationContext - Unable to locate ApplicationEventMulticaster with name &apos;applicationEventMulticaster&apos;: using default [org.springframework.context.event.SimpleApplicationEventMulticaster@5fe94a96]
22:30:03.500 [main] DEBUG org.springframework.beans.factory.support.DefaultListableBeanFactory - Pre-instantiating singletons in org.springframework.beans.factory.support.DefaultListableBeanFactory@3ecd23d9: defining beans [org.springframework.context.annotation.internalConfigurationAnnotationProcessor,org.springframework.context.annotation.internalAutowiredAnnotationProcessor,org.springframework.context.annotation.internalRequiredAnnotationProcessor,org.springframework.context.annotation.internalCommonAnnotationProcessor,org.springframework.context.annotation.internalPersistenceAnnotationProcessor,org.springframework.context.event.internalEventListenerProcessor,org.springframework.context.event.internalEventListenerFactory,applicationContextConfig,categoryDAO,productDAO,supplierDAO,userDAO,category,product,supplier,user,org.springframework.transaction.annotation.ProxyTransactionManagementConfiguration,org.springframework.transaction.config.internalTransactionAdvisor,transactionAttributeSource,transactionInterceptor,org.springframework.transaction.config.internalTransactionalEventListenerFactory,dataSource,sessionFactory,transactionManager,org.springframework.aop.config.internalAutoProxyCreator]; root of factory hierarchy
22:30:03.500 [main] DEBUG org.springframework.beans.factory.support.DefaultListableBeanFactory - Returning cached instance of singleton bean &apos;org.springframework.context.annotation.internalConfigurationAnnotationProcessor&apos;
22:30:03.500 [main] DEBUG org.springframework.beans.factory.support.DefaultListableBeanFactory - Returning cached instance of singleton bean &apos;org.springframework.context.annotation.internalAutowiredAnnotationProcessor&apos;
22:30:03.500 [main] DEBUG org.springframework.beans.factory.support.DefaultListableBeanFactory - Returning cached instance of singleton bean &apos;org.springframework.context.annotation.internalRequiredAnnotationProcessor&apos;
22:30:03.500 [main] DEBUG org.springframework.beans.factory.support.DefaultListableBeanFactory - Returning cached instance of singleton bean &apos;org.springframework.context.annotation.internalCommonAnnotationProcessor&apos;
22:30:03.500 [main] DEBUG org.springframework.beans.factory.support.DefaultListableBeanFactory - Returning cached instance of singleton bean &apos;org.springframework.context.annotation.internalPersistenceAnnotationProcessor&apos;
22:30:03.500 [main] DEBUG org.springframework.beans.factory.support.DefaultListableBeanFactory - Creating shared instance of singleton bean &apos;org.springframework.context.event.internalEventListenerProcessor&apos;
22:30:03.500 [main] DEBUG org.springframework.beans.factory.support.DefaultListableBeanFactory - Creating instance of bean &apos;org.springframework.context.event.internalEventListenerProcessor&apos;
22:30:03.500 [main] DEBUG org.springframework.beans.factory.support.DefaultListableBeanFactory - Eagerly caching bean &apos;org.springframework.context.event.internalEventListenerProcessor&apos; to allow for resolving potential circular references
22:30:03.515 [main] DEBUG org.springframework.beans.factory.support.DefaultListableBeanFactory - Creating shared instance of singleton bean &apos;org.springframework.transaction.config.internalTransactionAdvisor&apos;
22:30:03.515 [main] DEBUG org.springframework.beans.factory.support.DefaultListableBeanFactory - Creating instance of bean &apos;org.springframework.transaction.config.internalTransactionAdvisor&apos;
22:30:03.515 [main] DEBUG org.springframework.beans.factory.support.DefaultListableBeanFactory - Creating shared instance of singleton bean &apos;org.springframework.transaction.annotation.ProxyTransactionManagementConfiguration&apos;
22:30:03.515 [main] DEBUG org.springframework.beans.factory.support.DefaultListableBeanFactory - Creating instance of bean &apos;org.springframework.transaction.annotation.ProxyTransactionManagementConfiguration&apos;
22:30:03.531 [main] DEBUG org.springframework.beans.factory.annotation.InjectionMetadata - Registered injected element on class [org.springframework.transaction.annotation.ProxyTransactionManagementConfiguration$$EnhancerBySpringCGLIB$$7930e68c]: AutowiredMethodElement for void org.springframework.transaction.annotation.AbstractTransactionManagementConfiguration.setConfigurers(java.util.Collection)
22:30:03.531 [main] DEBUG org.springframework.beans.factory.support.DefaultListableBeanFactory - Eagerly caching bean &apos;org.springframework.transaction.annotation.ProxyTransactionManagementConfiguration&apos; to allow for resolving potential circular references
22:30:03.531 [main] DEBUG org.springframework.beans.factory.annotation.InjectionMetadata - Processing injected element of bean &apos;org.springframework.transaction.annotation.ProxyTransactionManagementConfiguration&apos;: AutowiredMethodElement for void org.springframework.transaction.annotation.AbstractTransactionManagementConfiguration.setConfigurers(java.util.Collection)
22:30:03.555 [main] DEBUG org.springframework.beans.factory.support.DefaultListableBeanFactory - Returning cached instance of singleton bean &apos;org.springframework.context.annotation.ConfigurationClassPostProcessor.importRegistry&apos;
22:30:03.555 [main] DEBUG org.springframework.aop.framework.autoproxy.BeanFactoryAdvisorRetrievalHelper - Skipping currently created advisor &apos;org.springframework.transaction.config.internalTransactionAdvisor&apos;
22:30:03.555 [main] DEBUG org.springframework.beans.factory.support.DefaultListableBeanFactory - Finished creating instance of bean &apos;org.springframework.transaction.annotation.ProxyTransactionManagementConfiguration&apos;
22:30:03.586 [main] DEBUG org.springframework.beans.factory.support.DefaultListableBeanFactory - Creating shared instance of singleton bean &apos;transactionAttributeSource&apos;
22:30:03.586 [main] DEBUG org.springframework.beans.factory.support.DefaultListableBeanFactory - Creating instance of bean &apos;transactionAttributeSource&apos;
22:30:03.586 [main] DEBUG org.springframework.beans.factory.support.DefaultListableBeanFactory - Returning cached instance of singleton bean &apos;org.springframework.transaction.annotation.ProxyTransactionManagementConfiguration&apos;
22:30:03.602 [main] DEBUG org.springframework.beans.factory.support.DefaultListableBeanFactory - Eagerly caching bean &apos;transactionAttributeSource&apos; to allow for resolving potential circular references
22:30:03.602 [main] DEBUG org.springframework.aop.framework.autoproxy.BeanFactoryAdvisorRetrievalHelper - Skipping currently created advisor &apos;org.springframework.transaction.config.internalTransactionAdvisor&apos;
22:30:03.602 [main] DEBUG org.springframework.beans.factory.support.DefaultListableBeanFactory - Finished creating instance of bean &apos;transactionAttributeSource&apos;
22:30:03.602 [main] DEBUG org.springframework.beans.factory.support.DefaultListableBeanFactory - Creating shared instance of singleton bean &apos;transactionInterceptor&apos;
22:30:03.602 [main] DEBUG org.springframework.beans.factory.support.DefaultListableBeanFactory - Creating instance of bean &apos;transactionInterceptor&apos;
22:30:03.602 [main] DEBUG org.springframework.beans.factory.support.DefaultListableBeanFactory - Returning cached instance of singleton bean &apos;org.springframework.transaction.annotation.ProxyTransactionManagementConfiguration&apos;
22:30:03.602 [main] DEBUG org.springframework.beans.factory.support.DefaultListableBeanFactory - Returning cached instance of singleton bean &apos;transactionAttributeSource&apos;
22:30:03.633 [main] DEBUG org.springframework.beans.factory.support.DefaultListableBeanFactory - Eagerly caching bean &apos;transactionInterceptor&apos; to allow for resolving potential circular references
22:30:03.655 [main] DEBUG org.springframework.beans.factory.support.DefaultListableBeanFactory - Invoking afterPropertiesSet() on bean with name &apos;transactionInterceptor&apos;
22:30:03.655 [main] DEBUG org.springframework.beans.factory.support.DefaultListableBeanFactory - Finished creating instance of bean &apos;transactionInterceptor&apos;
22:30:03.655 [main] DEBUG org.springframework.beans.factory.support.DefaultListableBeanFactory - Eagerly caching bean &apos;org.springframework.transaction.config.internalTransactionAdvisor&apos; to allow for resolving potential circular references
22:30:03.655 [main] DEBUG org.springframework.beans.factory.support.DefaultListableBeanFactory - Finished creating instance of bean &apos;org.springframework.transaction.config.internalTransactionAdvisor&apos;
22:30:03.655 [main] DEBUG org.springframework.beans.factory.support.DefaultListableBeanFactory - Finished creating instance of bean &apos;org.springframework.context.event.internalEventListenerProcessor&apos;
22:30:03.655 [main] DEBUG org.springframework.beans.factory.support.DefaultListableBeanFactory - Creating shared instance of singleton bean &apos;org.springframework.context.event.internalEventListenerFactory&apos;
22:30:03.655 [main] DEBUG org.springframework.beans.factory.support.DefaultListableBeanFactory - Creating instance of bean &apos;org.springframework.context.event.internalEventListenerFactory&apos;
22:30:03.655 [main] DEBUG org.springframework.beans.factory.support.DefaultListableBeanFactory - Eagerly caching bean &apos;org.springframework.context.event.internalEventListenerFactory&apos; to allow for resolving potential circular references
22:30:03.671 [main] DEBUG org.springframework.beans.factory.support.DefaultListableBeanFactory - Returning cached instance of singleton bean &apos;org.springframework.transaction.config.internalTransactionAdvisor&apos;
22:30:03.671 [main] DEBUG org.springframework.beans.factory.support.DefaultListableBeanFactory - Finished creating instance of bean &apos;org.springframework.context.event.internalEventListenerFactory&apos;
22:30:03.671 [main] DEBUG org.springframework.beans.factory.support.DefaultListableBeanFactory - Creating shared instance of singleton bean &apos;applicationContextConfig&apos;
22:30:03.671 [main] DEBUG org.springframework.beans.factory.support.DefaultListableBeanFactory - Creating instance of bean &apos;applicationContextConfig&apos;
22:30:03.671 [main] DEBUG org.springframework.beans.factory.support.DefaultListableBeanFactory - Eagerly caching bean &apos;applicationContextConfig&apos; to allow for resolving potential circular references
22:30:03.671 [main] DEBUG org.springframework.beans.factory.support.DefaultListableBeanFactory - Returning cached instance of singleton bean &apos;org.springframework.transaction.config.internalTransactionAdvisor&apos;
22:30:03.687 [main] DEBUG org.springframework.beans.factory.support.DefaultListableBeanFactory - Finished creating instance of bean &apos;applicationContextConfig&apos;
22:30:03.687 [main] DEBUG org.springframework.beans.factory.support.DefaultListableBeanFactory - Creating shared instance of singleton bean &apos;categoryDAO&apos;
22:30:03.687 [main] DEBUG org.springframework.beans.factory.support.DefaultListableBeanFactory - Creating instance of bean &apos;categoryDAO&apos;
22:30:03.687 [main] DEBUG org.springframework.beans.factory.annotation.InjectionMetadata - Registered injected element on class [com.project.backend.daoimpl.CategoryDAOIMPL]: AutowiredFieldElement for private org.hibernate.SessionFactory com.project.backend.daoimpl.CategoryDAOIMPL.sessionFactory
22:30:03.687 [main] DEBUG org.springframework.beans.factory.annotation.InjectionMetadata - Registered injected element on class [com.project.backend.daoimpl.CategoryDAOIMPL]: AutowiredFieldElement for private com.project.backend.domain.Category com.project.backend.daoimpl.CategoryDAOIMPL.category
22:30:03.687 [main] DEBUG org.springframework.beans.factory.support.DefaultListableBeanFactory - Eagerly caching bean &apos;categoryDAO&apos; to allow for resolving potential circular references
22:30:03.687 [main] DEBUG org.springframework.beans.factory.annotation.InjectionMetadata - Processing injected element of bean &apos;categoryDAO&apos;: AutowiredFieldElement for private org.hibernate.SessionFactory com.project.backend.daoimpl.CategoryDAOIMPL.sessionFactory
22:30:03.687 [main] DEBUG org.springframework.core.annotation.AnnotationUtils - Failed to meta-introspect annotation [interface org.springframework.beans.factory.annotation.Autowired]: java.lang.NullPointerException
22:30:03.687 [main] DEBUG org.springframework.beans.factory.support.DefaultListableBeanFactory - Creating shared instance of singleton bean &apos;sessionFactory&apos;
22:30:03.687 [main] DEBUG org.springframework.beans.factory.support.DefaultListableBeanFactory - Creating instance of bean &apos;sessionFactory&apos;
22:30:03.687 [main] DEBUG org.springframework.beans.factory.support.DefaultListableBeanFactory - Returning cached instance of singleton bean &apos;applicationContextConfig&apos;
22:30:03.687 [main] DEBUG org.springframework.beans.factory.support.DefaultListableBeanFactory - Creating shared instance of singleton bean &apos;dataSource&apos;
22:30:03.687 [main] DEBUG org.springframework.beans.factory.support.DefaultListableBeanFactory - Creating instance of bean &apos;dataSource&apos;
22:30:03.687 [main] DEBUG org.springframework.beans.factory.support.DefaultListableBeanFactory - Returning cached instance of singleton bean &apos;applicationContextConfig&apos;
22:30:03.718 [main] INFO org.springframework.jdbc.datasource.DriverManagerDataSource - Loaded JDBC driver: org.h2.Driver
H2 Connected
22:30:03.718 [main] DEBUG org.springframework.beans.factory.support.DefaultListableBeanFactory - Eagerly caching bean &apos;dataSource&apos; to allow for resolving potential circular references
22:30:03.734 [main] DEBUG org.springframework.beans.factory.support.DefaultListableBeanFactory - Returning cached instance of singleton bean &apos;org.springframework.transaction.config.internalTransactionAdvisor&apos;
22:30:03.734 [main] DEBUG org.springframework.beans.factory.support.DefaultListableBeanFactory - Finished creating instance of bean &apos;dataSource&apos;
22:30:03.734 [main] DEBUG org.springframework.beans.factory.support.DefaultListableBeanFactory - Autowiring by type from bean name &apos;sessionFactory&apos; via factory method to bean named &apos;dataSource&apos;
22:30:03.771 [main] DEBUG org.jboss.logging - Logging Provider: org.jboss.logging.Slf4jLoggerProvider
22:30:03.787 [main] DEBUG org.hibernate.integrator.internal.IntegratorServiceImpl - Adding Integrator [org.hibernate.cfg.beanvalidation.BeanValidationIntegrator].
22:30:03.787 [main] DEBUG org.hibernate.integrator.internal.IntegratorServiceImpl - Adding Integrator [org.hibernate.secure.spi.JaccIntegrator].
22:30:03.787 [main] DEBUG org.hibernate.integrator.internal.IntegratorServiceImpl - Adding Integrator [org.hibernate.cache.internal.CollectionCacheInvalidator].
22:30:03.887 [main] INFO org.hibernate.Version - HHH000412: Hibernate Core {5.0.4.Final}
22:30:03.887 [main] INFO org.hibernate.cfg.Environment - HHH000206: hibernate.properties not found
22:30:03.887 [main] INFO org.hibernate.cfg.Environment - HHH000021: Bytecode provider name : javassist
22:30:03.903 [main] DEBUG org.springframework.core.io.support.PathMatchingResourcePatternResolver - Resolved classpath location [com/project/] to resources [URL [file:/F:/Workstation/backend/target/test-classes/com/project/], URL [file:/F:/Workstation/backend/target/classes/com/project/]]
22:30:03.903 [main] DEBUG org.springframework.core.io.support.PathMatchingResourcePatternResolver - Looking for matching resources in directory tree [F:\Workstation\backend\target\test-classes\com\project]
22:30:03.903 [main] DEBUG org.springframework.core.io.support.PathMatchingResourcePatternResolver - Searching directory [F:\Workstation\backend\target\test-classes\com\project] for files matching pattern [F:/Workstation/backend/target/test-classes/com/project/**/*.class]
22:30:03.903 [main] DEBUG org.springframework.core.io.support.PathMatchingResourcePatternResolver - Searching directory [F:\Workstation\backend\target\test-classes\com\project\backend] for files matching pattern [F:/Workstation/backend/target/test-classes/com/project/**/*.class]
22:30:03.903 [main] DEBUG org.springframework.core.io.support.PathMatchingResourcePatternResolver - Looking for matching resources in directory tree [F:\Workstation\backend\target\classes\com\project]
22:30:03.903 [main] DEBUG org.springframework.core.io.support.PathMatchingResourcePatternResolver - Searching directory [F:\Workstation\backend\target\classes\com\project] for files matching pattern [F:/Workstation/backend/target/classes/com/project/**/*.class]
22:30:03.903 [main] DEBUG org.springframework.core.io.support.PathMatchingResourcePatternResolver - Searching directory [F:\Workstation\backend\target\classes\com\project\backend] for files matching pattern [F:/Workstation/backend/target/classes/com/project/**/*.class]
22:30:03.903 [main] DEBUG org.springframework.core.io.support.PathMatchingResourcePatternResolver - Searching directory [F:\Workstation\backend\target\classes\com\project\backend\config] for files matching pattern [F:/Workstation/backend/target/classes/com/project/**/*.class]
22:30:03.903 [main] DEBUG org.springframework.core.io.support.PathMatchingResourcePatternResolver - Searching directory [F:\Workstation\backend\target\classes\com\project\backend\DAO] for files matching pattern [F:/Workstation/backend/target/classes/com/project/**/*.class]
22:30:03.903 [main] DEBUG org.springframework.core.io.support.PathMatchingResourcePatternResolver - Searching directory [F:\Workstation\backend\target\classes\com\project\backend\daoimpl] for files matching pattern [F:/Workstation/backend/target/classes/com/project/**/*.class]
22:30:03.903 [main] DEBUG org.springframework.core.io.support.PathMatchingResourcePatternResolver - Searching directory [F:\Workstation\backend\target\classes\com\project\backend\domain] for files matching pattern [F:/Workstation/backend/target/classes/com/project/**/*.class]
22:30:03.903 [main] DEBUG org.springframework.core.io.support.PathMatchingResourcePatternResolver - Resolved location pattern [classpath*:com/project/**/*.class] to resources [file [F:\Workstation\backend\target\test-classes\com\project\backend\CategoryTestCase.class], file [F:\Workstation\backend\target\test-classes\com\project\backend\ProductTestCase.class], file [F:\Workstation\backend\target\test-classes\com\project\backend\SupplierTestCase.class], file [F:\Workstation\backend\target\test-classes\com\project\backend\TestConfiguration.class], file [F:\Workstation\backend\target\test-classes\com\project\backend\UserDAOTestCase.class], file [F:\Workstation\backend\target\classes\com\project\backend\config\ApplicationContextConfig.class], file [F:\Workstation\backend\target\classes\com\project\backend\DAO\CategoryDAO.class], file [F:\Workstation\backend\target\classes\com\project\backend\DAO\ProductDAO.class], file [F:\Workstation\backend\target\classes\com\project\backend\DAO\SupplierDAO.class], file [F:\Workstation\backend\target\classes\com\project\backend\DAO\UserDAO.class], file [F:\Workstation\backend\target\classes\com\project\backend\daoimpl\CategoryDAOIMPL.class], file [F:\Workstation\backend\target\classes\com\project\backend\daoimpl\ProductDAOIMPL.class], file [F:\Workstation\backend\target\classes\com\project\backend\daoimpl\SupplierDAOIMPL.class], file [F:\Workstation\backend\target\classes\com\project\backend\daoimpl\UserDAOIMPL.class], file [F:\Workstation\backend\target\classes\com\project\backend\domain\Category.class], file [F:\Workstation\backend\target\classes\com\project\backend\domain\Product.class], file [F:\Workstation\backend\target\classes\com\project\backend\domain\Supplier.class], file [F:\Workstation\backend\target\classes\com\project\backend\domain\User.class]]
22:30:03.919 [main] DEBUG org.hibernate.cfg.Configuration - Building session factory using internal StandardServiceRegistryBuilder
22:30:03.919 [main] DEBUG org.hibernate.service.spi.ServiceBinding - Overriding existing service binding [org.hibernate.secure.spi.JaccService]
22:30:03.919 [main] DEBUG org.hibernate.cfg.Configuration - Building session factory using provided StandardServiceRegistry
22:30:03.934 [main] DEBUG org.hibernate.cache.internal.RegionFactoryInitiator - Cache region factory : org.hibernate.cache.internal.NoCachingRegionFactory
22:30:03.955 [main] INFO org.hibernate.annotations.common.Version - HCANN000001: Hibernate Commons Annotations {5.0.0.Final}
22:30:03.956 [main] DEBUG org.hibernate.type.BasicTypeRegistry - Adding type registration boolean -&gt; org.hibernate.type.BooleanType@41330d4f
22:30:03.956 [main] DEBUG org.hibernate.type.BasicTypeRegistry - Adding type registration boolean -&gt; org.hibernate.type.BooleanType@41330d4f
22:30:03.956 [main] DEBUG org.hibernate.type.BasicTypeRegistry - Adding type registration java.lang.Boolean -&gt; org.hibernate.type.BooleanType@41330d4f
22:30:03.972 [main] DEBUG org.hibernate.type.BasicTypeRegistry - Adding type registration numeric_boolean -&gt; org.hibernate.type.NumericBooleanType@508dec2b
22:30:03.972 [main] DEBUG org.hibernate.type.BasicTypeRegistry - Adding type registration true_false -&gt; org.hibernate.type.TrueFalseType@660acfb
22:30:03.972 [main] DEBUG org.hibernate.type.BasicTypeRegistry - Adding type registration yes_no -&gt; org.hibernate.type.YesNoType@1f9f6368
22:30:03.972 [main] DEBUG org.hibernate.type.BasicTypeRegistry - Adding type registration byte -&gt; org.hibernate.type.ByteType@6f36c2f0
22:30:03.972 [main] DEBUG org.hibernate.type.BasicTypeRegistry - Adding type registration byte -&gt; org.hibernate.type.ByteType@6f36c2f0
22:30:03.972 [main] DEBUG org.hibernate.type.BasicTypeRegistry - Adding type registration java.lang.Byte -&gt; org.hibernate.type.ByteType@6f36c2f0
22:30:03.972 [main] DEBUG org.hibernate.type.BasicTypeRegistry - Adding type registration character -&gt; org.hibernate.type.CharacterType@3b35a229
22:30:03.972 [main] DEBUG org.hibernate.type.BasicTypeRegistry - Adding type registration char -&gt; org.hibernate.type.CharacterType@3b35a229
22:30:03.972 [main] DEBUG org.hibernate.type.BasicTypeRegistry - Adding type registration java.lang.Character -&gt; org.hibernate.type.CharacterType@3b35a229
22:30:03.972 [main] DEBUG org.hibernate.type.BasicTypeRegistry - Adding type registration short -&gt; org.hibernate.type.ShortType@5e3f861
22:30:03.972 [main] DEBUG org.hibernate.type.BasicTypeRegistry - Adding type registration short -&gt; org.hibernate.type.ShortType@5e3f861
22:30:03.972 [main] DEBUG org.hibernate.type.BasicTypeRegistry - Adding type registration java.lang.Short -&gt; org.hibernate.type.ShortType@5e3f861
22:30:03.972 [main] DEBUG org.hibernate.type.BasicTypeRegistry - Adding type registration integer -&gt; org.hibernate.type.IntegerType@6d5620ce
22:30:03.972 [main] DEBUG org.hibernate.type.BasicTypeRegistry - Adding type registration int -&gt; org.hibernate.type.IntegerType@6d5620ce
22:30:03.972 [main] DEBUG org.hibernate.type.BasicTypeRegistry - Adding type registration java.lang.Integer -&gt; org.hibernate.type.IntegerType@6d5620ce
22:30:03.972 [main] DEBUG org.hibernate.type.BasicTypeRegistry - Adding type registration long -&gt; org.hibernate.type.LongType@147e2ae7
22:30:03.972 [main] DEBUG org.hibernate.type.BasicTypeRegistry - Adding type registration long -&gt; org.hibernate.type.LongType@147e2ae7
22:30:03.972 [main] DEBUG org.hibernate.type.BasicTypeRegistry - Adding type registration java.lang.Long -&gt; org.hibernate.type.LongType@147e2ae7
22:30:03.972 [main] DEBUG org.hibernate.type.BasicTypeRegistry - Adding type registration float -&gt; org.hibernate.type.FloatType@3bcd05cb
22:30:03.972 [main] DEBUG org.hibernate.type.BasicTypeRegistry - Adding type registration float -&gt; org.hibernate.type.FloatType@3bcd05cb
22:30:03.972 [main] DEBUG org.hibernate.type.BasicTypeRegistry - Adding type registration java.lang.Float -&gt; org.hibernate.type.FloatType@3bcd05cb
22:30:03.972 [main] DEBUG org.hibernate.type.BasicTypeRegistry - Adding type registration double -&gt; org.hibernate.type.DoubleType@5c86dbc5
22:30:03.972 [main] DEBUG org.hibernate.type.BasicTypeRegistry - Adding type registration double -&gt; org.hibernate.type.DoubleType@5c86dbc5
22:30:03.972 [main] DEBUG org.hibernate.type.BasicTypeRegistry - Adding type registration java.lang.Double -&gt; org.hibernate.type.DoubleType@5c86dbc5
22:30:03.988 [main] DEBUG org.hibernate.type.BasicTypeRegistry - Adding type registration big_decimal -&gt; org.hibernate.type.BigDecimalType@7975d1d8
22:30:03.988 [main] DEBUG org.hibernate.type.BasicTypeRegistry - Adding type registration java.math.BigDecimal -&gt; org.hibernate.type.BigDecimalType@7975d1d8
22:30:03.988 [main] DEBUG org.hibernate.type.BasicTypeRegistry - Adding type registration big_integer -&gt; org.hibernate.type.BigIntegerType@18f8cd79
22:30:03.988 [main] DEBUG org.hibernate.type.BasicTypeRegistry - Adding type registration java.math.BigInteger -&gt; org.hibernate.type.BigIntegerType@18f8cd79
22:30:03.988 [main] DEBUG org.hibernate.type.BasicTypeRegistry - Adding type registration string -&gt; org.hibernate.type.StringType@6cc4cdb9
22:30:03.988 [main] DEBUG org.hibernate.type.BasicTypeRegistry - Adding type registration java.lang.String -&gt; org.hibernate.type.StringType@6cc4cdb9
22:30:03.988 [main] DEBUG org.hibernate.type.BasicTypeRegistry - Adding type registration nstring -&gt; org.hibernate.type.StringNVarcharType@32115b28
22:30:03.988 [main] DEBUG org.hibernate.type.BasicTypeRegistry - Adding type registration ncharacter -&gt; org.hibernate.type.CharacterNCharType@4b8729ff
22:30:03.988 [main] DEBUG org.hibernate.type.BasicTypeRegistry - Adding type registration url -&gt; org.hibernate.type.UrlType@74287ea3
22:30:03.988 [main] DEBUG org.hibernate.type.BasicTypeRegistry - Adding type registration java.net.URL -&gt; org.hibernate.type.UrlType@74287ea3
22:30:03.988 [main] DEBUG org.hibernate.type.BasicTypeRegistry - Adding type registration date -&gt; org.hibernate.type.DateType@2eea88a1
22:30:03.988 [main] DEBUG org.hibernate.type.BasicTypeRegistry - Adding type registration java.sql.Date -&gt; org.hibernate.type.DateType@2eea88a1
22:30:03.988 [main] DEBUG org.hibernate.type.BasicTypeRegistry - Adding type registration time -&gt; org.hibernate.type.TimeType@2c78324b
22:30:03.988 [main] DEBUG org.hibernate.type.BasicTypeRegistry - Adding type registration java.sql.Time -&gt; org.hibernate.type.TimeType@2c78324b
22:30:03.988 [main] DEBUG org.hibernate.type.BasicTypeRegistry - Adding type registration timestamp -&gt; org.hibernate.type.TimestampType@4149c063
22:30:03.988 [main] DEBUG org.hibernate.type.BasicTypeRegistry - Adding type registration java.sql.Timestamp -&gt; org.hibernate.type.TimestampType@4149c063
22:30:03.988 [main] DEBUG org.hibernate.type.BasicTypeRegistry - Adding type registration java.util.Date -&gt; org.hibernate.type.TimestampType@4149c063
22:30:03.988 [main] DEBUG org.hibernate.type.BasicTypeRegistry - Adding type registration dbtimestamp -&gt; org.hibernate.type.DbTimestampType@38af9828
22:30:03.988 [main] DEBUG org.hibernate.type.BasicTypeRegistry - Adding type registration calendar -&gt; org.hibernate.type.CalendarType@34129c78
22:30:04.003 [main] DEBUG org.hibernate.type.BasicTypeRegistry - Adding type registration java.util.Calendar -&gt; org.hibernate.type.CalendarType@34129c78
22:30:04.003 [main] DEBUG org.hibernate.type.BasicTypeRegistry - Adding type registration java.util.GregorianCalendar -&gt; org.hibernate.type.CalendarType@34129c78
22:30:04.003 [main] DEBUG org.hibernate.type.BasicTypeRegistry - Adding type registration calendar_date -&gt; org.hibernate.type.CalendarDateType@6c7a164b
22:30:04.003 [main] DEBUG org.hibernate.type.BasicTypeRegistry - Adding type registration locale -&gt; org.hibernate.type.LocaleType@638ef7ed
22:30:04.003 [main] DEBUG org.hibernate.type.BasicTypeRegistry - Adding type registration java.util.Locale -&gt; org.hibernate.type.LocaleType@638ef7ed
22:30:04.003 [main] DEBUG org.hibernate.type.BasicTypeRegistry - Adding type registration currency -&gt; org.hibernate.type.CurrencyType@776a6d9b
22:30:04.003 [main] DEBUG org.hibernate.type.BasicTypeRegistry - Adding type registration java.util.Currency -&gt; org.hibernate.type.CurrencyType@776a6d9b
22:30:04.003 [main] DEBUG org.hibernate.type.BasicTypeRegistry - Adding type registration timezone -&gt; org.hibernate.type.TimeZoneType@1cf56a1c
22:30:04.003 [main] DEBUG org.hibernate.type.BasicTypeRegistry - Adding type registration java.util.TimeZone -&gt; org.hibernate.type.TimeZoneType@1cf56a1c
22:30:04.003 [main] DEBUG org.hibernate.type.BasicTypeRegistry - Adding type registration class -&gt; org.hibernate.type.ClassType@35b74c5c
22:30:04.003 [main] DEBUG org.hibernate.type.BasicTypeRegistry - Adding type registration java.lang.Class -&gt; org.hibernate.type.ClassType@35b74c5c
22:30:04.003 [main] DEBUG org.hibernate.type.BasicTypeRegistry - Adding type registration uuid-binary -&gt; org.hibernate.type.UUIDBinaryType@2ca923bb
22:30:04.003 [main] DEBUG org.hibernate.type.BasicTypeRegistry - Adding type registration java.util.UUID -&gt; org.hibernate.type.UUIDBinaryType@2ca923bb
22:30:04.003 [main] DEBUG org.hibernate.type.BasicTypeRegistry - Adding type registration uuid-char -&gt; org.hibernate.type.UUIDCharType@72d6b3ba
22:30:04.003 [main] DEBUG org.hibernate.type.BasicTypeRegistry - Adding type registration binary -&gt; org.hibernate.type.BinaryType@7905a0b8
22:30:04.003 [main] DEBUG org.hibernate.type.BasicTypeRegistry - Adding type registration byte[] -&gt; org.hibernate.type.BinaryType@7905a0b8
22:30:04.003 [main] DEBUG org.hibernate.type.BasicTypeRegistry - Adding type registration [B -&gt; org.hibernate.type.BinaryType@7905a0b8
22:30:04.003 [main] DEBUG org.hibernate.type.BasicTypeRegistry - Adding type registration wrapper-binary -&gt; org.hibernate.type.WrapperBinaryType@6ca18a14
22:30:04.003 [main] DEBUG org.hibernate.type.BasicTypeRegistry - Adding type registration Byte[] -&gt; org.hibernate.type.WrapperBinaryType@6ca18a14
22:30:04.003 [main] DEBUG org.hibernate.type.BasicTypeRegistry - Adding type registration [Ljava.lang.Byte; -&gt; org.hibernate.type.WrapperBinaryType@6ca18a14
22:30:04.003 [main] DEBUG org.hibernate.type.BasicTypeRegistry - Adding type registration image -&gt; org.hibernate.type.ImageType@2462cb01
22:30:04.003 [main] DEBUG org.hibernate.type.BasicTypeRegistry - Adding type registration characters -&gt; org.hibernate.type.CharArrayType@1e13529a
22:30:04.003 [main] DEBUG org.hibernate.type.BasicTypeRegistry - Adding type registration char[] -&gt; org.hibernate.type.CharArrayType@1e13529a
22:30:04.003 [main] DEBUG org.hibernate.type.BasicTypeRegistry - Adding type registration [C -&gt; org.hibernate.type.CharArrayType@1e13529a
22:30:04.003 [main] DEBUG org.hibernate.type.BasicTypeRegistry - Adding type registration wrapper-characters -&gt; org.hibernate.type.CharacterArrayType@3cfdd820
22:30:04.003 [main] DEBUG org.hibernate.type.BasicTypeRegistry - Adding type registration [Ljava.lang.Character; -&gt; org.hibernate.type.CharacterArrayType@3cfdd820
22:30:04.003 [main] DEBUG org.hibernate.type.BasicTypeRegistry - Adding type registration Character[] -&gt; org.hibernate.type.CharacterArrayType@3cfdd820
22:30:04.003 [main] DEBUG org.hibernate.type.BasicTypeRegistry - Adding type registration text -&gt; org.hibernate.type.TextType@dc9876b
22:30:04.003 [main] DEBUG org.hibernate.type.BasicTypeRegistry - Adding type registration ntext -&gt; org.hibernate.type.NTextType@57a3e26a
22:30:04.019 [main] DEBUG org.hibernate.type.BasicTypeRegistry - Adding type registration blob -&gt; org.hibernate.type.BlobType@16c069df
22:30:04.019 [main] DEBUG org.hibernate.type.BasicTypeRegistry - Adding type registration java.sql.Blob -&gt; org.hibernate.type.BlobType@16c069df
22:30:04.022 [main] DEBUG org.hibernate.type.BasicTypeRegistry - Adding type registration materialized_blob -&gt; org.hibernate.type.MaterializedBlobType@26adfd2d
22:30:04.023 [main] DEBUG org.hibernate.type.BasicTypeRegistry - Adding type registration clob -&gt; org.hibernate.type.ClobType@560348e6
22:30:04.023 [main] DEBUG org.hibernate.type.BasicTypeRegistry - Adding type registration java.sql.Clob -&gt; org.hibernate.type.ClobType@560348e6
22:30:04.023 [main] DEBUG org.hibernate.type.BasicTypeRegistry - Adding type registration nclob -&gt; org.hibernate.type.NClobType@f627d13
22:30:04.023 [main] DEBUG org.hibernate.type.BasicTypeRegistry - Adding type registration java.sql.NClob -&gt; org.hibernate.type.NClobType@f627d13
22:30:04.023 [main] DEBUG org.hibernate.type.BasicTypeRegistry - Adding type registration materialized_clob -&gt; org.hibernate.type.MaterializedClobType@3224a577
22:30:04.023 [main] DEBUG org.hibernate.type.BasicTypeRegistry - Adding type registration materialized_nclob -&gt; org.hibernate.type.MaterializedNClobType@3e44f2a5
22:30:04.023 [main] DEBUG org.hibernate.type.BasicTypeRegistry - Adding type registration serializable -&gt; org.hibernate.type.SerializableType@895e367
22:30:04.023 [main] DEBUG org.hibernate.type.BasicTypeRegistry - Adding type registration object -&gt; org.hibernate.type.ObjectType@50313382
22:30:04.023 [main] DEBUG org.hibernate.type.BasicTypeRegistry - Adding type registration java.lang.Object -&gt; org.hibernate.type.ObjectType@50313382
22:30:04.023 [main] DEBUG org.hibernate.type.BasicTypeRegistry - Adding type registration imm_date -&gt; org.hibernate.type.AdaptedImmutableType@14a50707
22:30:04.023 [main] DEBUG org.hibernate.type.BasicTypeRegistry - Adding type registration imm_time -&gt; org.hibernate.type.AdaptedImmutableType@4d518b32
22:30:04.023 [main] DEBUG org.hibernate.type.BasicTypeRegistry - Adding type registration imm_timestamp -&gt; org.hibernate.type.AdaptedImmutableType@4bd31064
22:30:04.023 [main] DEBUG org.hibernate.type.BasicTypeRegistry - Adding type registration imm_dbtimestamp -&gt; org.hibernate.type.AdaptedImmutableType@e3c0e40
22:30:04.023 [main] DEBUG org.hibernate.type.BasicTypeRegistry - Adding type registration imm_calendar -&gt; org.hibernate.type.AdaptedImmutableType@329dbdbf
22:30:04.023 [main] DEBUG org.hibernate.type.BasicTypeRegistry - Adding type registration imm_calendar_date -&gt; org.hibernate.type.AdaptedImmutableType@7354b8c5
22:30:04.023 [main] DEBUG org.hibernate.type.BasicTypeRegistry - Adding type registration imm_binary -&gt; org.hibernate.type.AdaptedImmutableType@20d7d6fb
22:30:04.023 [main] DEBUG org.hibernate.type.BasicTypeRegistry - Adding type registration imm_serializable -&gt; org.hibernate.type.AdaptedImmutableType@4ef782af
22:30:04.039 [main] DEBUG org.springframework.jdbc.datasource.DriverManagerDataSource - Creating new JDBC DriverManager Connection to [jdbc:h2:~/test]
22:30:04.204 [main] DEBUG org.hibernate.engine.jdbc.env.internal.JdbcEnvironmentInitiator - Database -&gt;
       name : H2
    version : 1.4.196 (2017-06-10)
      major : 1
      minor : 4
22:30:04.204 [main] DEBUG org.hibernate.engine.jdbc.env.internal.JdbcEnvironmentInitiator - Driver -&gt;
       name : H2 JDBC Driver
    version : 1.4.196 (2017-06-10)
      major : 1
      minor : 4
22:30:04.204 [main] DEBUG org.hibernate.engine.jdbc.env.internal.JdbcEnvironmentInitiator - JDBC version : 4.0
22:30:04.219 [main] INFO org.hibernate.dialect.Dialect - HHH000400: Using dialect: org.hibernate.dialect.H2Dialect
22:30:04.235 [main] DEBUG org.hibernate.engine.jdbc.cursor.internal.StandardRefCursorSupport - Unexpected error trying to gauge level of JDBC REF_CURSOR support : null
22:30:04.420 [main] DEBUG org.hibernate.id.factory.internal.DefaultIdentifierGeneratorFactory - Registering IdentifierGenerator strategy [uuid2] -&gt; [org.hibernate.id.UUIDGenerator]
22:30:04.420 [main] DEBUG org.hibernate.id.factory.internal.DefaultIdentifierGeneratorFactory - Registering IdentifierGenerator strategy [guid] -&gt; [org.hibernate.id.GUIDGenerator]
22:30:04.420 [main] DEBUG org.hibernate.id.factory.internal.DefaultIdentifierGeneratorFactory - Registering IdentifierGenerator strategy [uuid] -&gt; [org.hibernate.id.UUIDHexGenerator]
22:30:04.420 [main] DEBUG org.hibernate.id.factory.internal.DefaultIdentifierGeneratorFactory - Registering IdentifierGenerator strategy [uuid.hex] -&gt; [org.hibernate.id.UUIDHexGenerator]
22:30:04.420 [main] DEBUG org.hibernate.id.factory.internal.DefaultIdentifierGeneratorFactory - Registering IdentifierGenerator strategy [assigned] -&gt; [org.hibernate.id.Assigned]
22:30:04.420 [main] DEBUG org.hibernate.id.factory.internal.DefaultIdentifierGeneratorFactory - Registering IdentifierGenerator strategy [identity] -&gt; [org.hibernate.id.IdentityGenerator]
22:30:04.420 [main] DEBUG org.hibernate.id.factory.internal.DefaultIdentifierGeneratorFactory - Registering IdentifierGenerator strategy [select] -&gt; [org.hibernate.id.SelectGenerator]
22:30:04.420 [main] DEBUG org.hibernate.id.factory.internal.DefaultIdentifierGeneratorFactory - Registering IdentifierGenerator strategy [sequence] -&gt; [org.hibernate.id.enhanced.SequenceStyleGenerator]
22:30:04.436 [main] DEBUG org.hibernate.id.factory.internal.DefaultIdentifierGeneratorFactory - Registering IdentifierGenerator strategy [seqhilo] -&gt; [org.hibernate.id.SequenceHiLoGenerator]
22:30:04.436 [main] DEBUG org.hibernate.id.factory.internal.DefaultIdentifierGeneratorFactory - Registering IdentifierGenerator strategy [increment] -&gt; [org.hibernate.id.IncrementGenerator]
22:30:04.436 [main] DEBUG org.hibernate.id.factory.internal.DefaultIdentifierGeneratorFactory - Registering IdentifierGenerator strategy [foreign] -&gt; [org.hibernate.id.ForeignGenerator]
22:30:04.436 [main] DEBUG org.hibernate.id.factory.internal.DefaultIdentifierGeneratorFactory - Registering IdentifierGenerator strategy [sequence-identity] -&gt; [org.hibernate.id.SequenceIdentityGenerator]
22:30:04.436 [main] DEBUG org.hibernate.id.factory.internal.DefaultIdentifierGeneratorFactory - Registering IdentifierGenerator strategy [enhanced-sequence] -&gt; [org.hibernate.id.enhanced.SequenceStyleGenerator]
22:30:04.436 [main] DEBUG org.hibernate.id.factory.internal.DefaultIdentifierGeneratorFactory - Registering IdentifierGenerator strategy [enhanced-table] -&gt; [org.hibernate.id.enhanced.TableGenerator]
22:30:04.458 [main] DEBUG org.hibernate.boot.model.relational.Namespace - Created database namespace [logicalName=Name{catalog=null, schema=null}, physicalName=Name{catalog=null, schema=null}]
22:30:04.473 [main] DEBUG org.hibernate.cfg.AnnotationBinder - Binding entity from annotated class: com.project.backend.domain.Category
22:30:04.489 [main] DEBUG org.hibernate.cfg.Ejb3Column - Binding column: Ejb3DiscriminatorColumn{logicalColumnName&apos;DTYPE&apos;, discriminatorTypeName=&apos;string&apos;}
22:30:04.505 [main] DEBUG org.hibernate.cfg.annotations.EntityBinder - Import with entity name Category
22:30:04.505 [main] DEBUG org.hibernate.cfg.annotations.EntityBinder - Bind entity com.project.backend.domain.Category on table Category
22:30:04.520 [main] DEBUG org.hibernate.cfg.Ejb3Column - Binding column: Ejb3Column{table=org.hibernate.mapping.Table(Category), mappingColumn=id, insertable=true, updatable=true, unique=false}
22:30:04.520 [main] DEBUG org.hibernate.cfg.annotations.PropertyBinder - MetadataSourceProcessor property id with lazy=false
22:30:04.520 [main] DEBUG org.hibernate.cfg.AbstractPropertyHolder - Attempting to locate auto-apply AttributeConverter for property [com.project.backend.domain.Category:id]
22:30:04.536 [main] DEBUG org.hibernate.cfg.annotations.SimpleValueBinder - building SimpleValue for id
22:30:04.536 [main] DEBUG org.hibernate.cfg.annotations.PropertyBinder - Building property id
22:30:04.536 [main] DEBUG org.hibernate.cfg.Ejb3Column - Binding column: Ejb3Column{table=org.hibernate.mapping.Table(Category), mappingColumn=description, insertable=true, updatable=true, unique=false}
22:30:04.536 [main] DEBUG org.hibernate.cfg.annotations.PropertyBinder - MetadataSourceProcessor property description with lazy=false
22:30:04.536 [main] DEBUG org.hibernate.cfg.AbstractPropertyHolder - Attempting to locate auto-apply AttributeConverter for property [com.project.backend.domain.Category:description]
22:30:04.536 [main] DEBUG org.hibernate.cfg.annotations.SimpleValueBinder - building SimpleValue for description
22:30:04.536 [main] DEBUG org.hibernate.cfg.annotations.PropertyBinder - Building property description
22:30:04.536 [main] DEBUG org.hibernate.cfg.Ejb3Column - Binding column: Ejb3Column{table=org.hibernate.mapping.Table(Category), mappingColumn=name, insertable=true, updatable=true, unique=false}
22:30:04.536 [main] DEBUG org.hibernate.cfg.annotations.PropertyBinder - MetadataSourceProcessor property name with lazy=false
22:30:04.536 [main] DEBUG org.hibernate.cfg.AbstractPropertyHolder - Attempting to locate auto-apply AttributeConverter for property [com.project.backend.domain.Category:name]
22:30:04.536 [main] DEBUG org.hibernate.cfg.annotations.SimpleValueBinder - building SimpleValue for name
22:30:04.536 [main] DEBUG org.hibernate.cfg.annotations.PropertyBinder - Building property name
22:30:04.536 [main] DEBUG org.hibernate.cfg.Ejb3Column - Binding column: Ejb3JoinColumn{logicalColumnName=&apos;null&apos;, referencedColumn=&apos;null&apos;, mappedBy=&apos;category&apos;}
22:30:04.536 [main] DEBUG org.hibernate.cfg.Ejb3Column - Binding column: Ejb3Column{table=org.hibernate.mapping.Table(Category), mappingColumn=products, insertable=true, updatable=true, unique=false}
22:30:04.536 [main] DEBUG org.hibernate.cfg.Ejb3Column - Binding column: Ejb3Column{table=org.hibernate.mapping.Table(Category), mappingColumn=null, insertable=true, updatable=true, unique=false}
22:30:04.556 [main] DEBUG org.hibernate.cfg.Ejb3Column - Binding column: Ejb3Column{table=org.hibernate.mapping.Table(Category), mappingColumn=element, insertable=true, updatable=true, unique=false}
22:30:04.557 [main] DEBUG org.hibernate.cfg.Ejb3Column - Binding column: Ejb3Column{table=org.hibernate.mapping.Table(Category), mappingColumn=products_KEY, insertable=true, updatable=true, unique=false}
22:30:04.557 [main] DEBUG org.hibernate.cfg.Ejb3Column - Binding column: Ejb3JoinColumn{logicalColumnName=&apos;products_KEY&apos;, referencedColumn=&apos;null&apos;, mappedBy=&apos;null&apos;}
22:30:04.558 [main] DEBUG org.hibernate.cfg.Ejb3Column - Binding column: Ejb3JoinColumn{logicalColumnName=&apos;null&apos;, referencedColumn=&apos;null&apos;, mappedBy=&apos;category&apos;}
22:30:04.558 [main] DEBUG org.hibernate.cfg.Ejb3Column - Binding column: Ejb3JoinColumn{logicalColumnName=&apos;null&apos;, referencedColumn=&apos;null&apos;, mappedBy=&apos;category&apos;}
22:30:04.558 [main] DEBUG org.hibernate.cfg.annotations.CollectionBinder - Collection role: com.project.backend.domain.Category.products
22:30:04.558 [main] DEBUG org.hibernate.cfg.annotations.PropertyBinder - Building property products
22:30:04.558 [main] DEBUG org.hibernate.cfg.AnnotationBinder - Binding entity from annotated class: com.project.backend.domain.Product
22:30:04.558 [main] DEBUG org.hibernate.cfg.Ejb3Column - Binding column: Ejb3DiscriminatorColumn{logicalColumnName&apos;DTYPE&apos;, discriminatorTypeName=&apos;string&apos;}
22:30:04.558 [main] DEBUG org.hibernate.cfg.annotations.EntityBinder - Import with entity name Product
22:30:04.558 [main] DEBUG org.hibernate.cfg.annotations.EntityBinder - Bind entity com.project.backend.domain.Product on table Product
22:30:04.558 [main] DEBUG org.hibernate.cfg.Ejb3Column - Binding column: Ejb3Column{table=org.hibernate.mapping.Table(Product), mappingColumn=id, insertable=true, updatable=true, unique=false}
22:30:04.558 [main] DEBUG org.hibernate.cfg.annotations.PropertyBinder - MetadataSourceProcessor property id with lazy=false
22:30:04.558 [main] DEBUG org.hibernate.cfg.AbstractPropertyHolder - Attempting to locate auto-apply AttributeConverter for property [com.project.backend.domain.Product:id]
22:30:04.558 [main] DEBUG org.hibernate.cfg.annotations.SimpleValueBinder - building SimpleValue for id
22:30:04.558 [main] DEBUG org.hibernate.cfg.annotations.PropertyBinder - Building property id
22:30:04.558 [main] DEBUG org.hibernate.cfg.Ejb3Column - Binding column: Ejb3JoinColumn{logicalColumnName=&apos;categoryId&apos;, referencedColumn=&apos;&apos;, mappedBy=&apos;&apos;}
22:30:04.558 [main] DEBUG org.hibernate.cfg.Ejb3Column - Binding column: Ejb3Column{table=org.hibernate.mapping.Table(Product), mappingColumn=category, insertable=true, updatable=true, unique=false}
22:30:04.558 [main] DEBUG org.hibernate.cfg.annotations.PropertyBinder - Building property category
22:30:04.558 [main] DEBUG org.hibernate.cfg.Ejb3Column - Binding column: Ejb3Column{table=org.hibernate.mapping.Table(Product), mappingColumn=categoryId, insertable=true, updatable=true, unique=false}
22:30:04.558 [main] DEBUG org.hibernate.cfg.annotations.PropertyBinder - MetadataSourceProcessor property categoryId with lazy=false
22:30:04.558 [main] DEBUG org.hibernate.cfg.AbstractPropertyHolder - Attempting to locate auto-apply AttributeConverter for property [com.project.backend.domain.Product:categoryId]
22:30:04.558 [main] DEBUG org.hibernate.cfg.annotations.SimpleValueBinder - building SimpleValue for categoryId
22:30:04.558 [main] DEBUG org.hibernate.cfg.annotations.PropertyBinder - Building property categoryId
22:30:04.574 [main] DEBUG org.hibernate.cfg.Ejb3Column - Binding column: Ejb3Column{table=org.hibernate.mapping.Table(Product), mappingColumn=description, insertable=true, updatable=true, unique=false}
22:30:04.574 [main] DEBUG org.hibernate.cfg.annotations.PropertyBinder - MetadataSourceProcessor property description with lazy=false
22:30:04.574 [main] DEBUG org.hibernate.cfg.AbstractPropertyHolder - Attempting to locate auto-apply AttributeConverter for property [com.project.backend.domain.Product:description]
22:30:04.574 [main] DEBUG org.hibernate.cfg.annotations.SimpleValueBinder - building SimpleValue for description
22:30:04.574 [main] DEBUG org.hibernate.cfg.annotations.PropertyBinder - Building property description
22:30:04.574 [main] DEBUG org.hibernate.cfg.Ejb3Column - Binding column: Ejb3Column{table=org.hibernate.mapping.Table(Product), mappingColumn=name, insertable=true, updatable=true, unique=false}
22:30:04.574 [main] DEBUG org.hibernate.cfg.annotations.PropertyBinder - MetadataSourceProcessor property name with lazy=false
22:30:04.574 [main] DEBUG org.hibernate.cfg.AbstractPropertyHolder - Attempting to locate auto-apply AttributeConverter for property [com.project.backend.domain.Product:name]
22:30:04.574 [main] DEBUG org.hibernate.cfg.annotations.SimpleValueBinder - building SimpleValue for name
22:30:04.574 [main] DEBUG org.hibernate.cfg.annotations.PropertyBinder - Building property name
22:30:04.589 [main] DEBUG org.hibernate.cfg.Ejb3Column - Binding column: Ejb3Column{table=org.hibernate.mapping.Table(Product), mappingColumn=price, insertable=true, updatable=true, unique=false}
22:30:04.589 [main] DEBUG org.hibernate.cfg.annotations.PropertyBinder - MetadataSourceProcessor property price with lazy=false
22:30:04.589 [main] DEBUG org.hibernate.cfg.AbstractPropertyHolder - Attempting to locate auto-apply AttributeConverter for property [com.project.backend.domain.Product:price]
22:30:04.589 [main] DEBUG org.hibernate.cfg.annotations.SimpleValueBinder - building SimpleValue for price
22:30:04.589 [main] DEBUG org.hibernate.cfg.annotations.PropertyBinder - Building property price
22:30:04.589 [main] DEBUG org.hibernate.cfg.Ejb3Column - Binding column: Ejb3JoinColumn{logicalColumnName=&apos;supplierid&apos;, referencedColumn=&apos;&apos;, mappedBy=&apos;&apos;}
22:30:04.589 [main] DEBUG org.hibernate.cfg.Ejb3Column - Binding column: Ejb3Column{table=org.hibernate.mapping.Table(Product), mappingColumn=supplier, insertable=true, updatable=true, unique=false}
22:30:04.589 [main] DEBUG org.hibernate.cfg.annotations.PropertyBinder - Building property supplier
22:30:04.589 [main] DEBUG org.hibernate.cfg.Ejb3Column - Binding column: Ejb3Column{table=org.hibernate.mapping.Table(Product), mappingColumn=supplierId, insertable=true, updatable=true, unique=false}
22:30:04.589 [main] DEBUG org.hibernate.cfg.annotations.PropertyBinder - MetadataSourceProcessor property supplierId with lazy=false
22:30:04.589 [main] DEBUG org.hibernate.cfg.AbstractPropertyHolder - Attempting to locate auto-apply AttributeConverter for property [com.project.backend.domain.Product:supplierId]
22:30:04.589 [main] DEBUG org.hibernate.cfg.annotations.SimpleValueBinder - building SimpleValue for supplierId
22:30:04.589 [main] DEBUG org.hibernate.cfg.annotations.PropertyBinder - Building property supplierId
22:30:04.589 [main] DEBUG org.hibernate.cfg.AnnotationBinder - Binding entity from annotated class: com.project.backend.domain.Supplier
22:30:04.589 [main] DEBUG org.hibernate.cfg.Ejb3Column - Binding column: Ejb3DiscriminatorColumn{logicalColumnName&apos;DTYPE&apos;, discriminatorTypeName=&apos;string&apos;}
22:30:04.589 [main] DEBUG org.hibernate.cfg.annotations.EntityBinder - Import with entity name Supplier
22:30:04.589 [main] DEBUG org.hibernate.cfg.annotations.EntityBinder - Bind entity com.project.backend.domain.Supplier on table Supplier
22:30:04.589 [main] DEBUG org.hibernate.cfg.Ejb3Column - Binding column: Ejb3Column{table=org.hibernate.mapping.Table(Supplier), mappingColumn=id, insertable=true, updatable=true, unique=false}
22:30:04.589 [main] DEBUG org.hibernate.cfg.annotations.PropertyBinder - MetadataSourceProcessor property id with lazy=false
22:30:04.589 [main] DEBUG org.hibernate.cfg.AbstractPropertyHolder - Attempting to locate auto-apply AttributeConverter for property [com.project.backend.domain.Supplier:id]
22:30:04.605 [main] DEBUG org.hibernate.cfg.annotations.SimpleValueBinder - building SimpleValue for id
22:30:04.605 [main] DEBUG org.hibernate.cfg.annotations.PropertyBinder - Building property id
22:30:04.605 [main] DEBUG org.hibernate.cfg.Ejb3Column - Binding column: Ejb3Column{table=org.hibernate.mapping.Table(Supplier), mappingColumn=address, insertable=true, updatable=true, unique=false}
22:30:04.605 [main] DEBUG org.hibernate.cfg.annotations.PropertyBinder - MetadataSourceProcessor property address with lazy=false
22:30:04.605 [main] DEBUG org.hibernate.cfg.AbstractPropertyHolder - Attempting to locate auto-apply AttributeConverter for property [com.project.backend.domain.Supplier:address]
22:30:04.605 [main] DEBUG org.hibernate.cfg.annotations.SimpleValueBinder - building SimpleValue for address
22:30:04.605 [main] DEBUG org.hibernate.cfg.annotations.PropertyBinder - Building property address
22:30:04.605 [main] DEBUG org.hibernate.cfg.Ejb3Column - Binding column: Ejb3Column{table=org.hibernate.mapping.Table(Supplier), mappingColumn=name, insertable=true, updatable=true, unique=false}
22:30:04.605 [main] DEBUG org.hibernate.cfg.annotations.PropertyBinder - MetadataSourceProcessor property name with lazy=false
22:30:04.605 [main] DEBUG org.hibernate.cfg.AbstractPropertyHolder - Attempting to locate auto-apply AttributeConverter for property [com.project.backend.domain.Supplier:name]
22:30:04.605 [main] DEBUG org.hibernate.cfg.annotations.SimpleValueBinder - building SimpleValue for name
22:30:04.605 [main] DEBUG org.hibernate.cfg.annotations.PropertyBinder - Building property name
22:30:04.605 [main] DEBUG org.hibernate.cfg.Ejb3Column - Binding column: Ejb3JoinColumn{logicalColumnName=&apos;null&apos;, referencedColumn=&apos;null&apos;, mappedBy=&apos;supplier&apos;}
22:30:04.605 [main] DEBUG org.hibernate.cfg.Ejb3Column - Binding column: Ejb3Column{table=org.hibernate.mapping.Table(Supplier), mappingColumn=products, insertable=true, updatable=true, unique=false}
22:30:04.605 [main] DEBUG org.hibernate.cfg.Ejb3Column - Binding column: Ejb3Column{table=org.hibernate.mapping.Table(Supplier), mappingColumn=null, insertable=true, updatable=true, unique=false}
22:30:04.605 [main] DEBUG org.hibernate.cfg.Ejb3Column - Binding column: Ejb3Column{table=org.hibernate.mapping.Table(Supplier), mappingColumn=element, insertable=true, updatable=true, unique=false}
22:30:04.605 [main] DEBUG org.hibernate.cfg.Ejb3Column - Binding column: Ejb3Column{table=org.hibernate.mapping.Table(Supplier), mappingColumn=products_KEY, insertable=true, updatable=true, unique=false}
22:30:04.605 [main] DEBUG org.hibernate.cfg.Ejb3Column - Binding column: Ejb3JoinColumn{logicalColumnName=&apos;products_KEY&apos;, referencedColumn=&apos;null&apos;, mappedBy=&apos;null&apos;}
22:30:04.605 [main] DEBUG org.hibernate.cfg.Ejb3Column - Binding column: Ejb3JoinColumn{logicalColumnName=&apos;null&apos;, referencedColumn=&apos;null&apos;, mappedBy=&apos;supplier&apos;}
22:30:04.605 [main] DEBUG org.hibernate.cfg.Ejb3Column - Binding column: Ejb3JoinColumn{logicalColumnName=&apos;null&apos;, referencedColumn=&apos;null&apos;, mappedBy=&apos;supplier&apos;}
22:30:04.605 [main] DEBUG org.hibernate.cfg.annotations.CollectionBinder - Collection role: com.project.backend.domain.Supplier.products
22:30:04.605 [main] DEBUG org.hibernate.cfg.annotations.PropertyBinder - Building property products
22:30:04.605 [main] DEBUG org.hibernate.cfg.AnnotationBinder - Binding entity from annotated class: com.project.backend.domain.User
22:30:04.605 [main] DEBUG org.hibernate.cfg.Ejb3Column - Binding column: Ejb3DiscriminatorColumn{logicalColumnName&apos;DTYPE&apos;, discriminatorTypeName=&apos;string&apos;}
22:30:04.605 [main] DEBUG org.hibernate.cfg.annotations.EntityBinder - Import with entity name User
22:30:04.605 [main] DEBUG org.hibernate.cfg.annotations.EntityBinder - Bind entity com.project.backend.domain.User on table user
22:30:04.605 [main] DEBUG org.hibernate.cfg.Ejb3Column - Binding column: Ejb3Column{table=org.hibernate.mapping.Table(user), mappingColumn=emailID, insertable=true, updatable=true, unique=false}
22:30:04.605 [main] DEBUG org.hibernate.cfg.annotations.PropertyBinder - MetadataSourceProcessor property emailID with lazy=false
22:30:04.605 [main] DEBUG org.hibernate.cfg.AbstractPropertyHolder - Attempting to locate auto-apply AttributeConverter for property [com.project.backend.domain.User:emailID]
22:30:04.605 [main] DEBUG org.hibernate.cfg.annotations.SimpleValueBinder - building SimpleValue for emailID
22:30:04.605 [main] DEBUG org.hibernate.cfg.annotations.PropertyBinder - Building property emailID
22:30:04.605 [main] DEBUG org.hibernate.cfg.Ejb3Column - Binding column: Ejb3Column{table=org.hibernate.mapping.Table(user), mappingColumn=mobile, insertable=true, updatable=true, unique=false}
22:30:04.605 [main] DEBUG org.hibernate.cfg.annotations.PropertyBinder - MetadataSourceProcessor property mobile with lazy=false
22:30:04.605 [main] DEBUG org.hibernate.cfg.AbstractPropertyHolder - Attempting to locate auto-apply AttributeConverter for property [com.project.backend.domain.User:mobile]
22:30:04.605 [main] DEBUG org.hibernate.cfg.annotations.SimpleValueBinder - building SimpleValue for mobile
22:30:04.605 [main] DEBUG org.hibernate.cfg.annotations.PropertyBinder - Building property mobile
22:30:04.605 [main] DEBUG org.hibernate.cfg.Ejb3Column - Binding column: Ejb3Column{table=org.hibernate.mapping.Table(user), mappingColumn=name, insertable=true, updatable=true, unique=false}
22:30:04.605 [main] DEBUG org.hibernate.cfg.annotations.PropertyBinder - MetadataSourceProcessor property name with lazy=false
22:30:04.605 [main] DEBUG org.hibernate.cfg.AbstractPropertyHolder - Attempting to locate auto-apply AttributeConverter for property [com.project.backend.domain.User:name]
22:30:04.605 [main] DEBUG org.hibernate.cfg.annotations.SimpleValueBinder - building SimpleValue for name
22:30:04.605 [main] DEBUG org.hibernate.cfg.annotations.PropertyBinder - Building property name
22:30:04.605 [main] DEBUG org.hibernate.cfg.Ejb3Column - Binding column: Ejb3Column{table=org.hibernate.mapping.Table(user), mappingColumn=password, insertable=true, updatable=true, unique=false}
22:30:04.605 [main] DEBUG org.hibernate.cfg.annotations.PropertyBinder - MetadataSourceProcessor property password with lazy=false
22:30:04.605 [main] DEBUG org.hibernate.cfg.AbstractPropertyHolder - Attempting to locate auto-apply AttributeConverter for property [com.project.backend.domain.User:password]
22:30:04.605 [main] DEBUG org.hibernate.cfg.annotations.SimpleValueBinder - building SimpleValue for password
22:30:04.605 [main] DEBUG org.hibernate.cfg.annotations.PropertyBinder - Building property password
22:30:04.605 [main] DEBUG org.hibernate.cfg.Ejb3Column - Binding column: Ejb3Column{table=org.hibernate.mapping.Table(user), mappingColumn=registeredDate, insertable=true, updatable=true, unique=false}
22:30:04.605 [main] DEBUG org.hibernate.cfg.annotations.PropertyBinder - MetadataSourceProcessor property registeredDate with lazy=false
22:30:04.605 [main] DEBUG org.hibernate.cfg.AbstractPropertyHolder - Attempting to locate auto-apply AttributeConverter for property [com.project.backend.domain.User:registeredDate]
22:30:04.605 [main] DEBUG org.hibernate.cfg.annotations.SimpleValueBinder - building SimpleValue for registeredDate
22:30:04.605 [main] DEBUG org.hibernate.cfg.annotations.PropertyBinder - Building property registeredDate
22:30:04.621 [main] DEBUG org.hibernate.cfg.Ejb3Column - Binding column: Ejb3Column{table=org.hibernate.mapping.Table(user), mappingColumn=role, insertable=true, updatable=true, unique=false}
22:30:04.621 [main] DEBUG org.hibernate.cfg.annotations.PropertyBinder - MetadataSourceProcessor property role with lazy=false
22:30:04.621 [main] DEBUG org.hibernate.cfg.AbstractPropertyHolder - Attempting to locate auto-apply AttributeConverter for property [com.project.backend.domain.User:role]
22:30:04.621 [main] DEBUG org.hibernate.cfg.annotations.SimpleValueBinder - building SimpleValue for role
22:30:04.621 [main] DEBUG org.hibernate.cfg.annotations.PropertyBinder - Building property role
22:30:04.621 [main] DEBUG org.hibernate.cfg.annotations.SimpleValueBinder - Starting fillSimpleValue for id
22:30:04.621 [main] DEBUG org.hibernate.cfg.annotations.SimpleValueBinder - Starting fillSimpleValue for description
22:30:04.621 [main] DEBUG org.hibernate.cfg.annotations.SimpleValueBinder - Starting fillSimpleValue for name
22:30:04.621 [main] DEBUG org.hibernate.cfg.annotations.SimpleValueBinder - Starting fillSimpleValue for id
22:30:04.621 [main] DEBUG org.hibernate.cfg.annotations.SimpleValueBinder - Starting fillSimpleValue for categoryId
22:30:04.621 [main] DEBUG org.hibernate.cfg.annotations.SimpleValueBinder - Starting fillSimpleValue for description
22:30:04.621 [main] DEBUG org.hibernate.cfg.annotations.SimpleValueBinder - Starting fillSimpleValue for name
22:30:04.621 [main] DEBUG org.hibernate.cfg.annotations.SimpleValueBinder - Starting fillSimpleValue for price
22:30:04.621 [main] DEBUG org.hibernate.cfg.annotations.SimpleValueBinder - Starting fillSimpleValue for supplierId
22:30:04.621 [main] DEBUG org.hibernate.cfg.annotations.SimpleValueBinder - Starting fillSimpleValue for id
22:30:04.621 [main] DEBUG org.hibernate.cfg.annotations.SimpleValueBinder - Starting fillSimpleValue for address
22:30:04.621 [main] DEBUG org.hibernate.cfg.annotations.SimpleValueBinder - Starting fillSimpleValue for name
22:30:04.621 [main] DEBUG org.hibernate.cfg.annotations.SimpleValueBinder - Starting fillSimpleValue for emailID
22:30:04.636 [main] DEBUG org.hibernate.cfg.annotations.SimpleValueBinder - Starting fillSimpleValue for mobile
22:30:04.636 [main] DEBUG org.hibernate.cfg.annotations.SimpleValueBinder - Starting fillSimpleValue for name
22:30:04.636 [main] DEBUG org.hibernate.cfg.annotations.SimpleValueBinder - Starting fillSimpleValue for password
22:30:04.636 [main] DEBUG org.hibernate.cfg.annotations.SimpleValueBinder - Starting fillSimpleValue for registeredDate
22:30:04.636 [main] DEBUG org.hibernate.cfg.annotations.SimpleValueBinder - Starting fillSimpleValue for role
22:30:04.705 [main] DEBUG org.hibernate.mapping.PrimaryKey - Forcing column [id] to be non-null as it is part of the primary key for table [category]
22:30:04.705 [main] DEBUG org.hibernate.mapping.PrimaryKey - Forcing column [id] to be non-null as it is part of the primary key for table [product]
22:30:04.705 [main] DEBUG org.hibernate.mapping.PrimaryKey - Forcing column [id] to be non-null as it is part of the primary key for table [supplier]
22:30:04.705 [main] DEBUG org.hibernate.mapping.PrimaryKey - Forcing column [emailid] to be non-null as it is part of the primary key for table [user]
22:30:04.705 [main] DEBUG org.hibernate.cfg.CollectionSecondPass - Second pass for collection: com.project.backend.domain.Category.products
22:30:04.705 [main] DEBUG org.hibernate.cfg.annotations.CollectionBinder - Binding a OneToMany: com.project.backend.domain.Category.products through a foreign key
22:30:04.705 [main] DEBUG org.hibernate.cfg.annotations.CollectionBinder - Mapping collection: com.project.backend.domain.Category.products -&gt; Product
22:30:04.705 [main] DEBUG org.hibernate.cfg.annotations.TableBinder - Retrieving property com.project.backend.domain.Product.category
22:30:04.705 [main] DEBUG org.hibernate.cfg.CollectionSecondPass - Mapped collection key: categoryId, one-to-many: com.project.backend.domain.Product
22:30:04.705 [main] DEBUG org.hibernate.cfg.CollectionSecondPass - Second pass for collection: com.project.backend.domain.Supplier.products
22:30:04.705 [main] DEBUG org.hibernate.cfg.annotations.CollectionBinder - Binding a OneToMany: com.project.backend.domain.Supplier.products through a foreign key
22:30:04.705 [main] DEBUG org.hibernate.cfg.annotations.CollectionBinder - Mapping collection: com.project.backend.domain.Supplier.products -&gt; Product
22:30:04.705 [main] DEBUG org.hibernate.cfg.annotations.TableBinder - Retrieving property com.project.backend.domain.Product.supplier
22:30:04.705 [main] DEBUG org.hibernate.cfg.CollectionSecondPass - Mapped collection key: supplierid, one-to-many: com.project.backend.domain.Product
22:30:04.705 [main] DEBUG org.hibernate.boot.internal.InFlightMetadataCollectorImpl - Resolving reference to class: com.project.backend.domain.Category
22:30:04.721 [main] DEBUG org.hibernate.boot.internal.InFlightMetadataCollectorImpl - Resolving reference to class: com.project.backend.domain.Supplier
22:30:04.721 [main] DEBUG org.hibernate.boot.internal.InFlightMetadataCollectorImpl - Resolving reference to class: com.project.backend.domain.Category
22:30:04.721 [main] DEBUG org.hibernate.boot.internal.InFlightMetadataCollectorImpl - Resolving reference to class: com.project.backend.domain.Supplier
22:30:04.757 [main] DEBUG org.hibernate.internal.SessionFactoryImpl - Building session factory
22:30:04.759 [main] DEBUG org.hibernate.cfg.Settings - SessionFactory name : null
22:30:04.759 [main] DEBUG org.hibernate.cfg.Settings - Automatic flush during beforeCompletion(): disabled
22:30:04.759 [main] DEBUG org.hibernate.cfg.Settings - Automatic session close at end of transaction: disabled
22:30:04.759 [main] DEBUG org.hibernate.cfg.Settings - Statistics: disabled
22:30:04.759 [main] DEBUG org.hibernate.cfg.Settings - Deleted entity synthetic identifier rollback: disabled
22:30:04.759 [main] DEBUG org.hibernate.cfg.Settings - Default entity-mode: pojo
22:30:04.759 [main] DEBUG org.hibernate.cfg.Settings - Check Nullability in Core (should be disabled when Bean Validation is on): enabled
22:30:04.759 [main] DEBUG org.hibernate.cfg.Settings - Allow initialization of lazy state outside session : disabled
22:30:04.759 [main] DEBUG org.hibernate.cfg.Settings - Using BatchFetchStyle : LEGACY
22:30:04.759 [main] DEBUG org.hibernate.cfg.Settings - Default batch fetch size: -1
22:30:04.759 [main] DEBUG org.hibernate.cfg.Settings - Maximum outer join fetch depth: null
22:30:04.759 [main] DEBUG org.hibernate.cfg.Settings - Default null ordering: NONE
22:30:04.759 [main] DEBUG org.hibernate.cfg.Settings - Order SQL updates by primary key: disabled
22:30:04.759 [main] DEBUG org.hibernate.cfg.Settings - Order SQL inserts for batching: disabled
22:30:04.759 [main] DEBUG org.hibernate.cfg.Settings - multi-tenancy strategy : NONE
22:30:04.759 [main] DEBUG org.hibernate.cfg.Settings - JTA Track by Thread: enabled
22:30:04.759 [main] DEBUG org.hibernate.cfg.Settings - Query language substitutions: {}
22:30:04.759 [main] DEBUG org.hibernate.cfg.Settings - JPA query language strict compliance: disabled
22:30:04.759 [main] DEBUG org.hibernate.cfg.Settings - Named query checking : enabled
22:30:04.759 [main] DEBUG org.hibernate.cfg.Settings - Second-level cache: enabled
22:30:04.759 [main] DEBUG org.hibernate.cfg.Settings - Second-level query cache: disabled
22:30:04.759 [main] DEBUG org.hibernate.cfg.Settings - Second-level query cache factory: org.hibernate.cache.internal.StandardQueryCacheFactory@66629f63
22:30:04.759 [main] DEBUG org.hibernate.cfg.Settings - Second-level cache region prefix: null
22:30:04.759 [main] DEBUG org.hibernate.cfg.Settings - Optimize second-level cache for minimal puts: disabled
22:30:04.759 [main] DEBUG org.hibernate.cfg.Settings - Structured second-level cache entries: disabled
22:30:04.759 [main] DEBUG org.hibernate.cfg.Settings - Second-level cache direct-reference entries: disabled
22:30:04.759 [main] DEBUG org.hibernate.cfg.Settings - Automatic eviction of collection cache: disabled
22:30:04.759 [main] DEBUG org.hibernate.cfg.Settings - JDBC batch size: 15
22:30:04.759 [main] DEBUG org.hibernate.cfg.Settings - JDBC batch updates for versioned data: enabled
22:30:04.759 [main] DEBUG org.hibernate.cfg.Settings - Scrollable result sets: enabled
22:30:04.759 [main] DEBUG org.hibernate.cfg.Settings - Wrap result sets: disabled
22:30:04.759 [main] DEBUG org.hibernate.cfg.Settings - JDBC3 getGeneratedKeys(): enabled
22:30:04.759 [main] DEBUG org.hibernate.cfg.Settings - JDBC result set fetch size: null
22:30:04.759 [main] DEBUG org.hibernate.cfg.Settings - Connection release mode: ON_CLOSE
22:30:04.759 [main] DEBUG org.hibernate.cfg.Settings - Generate SQL with comments: disabled
22:30:04.821 [main] DEBUG org.hibernate.internal.SessionFactoryImpl - Returning a Reference to the SessionFactory
22:30:04.821 [main] DEBUG org.hibernate.internal.SessionFactoryImpl - Session factory constructed with filter configurations : {}
22:30:04.821 [main] DEBUG org.hibernate.internal.SessionFactoryImpl - Instantiating session factory with properties: {java.runtime.name=Java(TM) SE Runtime Environment, java.vm.version=25.161-b12, sun.boot.library.path=C:\Program Files\Java\jre1.8.0_161\bin, hibernate.boot.CfgXmlAccessService.key=org.hibernate.boot.cfgxml.spi.LoadedConfig@7a56812e, java.vm.vendor=Oracle Corporation, java.vendor.url=http://java.oracle.com/, path.separator=;, hibernate.classLoaders=[sun.misc.Launcher$AppClassLoader@232204a1], java.vm.name=Java HotSpot(TM) 64-Bit Server VM, file.encoding.pkg=sun.io, sun.os.patch.level=, user.script=, user.country=US, sun.java.launcher=SUN_STANDARD, java.vm.specification.name=Java Virtual Machine Specification, user.dir=F:\Workstation\backend, java.runtime.version=1.8.0_161-b12, java.awt.graphicsenv=sun.awt.Win32GraphicsEnvironment, basedir=F:\Workstation\backend, os.arch=amd64, hibernate.current_session_context_class=org.springframework.orm.hibernate5.SpringSessionContext, java.endorsed.dirs=C:\Program Files\Java\jre1.8.0_161\lib\endorsed, surefire.real.class.path=F:\Workstation\backend\target\surefire\surefirebooter1169634460267211287.jar, java.io.tmpdir=C:\Users\yogender\AppData\Local\Temp\, line.separator=
, java.vm.specification.vendor=Oracle Corporation, user.variant=, os.name=Windows 10, sun.jnu.encoding=Cp1252, hibernate.connection.datasource=org.springframework.jdbc.datasource.DriverManagerDataSource@63070bab, java.library.path=C:\Program Files\Java\jre1.8.0_161\bin;C:\WINDOWS\Sun\Java\bin;C:\WINDOWS\system32;C:\WINDOWS;C:/Program Files/Java/jre1.8.0_161/bin/server;C:/Program Files/Java/jre1.8.0_161/bin;C:/Program Files/Java/jre1.8.0_161/lib/amd64;C:\ProgramData\Oracle\Java\javapath;C:\WINDOWS\system32;C:\WINDOWS;C:\WINDOWS\System32\Wbem;C:\WINDOWS\System32\WindowsPowerShell\v1.0\;F:\apache-maven-3.5.2\bin;C:\Program Files\Java\jdk1.8.0_161\bin;C:\Users\yogender\AppData\Local\Microsoft\WindowsApps;C:\Users\yogender\AppData\Local\GitHubDesktop\bin;F:\study material\softwares\eclipse;;., surefire.test.class.path=F:\Workstation\backend\target\test-classes;F:\Workstation\backend\target\classes;C:\Users\yogender\.m2\repository\javax\xml\jaxb-impl\2.1\jaxb-impl-2.1.jar;C:\Users\yogender\.m2\repository\org\glassfish\jaxb\jaxb-core\2.2.11\jaxb-core-2.2.11.jar;C:\Users\yogender\.m2\repository\javax\xml\bind\jaxb-api\2.3.0\jaxb-api-2.3.0.jar;C:\Users\yogender\.m2\repository\org\apache\maven\maven-plugin-api\3.3.9\maven-plugin-api-3.3.9.jar;C:\Users\yogender\.m2\repository\org\apache\maven\maven-model\3.3.9\maven-model-3.3.9.jar;C:\Users\yogender\.m2\repository\org\codehaus\plexus\plexus-utils\3.0.22\plexus-utils-3.0.22.jar;C:\Users\yogender\.m2\repository\org\apache\commons\commons-lang3\3.4\commons-lang3-3.4.jar;C:\Users\yogender\.m2\repository\org\apache\maven\maven-artifact\3.3.9\maven-artifact-3.3.9.jar;C:\Users\yogender\.m2\repository\org\eclipse\sisu\org.eclipse.sisu.plexus\0.3.2\org.eclipse.sisu.plexus-0.3.2.jar;C:\Users\yogender\.m2\repository\javax\enterprise\cdi-api\1.0\cdi-api-1.0.jar;C:\Users\yogender\.m2\repository\javax\annotation\jsr250-api\1.0\jsr250-api-1.0.jar;C:\Users\yogender\.m2\repository\javax\inject\javax.inject\1\javax.inject-1.jar;C:\Users\yogender\.m2\repository\org\eclipse\sisu\org.eclipse.sisu.inject\0.3.2\org.eclipse.sisu.inject-0.3.2.jar;C:\Users\yogender\.m2\repository\org\codehaus\plexus\plexus-component-annotations\1.5.5\plexus-component-annotations-1.5.5.jar;C:\Users\yogender\.m2\repository\org\codehaus\plexus\plexus-classworlds\2.5.2\plexus-classworlds-2.5.2.jar;C:\Users\yogender\.m2\repository\org\springframework\spring-core\5.0.4.RELEASE\spring-core-5.0.4.RELEASE.jar;C:\Users\yogender\.m2\repository\org\springframework\spring-jcl\5.0.4.RELEASE\spring-jcl-5.0.4.RELEASE.jar;C:\Users\yogender\.m2\repository\org\springframework\spring-context\5.0.4.RELEASE\spring-context-5.0.4.RELEASE.jar;C:\Users\yogender\.m2\repository\org\springframework\spring-aop\5.0.4.RELEASE\spring-aop-5.0.4.RELEASE.jar;C:\Users\yogender\.m2\repository\org\springframework\spring-beans\5.0.4.RELEASE\spring-beans-5.0.4.RELEASE.jar;C:\Users\yogender\.m2\repository\org\springframework\spring-expression\5.0.4.RELEASE\spring-expression-5.0.4.RELEASE.jar;C:\Users\yogender\.m2\repository\org\hibernate\hibernate-core\5.0.4.Final\hibernate-core-5.0.4.Final.jar;C:\Users\yogender\.m2\repository\org\jboss\logging\jboss-logging\3.3.0.Final\jboss-logging-3.3.0.Final.jar;C:\Users\yogender\.m2\repository\org\hibernate\javax\persistence\hibernate-jpa-2.1-api\1.0.0.Final\hibernate-jpa-2.1-api-1.0.0.Final.jar;C:\Users\yogender\.m2\repository\org\javassist\javassist\3.18.1-GA\javassist-3.18.1-GA.jar;C:\Users\yogender\.m2\repository\antlr\antlr\2.7.7\antlr-2.7.7.jar;C:\Users\yogender\.m2\repository\org\jboss\jandex\2.0.0.CR1\jandex-2.0.0.CR1.jar;C:\Users\yogender\.m2\repository\dom4j\dom4j\1.6.1\dom4j-1.6.1.jar;C:\Users\yogender\.m2\repository\xml-apis\xml-apis\1.0.b2\xml-apis-1.0.b2.jar;C:\Users\yogender\.m2\repository\org\hibernate\common\hibernate-commons-annotations\5.0.0.Final\hibernate-commons-annotations-5.0.0.Final.jar;C:\Users\yogender\.m2\repository\org\springframework\spring-orm\5.0.4.RELEASE\spring-orm-5.0.4.RELEASE.jar;C:\Users\yogender\.m2\repository\org\springframework\spring-jdbc\5.0.4.RELEASE\spring-jdbc-5.0.4.RELEASE.jar;C:\Users\yogender\.m2\repository\org\springframework\spring-tx\5.0.4.RELEASE\spring-tx-5.0.4.RELEASE.jar;C:\Users\yogender\.m2\repository\com\h2database\h2\1.4.196\h2-1.4.196.jar;C:\Users\yogender\.m2\repository\junit\junit\4.4\junit-4.4.jar;C:\Users\yogender\.m2\repository\javax\transaction\jta\1.1\jta-1.1.jar;C:\Users\yogender\.m2\repository\org\slf4j\slf4j-api\1.7.25\slf4j-api-1.7.25.jar;C:\Users\yogender\.m2\repository\ch\qos\logback\logback-classic\1.2.3\logback-classic-1.2.3.jar;C:\Users\yogender\.m2\repository\ch\qos\logback\logback-core\1.2.3\logback-core-1.2.3.jar;, java.class.version=52.0, java.specification.name=Java Platform API Specification, sun.management.compiler=HotSpot 64-Bit Tiered Compilers, os.version=10.0, user.home=C:\Users\yogender, user.timezone=Asia/Calcutta, java.awt.printerjob=sun.awt.windows.WPrinterJob, file.encoding=Cp1252, java.specification.version=1.8, user.name=yogender, java.class.path=F:\Workstation\backend\target\test-classes;F:\Workstation\backend\target\classes;C:\Users\yogender\.m2\repository\javax\xml\jaxb-impl\2.1\jaxb-impl-2.1.jar;C:\Users\yogender\.m2\repository\org\glassfish\jaxb\jaxb-core\2.2.11\jaxb-core-2.2.11.jar;C:\Users\yogender\.m2\repository\javax\xml\bind\jaxb-api\2.3.0\jaxb-api-2.3.0.jar;C:\Users\yogender\.m2\repository\org\apache\maven\maven-plugin-api\3.3.9\maven-plugin-api-3.3.9.jar;C:\Users\yogender\.m2\repository\org\apache\maven\maven-model\3.3.9\maven-model-3.3.9.jar;C:\Users\yogender\.m2\repository\org\codehaus\plexus\plexus-utils\3.0.22\plexus-utils-3.0.22.jar;C:\Users\yogender\.m2\repository\org\apache\commons\commons-lang3\3.4\commons-lang3-3.4.jar;C:\Users\yogender\.m2\repository\org\apache\maven\maven-artifact\3.3.9\maven-artifact-3.3.9.jar;C:\Users\yogender\.m2\repository\org\eclipse\sisu\org.eclipse.sisu.plexus\0.3.2\org.eclipse.sisu.plexus-0.3.2.jar;C:\Users\yogender\.m2\repository\javax\enterprise\cdi-api\1.0\cdi-api-1.0.jar;C:\Users\yogender\.m2\repository\javax\annotation\jsr250-api\1.0\jsr250-api-1.0.jar;C:\Users\yogender\.m2\repository\javax\inject\javax.inject\1\javax.inject-1.jar;C:\Users\yogender\.m2\repository\org\eclipse\sisu\org.eclipse.sisu.inject\0.3.2\org.eclipse.sisu.inject-0.3.2.jar;C:\Users\yogender\.m2\repository\org\codehaus\plexus\plexus-component-annotations\1.5.5\plexus-component-annotations-1.5.5.jar;C:\Users\yogender\.m2\repository\org\codehaus\plexus\plexus-classworlds\2.5.2\plexus-classworlds-2.5.2.jar;C:\Users\yogender\.m2\repository\org\springframework\spring-core\5.0.4.RELEASE\spring-core-5.0.4.RELEASE.jar;C:\Users\yogender\.m2\repository\org\springframework\spring-jcl\5.0.4.RELEASE\spring-jcl-5.0.4.RELEASE.jar;C:\Users\yogender\.m2\repository\org\springframework\spring-context\5.0.4.RELEASE\spring-context-5.0.4.RELEASE.jar;C:\Users\yogender\.m2\repository\org\springframework\spring-aop\5.0.4.RELEASE\spring-aop-5.0.4.RELEASE.jar;C:\Users\yogender\.m2\repository\org\springframework\spring-beans\5.0.4.RELEASE\spring-beans-5.0.4.RELEASE.jar;C:\Users\yogender\.m2\repository\org\springframework\spring-expression\5.0.4.RELEASE\spring-expression-5.0.4.RELEASE.jar;C:\Users\yogender\.m2\repository\org\hibernate\hibernate-core\5.0.4.Final\hibernate-core-5.0.4.Final.jar;C:\Users\yogender\.m2\repository\org\jboss\logging\jboss-logging\3.3.0.Final\jboss-logging-3.3.0.Final.jar;C:\Users\yogender\.m2\repository\org\hibernate\javax\persistence\hibernate-jpa-2.1-api\1.0.0.Final\hibernate-jpa-2.1-api-1.0.0.Final.jar;C:\Users\yogender\.m2\repository\org\javassist\javassist\3.18.1-GA\javassist-3.18.1-GA.jar;C:\Users\yogender\.m2\repository\antlr\antlr\2.7.7\antlr-2.7.7.jar;C:\Users\yogender\.m2\repository\org\jboss\jandex\2.0.0.CR1\jandex-2.0.0.CR1.jar;C:\Users\yogender\.m2\repository\dom4j\dom4j\1.6.1\dom4j-1.6.1.jar;C:\Users\yogender\.m2\repository\xml-apis\xml-apis\1.0.b2\xml-apis-1.0.b2.jar;C:\Users\yogender\.m2\repository\org\hibernate\common\hibernate-commons-annotations\5.0.0.Final\hibernate-commons-annotations-5.0.0.Final.jar;C:\Users\yogender\.m2\repository\org\springframework\spring-orm\5.0.4.RELEASE\spring-orm-5.0.4.RELEASE.jar;C:\Users\yogender\.m2\repository\org\springframework\spring-jdbc\5.0.4.RELEASE\spring-jdbc-5.0.4.RELEASE.jar;C:\Users\yogender\.m2\repository\org\springframework\spring-tx\5.0.4.RELEASE\spring-tx-5.0.4.RELEASE.jar;C:\Users\yogender\.m2\repository\com\h2database\h2\1.4.196\h2-1.4.196.jar;C:\Users\yogender\.m2\repository\junit\junit\4.4\junit-4.4.jar;C:\Users\yogender\.m2\repository\javax\transaction\jta\1.1\jta-1.1.jar;C:\Users\yogender\.m2\repository\org\slf4j\slf4j-api\1.7.25\slf4j-api-1.7.25.jar;C:\Users\yogender\.m2\repository\ch\qos\logback\logback-classic\1.2.3\logback-classic-1.2.3.jar;C:\Users\yogender\.m2\repository\ch\qos\logback\logback-core\1.2.3\logback-core-1.2.3.jar;, hibernate.bytecode.use_reflection_optimizer=false, hibernate.show_sql=true, java.vm.specification.version=1.8, sun.arch.data.model=64, sun.java.command=F:\Workstation\backend\target\surefire\surefirebooter1169634460267211287.jar F:\Workstation\backend\target\surefire\surefire3937481837042953127tmp F:\Workstation\backend\target\surefire\surefire_0294470579703560172tmp, java.home=C:\Program Files\Java\jre1.8.0_161, hibernate.dialect=org.hibernate.dialect.H2Dialect, user.language=en, java.specification.vendor=Oracle Corporation, awt.toolkit=sun.awt.windows.WToolkit, java.vm.info=mixed mode, java.version=1.8.0_161, java.ext.dirs=C:\Program Files\Java\jre1.8.0_161\lib\ext;C:\WINDOWS\Sun\Java\lib\ext, sun.boot.class.path=C:\Program Files\Java\jre1.8.0_161\lib\resources.jar;C:\Program Files\Java\jre1.8.0_161\lib\rt.jar;C:\Program Files\Java\jre1.8.0_161\lib\sunrsasign.jar;C:\Program Files\Java\jre1.8.0_161\lib\jsse.jar;C:\Program Files\Java\jre1.8.0_161\lib\jce.jar;C:\Program Files\Java\jre1.8.0_161\lib\charsets.jar;C:\Program Files\Java\jre1.8.0_161\lib\jfr.jar;C:\Program Files\Java\jre1.8.0_161\classes, java.vendor=Oracle Corporation, localRepository=C:\Users\yogender\.m2\repository, file.separator=\, java.vendor.url.bug=http://bugreport.sun.com/bugreport/, sun.io.unicode.encoding=UnicodeLittle, sun.cpu.endian=little, sun.desktop=windows, sun.cpu.isalist=amd64}
22:30:04.837 [main] DEBUG org.hibernate.secure.spi.JaccIntegrator - Skipping JACC integration as it was not enabled
22:30:04.892 [main] DEBUG org.hibernate.boot.internal.ClassLoaderAccessImpl - Not known whether passed class name [com.project.backend.domain.Product] is safe
22:30:04.892 [main] DEBUG org.hibernate.boot.internal.ClassLoaderAccessImpl - No temp ClassLoader provided; using live ClassLoader for loading potentially unsafe class : com.project.backend.domain.Product
22:30:04.907 [main] DEBUG org.hibernate.boot.internal.ClassLoaderAccessImpl - Not known whether passed class name [com.project.backend.domain.Product] is safe
22:30:04.907 [main] DEBUG org.hibernate.boot.internal.ClassLoaderAccessImpl - No temp ClassLoader provided; using live ClassLoader for loading potentially unsafe class : com.project.backend.domain.Product
22:30:04.973 [main] DEBUG org.hibernate.boot.internal.ClassLoaderAccessImpl - Not known whether passed class name [com.project.backend.domain.User] is safe
22:30:04.973 [main] DEBUG org.hibernate.boot.internal.ClassLoaderAccessImpl - No temp ClassLoader provided; using live ClassLoader for loading potentially unsafe class : com.project.backend.domain.User
22:30:04.974 [main] DEBUG org.hibernate.boot.internal.ClassLoaderAccessImpl - Not known whether passed class name [com.project.backend.domain.User] is safe
22:30:04.974 [main] DEBUG org.hibernate.boot.internal.ClassLoaderAccessImpl - No temp ClassLoader provided; using live ClassLoader for loading potentially unsafe class : com.project.backend.domain.User
22:30:04.978 [main] DEBUG org.hibernate.boot.internal.ClassLoaderAccessImpl - Not known whether passed class name [com.project.backend.domain.Category] is safe
22:30:04.978 [main] DEBUG org.hibernate.boot.internal.ClassLoaderAccessImpl - No temp ClassLoader provided; using live ClassLoader for loading potentially unsafe class : com.project.backend.domain.Category
22:30:04.980 [main] DEBUG org.hibernate.boot.internal.ClassLoaderAccessImpl - Not known whether passed class name [com.project.backend.domain.Category] is safe
22:30:04.981 [main] DEBUG org.hibernate.boot.internal.ClassLoaderAccessImpl - No temp ClassLoader provided; using live ClassLoader for loading potentially unsafe class : com.project.backend.domain.Category
22:30:04.986 [main] DEBUG org.hibernate.boot.internal.ClassLoaderAccessImpl - Not known whether passed class name [com.project.backend.domain.Supplier] is safe
22:30:04.986 [main] DEBUG org.hibernate.boot.internal.ClassLoaderAccessImpl - No temp ClassLoader provided; using live ClassLoader for loading potentially unsafe class : com.project.backend.domain.Supplier
22:30:04.991 [main] DEBUG org.hibernate.boot.internal.ClassLoaderAccessImpl - Not known whether passed class name [com.project.backend.domain.Supplier] is safe
22:30:04.992 [main] DEBUG org.hibernate.boot.internal.ClassLoaderAccessImpl - No temp ClassLoader provided; using live ClassLoader for loading potentially unsafe class : com.project.backend.domain.Supplier
22:30:05.011 [main] DEBUG org.hibernate.persister.collection.AbstractCollectionPersister - Static SQL for collection: com.project.backend.domain.Category.products
22:30:05.011 [main] DEBUG org.hibernate.persister.collection.AbstractCollectionPersister -  Row insert: update Product set categoryId=? where id=?
22:30:05.011 [main] DEBUG org.hibernate.persister.collection.AbstractCollectionPersister -  Row update: update Product set  where id=?
22:30:05.011 [main] DEBUG org.hibernate.persister.collection.AbstractCollectionPersister -  Row delete: update Product set categoryId=null where categoryId=? and id=?
22:30:05.011 [main] DEBUG org.hibernate.persister.collection.AbstractCollectionPersister -  One-shot delete: update Product set categoryId=null where categoryId=?
22:30:05.011 [main] DEBUG org.hibernate.persister.collection.AbstractCollectionPersister - Static SQL for collection: com.project.backend.domain.Supplier.products
22:30:05.012 [main] DEBUG org.hibernate.persister.collection.AbstractCollectionPersister -  Row insert: update Product set supplierid=? where id=?
22:30:05.012 [main] DEBUG org.hibernate.persister.collection.AbstractCollectionPersister -  Row update: update Product set  where id=?
22:30:05.012 [main] DEBUG org.hibernate.persister.collection.AbstractCollectionPersister -  Row delete: update Product set supplierid=null where supplierid=? and id=?
22:30:05.012 [main] DEBUG org.hibernate.persister.collection.AbstractCollectionPersister -  One-shot delete: update Product set supplierid=null where supplierid=?
22:30:05.016 [main] DEBUG org.hibernate.persister.entity.AbstractEntityPersister - Static SQL for entity: com.project.backend.domain.Product
22:30:05.016 [main] DEBUG org.hibernate.persister.entity.AbstractEntityPersister -  Version select: select id from Product where id =?
22:30:05.016 [main] DEBUG org.hibernate.persister.entity.AbstractEntityPersister -  Snapshot select: select product_.id, product_.categoryId as category2_1_, product_.description as descript3_1_, product_.name as name4_1_, product_.price as price5_1_, product_.supplierId as supplier6_1_ from Product product_ where product_.id=?
22:30:05.017 [main] DEBUG org.hibernate.persister.entity.AbstractEntityPersister -  Insert 0: insert into Product (categoryId, description, name, price, supplierId, id) values (?, ?, ?, ?, ?, ?)
22:30:05.017 [main] DEBUG org.hibernate.persister.entity.AbstractEntityPersister -  Update 0: update Product set categoryId=?, description=?, name=?, price=?, supplierId=? where id=?
22:30:05.017 [main] DEBUG org.hibernate.persister.entity.AbstractEntityPersister -  Delete 0: delete from Product where id=?
22:30:05.052 [main] DEBUG org.hibernate.loader.plan.build.internal.spaces.QuerySpacesImpl - Adding QuerySpace : uid = &lt;gen:0&gt; -&gt; org.hibernate.loader.plan.build.internal.spaces.EntityQuerySpaceImpl@632aa1a3]
22:30:05.053 [main] DEBUG org.hibernate.persister.walking.spi.MetamodelGraphWalker - Visiting attribute path : category
22:30:05.060 [main] DEBUG org.hibernate.loader.plan.build.internal.spaces.QuerySpacesImpl - Adding QuerySpace : uid = &lt;gen:1&gt; -&gt; org.hibernate.loader.plan.build.internal.spaces.EntityQuerySpaceImpl@62df0ff3]
22:30:05.063 [main] DEBUG org.hibernate.persister.walking.spi.MetamodelGraphWalker - Visiting attribute path : category.description
22:30:05.063 [main] DEBUG org.hibernate.persister.walking.spi.MetamodelGraphWalker - Visiting attribute path : category.name
22:30:05.063 [main] DEBUG org.hibernate.persister.walking.spi.MetamodelGraphWalker - Visiting attribute path : category.products
22:30:05.063 [main] DEBUG org.hibernate.persister.walking.spi.MetamodelGraphWalker - Property path deemed to be circular : category.products
22:30:05.064 [main] DEBUG org.hibernate.persister.walking.spi.MetamodelGraphWalker - Visiting attribute path : categoryId
22:30:05.064 [main] DEBUG org.hibernate.persister.walking.spi.MetamodelGraphWalker - Visiting attribute path : description
22:30:05.064 [main] DEBUG org.hibernate.persister.walking.spi.MetamodelGraphWalker - Visiting attribute path : name
22:30:05.064 [main] DEBUG org.hibernate.persister.walking.spi.MetamodelGraphWalker - Visiting attribute path : price
22:30:05.064 [main] DEBUG org.hibernate.persister.walking.spi.MetamodelGraphWalker - Visiting attribute path : supplier
22:30:05.064 [main] DEBUG org.hibernate.loader.plan.build.internal.spaces.QuerySpacesImpl - Adding QuerySpace : uid = &lt;gen:2&gt; -&gt; org.hibernate.loader.plan.build.internal.spaces.EntityQuerySpaceImpl@6134ac4a]
22:30:05.064 [main] DEBUG org.hibernate.persister.walking.spi.MetamodelGraphWalker - Visiting attribute path : supplier.address
22:30:05.064 [main] DEBUG org.hibernate.persister.walking.spi.MetamodelGraphWalker - Visiting attribute path : supplier.name
22:30:05.065 [main] DEBUG org.hibernate.persister.walking.spi.MetamodelGraphWalker - Visiting attribute path : supplier.products
22:30:05.065 [main] DEBUG org.hibernate.persister.walking.spi.MetamodelGraphWalker - Property path deemed to be circular : supplier.products
22:30:05.065 [main] DEBUG org.hibernate.persister.walking.spi.MetamodelGraphWalker - Visiting attribute path : supplierId
22:30:05.065 [main] DEBUG org.hibernate.loader.plan.build.internal.FetchStyleLoadPlanBuildingAssociationVisitationStrategy - Building LoadPlan...
22:30:05.083 [main] DEBUG org.hibernate.loader.plan.exec.internal.LoadQueryJoinAndFetchProcessor - processing queryspace &lt;gen:0&gt;
22:30:05.089 [main] DEBUG org.hibernate.loader.plan.build.spi.LoadPlanTreePrinter - LoadPlan(entity=com.project.backend.domain.Product)
    - Returns
       - EntityReturnImpl(entity=com.project.backend.domain.Product, querySpaceUid=&lt;gen:0&gt;, path=com.project.backend.domain.Product)
          - EntityAttributeFetchImpl(entity=com.project.backend.domain.Category, querySpaceUid=&lt;gen:1&gt;, path=com.project.backend.domain.Product.category)
          - EntityAttributeFetchImpl(entity=com.project.backend.domain.Supplier, querySpaceUid=&lt;gen:2&gt;, path=com.project.backend.domain.Product.supplier)
    - QuerySpaces
       - EntityQuerySpaceImpl(uid=&lt;gen:0&gt;, entity=com.project.backend.domain.Product)
          - SQL table alias mapping - product0_
          - alias suffix - 0_
          - suffixed key columns - {id1_1_0_}
          - JOIN (JoinDefinedByMetadata(category)) : &lt;gen:0&gt; -&gt; &lt;gen:1&gt;
             - EntityQuerySpaceImpl(uid=&lt;gen:1&gt;, entity=com.project.backend.domain.Category)
                - SQL table alias mapping - category1_
                - alias suffix - 1_
                - suffixed key columns - {id1_0_1_}
          - JOIN (JoinDefinedByMetadata(supplier)) : &lt;gen:0&gt; -&gt; &lt;gen:2&gt;
             - EntityQuerySpaceImpl(uid=&lt;gen:2&gt;, entity=com.project.backend.domain.Supplier)
                - SQL table alias mapping - supplier2_
                - alias suffix - 2_
                - suffixed key columns - {id1_2_2_}

22:30:05.094 [main] DEBUG org.hibernate.loader.entity.plan.EntityLoader - Static select for entity com.project.backend.domain.Product [NONE]: select product0_.id as id1_1_0_, product0_.categoryId as category2_1_0_, product0_.description as descript3_1_0_, product0_.name as name4_1_0_, product0_.price as price5_1_0_, product0_.supplierid as supplier6_1_0_, category1_.id as id1_0_1_, category1_.description as descript2_0_1_, category1_.name as name3_0_1_, supplier2_.id as id1_2_2_, supplier2_.address as address2_2_2_, supplier2_.name as name3_2_2_ from Product product0_ inner join Category category1_ on product0_.categoryId=category1_.id inner join Supplier supplier2_ on product0_.supplierid=supplier2_.id where product0_.id=?
22:30:05.094 [main] DEBUG org.hibernate.loader.plan.build.internal.spaces.QuerySpacesImpl - Adding QuerySpace : uid = &lt;gen:0&gt; -&gt; org.hibernate.loader.plan.build.internal.spaces.EntityQuerySpaceImpl@37ff4054]
22:30:05.094 [main] DEBUG org.hibernate.persister.walking.spi.MetamodelGraphWalker - Visiting attribute path : category
22:30:05.095 [main] DEBUG org.hibernate.loader.plan.build.internal.spaces.QuerySpacesImpl - Adding QuerySpace : uid = &lt;gen:1&gt; -&gt; org.hibernate.loader.plan.build.internal.spaces.EntityQuerySpaceImpl@7af707e0]
22:30:05.095 [main] DEBUG org.hibernate.persister.walking.spi.MetamodelGraphWalker - Visiting attribute path : category.description
22:30:05.095 [main] DEBUG org.hibernate.persister.walking.spi.MetamodelGraphWalker - Visiting attribute path : category.name
22:30:05.095 [main] DEBUG org.hibernate.persister.walking.spi.MetamodelGraphWalker - Visiting attribute path : category.products
22:30:05.095 [main] DEBUG org.hibernate.persister.walking.spi.MetamodelGraphWalker - Property path deemed to be circular : category.products
22:30:05.095 [main] DEBUG org.hibernate.persister.walking.spi.MetamodelGraphWalker - Visiting attribute path : categoryId
22:30:05.096 [main] DEBUG org.hibernate.persister.walking.spi.MetamodelGraphWalker - Visiting attribute path : description
22:30:05.096 [main] DEBUG org.hibernate.persister.walking.spi.MetamodelGraphWalker - Visiting attribute path : name
22:30:05.096 [main] DEBUG org.hibernate.persister.walking.spi.MetamodelGraphWalker - Visiting attribute path : price
22:30:05.096 [main] DEBUG org.hibernate.persister.walking.spi.MetamodelGraphWalker - Visiting attribute path : supplier
22:30:05.096 [main] DEBUG org.hibernate.loader.plan.build.internal.spaces.QuerySpacesImpl - Adding QuerySpace : uid = &lt;gen:2&gt; -&gt; org.hibernate.loader.plan.build.internal.spaces.EntityQuerySpaceImpl@3ecedf21]
22:30:05.097 [main] DEBUG org.hibernate.persister.walking.spi.MetamodelGraphWalker - Visiting attribute path : supplier.address
22:30:05.097 [main] DEBUG org.hibernate.persister.walking.spi.MetamodelGraphWalker - Visiting attribute path : supplier.name
22:30:05.097 [main] DEBUG org.hibernate.persister.walking.spi.MetamodelGraphWalker - Visiting attribute path : supplier.products
22:30:05.097 [main] DEBUG org.hibernate.persister.walking.spi.MetamodelGraphWalker - Property path deemed to be circular : supplier.products
22:30:05.097 [main] DEBUG org.hibernate.persister.walking.spi.MetamodelGraphWalker - Visiting attribute path : supplierId
22:30:05.098 [main] DEBUG org.hibernate.loader.plan.build.internal.FetchStyleLoadPlanBuildingAssociationVisitationStrategy - Building LoadPlan...
22:30:05.099 [main] DEBUG org.hibernate.loader.plan.exec.internal.LoadQueryJoinAndFetchProcessor - processing queryspace &lt;gen:0&gt;
22:30:05.112 [main] DEBUG org.hibernate.loader.plan.build.spi.LoadPlanTreePrinter - LoadPlan(entity=com.project.backend.domain.Product)
    - Returns
       - EntityReturnImpl(entity=com.project.backend.domain.Product, querySpaceUid=&lt;gen:0&gt;, path=com.project.backend.domain.Product)
          - EntityAttributeFetchImpl(entity=com.project.backend.domain.Category, querySpaceUid=&lt;gen:1&gt;, path=com.project.backend.domain.Product.category)
          - EntityAttributeFetchImpl(entity=com.project.backend.domain.Supplier, querySpaceUid=&lt;gen:2&gt;, path=com.project.backend.domain.Product.supplier)
    - QuerySpaces
       - EntityQuerySpaceImpl(uid=&lt;gen:0&gt;, entity=com.project.backend.domain.Product)
          - SQL table alias mapping - product0_
          - alias suffix - 0_
          - suffixed key columns - {id1_1_0_}
          - JOIN (JoinDefinedByMetadata(category)) : &lt;gen:0&gt; -&gt; &lt;gen:1&gt;
             - EntityQuerySpaceImpl(uid=&lt;gen:1&gt;, entity=com.project.backend.domain.Category)
                - SQL table alias mapping - category1_
                - alias suffix - 1_
                - suffixed key columns - {id1_0_1_}
          - JOIN (JoinDefinedByMetadata(supplier)) : &lt;gen:0&gt; -&gt; &lt;gen:2&gt;
             - EntityQuerySpaceImpl(uid=&lt;gen:2&gt;, entity=com.project.backend.domain.Supplier)
                - SQL table alias mapping - supplier2_
                - alias suffix - 2_
                - suffixed key columns - {id1_2_2_}

22:30:05.112 [main] DEBUG org.hibernate.loader.entity.plan.EntityLoader - Static select for entity com.project.backend.domain.Product [READ]: select product0_.id as id1_1_0_, product0_.categoryId as category2_1_0_, product0_.description as descript3_1_0_, product0_.name as name4_1_0_, product0_.price as price5_1_0_, product0_.supplierid as supplier6_1_0_, category1_.id as id1_0_1_, category1_.description as descript2_0_1_, category1_.name as name3_0_1_, supplier2_.id as id1_2_2_, supplier2_.address as address2_2_2_, supplier2_.name as name3_2_2_ from Product product0_ inner join Category category1_ on product0_.categoryId=category1_.id inner join Supplier supplier2_ on product0_.supplierid=supplier2_.id where product0_.id=?
22:30:05.113 [main] DEBUG org.hibernate.loader.plan.build.internal.spaces.QuerySpacesImpl - Adding QuerySpace : uid = &lt;gen:0&gt; -&gt; org.hibernate.loader.plan.build.internal.spaces.EntityQuerySpaceImpl@36c54a56]
22:30:05.113 [main] DEBUG org.hibernate.persister.walking.spi.MetamodelGraphWalker - Visiting attribute path : category
22:30:05.113 [main] DEBUG org.hibernate.loader.plan.build.internal.spaces.QuerySpacesImpl - Adding QuerySpace : uid = &lt;gen:1&gt; -&gt; org.hibernate.loader.plan.build.internal.spaces.EntityQuerySpaceImpl@7ba63fe5]
22:30:05.113 [main] DEBUG org.hibernate.persister.walking.spi.MetamodelGraphWalker - Visiting attribute path : categoryId
22:30:05.114 [main] DEBUG org.hibernate.persister.walking.spi.MetamodelGraphWalker - Visiting attribute path : description
22:30:05.114 [main] DEBUG org.hibernate.persister.walking.spi.MetamodelGraphWalker - Visiting attribute path : name
22:30:05.114 [main] DEBUG org.hibernate.persister.walking.spi.MetamodelGraphWalker - Visiting attribute path : price
22:30:05.114 [main] DEBUG org.hibernate.persister.walking.spi.MetamodelGraphWalker - Visiting attribute path : supplier
22:30:05.117 [main] DEBUG org.hibernate.loader.plan.build.internal.spaces.QuerySpacesImpl - Adding QuerySpace : uid = &lt;gen:2&gt; -&gt; org.hibernate.loader.plan.build.internal.spaces.EntityQuerySpaceImpl@73386d72]
22:30:05.117 [main] DEBUG org.hibernate.persister.walking.spi.MetamodelGraphWalker - Visiting attribute path : supplierId
22:30:05.118 [main] DEBUG org.hibernate.loader.plan.build.internal.FetchStyleLoadPlanBuildingAssociationVisitationStrategy - Building LoadPlan...
22:30:05.122 [main] DEBUG org.hibernate.loader.plan.exec.internal.LoadQueryJoinAndFetchProcessor - processing queryspace &lt;gen:0&gt;
22:30:05.123 [main] DEBUG org.hibernate.loader.plan.build.spi.LoadPlanTreePrinter - LoadPlan(entity=com.project.backend.domain.Product)
    - Returns
       - EntityReturnImpl(entity=com.project.backend.domain.Product, querySpaceUid=&lt;gen:0&gt;, path=com.project.backend.domain.Product)
          - EntityAttributeFetchImpl(entity=com.project.backend.domain.Category, querySpaceUid=&lt;gen:1&gt;, path=com.project.backend.domain.Product.category)
          - EntityAttributeFetchImpl(entity=com.project.backend.domain.Supplier, querySpaceUid=&lt;gen:2&gt;, path=com.project.backend.domain.Product.supplier)
    - QuerySpaces
       - EntityQuerySpaceImpl(uid=&lt;gen:0&gt;, entity=com.project.backend.domain.Product)
          - SQL table alias mapping - product0_
          - alias suffix - 0_
          - suffixed key columns - {id1_1_0_}

22:30:05.123 [main] DEBUG org.hibernate.loader.entity.plan.EntityLoader - Static select for entity com.project.backend.domain.Product [UPGRADE]: select product0_.id as id1_1_0_, product0_.categoryId as category2_1_0_, product0_.description as descript3_1_0_, product0_.name as name4_1_0_, product0_.price as price5_1_0_, product0_.supplierid as supplier6_1_0_ from Product product0_ where product0_.id=? for update
22:30:05.123 [main] DEBUG org.hibernate.loader.plan.build.internal.spaces.QuerySpacesImpl - Adding QuerySpace : uid = &lt;gen:0&gt; -&gt; org.hibernate.loader.plan.build.internal.spaces.EntityQuerySpaceImpl@6f330eb9]
22:30:05.124 [main] DEBUG org.hibernate.persister.walking.spi.MetamodelGraphWalker - Visiting attribute path : category
22:30:05.124 [main] DEBUG org.hibernate.loader.plan.build.internal.spaces.QuerySpacesImpl - Adding QuerySpace : uid = &lt;gen:1&gt; -&gt; org.hibernate.loader.plan.build.internal.spaces.EntityQuerySpaceImpl@584f5497]
22:30:05.124 [main] DEBUG org.hibernate.persister.walking.spi.MetamodelGraphWalker - Visiting attribute path : categoryId
22:30:05.125 [main] DEBUG org.hibernate.persister.walking.spi.MetamodelGraphWalker - Visiting attribute path : description
22:30:05.126 [main] DEBUG org.hibernate.persister.walking.spi.MetamodelGraphWalker - Visiting attribute path : name
22:30:05.126 [main] DEBUG org.hibernate.persister.walking.spi.MetamodelGraphWalker - Visiting attribute path : price
22:30:05.126 [main] DEBUG org.hibernate.persister.walking.spi.MetamodelGraphWalker - Visiting attribute path : supplier
22:30:05.126 [main] DEBUG org.hibernate.loader.plan.build.internal.spaces.QuerySpacesImpl - Adding QuerySpace : uid = &lt;gen:2&gt; -&gt; org.hibernate.loader.plan.build.internal.spaces.EntityQuerySpaceImpl@68ace111]
22:30:05.126 [main] DEBUG org.hibernate.persister.walking.spi.MetamodelGraphWalker - Visiting attribute path : supplierId
22:30:05.127 [main] DEBUG org.hibernate.loader.plan.build.internal.FetchStyleLoadPlanBuildingAssociationVisitationStrategy - Building LoadPlan...
22:30:05.127 [main] DEBUG org.hibernate.loader.plan.exec.internal.LoadQueryJoinAndFetchProcessor - processing queryspace &lt;gen:0&gt;
22:30:05.128 [main] DEBUG org.hibernate.loader.plan.build.spi.LoadPlanTreePrinter - LoadPlan(entity=com.project.backend.domain.Product)
    - Returns
       - EntityReturnImpl(entity=com.project.backend.domain.Product, querySpaceUid=&lt;gen:0&gt;, path=com.project.backend.domain.Product)
          - EntityAttributeFetchImpl(entity=com.project.backend.domain.Category, querySpaceUid=&lt;gen:1&gt;, path=com.project.backend.domain.Product.category)
          - EntityAttributeFetchImpl(entity=com.project.backend.domain.Supplier, querySpaceUid=&lt;gen:2&gt;, path=com.project.backend.domain.Product.supplier)
    - QuerySpaces
       - EntityQuerySpaceImpl(uid=&lt;gen:0&gt;, entity=com.project.backend.domain.Product)
          - SQL table alias mapping - product0_
          - alias suffix - 0_
          - suffixed key columns - {id1_1_0_}

22:30:05.128 [main] DEBUG org.hibernate.loader.entity.plan.EntityLoader - Static select for entity com.project.backend.domain.Product [UPGRADE_NOWAIT]: select product0_.id as id1_1_0_, product0_.categoryId as category2_1_0_, product0_.description as descript3_1_0_, product0_.name as name4_1_0_, product0_.price as price5_1_0_, product0_.supplierid as supplier6_1_0_ from Product product0_ where product0_.id=? for update
22:30:05.128 [main] DEBUG org.hibernate.loader.plan.build.internal.spaces.QuerySpacesImpl - Adding QuerySpace : uid = &lt;gen:0&gt; -&gt; org.hibernate.loader.plan.build.internal.spaces.EntityQuerySpaceImpl@1f9d6c7b]
22:30:05.130 [main] DEBUG org.hibernate.persister.walking.spi.MetamodelGraphWalker - Visiting attribute path : category
22:30:05.130 [main] DEBUG org.hibernate.loader.plan.build.internal.spaces.QuerySpacesImpl - Adding QuerySpace : uid = &lt;gen:1&gt; -&gt; org.hibernate.loader.plan.build.internal.spaces.EntityQuerySpaceImpl@4fbb001b]
22:30:05.130 [main] DEBUG org.hibernate.persister.walking.spi.MetamodelGraphWalker - Visiting attribute path : categoryId
22:30:05.130 [main] DEBUG org.hibernate.persister.walking.spi.MetamodelGraphWalker - Visiting attribute path : description
22:30:05.130 [main] DEBUG org.hibernate.persister.walking.spi.MetamodelGraphWalker - Visiting attribute path : name
22:30:05.130 [main] DEBUG org.hibernate.persister.walking.spi.MetamodelGraphWalker - Visiting attribute path : price
22:30:05.130 [main] DEBUG org.hibernate.persister.walking.spi.MetamodelGraphWalker - Visiting attribute path : supplier
22:30:05.131 [main] DEBUG org.hibernate.loader.plan.build.internal.spaces.QuerySpacesImpl - Adding QuerySpace : uid = &lt;gen:2&gt; -&gt; org.hibernate.loader.plan.build.internal.spaces.EntityQuerySpaceImpl@4010d494]
22:30:05.131 [main] DEBUG org.hibernate.persister.walking.spi.MetamodelGraphWalker - Visiting attribute path : supplierId
22:30:05.131 [main] DEBUG org.hibernate.loader.plan.build.internal.FetchStyleLoadPlanBuildingAssociationVisitationStrategy - Building LoadPlan...
22:30:05.131 [main] DEBUG org.hibernate.loader.plan.exec.internal.LoadQueryJoinAndFetchProcessor - processing queryspace &lt;gen:0&gt;
22:30:05.132 [main] DEBUG org.hibernate.loader.plan.build.spi.LoadPlanTreePrinter - LoadPlan(entity=com.project.backend.domain.Product)
    - Returns
       - EntityReturnImpl(entity=com.project.backend.domain.Product, querySpaceUid=&lt;gen:0&gt;, path=com.project.backend.domain.Product)
          - EntityAttributeFetchImpl(entity=com.project.backend.domain.Category, querySpaceUid=&lt;gen:1&gt;, path=com.project.backend.domain.Product.category)
          - EntityAttributeFetchImpl(entity=com.project.backend.domain.Supplier, querySpaceUid=&lt;gen:2&gt;, path=com.project.backend.domain.Product.supplier)
    - QuerySpaces
       - EntityQuerySpaceImpl(uid=&lt;gen:0&gt;, entity=com.project.backend.domain.Product)
          - SQL table alias mapping - product0_
          - alias suffix - 0_
          - suffixed key columns - {id1_1_0_}

22:30:05.132 [main] DEBUG org.hibernate.loader.entity.plan.EntityLoader - Static select for entity com.project.backend.domain.Product [UPGRADE_SKIPLOCKED]: select product0_.id as id1_1_0_, product0_.categoryId as category2_1_0_, product0_.description as descript3_1_0_, product0_.name as name4_1_0_, product0_.price as price5_1_0_, product0_.supplierid as supplier6_1_0_ from Product product0_ where product0_.id=? for update
22:30:05.132 [main] DEBUG org.hibernate.loader.plan.build.internal.spaces.QuerySpacesImpl - Adding QuerySpace : uid = &lt;gen:0&gt; -&gt; org.hibernate.loader.plan.build.internal.spaces.EntityQuerySpaceImpl@341a8659]
22:30:05.133 [main] DEBUG org.hibernate.persister.walking.spi.MetamodelGraphWalker - Visiting attribute path : category
22:30:05.133 [main] DEBUG org.hibernate.loader.plan.build.internal.spaces.QuerySpacesImpl - Adding QuerySpace : uid = &lt;gen:1&gt; -&gt; org.hibernate.loader.plan.build.internal.spaces.EntityQuerySpaceImpl@5eefa415]
22:30:05.133 [main] DEBUG org.hibernate.persister.walking.spi.MetamodelGraphWalker - Visiting attribute path : categoryId
22:30:05.133 [main] DEBUG org.hibernate.persister.walking.spi.MetamodelGraphWalker - Visiting attribute path : description
22:30:05.133 [main] DEBUG org.hibernate.persister.walking.spi.MetamodelGraphWalker - Visiting attribute path : name
22:30:05.133 [main] DEBUG org.hibernate.persister.walking.spi.MetamodelGraphWalker - Visiting attribute path : price
22:30:05.134 [main] DEBUG org.hibernate.persister.walking.spi.MetamodelGraphWalker - Visiting attribute path : supplier
22:30:05.134 [main] DEBUG org.hibernate.loader.plan.build.internal.spaces.QuerySpacesImpl - Adding QuerySpace : uid = &lt;gen:2&gt; -&gt; org.hibernate.loader.plan.build.internal.spaces.EntityQuerySpaceImpl@181d7f28]
22:30:05.134 [main] DEBUG org.hibernate.persister.walking.spi.MetamodelGraphWalker - Visiting attribute path : supplierId
22:30:05.135 [main] DEBUG org.hibernate.loader.plan.build.internal.FetchStyleLoadPlanBuildingAssociationVisitationStrategy - Building LoadPlan...
22:30:05.135 [main] DEBUG org.hibernate.loader.plan.exec.internal.LoadQueryJoinAndFetchProcessor - processing queryspace &lt;gen:0&gt;
22:30:05.135 [main] DEBUG org.hibernate.loader.plan.build.spi.LoadPlanTreePrinter - LoadPlan(entity=com.project.backend.domain.Product)
    - Returns
       - EntityReturnImpl(entity=com.project.backend.domain.Product, querySpaceUid=&lt;gen:0&gt;, path=com.project.backend.domain.Product)
          - EntityAttributeFetchImpl(entity=com.project.backend.domain.Category, querySpaceUid=&lt;gen:1&gt;, path=com.project.backend.domain.Product.category)
          - EntityAttributeFetchImpl(entity=com.project.backend.domain.Supplier, querySpaceUid=&lt;gen:2&gt;, path=com.project.backend.domain.Product.supplier)
    - QuerySpaces
       - EntityQuerySpaceImpl(uid=&lt;gen:0&gt;, entity=com.project.backend.domain.Product)
          - SQL table alias mapping - product0_
          - alias suffix - 0_
          - suffixed key columns - {id1_1_0_}

22:30:05.135 [main] DEBUG org.hibernate.loader.entity.plan.EntityLoader - Static select for entity com.project.backend.domain.Product [FORCE]: select product0_.id as id1_1_0_, product0_.categoryId as category2_1_0_, product0_.description as descript3_1_0_, product0_.name as name4_1_0_, product0_.price as price5_1_0_, product0_.supplierid as supplier6_1_0_ from Product product0_ where product0_.id=? for update
22:30:05.136 [main] DEBUG org.hibernate.loader.plan.build.internal.spaces.QuerySpacesImpl - Adding QuerySpace : uid = &lt;gen:0&gt; -&gt; org.hibernate.loader.plan.build.internal.spaces.EntityQuerySpaceImpl@78d50a3c]
22:30:05.136 [main] DEBUG org.hibernate.persister.walking.spi.MetamodelGraphWalker - Visiting attribute path : category
22:30:05.136 [main] DEBUG org.hibernate.loader.plan.build.internal.spaces.QuerySpacesImpl - Adding QuerySpace : uid = &lt;gen:1&gt; -&gt; org.hibernate.loader.plan.build.internal.spaces.EntityQuerySpaceImpl@cda4919]
22:30:05.136 [main] DEBUG org.hibernate.persister.walking.spi.MetamodelGraphWalker - Visiting attribute path : categoryId
22:30:05.136 [main] DEBUG org.hibernate.persister.walking.spi.MetamodelGraphWalker - Visiting attribute path : description
22:30:05.136 [main] DEBUG org.hibernate.persister.walking.spi.MetamodelGraphWalker - Visiting attribute path : name
22:30:05.136 [main] DEBUG org.hibernate.persister.walking.spi.MetamodelGraphWalker - Visiting attribute path : price
22:30:05.136 [main] DEBUG org.hibernate.persister.walking.spi.MetamodelGraphWalker - Visiting attribute path : supplier
22:30:05.136 [main] DEBUG org.hibernate.loader.plan.build.internal.spaces.QuerySpacesImpl - Adding QuerySpace : uid = &lt;gen:2&gt; -&gt; org.hibernate.loader.plan.build.internal.spaces.EntityQuerySpaceImpl@7f4d9395]
22:30:05.137 [main] DEBUG org.hibernate.persister.walking.spi.MetamodelGraphWalker - Visiting attribute path : supplierId
22:30:05.137 [main] DEBUG org.hibernate.loader.plan.build.internal.FetchStyleLoadPlanBuildingAssociationVisitationStrategy - Building LoadPlan...
22:30:05.137 [main] DEBUG org.hibernate.loader.plan.exec.internal.LoadQueryJoinAndFetchProcessor - processing queryspace &lt;gen:0&gt;
22:30:05.138 [main] DEBUG org.hibernate.loader.plan.build.spi.LoadPlanTreePrinter - LoadPlan(entity=com.project.backend.domain.Product)
    - Returns
       - EntityReturnImpl(entity=com.project.backend.domain.Product, querySpaceUid=&lt;gen:0&gt;, path=com.project.backend.domain.Product)
          - EntityAttributeFetchImpl(entity=com.project.backend.domain.Category, querySpaceUid=&lt;gen:1&gt;, path=com.project.backend.domain.Product.category)
          - EntityAttributeFetchImpl(entity=com.project.backend.domain.Supplier, querySpaceUid=&lt;gen:2&gt;, path=com.project.backend.domain.Product.supplier)
    - QuerySpaces
       - EntityQuerySpaceImpl(uid=&lt;gen:0&gt;, entity=com.project.backend.domain.Product)
          - SQL table alias mapping - product0_
          - alias suffix - 0_
          - suffixed key columns - {id1_1_0_}

22:30:05.138 [main] DEBUG org.hibernate.loader.entity.plan.EntityLoader - Static select for entity com.project.backend.domain.Product [PESSIMISTIC_READ]: select product0_.id as id1_1_0_, product0_.categoryId as category2_1_0_, product0_.description as descript3_1_0_, product0_.name as name4_1_0_, product0_.price as price5_1_0_, product0_.supplierid as supplier6_1_0_ from Product product0_ where product0_.id=? for update
22:30:05.139 [main] DEBUG org.hibernate.loader.plan.build.internal.spaces.QuerySpacesImpl - Adding QuerySpace : uid = &lt;gen:0&gt; -&gt; org.hibernate.loader.plan.build.internal.spaces.EntityQuerySpaceImpl@2f19f2aa]
22:30:05.139 [main] DEBUG org.hibernate.persister.walking.spi.MetamodelGraphWalker - Visiting attribute path : category
22:30:05.139 [main] DEBUG org.hibernate.loader.plan.build.internal.spaces.QuerySpacesImpl - Adding QuerySpace : uid = &lt;gen:1&gt; -&gt; org.hibernate.loader.plan.build.internal.spaces.EntityQuerySpaceImpl@6a078481]
22:30:05.139 [main] DEBUG org.hibernate.persister.walking.spi.MetamodelGraphWalker - Visiting attribute path : categoryId
22:30:05.140 [main] DEBUG org.hibernate.persister.walking.spi.MetamodelGraphWalker - Visiting attribute path : description
22:30:05.140 [main] DEBUG org.hibernate.persister.walking.spi.MetamodelGraphWalker - Visiting attribute path : name
22:30:05.140 [main] DEBUG org.hibernate.persister.walking.spi.MetamodelGraphWalker - Visiting attribute path : price
22:30:05.140 [main] DEBUG org.hibernate.persister.walking.spi.MetamodelGraphWalker - Visiting attribute path : supplier
22:30:05.140 [main] DEBUG org.hibernate.loader.plan.build.internal.spaces.QuerySpacesImpl - Adding QuerySpace : uid = &lt;gen:2&gt; -&gt; org.hibernate.loader.plan.build.internal.spaces.EntityQuerySpaceImpl@79c5636f]
22:30:05.140 [main] DEBUG org.hibernate.persister.walking.spi.MetamodelGraphWalker - Visiting attribute path : supplierId
22:30:05.140 [main] DEBUG org.hibernate.loader.plan.build.internal.FetchStyleLoadPlanBuildingAssociationVisitationStrategy - Building LoadPlan...
22:30:05.141 [main] DEBUG org.hibernate.loader.plan.exec.internal.LoadQueryJoinAndFetchProcessor - processing queryspace &lt;gen:0&gt;
22:30:05.141 [main] DEBUG org.hibernate.loader.plan.build.spi.LoadPlanTreePrinter - LoadPlan(entity=com.project.backend.domain.Product)
    - Returns
       - EntityReturnImpl(entity=com.project.backend.domain.Product, querySpaceUid=&lt;gen:0&gt;, path=com.project.backend.domain.Product)
          - EntityAttributeFetchImpl(entity=com.project.backend.domain.Category, querySpaceUid=&lt;gen:1&gt;, path=com.project.backend.domain.Product.category)
          - EntityAttributeFetchImpl(entity=com.project.backend.domain.Supplier, querySpaceUid=&lt;gen:2&gt;, path=com.project.backend.domain.Product.supplier)
    - QuerySpaces
       - EntityQuerySpaceImpl(uid=&lt;gen:0&gt;, entity=com.project.backend.domain.Product)
          - SQL table alias mapping - product0_
          - alias suffix - 0_
          - suffixed key columns - {id1_1_0_}

22:30:05.141 [main] DEBUG org.hibernate.loader.entity.plan.EntityLoader - Static select for entity com.project.backend.domain.Product [PESSIMISTIC_WRITE]: select product0_.id as id1_1_0_, product0_.categoryId as category2_1_0_, product0_.description as descript3_1_0_, product0_.name as name4_1_0_, product0_.price as price5_1_0_, product0_.supplierid as supplier6_1_0_ from Product product0_ where product0_.id=? for update
22:30:05.142 [main] DEBUG org.hibernate.loader.plan.build.internal.spaces.QuerySpacesImpl - Adding QuerySpace : uid = &lt;gen:0&gt; -&gt; org.hibernate.loader.plan.build.internal.spaces.EntityQuerySpaceImpl@1929425f]
22:30:05.142 [main] DEBUG org.hibernate.persister.walking.spi.MetamodelGraphWalker - Visiting attribute path : category
22:30:05.142 [main] DEBUG org.hibernate.loader.plan.build.internal.spaces.QuerySpacesImpl - Adding QuerySpace : uid = &lt;gen:1&gt; -&gt; org.hibernate.loader.plan.build.internal.spaces.EntityQuerySpaceImpl@27f3b6d6]
22:30:05.142 [main] DEBUG org.hibernate.persister.walking.spi.MetamodelGraphWalker - Visiting attribute path : categoryId
22:30:05.142 [main] DEBUG org.hibernate.persister.walking.spi.MetamodelGraphWalker - Visiting attribute path : description
22:30:05.142 [main] DEBUG org.hibernate.persister.walking.spi.MetamodelGraphWalker - Visiting attribute path : name
22:30:05.142 [main] DEBUG org.hibernate.persister.walking.spi.MetamodelGraphWalker - Visiting attribute path : price
22:30:05.142 [main] DEBUG org.hibernate.persister.walking.spi.MetamodelGraphWalker - Visiting attribute path : supplier
22:30:05.142 [main] DEBUG org.hibernate.loader.plan.build.internal.spaces.QuerySpacesImpl - Adding QuerySpace : uid = &lt;gen:2&gt; -&gt; org.hibernate.loader.plan.build.internal.spaces.EntityQuerySpaceImpl@757f675c]
22:30:05.142 [main] DEBUG org.hibernate.persister.walking.spi.MetamodelGraphWalker - Visiting attribute path : supplierId
22:30:05.143 [main] DEBUG org.hibernate.loader.plan.build.internal.FetchStyleLoadPlanBuildingAssociationVisitationStrategy - Building LoadPlan...
22:30:05.143 [main] DEBUG org.hibernate.loader.plan.exec.internal.LoadQueryJoinAndFetchProcessor - processing queryspace &lt;gen:0&gt;
22:30:05.143 [main] DEBUG org.hibernate.loader.plan.build.spi.LoadPlanTreePrinter - LoadPlan(entity=com.project.backend.domain.Product)
    - Returns
       - EntityReturnImpl(entity=com.project.backend.domain.Product, querySpaceUid=&lt;gen:0&gt;, path=com.project.backend.domain.Product)
          - EntityAttributeFetchImpl(entity=com.project.backend.domain.Category, querySpaceUid=&lt;gen:1&gt;, path=com.project.backend.domain.Product.category)
          - EntityAttributeFetchImpl(entity=com.project.backend.domain.Supplier, querySpaceUid=&lt;gen:2&gt;, path=com.project.backend.domain.Product.supplier)
    - QuerySpaces
       - EntityQuerySpaceImpl(uid=&lt;gen:0&gt;, entity=com.project.backend.domain.Product)
          - SQL table alias mapping - product0_
          - alias suffix - 0_
          - suffixed key columns - {id1_1_0_}

22:30:05.143 [main] DEBUG org.hibernate.loader.entity.plan.EntityLoader - Static select for entity com.project.backend.domain.Product [PESSIMISTIC_FORCE_INCREMENT]: select product0_.id as id1_1_0_, product0_.categoryId as category2_1_0_, product0_.description as descript3_1_0_, product0_.name as name4_1_0_, product0_.price as price5_1_0_, product0_.supplierid as supplier6_1_0_ from Product product0_ where product0_.id=? for update
22:30:05.143 [main] DEBUG org.hibernate.loader.plan.build.internal.spaces.QuerySpacesImpl - Adding QuerySpace : uid = &lt;gen:0&gt; -&gt; org.hibernate.loader.plan.build.internal.spaces.EntityQuerySpaceImpl@2617f816]
22:30:05.144 [main] DEBUG org.hibernate.persister.walking.spi.MetamodelGraphWalker - Visiting attribute path : category
22:30:05.144 [main] DEBUG org.hibernate.loader.plan.build.internal.spaces.QuerySpacesImpl - Adding QuerySpace : uid = &lt;gen:1&gt; -&gt; org.hibernate.loader.plan.build.internal.spaces.EntityQuerySpaceImpl@5d10455d]
22:30:05.144 [main] DEBUG org.hibernate.persister.walking.spi.MetamodelGraphWalker - Visiting attribute path : categoryId
22:30:05.144 [main] DEBUG org.hibernate.persister.walking.spi.MetamodelGraphWalker - Visiting attribute path : description
22:30:05.144 [main] DEBUG org.hibernate.persister.walking.spi.MetamodelGraphWalker - Visiting attribute path : name
22:30:05.144 [main] DEBUG org.hibernate.persister.walking.spi.MetamodelGraphWalker - Visiting attribute path : price
22:30:05.144 [main] DEBUG org.hibernate.persister.walking.spi.MetamodelGraphWalker - Visiting attribute path : supplier
22:30:05.144 [main] DEBUG org.hibernate.loader.plan.build.internal.spaces.QuerySpacesImpl - Adding QuerySpace : uid = &lt;gen:2&gt; -&gt; org.hibernate.loader.plan.build.internal.spaces.EntityQuerySpaceImpl@535b8c24]
22:30:05.144 [main] DEBUG org.hibernate.persister.walking.spi.MetamodelGraphWalker - Visiting attribute path : supplierId
22:30:05.144 [main] DEBUG org.hibernate.loader.plan.build.internal.FetchStyleLoadPlanBuildingAssociationVisitationStrategy - Building LoadPlan...
22:30:05.145 [main] DEBUG org.hibernate.loader.plan.exec.internal.LoadQueryJoinAndFetchProcessor - processing queryspace &lt;gen:0&gt;
22:30:05.145 [main] DEBUG org.hibernate.loader.plan.build.spi.LoadPlanTreePrinter - LoadPlan(entity=com.project.backend.domain.Product)
    - Returns
       - EntityReturnImpl(entity=com.project.backend.domain.Product, querySpaceUid=&lt;gen:0&gt;, path=com.project.backend.domain.Product)
          - EntityAttributeFetchImpl(entity=com.project.backend.domain.Category, querySpaceUid=&lt;gen:1&gt;, path=com.project.backend.domain.Product.category)
          - EntityAttributeFetchImpl(entity=com.project.backend.domain.Supplier, querySpaceUid=&lt;gen:2&gt;, path=com.project.backend.domain.Product.supplier)
    - QuerySpaces
       - EntityQuerySpaceImpl(uid=&lt;gen:0&gt;, entity=com.project.backend.domain.Product)
          - SQL table alias mapping - product0_
          - alias suffix - 0_
          - suffixed key columns - {id1_1_0_}

22:30:05.145 [main] DEBUG org.hibernate.loader.entity.plan.EntityLoader - Static select for entity com.project.backend.domain.Product [OPTIMISTIC]: select product0_.id as id1_1_0_, product0_.categoryId as category2_1_0_, product0_.description as descript3_1_0_, product0_.name as name4_1_0_, product0_.price as price5_1_0_, product0_.supplierid as supplier6_1_0_ from Product product0_ where product0_.id=?
22:30:05.145 [main] DEBUG org.hibernate.loader.plan.build.internal.spaces.QuerySpacesImpl - Adding QuerySpace : uid = &lt;gen:0&gt; -&gt; org.hibernate.loader.plan.build.internal.spaces.EntityQuerySpaceImpl@4a951911]
22:30:05.146 [main] DEBUG org.hibernate.persister.walking.spi.MetamodelGraphWalker - Visiting attribute path : category
22:30:05.146 [main] DEBUG org.hibernate.loader.plan.build.internal.spaces.QuerySpacesImpl - Adding QuerySpace : uid = &lt;gen:1&gt; -&gt; org.hibernate.loader.plan.build.internal.spaces.EntityQuerySpaceImpl@a53bb6f]
22:30:05.146 [main] DEBUG org.hibernate.persister.walking.spi.MetamodelGraphWalker - Visiting attribute path : categoryId
22:30:05.146 [main] DEBUG org.hibernate.persister.walking.spi.MetamodelGraphWalker - Visiting attribute path : description
22:30:05.146 [main] DEBUG org.hibernate.persister.walking.spi.MetamodelGraphWalker - Visiting attribute path : name
22:30:05.146 [main] DEBUG org.hibernate.persister.walking.spi.MetamodelGraphWalker - Visiting attribute path : price
22:30:05.147 [main] DEBUG org.hibernate.persister.walking.spi.MetamodelGraphWalker - Visiting attribute path : supplier
22:30:05.147 [main] DEBUG org.hibernate.loader.plan.build.internal.spaces.QuerySpacesImpl - Adding QuerySpace : uid = &lt;gen:2&gt; -&gt; org.hibernate.loader.plan.build.internal.spaces.EntityQuerySpaceImpl@5e63cad]
22:30:05.147 [main] DEBUG org.hibernate.persister.walking.spi.MetamodelGraphWalker - Visiting attribute path : supplierId
22:30:05.147 [main] DEBUG org.hibernate.loader.plan.build.internal.FetchStyleLoadPlanBuildingAssociationVisitationStrategy - Building LoadPlan...
22:30:05.147 [main] DEBUG org.hibernate.loader.plan.exec.internal.LoadQueryJoinAndFetchProcessor - processing queryspace &lt;gen:0&gt;
22:30:05.148 [main] DEBUG org.hibernate.loader.plan.build.spi.LoadPlanTreePrinter - LoadPlan(entity=com.project.backend.domain.Product)
    - Returns
       - EntityReturnImpl(entity=com.project.backend.domain.Product, querySpaceUid=&lt;gen:0&gt;, path=com.project.backend.domain.Product)
          - EntityAttributeFetchImpl(entity=com.project.backend.domain.Category, querySpaceUid=&lt;gen:1&gt;, path=com.project.backend.domain.Product.category)
          - EntityAttributeFetchImpl(entity=com.project.backend.domain.Supplier, querySpaceUid=&lt;gen:2&gt;, path=com.project.backend.domain.Product.supplier)
    - QuerySpaces
       - EntityQuerySpaceImpl(uid=&lt;gen:0&gt;, entity=com.project.backend.domain.Product)
          - SQL table alias mapping - product0_
          - alias suffix - 0_
          - suffixed key columns - {id1_1_0_}

22:30:05.148 [main] DEBUG org.hibernate.loader.entity.plan.EntityLoader - Static select for entity com.project.backend.domain.Product [OPTIMISTIC_FORCE_INCREMENT]: select product0_.id as id1_1_0_, product0_.categoryId as category2_1_0_, product0_.description as descript3_1_0_, product0_.name as name4_1_0_, product0_.price as price5_1_0_, product0_.supplierid as supplier6_1_0_ from Product product0_ where product0_.id=?
22:30:05.167 [main] DEBUG org.hibernate.loader.Loader - Static select for action ACTION_MERGE on entity com.project.backend.domain.Product: select product0_.id as id1_1_0_, product0_.categoryId as category2_1_0_, product0_.description as descript3_1_0_, product0_.name as name4_1_0_, product0_.price as price5_1_0_, product0_.supplierid as supplier6_1_0_ from Product product0_ where product0_.id=?
22:30:05.167 [main] DEBUG org.hibernate.loader.Loader - Static select for action ACTION_REFRESH on entity com.project.backend.domain.Product: select product0_.id as id1_1_0_, product0_.categoryId as category2_1_0_, product0_.description as descript3_1_0_, product0_.name as name4_1_0_, product0_.price as price5_1_0_, product0_.supplierid as supplier6_1_0_ from Product product0_ where product0_.id=?
22:30:05.168 [main] DEBUG org.hibernate.persister.entity.AbstractEntityPersister - Static SQL for entity: com.project.backend.domain.User
22:30:05.168 [main] DEBUG org.hibernate.persister.entity.AbstractEntityPersister -  Version select: select emailID from user where emailID =?
22:30:05.168 [main] DEBUG org.hibernate.persister.entity.AbstractEntityPersister -  Snapshot select: select user_.emailID, user_.mobile as mobile2_3_, user_.name as name3_3_, user_.password as password4_3_, user_.registeredDate as register5_3_, user_.role as role6_3_ from user user_ where user_.emailID=?
22:30:05.168 [main] DEBUG org.hibernate.persister.entity.AbstractEntityPersister -  Insert 0: insert into user (mobile, name, password, registeredDate, role, emailID) values (?, ?, ?, ?, ?, ?)
22:30:05.168 [main] DEBUG org.hibernate.persister.entity.AbstractEntityPersister -  Update 0: update user set mobile=?, name=?, password=?, registeredDate=?, role=? where emailID=?
22:30:05.168 [main] DEBUG org.hibernate.persister.entity.AbstractEntityPersister -  Delete 0: delete from user where emailID=?
22:30:05.168 [main] DEBUG org.hibernate.loader.plan.build.internal.spaces.QuerySpacesImpl - Adding QuerySpace : uid = &lt;gen:0&gt; -&gt; org.hibernate.loader.plan.build.internal.spaces.EntityQuerySpaceImpl@4aa3d36]
22:30:05.168 [main] DEBUG org.hibernate.persister.walking.spi.MetamodelGraphWalker - Visiting attribute path : mobile
22:30:05.168 [main] DEBUG org.hibernate.persister.walking.spi.MetamodelGraphWalker - Visiting attribute path : name
22:30:05.169 [main] DEBUG org.hibernate.persister.walking.spi.MetamodelGraphWalker - Visiting attribute path : password
22:30:05.169 [main] DEBUG org.hibernate.persister.walking.spi.MetamodelGraphWalker - Visiting attribute path : registeredDate
22:30:05.169 [main] DEBUG org.hibernate.persister.walking.spi.MetamodelGraphWalker - Visiting attribute path : role
22:30:05.169 [main] DEBUG org.hibernate.loader.plan.build.internal.FetchStyleLoadPlanBuildingAssociationVisitationStrategy - Building LoadPlan...
22:30:05.170 [main] DEBUG org.hibernate.loader.plan.exec.internal.LoadQueryJoinAndFetchProcessor - processing queryspace &lt;gen:0&gt;
22:30:05.170 [main] DEBUG org.hibernate.loader.plan.build.spi.LoadPlanTreePrinter - LoadPlan(entity=com.project.backend.domain.User)
    - Returns
       - EntityReturnImpl(entity=com.project.backend.domain.User, querySpaceUid=&lt;gen:0&gt;, path=com.project.backend.domain.User)
    - QuerySpaces
       - EntityQuerySpaceImpl(uid=&lt;gen:0&gt;, entity=com.project.backend.domain.User)
          - SQL table alias mapping - user0_
          - alias suffix - 0_
          - suffixed key columns - {emailID1_3_0_}

22:30:05.170 [main] DEBUG org.hibernate.loader.entity.plan.EntityLoader - Static select for entity com.project.backend.domain.User [NONE]: select user0_.emailID as emailID1_3_0_, user0_.mobile as mobile2_3_0_, user0_.name as name3_3_0_, user0_.password as password4_3_0_, user0_.registeredDate as register5_3_0_, user0_.role as role6_3_0_ from user user0_ where user0_.emailID=?
22:30:05.171 [main] DEBUG org.hibernate.loader.plan.build.internal.spaces.QuerySpacesImpl - Adding QuerySpace : uid = &lt;gen:0&gt; -&gt; org.hibernate.loader.plan.build.internal.spaces.EntityQuerySpaceImpl@347bdeef]
22:30:05.171 [main] DEBUG org.hibernate.persister.walking.spi.MetamodelGraphWalker - Visiting attribute path : mobile
22:30:05.171 [main] DEBUG org.hibernate.persister.walking.spi.MetamodelGraphWalker - Visiting attribute path : name
22:30:05.171 [main] DEBUG org.hibernate.persister.walking.spi.MetamodelGraphWalker - Visiting attribute path : password
22:30:05.171 [main] DEBUG org.hibernate.persister.walking.spi.MetamodelGraphWalker - Visiting attribute path : registeredDate
22:30:05.172 [main] DEBUG org.hibernate.persister.walking.spi.MetamodelGraphWalker - Visiting attribute path : role
22:30:05.172 [main] DEBUG org.hibernate.loader.plan.build.internal.FetchStyleLoadPlanBuildingAssociationVisitationStrategy - Building LoadPlan...
22:30:05.172 [main] DEBUG org.hibernate.loader.plan.exec.internal.LoadQueryJoinAndFetchProcessor - processing queryspace &lt;gen:0&gt;
22:30:05.172 [main] DEBUG org.hibernate.loader.plan.build.spi.LoadPlanTreePrinter - LoadPlan(entity=com.project.backend.domain.User)
    - Returns
       - EntityReturnImpl(entity=com.project.backend.domain.User, querySpaceUid=&lt;gen:0&gt;, path=com.project.backend.domain.User)
    - QuerySpaces
       - EntityQuerySpaceImpl(uid=&lt;gen:0&gt;, entity=com.project.backend.domain.User)
          - SQL table alias mapping - user0_
          - alias suffix - 0_
          - suffixed key columns - {emailID1_3_0_}

22:30:05.173 [main] DEBUG org.hibernate.loader.entity.plan.EntityLoader - Static select for entity com.project.backend.domain.User [READ]: select user0_.emailID as emailID1_3_0_, user0_.mobile as mobile2_3_0_, user0_.name as name3_3_0_, user0_.password as password4_3_0_, user0_.registeredDate as register5_3_0_, user0_.role as role6_3_0_ from user user0_ where user0_.emailID=?
22:30:05.173 [main] DEBUG org.hibernate.loader.plan.build.internal.spaces.QuerySpacesImpl - Adding QuerySpace : uid = &lt;gen:0&gt; -&gt; org.hibernate.loader.plan.build.internal.spaces.EntityQuerySpaceImpl@7f34a967]
22:30:05.173 [main] DEBUG org.hibernate.persister.walking.spi.MetamodelGraphWalker - Visiting attribute path : mobile
22:30:05.173 [main] DEBUG org.hibernate.persister.walking.spi.MetamodelGraphWalker - Visiting attribute path : name
22:30:05.173 [main] DEBUG org.hibernate.persister.walking.spi.MetamodelGraphWalker - Visiting attribute path : password
22:30:05.174 [main] DEBUG org.hibernate.persister.walking.spi.MetamodelGraphWalker - Visiting attribute path : registeredDate
22:30:05.174 [main] DEBUG org.hibernate.persister.walking.spi.MetamodelGraphWalker - Visiting attribute path : role
22:30:05.174 [main] DEBUG org.hibernate.loader.plan.build.internal.FetchStyleLoadPlanBuildingAssociationVisitationStrategy - Building LoadPlan...
22:30:05.174 [main] DEBUG org.hibernate.loader.plan.exec.internal.LoadQueryJoinAndFetchProcessor - processing queryspace &lt;gen:0&gt;
22:30:05.175 [main] DEBUG org.hibernate.loader.plan.build.spi.LoadPlanTreePrinter - LoadPlan(entity=com.project.backend.domain.User)
    - Returns
       - EntityReturnImpl(entity=com.project.backend.domain.User, querySpaceUid=&lt;gen:0&gt;, path=com.project.backend.domain.User)
    - QuerySpaces
       - EntityQuerySpaceImpl(uid=&lt;gen:0&gt;, entity=com.project.backend.domain.User)
          - SQL table alias mapping - user0_
          - alias suffix - 0_
          - suffixed key columns - {emailID1_3_0_}

22:30:05.175 [main] DEBUG org.hibernate.loader.entity.plan.EntityLoader - Static select for entity com.project.backend.domain.User [UPGRADE]: select user0_.emailID as emailID1_3_0_, user0_.mobile as mobile2_3_0_, user0_.name as name3_3_0_, user0_.password as password4_3_0_, user0_.registeredDate as register5_3_0_, user0_.role as role6_3_0_ from user user0_ where user0_.emailID=? for update
22:30:05.175 [main] DEBUG org.hibernate.loader.plan.build.internal.spaces.QuerySpacesImpl - Adding QuerySpace : uid = &lt;gen:0&gt; -&gt; org.hibernate.loader.plan.build.internal.spaces.EntityQuerySpaceImpl@1d8e2eea]
22:30:05.175 [main] DEBUG org.hibernate.persister.walking.spi.MetamodelGraphWalker - Visiting attribute path : mobile
22:30:05.175 [main] DEBUG org.hibernate.persister.walking.spi.MetamodelGraphWalker - Visiting attribute path : name
22:30:05.175 [main] DEBUG org.hibernate.persister.walking.spi.MetamodelGraphWalker - Visiting attribute path : password
22:30:05.175 [main] DEBUG org.hibernate.persister.walking.spi.MetamodelGraphWalker - Visiting attribute path : registeredDate
22:30:05.175 [main] DEBUG org.hibernate.persister.walking.spi.MetamodelGraphWalker - Visiting attribute path : role
22:30:05.175 [main] DEBUG org.hibernate.loader.plan.build.internal.FetchStyleLoadPlanBuildingAssociationVisitationStrategy - Building LoadPlan...
22:30:05.176 [main] DEBUG org.hibernate.loader.plan.exec.internal.LoadQueryJoinAndFetchProcessor - processing queryspace &lt;gen:0&gt;
22:30:05.176 [main] DEBUG org.hibernate.loader.plan.build.spi.LoadPlanTreePrinter - LoadPlan(entity=com.project.backend.domain.User)
    - Returns
       - EntityReturnImpl(entity=com.project.backend.domain.User, querySpaceUid=&lt;gen:0&gt;, path=com.project.backend.domain.User)
    - QuerySpaces
       - EntityQuerySpaceImpl(uid=&lt;gen:0&gt;, entity=com.project.backend.domain.User)
          - SQL table alias mapping - user0_
          - alias suffix - 0_
          - suffixed key columns - {emailID1_3_0_}

22:30:05.176 [main] DEBUG org.hibernate.loader.entity.plan.EntityLoader - Static select for entity com.project.backend.domain.User [UPGRADE_NOWAIT]: select user0_.emailID as emailID1_3_0_, user0_.mobile as mobile2_3_0_, user0_.name as name3_3_0_, user0_.password as password4_3_0_, user0_.registeredDate as register5_3_0_, user0_.role as role6_3_0_ from user user0_ where user0_.emailID=? for update
22:30:05.176 [main] DEBUG org.hibernate.loader.plan.build.internal.spaces.QuerySpacesImpl - Adding QuerySpace : uid = &lt;gen:0&gt; -&gt; org.hibernate.loader.plan.build.internal.spaces.EntityQuerySpaceImpl@7ea4d397]
22:30:05.177 [main] DEBUG org.hibernate.persister.walking.spi.MetamodelGraphWalker - Visiting attribute path : mobile
22:30:05.177 [main] DEBUG org.hibernate.persister.walking.spi.MetamodelGraphWalker - Visiting attribute path : name
22:30:05.177 [main] DEBUG org.hibernate.persister.walking.spi.MetamodelGraphWalker - Visiting attribute path : password
22:30:05.177 [main] DEBUG org.hibernate.persister.walking.spi.MetamodelGraphWalker - Visiting attribute path : registeredDate
22:30:05.177 [main] DEBUG org.hibernate.persister.walking.spi.MetamodelGraphWalker - Visiting attribute path : role
22:30:05.177 [main] DEBUG org.hibernate.loader.plan.build.internal.FetchStyleLoadPlanBuildingAssociationVisitationStrategy - Building LoadPlan...
22:30:05.177 [main] DEBUG org.hibernate.loader.plan.exec.internal.LoadQueryJoinAndFetchProcessor - processing queryspace &lt;gen:0&gt;
22:30:05.178 [main] DEBUG org.hibernate.loader.plan.build.spi.LoadPlanTreePrinter - LoadPlan(entity=com.project.backend.domain.User)
    - Returns
       - EntityReturnImpl(entity=com.project.backend.domain.User, querySpaceUid=&lt;gen:0&gt;, path=com.project.backend.domain.User)
    - QuerySpaces
       - EntityQuerySpaceImpl(uid=&lt;gen:0&gt;, entity=com.project.backend.domain.User)
          - SQL table alias mapping - user0_
          - alias suffix - 0_
          - suffixed key columns - {emailID1_3_0_}

22:30:05.178 [main] DEBUG org.hibernate.loader.entity.plan.EntityLoader - Static select for entity com.project.backend.domain.User [UPGRADE_SKIPLOCKED]: select user0_.emailID as emailID1_3_0_, user0_.mobile as mobile2_3_0_, user0_.name as name3_3_0_, user0_.password as password4_3_0_, user0_.registeredDate as register5_3_0_, user0_.role as role6_3_0_ from user user0_ where user0_.emailID=? for update
22:30:05.178 [main] DEBUG org.hibernate.loader.plan.build.internal.spaces.QuerySpacesImpl - Adding QuerySpace : uid = &lt;gen:0&gt; -&gt; org.hibernate.loader.plan.build.internal.spaces.EntityQuerySpaceImpl@253c1256]
22:30:05.178 [main] DEBUG org.hibernate.persister.walking.spi.MetamodelGraphWalker - Visiting attribute path : mobile
22:30:05.178 [main] DEBUG org.hibernate.persister.walking.spi.MetamodelGraphWalker - Visiting attribute path : name
22:30:05.178 [main] DEBUG org.hibernate.persister.walking.spi.MetamodelGraphWalker - Visiting attribute path : password
22:30:05.179 [main] DEBUG org.hibernate.persister.walking.spi.MetamodelGraphWalker - Visiting attribute path : registeredDate
22:30:05.179 [main] DEBUG org.hibernate.persister.walking.spi.MetamodelGraphWalker - Visiting attribute path : role
22:30:05.179 [main] DEBUG org.hibernate.loader.plan.build.internal.FetchStyleLoadPlanBuildingAssociationVisitationStrategy - Building LoadPlan...
22:30:05.179 [main] DEBUG org.hibernate.loader.plan.exec.internal.LoadQueryJoinAndFetchProcessor - processing queryspace &lt;gen:0&gt;
22:30:05.180 [main] DEBUG org.hibernate.loader.plan.build.spi.LoadPlanTreePrinter - LoadPlan(entity=com.project.backend.domain.User)
    - Returns
       - EntityReturnImpl(entity=com.project.backend.domain.User, querySpaceUid=&lt;gen:0&gt;, path=com.project.backend.domain.User)
    - QuerySpaces
       - EntityQuerySpaceImpl(uid=&lt;gen:0&gt;, entity=com.project.backend.domain.User)
          - SQL table alias mapping - user0_
          - alias suffix - 0_
          - suffixed key columns - {emailID1_3_0_}

22:30:05.180 [main] DEBUG org.hibernate.loader.entity.plan.EntityLoader - Static select for entity com.project.backend.domain.User [FORCE]: select user0_.emailID as emailID1_3_0_, user0_.mobile as mobile2_3_0_, user0_.name as name3_3_0_, user0_.password as password4_3_0_, user0_.registeredDate as register5_3_0_, user0_.role as role6_3_0_ from user user0_ where user0_.emailID=? for update
22:30:05.180 [main] DEBUG org.hibernate.loader.plan.build.internal.spaces.QuerySpacesImpl - Adding QuerySpace : uid = &lt;gen:0&gt; -&gt; org.hibernate.loader.plan.build.internal.spaces.EntityQuerySpaceImpl@503fbbc6]
22:30:05.181 [main] DEBUG org.hibernate.persister.walking.spi.MetamodelGraphWalker - Visiting attribute path : mobile
22:30:05.181 [main] DEBUG org.hibernate.persister.walking.spi.MetamodelGraphWalker - Visiting attribute path : name
22:30:05.181 [main] DEBUG org.hibernate.persister.walking.spi.MetamodelGraphWalker - Visiting attribute path : password
22:30:05.181 [main] DEBUG org.hibernate.persister.walking.spi.MetamodelGraphWalker - Visiting attribute path : registeredDate
22:30:05.188 [main] DEBUG org.hibernate.persister.walking.spi.MetamodelGraphWalker - Visiting attribute path : role
22:30:05.189 [main] DEBUG org.hibernate.loader.plan.build.internal.FetchStyleLoadPlanBuildingAssociationVisitationStrategy - Building LoadPlan...
22:30:05.189 [main] DEBUG org.hibernate.loader.plan.exec.internal.LoadQueryJoinAndFetchProcessor - processing queryspace &lt;gen:0&gt;
22:30:05.190 [main] DEBUG org.hibernate.loader.plan.build.spi.LoadPlanTreePrinter - LoadPlan(entity=com.project.backend.domain.User)
    - Returns
       - EntityReturnImpl(entity=com.project.backend.domain.User, querySpaceUid=&lt;gen:0&gt;, path=com.project.backend.domain.User)
    - QuerySpaces
       - EntityQuerySpaceImpl(uid=&lt;gen:0&gt;, entity=com.project.backend.domain.User)
          - SQL table alias mapping - user0_
          - alias suffix - 0_
          - suffixed key columns - {emailID1_3_0_}

22:30:05.190 [main] DEBUG org.hibernate.loader.entity.plan.EntityLoader - Static select for entity com.project.backend.domain.User [PESSIMISTIC_READ]: select user0_.emailID as emailID1_3_0_, user0_.mobile as mobile2_3_0_, user0_.name as name3_3_0_, user0_.password as password4_3_0_, user0_.registeredDate as register5_3_0_, user0_.role as role6_3_0_ from user user0_ where user0_.emailID=? for update
22:30:05.190 [main] DEBUG org.hibernate.loader.plan.build.internal.spaces.QuerySpacesImpl - Adding QuerySpace : uid = &lt;gen:0&gt; -&gt; org.hibernate.loader.plan.build.internal.spaces.EntityQuerySpaceImpl@109f5dd8]
22:30:05.190 [main] DEBUG org.hibernate.persister.walking.spi.MetamodelGraphWalker - Visiting attribute path : mobile
22:30:05.190 [main] DEBUG org.hibernate.persister.walking.spi.MetamodelGraphWalker - Visiting attribute path : name
22:30:05.191 [main] DEBUG org.hibernate.persister.walking.spi.MetamodelGraphWalker - Visiting attribute path : password
22:30:05.191 [main] DEBUG org.hibernate.persister.walking.spi.MetamodelGraphWalker - Visiting attribute path : registeredDate
22:30:05.191 [main] DEBUG org.hibernate.persister.walking.spi.MetamodelGraphWalker - Visiting attribute path : role
22:30:05.191 [main] DEBUG org.hibernate.loader.plan.build.internal.FetchStyleLoadPlanBuildingAssociationVisitationStrategy - Building LoadPlan...
22:30:05.191 [main] DEBUG org.hibernate.loader.plan.exec.internal.LoadQueryJoinAndFetchProcessor - processing queryspace &lt;gen:0&gt;
22:30:05.192 [main] DEBUG org.hibernate.loader.plan.build.spi.LoadPlanTreePrinter - LoadPlan(entity=com.project.backend.domain.User)
    - Returns
       - EntityReturnImpl(entity=com.project.backend.domain.User, querySpaceUid=&lt;gen:0&gt;, path=com.project.backend.domain.User)
    - QuerySpaces
       - EntityQuerySpaceImpl(uid=&lt;gen:0&gt;, entity=com.project.backend.domain.User)
          - SQL table alias mapping - user0_
          - alias suffix - 0_
          - suffixed key columns - {emailID1_3_0_}

22:30:05.192 [main] DEBUG org.hibernate.loader.entity.plan.EntityLoader - Static select for entity com.project.backend.domain.User [PESSIMISTIC_WRITE]: select user0_.emailID as emailID1_3_0_, user0_.mobile as mobile2_3_0_, user0_.name as name3_3_0_, user0_.password as password4_3_0_, user0_.registeredDate as register5_3_0_, user0_.role as role6_3_0_ from user user0_ where user0_.emailID=? for update
22:30:05.192 [main] DEBUG org.hibernate.loader.plan.build.internal.spaces.QuerySpacesImpl - Adding QuerySpace : uid = &lt;gen:0&gt; -&gt; org.hibernate.loader.plan.build.internal.spaces.EntityQuerySpaceImpl@4a325eb9]
22:30:05.193 [main] DEBUG org.hibernate.persister.walking.spi.MetamodelGraphWalker - Visiting attribute path : mobile
22:30:05.193 [main] DEBUG org.hibernate.persister.walking.spi.MetamodelGraphWalker - Visiting attribute path : name
22:30:05.193 [main] DEBUG org.hibernate.persister.walking.spi.MetamodelGraphWalker - Visiting attribute path : password
22:30:05.193 [main] DEBUG org.hibernate.persister.walking.spi.MetamodelGraphWalker - Visiting attribute path : registeredDate
22:30:05.193 [main] DEBUG org.hibernate.persister.walking.spi.MetamodelGraphWalker - Visiting attribute path : role
22:30:05.193 [main] DEBUG org.hibernate.loader.plan.build.internal.FetchStyleLoadPlanBuildingAssociationVisitationStrategy - Building LoadPlan...
22:30:05.194 [main] DEBUG org.hibernate.loader.plan.exec.internal.LoadQueryJoinAndFetchProcessor - processing queryspace &lt;gen:0&gt;
22:30:05.195 [main] DEBUG org.hibernate.loader.plan.build.spi.LoadPlanTreePrinter - LoadPlan(entity=com.project.backend.domain.User)
    - Returns
       - EntityReturnImpl(entity=com.project.backend.domain.User, querySpaceUid=&lt;gen:0&gt;, path=com.project.backend.domain.User)
    - QuerySpaces
       - EntityQuerySpaceImpl(uid=&lt;gen:0&gt;, entity=com.project.backend.domain.User)
          - SQL table alias mapping - user0_
          - alias suffix - 0_
          - suffixed key columns - {emailID1_3_0_}

22:30:05.195 [main] DEBUG org.hibernate.loader.entity.plan.EntityLoader - Static select for entity com.project.backend.domain.User [PESSIMISTIC_FORCE_INCREMENT]: select user0_.emailID as emailID1_3_0_, user0_.mobile as mobile2_3_0_, user0_.name as name3_3_0_, user0_.password as password4_3_0_, user0_.registeredDate as register5_3_0_, user0_.role as role6_3_0_ from user user0_ where user0_.emailID=? for update
22:30:05.196 [main] DEBUG org.hibernate.loader.plan.build.internal.spaces.QuerySpacesImpl - Adding QuerySpace : uid = &lt;gen:0&gt; -&gt; org.hibernate.loader.plan.build.internal.spaces.EntityQuerySpaceImpl@57f64f5e]
22:30:05.196 [main] DEBUG org.hibernate.persister.walking.spi.MetamodelGraphWalker - Visiting attribute path : mobile
22:30:05.196 [main] DEBUG org.hibernate.persister.walking.spi.MetamodelGraphWalker - Visiting attribute path : name
22:30:05.196 [main] DEBUG org.hibernate.persister.walking.spi.MetamodelGraphWalker - Visiting attribute path : password
22:30:05.196 [main] DEBUG org.hibernate.persister.walking.spi.MetamodelGraphWalker - Visiting attribute path : registeredDate
22:30:05.196 [main] DEBUG org.hibernate.persister.walking.spi.MetamodelGraphWalker - Visiting attribute path : role
22:30:05.196 [main] DEBUG org.hibernate.loader.plan.build.internal.FetchStyleLoadPlanBuildingAssociationVisitationStrategy - Building LoadPlan...
22:30:05.206 [main] DEBUG org.hibernate.loader.plan.exec.internal.LoadQueryJoinAndFetchProcessor - processing queryspace &lt;gen:0&gt;
22:30:05.208 [main] DEBUG org.hibernate.loader.plan.build.spi.LoadPlanTreePrinter - LoadPlan(entity=com.project.backend.domain.User)
    - Returns
       - EntityReturnImpl(entity=com.project.backend.domain.User, querySpaceUid=&lt;gen:0&gt;, path=com.project.backend.domain.User)
    - QuerySpaces
       - EntityQuerySpaceImpl(uid=&lt;gen:0&gt;, entity=com.project.backend.domain.User)
          - SQL table alias mapping - user0_
          - alias suffix - 0_
          - suffixed key columns - {emailID1_3_0_}

22:30:05.208 [main] DEBUG org.hibernate.loader.entity.plan.EntityLoader - Static select for entity com.project.backend.domain.User [OPTIMISTIC]: select user0_.emailID as emailID1_3_0_, user0_.mobile as mobile2_3_0_, user0_.name as name3_3_0_, user0_.password as password4_3_0_, user0_.registeredDate as register5_3_0_, user0_.role as role6_3_0_ from user user0_ where user0_.emailID=?
22:30:05.208 [main] DEBUG org.hibernate.loader.plan.build.internal.spaces.QuerySpacesImpl - Adding QuerySpace : uid = &lt;gen:0&gt; -&gt; org.hibernate.loader.plan.build.internal.spaces.EntityQuerySpaceImpl@194152cf]
22:30:05.209 [main] DEBUG org.hibernate.persister.walking.spi.MetamodelGraphWalker - Visiting attribute path : mobile
22:30:05.209 [main] DEBUG org.hibernate.persister.walking.spi.MetamodelGraphWalker - Visiting attribute path : name
22:30:05.209 [main] DEBUG org.hibernate.persister.walking.spi.MetamodelGraphWalker - Visiting attribute path : password
22:30:05.209 [main] DEBUG org.hibernate.persister.walking.spi.MetamodelGraphWalker - Visiting attribute path : registeredDate
22:30:05.210 [main] DEBUG org.hibernate.persister.walking.spi.MetamodelGraphWalker - Visiting attribute path : role
22:30:05.210 [main] DEBUG org.hibernate.loader.plan.build.internal.FetchStyleLoadPlanBuildingAssociationVisitationStrategy - Building LoadPlan...
22:30:05.210 [main] DEBUG org.hibernate.loader.plan.exec.internal.LoadQueryJoinAndFetchProcessor - processing queryspace &lt;gen:0&gt;
22:30:05.210 [main] DEBUG org.hibernate.loader.plan.build.spi.LoadPlanTreePrinter - LoadPlan(entity=com.project.backend.domain.User)
    - Returns
       - EntityReturnImpl(entity=com.project.backend.domain.User, querySpaceUid=&lt;gen:0&gt;, path=com.project.backend.domain.User)
    - QuerySpaces
       - EntityQuerySpaceImpl(uid=&lt;gen:0&gt;, entity=com.project.backend.domain.User)
          - SQL table alias mapping - user0_
          - alias suffix - 0_
          - suffixed key columns - {emailID1_3_0_}

22:30:05.211 [main] DEBUG org.hibernate.loader.entity.plan.EntityLoader - Static select for entity com.project.backend.domain.User [OPTIMISTIC_FORCE_INCREMENT]: select user0_.emailID as emailID1_3_0_, user0_.mobile as mobile2_3_0_, user0_.name as name3_3_0_, user0_.password as password4_3_0_, user0_.registeredDate as register5_3_0_, user0_.role as role6_3_0_ from user user0_ where user0_.emailID=?
22:30:05.211 [main] DEBUG org.hibernate.loader.Loader - Static select for action ACTION_MERGE on entity com.project.backend.domain.User: select user0_.emailID as emailID1_3_0_, user0_.mobile as mobile2_3_0_, user0_.name as name3_3_0_, user0_.password as password4_3_0_, user0_.registeredDate as register5_3_0_, user0_.role as role6_3_0_ from user user0_ where user0_.emailID=?
22:30:05.212 [main] DEBUG org.hibernate.loader.Loader - Static select for action ACTION_REFRESH on entity com.project.backend.domain.User: select user0_.emailID as emailID1_3_0_, user0_.mobile as mobile2_3_0_, user0_.name as name3_3_0_, user0_.password as password4_3_0_, user0_.registeredDate as register5_3_0_, user0_.role as role6_3_0_ from user user0_ where user0_.emailID=?
22:30:05.212 [main] DEBUG org.hibernate.persister.entity.AbstractEntityPersister - Static SQL for entity: com.project.backend.domain.Category
22:30:05.212 [main] DEBUG org.hibernate.persister.entity.AbstractEntityPersister -  Version select: select id from Category where id =?
22:30:05.212 [main] DEBUG org.hibernate.persister.entity.AbstractEntityPersister -  Snapshot select: select category_.id, category_.description as descript2_0_, category_.name as name3_0_ from Category category_ where category_.id=?
22:30:05.212 [main] DEBUG org.hibernate.persister.entity.AbstractEntityPersister -  Insert 0: insert into Category (description, name, id) values (?, ?, ?)
22:30:05.212 [main] DEBUG org.hibernate.persister.entity.AbstractEntityPersister -  Update 0: update Category set description=?, name=? where id=?
22:30:05.212 [main] DEBUG org.hibernate.persister.entity.AbstractEntityPersister -  Delete 0: delete from Category where id=?
22:30:05.212 [main] DEBUG org.hibernate.loader.plan.build.internal.spaces.QuerySpacesImpl - Adding QuerySpace : uid = &lt;gen:0&gt; -&gt; org.hibernate.loader.plan.build.internal.spaces.EntityQuerySpaceImpl@2c30b71f]
22:30:05.212 [main] DEBUG org.hibernate.persister.walking.spi.MetamodelGraphWalker - Visiting attribute path : description
22:30:05.212 [main] DEBUG org.hibernate.persister.walking.spi.MetamodelGraphWalker - Visiting attribute path : name
22:30:05.212 [main] DEBUG org.hibernate.persister.walking.spi.MetamodelGraphWalker - Visiting attribute path : products
22:30:05.213 [main] DEBUG org.hibernate.loader.plan.build.internal.spaces.QuerySpacesImpl - Adding QuerySpace : uid = &lt;gen:1&gt; -&gt; org.hibernate.loader.plan.build.internal.spaces.CollectionQuerySpaceImpl@22d6cac2]
22:30:05.215 [main] DEBUG org.hibernate.loader.plan.build.internal.spaces.QuerySpacesImpl - Adding QuerySpace : uid = &lt;gen:2&gt; -&gt; org.hibernate.loader.plan.build.internal.spaces.EntityQuerySpaceImpl@5e8a459]
22:30:05.218 [main] DEBUG org.hibernate.persister.walking.spi.MetamodelGraphWalker - Visiting attribute path : products.category
22:30:05.218 [main] DEBUG org.hibernate.persister.walking.spi.MetamodelGraphWalker - Property path deemed to be circular : products.category
22:30:05.219 [main] DEBUG org.hibernate.persister.walking.spi.MetamodelGraphWalker - Visiting attribute path : products.categoryId
22:30:05.219 [main] DEBUG org.hibernate.persister.walking.spi.MetamodelGraphWalker - Visiting attribute path : products.description
22:30:05.219 [main] DEBUG org.hibernate.persister.walking.spi.MetamodelGraphWalker - Visiting attribute path : products.name
22:30:05.219 [main] DEBUG org.hibernate.persister.walking.spi.MetamodelGraphWalker - Visiting attribute path : products.price
22:30:05.219 [main] DEBUG org.hibernate.persister.walking.spi.MetamodelGraphWalker - Visiting attribute path : products.supplier
22:30:05.219 [main] DEBUG org.hibernate.loader.plan.build.internal.spaces.QuerySpacesImpl - Adding QuerySpace : uid = &lt;gen:3&gt; -&gt; org.hibernate.loader.plan.build.internal.spaces.EntityQuerySpaceImpl@2c383e33]
22:30:05.219 [main] DEBUG org.hibernate.persister.walking.spi.MetamodelGraphWalker - Visiting attribute path : products.supplier.address
22:30:05.219 [main] DEBUG org.hibernate.persister.walking.spi.MetamodelGraphWalker - Visiting attribute path : products.supplier.name
22:30:05.219 [main] DEBUG org.hibernate.persister.walking.spi.MetamodelGraphWalker - Visiting attribute path : products.supplier.products
22:30:05.220 [main] DEBUG org.hibernate.persister.walking.spi.MetamodelGraphWalker - Property path deemed to be circular : products.supplier.products
22:30:05.220 [main] DEBUG org.hibernate.persister.walking.spi.MetamodelGraphWalker - Visiting attribute path : products.supplierId
22:30:05.220 [main] DEBUG org.hibernate.loader.plan.build.internal.FetchStyleLoadPlanBuildingAssociationVisitationStrategy - Building LoadPlan...
22:30:05.220 [main] DEBUG org.hibernate.loader.plan.exec.internal.LoadQueryJoinAndFetchProcessor - processing queryspace &lt;gen:0&gt;
22:30:05.224 [main] DEBUG org.hibernate.loader.plan.build.spi.LoadPlanTreePrinter - LoadPlan(entity=com.project.backend.domain.Category)
    - Returns
       - EntityReturnImpl(entity=com.project.backend.domain.Category, querySpaceUid=&lt;gen:0&gt;, path=com.project.backend.domain.Category)
          - CollectionAttributeFetchImpl(collection=com.project.backend.domain.Category.products, querySpaceUid=&lt;gen:1&gt;, path=com.project.backend.domain.Category.products)
             - (collection element) CollectionFetchableElementEntityGraph(entity=com.project.backend.domain.Product, querySpaceUid=&lt;gen:2&gt;, path=com.project.backend.domain.Category.products.&lt;elements&gt;)
                - EntityAttributeFetchImpl(entity=com.project.backend.domain.Supplier, querySpaceUid=&lt;gen:3&gt;, path=com.project.backend.domain.Category.products.&lt;elements&gt;.supplier)
    - QuerySpaces
       - EntityQuerySpaceImpl(uid=&lt;gen:0&gt;, entity=com.project.backend.domain.Category)
          - SQL table alias mapping - category0_
          - alias suffix - 0_
          - suffixed key columns - {id1_0_0_}
          - JOIN (JoinDefinedByMetadata(products)) : &lt;gen:0&gt; -&gt; &lt;gen:1&gt;
             - CollectionQuerySpaceImpl(uid=&lt;gen:1&gt;, collection=com.project.backend.domain.Category.products)
                - SQL table alias mapping - products1_
                - alias suffix - 1_
                - suffixed key columns - {category2_1_1_}
                - entity-element alias suffix - 2_
                - 2_entity-element suffixed key columns - id1_1_2_
                - JOIN (JoinDefinedByMetadata(elements)) : &lt;gen:1&gt; -&gt; &lt;gen:2&gt;
                   - EntityQuerySpaceImpl(uid=&lt;gen:2&gt;, entity=com.project.backend.domain.Product)
                      - SQL table alias mapping - products1_
                      - alias suffix - 2_
                      - suffixed key columns - {id1_1_2_}
                      - JOIN (JoinDefinedByMetadata(supplier)) : &lt;gen:2&gt; -&gt; &lt;gen:3&gt;
                         - EntityQuerySpaceImpl(uid=&lt;gen:3&gt;, entity=com.project.backend.domain.Supplier)
                            - SQL table alias mapping - supplier2_
                            - alias suffix - 3_
                            - suffixed key columns - {id1_2_3_}

22:30:05.224 [main] DEBUG org.hibernate.loader.entity.plan.EntityLoader - Static select for entity com.project.backend.domain.Category [NONE]: select category0_.id as id1_0_0_, category0_.description as descript2_0_0_, category0_.name as name3_0_0_, products1_.categoryId as category2_1_1_, products1_.id as id1_1_1_, products1_.id as id1_1_2_, products1_.categoryId as category2_1_2_, products1_.description as descript3_1_2_, products1_.name as name4_1_2_, products1_.price as price5_1_2_, products1_.supplierid as supplier6_1_2_, supplier2_.id as id1_2_3_, supplier2_.address as address2_2_3_, supplier2_.name as name3_2_3_ from Category category0_ left outer join Product products1_ on category0_.id=products1_.categoryId left outer join Supplier supplier2_ on products1_.supplierid=supplier2_.id where category0_.id=?
22:30:05.225 [main] DEBUG org.hibernate.loader.plan.build.internal.spaces.QuerySpacesImpl - Adding QuerySpace : uid = &lt;gen:0&gt; -&gt; org.hibernate.loader.plan.build.internal.spaces.EntityQuerySpaceImpl@d4602a]
22:30:05.225 [main] DEBUG org.hibernate.persister.walking.spi.MetamodelGraphWalker - Visiting attribute path : description
22:30:05.225 [main] DEBUG org.hibernate.persister.walking.spi.MetamodelGraphWalker - Visiting attribute path : name
22:30:05.225 [main] DEBUG org.hibernate.persister.walking.spi.MetamodelGraphWalker - Visiting attribute path : products
22:30:05.225 [main] DEBUG org.hibernate.loader.plan.build.internal.spaces.QuerySpacesImpl - Adding QuerySpace : uid = &lt;gen:1&gt; -&gt; org.hibernate.loader.plan.build.internal.spaces.CollectionQuerySpaceImpl@47dd778]
22:30:05.225 [main] DEBUG org.hibernate.loader.plan.build.internal.spaces.QuerySpacesImpl - Adding QuerySpace : uid = &lt;gen:2&gt; -&gt; org.hibernate.loader.plan.build.internal.spaces.EntityQuerySpaceImpl@15515c51]
22:30:05.226 [main] DEBUG org.hibernate.persister.walking.spi.MetamodelGraphWalker - Visiting attribute path : products.category
22:30:05.226 [main] DEBUG org.hibernate.persister.walking.spi.MetamodelGraphWalker - Property path deemed to be circular : products.category
22:30:05.226 [main] DEBUG org.hibernate.persister.walking.spi.MetamodelGraphWalker - Visiting attribute path : products.categoryId
22:30:05.226 [main] DEBUG org.hibernate.persister.walking.spi.MetamodelGraphWalker - Visiting attribute path : products.description
22:30:05.226 [main] DEBUG org.hibernate.persister.walking.spi.MetamodelGraphWalker - Visiting attribute path : products.name
22:30:05.226 [main] DEBUG org.hibernate.persister.walking.spi.MetamodelGraphWalker - Visiting attribute path : products.price
22:30:05.226 [main] DEBUG org.hibernate.persister.walking.spi.MetamodelGraphWalker - Visiting attribute path : products.supplier
22:30:05.227 [main] DEBUG org.hibernate.loader.plan.build.internal.spaces.QuerySpacesImpl - Adding QuerySpace : uid = &lt;gen:3&gt; -&gt; org.hibernate.loader.plan.build.internal.spaces.EntityQuerySpaceImpl@e044b4a]
22:30:05.227 [main] DEBUG org.hibernate.persister.walking.spi.MetamodelGraphWalker - Visiting attribute path : products.supplier.address
22:30:05.227 [main] DEBUG org.hibernate.persister.walking.spi.MetamodelGraphWalker - Visiting attribute path : products.supplier.name
22:30:05.227 [main] DEBUG org.hibernate.persister.walking.spi.MetamodelGraphWalker - Visiting attribute path : products.supplier.products
22:30:05.227 [main] DEBUG org.hibernate.persister.walking.spi.MetamodelGraphWalker - Property path deemed to be circular : products.supplier.products
22:30:05.227 [main] DEBUG org.hibernate.persister.walking.spi.MetamodelGraphWalker - Visiting attribute path : products.supplierId
22:30:05.227 [main] DEBUG org.hibernate.loader.plan.build.internal.FetchStyleLoadPlanBuildingAssociationVisitationStrategy - Building LoadPlan...
22:30:05.228 [main] DEBUG org.hibernate.loader.plan.exec.internal.LoadQueryJoinAndFetchProcessor - processing queryspace &lt;gen:0&gt;
22:30:05.229 [main] DEBUG org.hibernate.loader.plan.build.spi.LoadPlanTreePrinter - LoadPlan(entity=com.project.backend.domain.Category)
    - Returns
       - EntityReturnImpl(entity=com.project.backend.domain.Category, querySpaceUid=&lt;gen:0&gt;, path=com.project.backend.domain.Category)
          - CollectionAttributeFetchImpl(collection=com.project.backend.domain.Category.products, querySpaceUid=&lt;gen:1&gt;, path=com.project.backend.domain.Category.products)
             - (collection element) CollectionFetchableElementEntityGraph(entity=com.project.backend.domain.Product, querySpaceUid=&lt;gen:2&gt;, path=com.project.backend.domain.Category.products.&lt;elements&gt;)
                - EntityAttributeFetchImpl(entity=com.project.backend.domain.Supplier, querySpaceUid=&lt;gen:3&gt;, path=com.project.backend.domain.Category.products.&lt;elements&gt;.supplier)
    - QuerySpaces
       - EntityQuerySpaceImpl(uid=&lt;gen:0&gt;, entity=com.project.backend.domain.Category)
          - SQL table alias mapping - category0_
          - alias suffix - 0_
          - suffixed key columns - {id1_0_0_}
          - JOIN (JoinDefinedByMetadata(products)) : &lt;gen:0&gt; -&gt; &lt;gen:1&gt;
             - CollectionQuerySpaceImpl(uid=&lt;gen:1&gt;, collection=com.project.backend.domain.Category.products)
                - SQL table alias mapping - products1_
                - alias suffix - 1_
                - suffixed key columns - {category2_1_1_}
                - entity-element alias suffix - 2_
                - 2_entity-element suffixed key columns - id1_1_2_
                - JOIN (JoinDefinedByMetadata(elements)) : &lt;gen:1&gt; -&gt; &lt;gen:2&gt;
                   - EntityQuerySpaceImpl(uid=&lt;gen:2&gt;, entity=com.project.backend.domain.Product)
                      - SQL table alias mapping - products1_
                      - alias suffix - 2_
                      - suffixed key columns - {id1_1_2_}
                      - JOIN (JoinDefinedByMetadata(supplier)) : &lt;gen:2&gt; -&gt; &lt;gen:3&gt;
                         - EntityQuerySpaceImpl(uid=&lt;gen:3&gt;, entity=com.project.backend.domain.Supplier)
                            - SQL table alias mapping - supplier2_
                            - alias suffix - 3_
                            - suffixed key columns - {id1_2_3_}

22:30:05.229 [main] DEBUG org.hibernate.loader.entity.plan.EntityLoader - Static select for entity com.project.backend.domain.Category [READ]: select category0_.id as id1_0_0_, category0_.description as descript2_0_0_, category0_.name as name3_0_0_, products1_.categoryId as category2_1_1_, products1_.id as id1_1_1_, products1_.id as id1_1_2_, products1_.categoryId as category2_1_2_, products1_.description as descript3_1_2_, products1_.name as name4_1_2_, products1_.price as price5_1_2_, products1_.supplierid as supplier6_1_2_, supplier2_.id as id1_2_3_, supplier2_.address as address2_2_3_, supplier2_.name as name3_2_3_ from Category category0_ left outer join Product products1_ on category0_.id=products1_.categoryId left outer join Supplier supplier2_ on products1_.supplierid=supplier2_.id where category0_.id=?
22:30:05.230 [main] DEBUG org.hibernate.loader.plan.build.internal.spaces.QuerySpacesImpl - Adding QuerySpace : uid = &lt;gen:0&gt; -&gt; org.hibernate.loader.plan.build.internal.spaces.EntityQuerySpaceImpl@1adb7478]
22:30:05.230 [main] DEBUG org.hibernate.persister.walking.spi.MetamodelGraphWalker - Visiting attribute path : description
22:30:05.230 [main] DEBUG org.hibernate.persister.walking.spi.MetamodelGraphWalker - Visiting attribute path : name
22:30:05.230 [main] DEBUG org.hibernate.persister.walking.spi.MetamodelGraphWalker - Visiting attribute path : products
22:30:05.230 [main] DEBUG org.hibernate.loader.plan.build.internal.spaces.QuerySpacesImpl - Adding QuerySpace : uid = &lt;gen:1&gt; -&gt; org.hibernate.loader.plan.build.internal.spaces.CollectionQuerySpaceImpl@16943e88]
22:30:05.230 [main] DEBUG org.hibernate.loader.plan.build.internal.spaces.QuerySpacesImpl - Adding QuerySpace : uid = &lt;gen:2&gt; -&gt; org.hibernate.loader.plan.build.internal.spaces.EntityQuerySpaceImpl@4604b900]
22:30:05.231 [main] DEBUG org.hibernate.loader.plan.build.internal.FetchStyleLoadPlanBuildingAssociationVisitationStrategy - Building LoadPlan...
22:30:05.231 [main] DEBUG org.hibernate.loader.plan.exec.internal.LoadQueryJoinAndFetchProcessor - processing queryspace &lt;gen:0&gt;
22:30:05.231 [main] DEBUG org.hibernate.loader.plan.build.spi.LoadPlanTreePrinter - LoadPlan(entity=com.project.backend.domain.Category)
    - Returns
       - EntityReturnImpl(entity=com.project.backend.domain.Category, querySpaceUid=&lt;gen:0&gt;, path=com.project.backend.domain.Category)
          - CollectionAttributeFetchImpl(collection=com.project.backend.domain.Category.products, querySpaceUid=&lt;gen:1&gt;, path=com.project.backend.domain.Category.products)
             - (collection element) CollectionFetchableElementEntityGraph(entity=com.project.backend.domain.Product, querySpaceUid=&lt;gen:2&gt;, path=com.project.backend.domain.Category.products.&lt;elements&gt;)
    - QuerySpaces
       - EntityQuerySpaceImpl(uid=&lt;gen:0&gt;, entity=com.project.backend.domain.Category)
          - SQL table alias mapping - category0_
          - alias suffix - 0_
          - suffixed key columns - {id1_0_0_}

22:30:05.232 [main] DEBUG org.hibernate.loader.entity.plan.EntityLoader - Static select for entity com.project.backend.domain.Category [UPGRADE]: select category0_.id as id1_0_0_, category0_.description as descript2_0_0_, category0_.name as name3_0_0_ from Category category0_ where category0_.id=? for update
22:30:05.232 [main] DEBUG org.hibernate.loader.plan.build.internal.spaces.QuerySpacesImpl - Adding QuerySpace : uid = &lt;gen:0&gt; -&gt; org.hibernate.loader.plan.build.internal.spaces.EntityQuerySpaceImpl@73d6d0c]
22:30:05.232 [main] DEBUG org.hibernate.persister.walking.spi.MetamodelGraphWalker - Visiting attribute path : description
22:30:05.232 [main] DEBUG org.hibernate.persister.walking.spi.MetamodelGraphWalker - Visiting attribute path : name
22:30:05.232 [main] DEBUG org.hibernate.persister.walking.spi.MetamodelGraphWalker - Visiting attribute path : products
22:30:05.233 [main] DEBUG org.hibernate.loader.plan.build.internal.spaces.QuerySpacesImpl - Adding QuerySpace : uid = &lt;gen:1&gt; -&gt; org.hibernate.loader.plan.build.internal.spaces.CollectionQuerySpaceImpl@3961a41a]
22:30:05.233 [main] DEBUG org.hibernate.loader.plan.build.internal.spaces.QuerySpacesImpl - Adding QuerySpace : uid = &lt;gen:2&gt; -&gt; org.hibernate.loader.plan.build.internal.spaces.EntityQuerySpaceImpl@5a4ed68f]
22:30:05.233 [main] DEBUG org.hibernate.loader.plan.build.internal.FetchStyleLoadPlanBuildingAssociationVisitationStrategy - Building LoadPlan...
22:30:05.234 [main] DEBUG org.hibernate.loader.plan.exec.internal.LoadQueryJoinAndFetchProcessor - processing queryspace &lt;gen:0&gt;
22:30:05.235 [main] DEBUG org.hibernate.loader.plan.build.spi.LoadPlanTreePrinter - LoadPlan(entity=com.project.backend.domain.Category)
    - Returns
       - EntityReturnImpl(entity=com.project.backend.domain.Category, querySpaceUid=&lt;gen:0&gt;, path=com.project.backend.domain.Category)
          - CollectionAttributeFetchImpl(collection=com.project.backend.domain.Category.products, querySpaceUid=&lt;gen:1&gt;, path=com.project.backend.domain.Category.products)
             - (collection element) CollectionFetchableElementEntityGraph(entity=com.project.backend.domain.Product, querySpaceUid=&lt;gen:2&gt;, path=com.project.backend.domain.Category.products.&lt;elements&gt;)
    - QuerySpaces
       - EntityQuerySpaceImpl(uid=&lt;gen:0&gt;, entity=com.project.backend.domain.Category)
          - SQL table alias mapping - category0_
          - alias suffix - 0_
          - suffixed key columns - {id1_0_0_}

22:30:05.235 [main] DEBUG org.hibernate.loader.entity.plan.EntityLoader - Static select for entity com.project.backend.domain.Category [UPGRADE_NOWAIT]: select category0_.id as id1_0_0_, category0_.description as descript2_0_0_, category0_.name as name3_0_0_ from Category category0_ where category0_.id=? for update
22:30:05.235 [main] DEBUG org.hibernate.loader.plan.build.internal.spaces.QuerySpacesImpl - Adding QuerySpace : uid = &lt;gen:0&gt; -&gt; org.hibernate.loader.plan.build.internal.spaces.EntityQuerySpaceImpl@367795c7]
22:30:05.235 [main] DEBUG org.hibernate.persister.walking.spi.MetamodelGraphWalker - Visiting attribute path : description
22:30:05.235 [main] DEBUG org.hibernate.persister.walking.spi.MetamodelGraphWalker - Visiting attribute path : name
22:30:05.235 [main] DEBUG org.hibernate.persister.walking.spi.MetamodelGraphWalker - Visiting attribute path : products
22:30:05.235 [main] DEBUG org.hibernate.loader.plan.build.internal.spaces.QuerySpacesImpl - Adding QuerySpace : uid = &lt;gen:1&gt; -&gt; org.hibernate.loader.plan.build.internal.spaces.CollectionQuerySpaceImpl@3956b302]
22:30:05.235 [main] DEBUG org.hibernate.loader.plan.build.internal.spaces.QuerySpacesImpl - Adding QuerySpace : uid = &lt;gen:2&gt; -&gt; org.hibernate.loader.plan.build.internal.spaces.EntityQuerySpaceImpl@1500e009]
22:30:05.235 [main] DEBUG org.hibernate.loader.plan.build.internal.FetchStyleLoadPlanBuildingAssociationVisitationStrategy - Building LoadPlan...
22:30:05.236 [main] DEBUG org.hibernate.loader.plan.exec.internal.LoadQueryJoinAndFetchProcessor - processing queryspace &lt;gen:0&gt;
22:30:05.236 [main] DEBUG org.hibernate.loader.plan.build.spi.LoadPlanTreePrinter - LoadPlan(entity=com.project.backend.domain.Category)
    - Returns
       - EntityReturnImpl(entity=com.project.backend.domain.Category, querySpaceUid=&lt;gen:0&gt;, path=com.project.backend.domain.Category)
          - CollectionAttributeFetchImpl(collection=com.project.backend.domain.Category.products, querySpaceUid=&lt;gen:1&gt;, path=com.project.backend.domain.Category.products)
             - (collection element) CollectionFetchableElementEntityGraph(entity=com.project.backend.domain.Product, querySpaceUid=&lt;gen:2&gt;, path=com.project.backend.domain.Category.products.&lt;elements&gt;)
    - QuerySpaces
       - EntityQuerySpaceImpl(uid=&lt;gen:0&gt;, entity=com.project.backend.domain.Category)
          - SQL table alias mapping - category0_
          - alias suffix - 0_
          - suffixed key columns - {id1_0_0_}

22:30:05.236 [main] DEBUG org.hibernate.loader.entity.plan.EntityLoader - Static select for entity com.project.backend.domain.Category [UPGRADE_SKIPLOCKED]: select category0_.id as id1_0_0_, category0_.description as descript2_0_0_, category0_.name as name3_0_0_ from Category category0_ where category0_.id=? for update
22:30:05.236 [main] DEBUG org.hibernate.loader.plan.build.internal.spaces.QuerySpacesImpl - Adding QuerySpace : uid = &lt;gen:0&gt; -&gt; org.hibernate.loader.plan.build.internal.spaces.EntityQuerySpaceImpl@1fd386c3]
22:30:05.237 [main] DEBUG org.hibernate.persister.walking.spi.MetamodelGraphWalker - Visiting attribute path : description
22:30:05.237 [main] DEBUG org.hibernate.persister.walking.spi.MetamodelGraphWalker - Visiting attribute path : name
22:30:05.237 [main] DEBUG org.hibernate.persister.walking.spi.MetamodelGraphWalker - Visiting attribute path : products
22:30:05.237 [main] DEBUG org.hibernate.loader.plan.build.internal.spaces.QuerySpacesImpl - Adding QuerySpace : uid = &lt;gen:1&gt; -&gt; org.hibernate.loader.plan.build.internal.spaces.CollectionQuerySpaceImpl@29d334c]
22:30:05.237 [main] DEBUG org.hibernate.loader.plan.build.internal.spaces.QuerySpacesImpl - Adding QuerySpace : uid = &lt;gen:2&gt; -&gt; org.hibernate.loader.plan.build.internal.spaces.EntityQuerySpaceImpl@100f9bbe]
22:30:05.237 [main] DEBUG org.hibernate.loader.plan.build.internal.FetchStyleLoadPlanBuildingAssociationVisitationStrategy - Building LoadPlan...
22:30:05.237 [main] DEBUG org.hibernate.loader.plan.exec.internal.LoadQueryJoinAndFetchProcessor - processing queryspace &lt;gen:0&gt;
22:30:05.238 [main] DEBUG org.hibernate.loader.plan.build.spi.LoadPlanTreePrinter - LoadPlan(entity=com.project.backend.domain.Category)
    - Returns
       - EntityReturnImpl(entity=com.project.backend.domain.Category, querySpaceUid=&lt;gen:0&gt;, path=com.project.backend.domain.Category)
          - CollectionAttributeFetchImpl(collection=com.project.backend.domain.Category.products, querySpaceUid=&lt;gen:1&gt;, path=com.project.backend.domain.Category.products)
             - (collection element) CollectionFetchableElementEntityGraph(entity=com.project.backend.domain.Product, querySpaceUid=&lt;gen:2&gt;, path=com.project.backend.domain.Category.products.&lt;elements&gt;)
    - QuerySpaces
       - EntityQuerySpaceImpl(uid=&lt;gen:0&gt;, entity=com.project.backend.domain.Category)
          - SQL table alias mapping - category0_
          - alias suffix - 0_
          - suffixed key columns - {id1_0_0_}

22:30:05.238 [main] DEBUG org.hibernate.loader.entity.plan.EntityLoader - Static select for entity com.project.backend.domain.Category [FORCE]: select category0_.id as id1_0_0_, category0_.description as descript2_0_0_, category0_.name as name3_0_0_ from Category category0_ where category0_.id=? for update
22:30:05.239 [main] DEBUG org.hibernate.loader.plan.build.internal.spaces.QuerySpacesImpl - Adding QuerySpace : uid = &lt;gen:0&gt; -&gt; org.hibernate.loader.plan.build.internal.spaces.EntityQuerySpaceImpl@13e9f2e2]
22:30:05.239 [main] DEBUG org.hibernate.persister.walking.spi.MetamodelGraphWalker - Visiting attribute path : description
22:30:05.239 [main] DEBUG org.hibernate.persister.walking.spi.MetamodelGraphWalker - Visiting attribute path : name
22:30:05.239 [main] DEBUG org.hibernate.persister.walking.spi.MetamodelGraphWalker - Visiting attribute path : products
22:30:05.240 [main] DEBUG org.hibernate.loader.plan.build.internal.spaces.QuerySpacesImpl - Adding QuerySpace : uid = &lt;gen:1&gt; -&gt; org.hibernate.loader.plan.build.internal.spaces.CollectionQuerySpaceImpl@cd7f1ae]
22:30:05.240 [main] DEBUG org.hibernate.loader.plan.build.internal.spaces.QuerySpacesImpl - Adding QuerySpace : uid = &lt;gen:2&gt; -&gt; org.hibernate.loader.plan.build.internal.spaces.EntityQuerySpaceImpl@60e949e1]
22:30:05.240 [main] DEBUG org.hibernate.loader.plan.build.internal.FetchStyleLoadPlanBuildingAssociationVisitationStrategy - Building LoadPlan...
22:30:05.240 [main] DEBUG org.hibernate.loader.plan.exec.internal.LoadQueryJoinAndFetchProcessor - processing queryspace &lt;gen:0&gt;
22:30:05.243 [main] DEBUG org.hibernate.loader.plan.build.spi.LoadPlanTreePrinter - LoadPlan(entity=com.project.backend.domain.Category)
    - Returns
       - EntityReturnImpl(entity=com.project.backend.domain.Category, querySpaceUid=&lt;gen:0&gt;, path=com.project.backend.domain.Category)
          - CollectionAttributeFetchImpl(collection=com.project.backend.domain.Category.products, querySpaceUid=&lt;gen:1&gt;, path=com.project.backend.domain.Category.products)
             - (collection element) CollectionFetchableElementEntityGraph(entity=com.project.backend.domain.Product, querySpaceUid=&lt;gen:2&gt;, path=com.project.backend.domain.Category.products.&lt;elements&gt;)
    - QuerySpaces
       - EntityQuerySpaceImpl(uid=&lt;gen:0&gt;, entity=com.project.backend.domain.Category)
          - SQL table alias mapping - category0_
          - alias suffix - 0_
          - suffixed key columns - {id1_0_0_}

22:30:05.243 [main] DEBUG org.hibernate.loader.entity.plan.EntityLoader - Static select for entity com.project.backend.domain.Category [PESSIMISTIC_READ]: select category0_.id as id1_0_0_, category0_.description as descript2_0_0_, category0_.name as name3_0_0_ from Category category0_ where category0_.id=? for update
22:30:05.244 [main] DEBUG org.hibernate.loader.plan.build.internal.spaces.QuerySpacesImpl - Adding QuerySpace : uid = &lt;gen:0&gt; -&gt; org.hibernate.loader.plan.build.internal.spaces.EntityQuerySpaceImpl@3c4bc9fc]
22:30:05.244 [main] DEBUG org.hibernate.persister.walking.spi.MetamodelGraphWalker - Visiting attribute path : description
22:30:05.244 [main] DEBUG org.hibernate.persister.walking.spi.MetamodelGraphWalker - Visiting attribute path : name
22:30:05.244 [main] DEBUG org.hibernate.persister.walking.spi.MetamodelGraphWalker - Visiting attribute path : products
22:30:05.245 [main] DEBUG org.hibernate.loader.plan.build.internal.spaces.QuerySpacesImpl - Adding QuerySpace : uid = &lt;gen:1&gt; -&gt; org.hibernate.loader.plan.build.internal.spaces.CollectionQuerySpaceImpl@3569edd5]
22:30:05.246 [main] DEBUG org.hibernate.loader.plan.build.internal.spaces.QuerySpacesImpl - Adding QuerySpace : uid = &lt;gen:2&gt; -&gt; org.hibernate.loader.plan.build.internal.spaces.EntityQuerySpaceImpl@1f651cd8]
22:30:05.246 [main] DEBUG org.hibernate.loader.plan.build.internal.FetchStyleLoadPlanBuildingAssociationVisitationStrategy - Building LoadPlan...
22:30:05.247 [main] DEBUG org.hibernate.loader.plan.exec.internal.LoadQueryJoinAndFetchProcessor - processing queryspace &lt;gen:0&gt;
22:30:05.247 [main] DEBUG org.hibernate.loader.plan.build.spi.LoadPlanTreePrinter - LoadPlan(entity=com.project.backend.domain.Category)
    - Returns
       - EntityReturnImpl(entity=com.project.backend.domain.Category, querySpaceUid=&lt;gen:0&gt;, path=com.project.backend.domain.Category)
          - CollectionAttributeFetchImpl(collection=com.project.backend.domain.Category.products, querySpaceUid=&lt;gen:1&gt;, path=com.project.backend.domain.Category.products)
             - (collection element) CollectionFetchableElementEntityGraph(entity=com.project.backend.domain.Product, querySpaceUid=&lt;gen:2&gt;, path=com.project.backend.domain.Category.products.&lt;elements&gt;)
    - QuerySpaces
       - EntityQuerySpaceImpl(uid=&lt;gen:0&gt;, entity=com.project.backend.domain.Category)
          - SQL table alias mapping - category0_
          - alias suffix - 0_
          - suffixed key columns - {id1_0_0_}

22:30:05.248 [main] DEBUG org.hibernate.loader.entity.plan.EntityLoader - Static select for entity com.project.backend.domain.Category [PESSIMISTIC_WRITE]: select category0_.id as id1_0_0_, category0_.description as descript2_0_0_, category0_.name as name3_0_0_ from Category category0_ where category0_.id=? for update
22:30:05.248 [main] DEBUG org.hibernate.loader.plan.build.internal.spaces.QuerySpacesImpl - Adding QuerySpace : uid = &lt;gen:0&gt; -&gt; org.hibernate.loader.plan.build.internal.spaces.EntityQuerySpaceImpl@7d0332e1]
22:30:05.248 [main] DEBUG org.hibernate.persister.walking.spi.MetamodelGraphWalker - Visiting attribute path : description
22:30:05.248 [main] DEBUG org.hibernate.persister.walking.spi.MetamodelGraphWalker - Visiting attribute path : name
22:30:05.249 [main] DEBUG org.hibernate.persister.walking.spi.MetamodelGraphWalker - Visiting attribute path : products
22:30:05.249 [main] DEBUG org.hibernate.loader.plan.build.internal.spaces.QuerySpacesImpl - Adding QuerySpace : uid = &lt;gen:1&gt; -&gt; org.hibernate.loader.plan.build.internal.spaces.CollectionQuerySpaceImpl@c827db]
22:30:05.249 [main] DEBUG org.hibernate.loader.plan.build.internal.spaces.QuerySpacesImpl - Adding QuerySpace : uid = &lt;gen:2&gt; -&gt; org.hibernate.loader.plan.build.internal.spaces.EntityQuerySpaceImpl@377c68c6]
22:30:05.250 [main] DEBUG org.hibernate.loader.plan.build.internal.FetchStyleLoadPlanBuildingAssociationVisitationStrategy - Building LoadPlan...
22:30:05.251 [main] DEBUG org.hibernate.loader.plan.exec.internal.LoadQueryJoinAndFetchProcessor - processing queryspace &lt;gen:0&gt;
22:30:05.252 [main] DEBUG org.hibernate.loader.plan.build.spi.LoadPlanTreePrinter - LoadPlan(entity=com.project.backend.domain.Category)
    - Returns
       - EntityReturnImpl(entity=com.project.backend.domain.Category, querySpaceUid=&lt;gen:0&gt;, path=com.project.backend.domain.Category)
          - CollectionAttributeFetchImpl(collection=com.project.backend.domain.Category.products, querySpaceUid=&lt;gen:1&gt;, path=com.project.backend.domain.Category.products)
             - (collection element) CollectionFetchableElementEntityGraph(entity=com.project.backend.domain.Product, querySpaceUid=&lt;gen:2&gt;, path=com.project.backend.domain.Category.products.&lt;elements&gt;)
    - QuerySpaces
       - EntityQuerySpaceImpl(uid=&lt;gen:0&gt;, entity=com.project.backend.domain.Category)
          - SQL table alias mapping - category0_
          - alias suffix - 0_
          - suffixed key columns - {id1_0_0_}

22:30:05.252 [main] DEBUG org.hibernate.loader.entity.plan.EntityLoader - Static select for entity com.project.backend.domain.Category [PESSIMISTIC_FORCE_INCREMENT]: select category0_.id as id1_0_0_, category0_.description as descript2_0_0_, category0_.name as name3_0_0_ from Category category0_ where category0_.id=? for update
22:30:05.252 [main] DEBUG org.hibernate.loader.plan.build.internal.spaces.QuerySpacesImpl - Adding QuerySpace : uid = &lt;gen:0&gt; -&gt; org.hibernate.loader.plan.build.internal.spaces.EntityQuerySpaceImpl@538cd0f2]
22:30:05.252 [main] DEBUG org.hibernate.persister.walking.spi.MetamodelGraphWalker - Visiting attribute path : description
22:30:05.252 [main] DEBUG org.hibernate.persister.walking.spi.MetamodelGraphWalker - Visiting attribute path : name
22:30:05.252 [main] DEBUG org.hibernate.persister.walking.spi.MetamodelGraphWalker - Visiting attribute path : products
22:30:05.252 [main] DEBUG org.hibernate.loader.plan.build.internal.spaces.QuerySpacesImpl - Adding QuerySpace : uid = &lt;gen:1&gt; -&gt; org.hibernate.loader.plan.build.internal.spaces.CollectionQuerySpaceImpl@430fa4ef]
22:30:05.252 [main] DEBUG org.hibernate.loader.plan.build.internal.spaces.QuerySpacesImpl - Adding QuerySpace : uid = &lt;gen:2&gt; -&gt; org.hibernate.loader.plan.build.internal.spaces.EntityQuerySpaceImpl@1761de10]
22:30:05.253 [main] DEBUG org.hibernate.loader.plan.build.internal.FetchStyleLoadPlanBuildingAssociationVisitationStrategy - Building LoadPlan...
22:30:05.253 [main] DEBUG org.hibernate.loader.plan.exec.internal.LoadQueryJoinAndFetchProcessor - processing queryspace &lt;gen:0&gt;
22:30:05.253 [main] DEBUG org.hibernate.loader.plan.build.spi.LoadPlanTreePrinter - LoadPlan(entity=com.project.backend.domain.Category)
    - Returns
       - EntityReturnImpl(entity=com.project.backend.domain.Category, querySpaceUid=&lt;gen:0&gt;, path=com.project.backend.domain.Category)
          - CollectionAttributeFetchImpl(collection=com.project.backend.domain.Category.products, querySpaceUid=&lt;gen:1&gt;, path=com.project.backend.domain.Category.products)
             - (collection element) CollectionFetchableElementEntityGraph(entity=com.project.backend.domain.Product, querySpaceUid=&lt;gen:2&gt;, path=com.project.backend.domain.Category.products.&lt;elements&gt;)
    - QuerySpaces
       - EntityQuerySpaceImpl(uid=&lt;gen:0&gt;, entity=com.project.backend.domain.Category)
          - SQL table alias mapping - category0_
          - alias suffix - 0_
          - suffixed key columns - {id1_0_0_}

22:30:05.253 [main] DEBUG org.hibernate.loader.entity.plan.EntityLoader - Static select for entity com.project.backend.domain.Category [OPTIMISTIC]: select category0_.id as id1_0_0_, category0_.description as descript2_0_0_, category0_.name as name3_0_0_ from Category category0_ where category0_.id=?
22:30:05.253 [main] DEBUG org.hibernate.loader.plan.build.internal.spaces.QuerySpacesImpl - Adding QuerySpace : uid = &lt;gen:0&gt; -&gt; org.hibernate.loader.plan.build.internal.spaces.EntityQuerySpaceImpl@22df874e]
22:30:05.254 [main] DEBUG org.hibernate.persister.walking.spi.MetamodelGraphWalker - Visiting attribute path : description
22:30:05.254 [main] DEBUG org.hibernate.persister.walking.spi.MetamodelGraphWalker - Visiting attribute path : name
22:30:05.254 [main] DEBUG org.hibernate.persister.walking.spi.MetamodelGraphWalker - Visiting attribute path : products
22:30:05.254 [main] DEBUG org.hibernate.loader.plan.build.internal.spaces.QuerySpacesImpl - Adding QuerySpace : uid = &lt;gen:1&gt; -&gt; org.hibernate.loader.plan.build.internal.spaces.CollectionQuerySpaceImpl@5bdaf2ce]
22:30:05.254 [main] DEBUG org.hibernate.loader.plan.build.internal.spaces.QuerySpacesImpl - Adding QuerySpace : uid = &lt;gen:2&gt; -&gt; org.hibernate.loader.plan.build.internal.spaces.EntityQuerySpaceImpl@42d236fb]
22:30:05.254 [main] DEBUG org.hibernate.loader.plan.build.internal.FetchStyleLoadPlanBuildingAssociationVisitationStrategy - Building LoadPlan...
22:30:05.254 [main] DEBUG org.hibernate.loader.plan.exec.internal.LoadQueryJoinAndFetchProcessor - processing queryspace &lt;gen:0&gt;
22:30:05.254 [main] DEBUG org.hibernate.loader.plan.build.spi.LoadPlanTreePrinter - LoadPlan(entity=com.project.backend.domain.Category)
    - Returns
       - EntityReturnImpl(entity=com.project.backend.domain.Category, querySpaceUid=&lt;gen:0&gt;, path=com.project.backend.domain.Category)
          - CollectionAttributeFetchImpl(collection=com.project.backend.domain.Category.products, querySpaceUid=&lt;gen:1&gt;, path=com.project.backend.domain.Category.products)
             - (collection element) CollectionFetchableElementEntityGraph(entity=com.project.backend.domain.Product, querySpaceUid=&lt;gen:2&gt;, path=com.project.backend.domain.Category.products.&lt;elements&gt;)
    - QuerySpaces
       - EntityQuerySpaceImpl(uid=&lt;gen:0&gt;, entity=com.project.backend.domain.Category)
          - SQL table alias mapping - category0_
          - alias suffix - 0_
          - suffixed key columns - {id1_0_0_}

22:30:05.255 [main] DEBUG org.hibernate.loader.entity.plan.EntityLoader - Static select for entity com.project.backend.domain.Category [OPTIMISTIC_FORCE_INCREMENT]: select category0_.id as id1_0_0_, category0_.description as descript2_0_0_, category0_.name as name3_0_0_ from Category category0_ where category0_.id=?
22:30:05.255 [main] DEBUG org.hibernate.loader.Loader - Static select for action ACTION_MERGE on entity com.project.backend.domain.Category: select category0_.id as id1_0_0_, category0_.description as descript2_0_0_, category0_.name as name3_0_0_ from Category category0_ where category0_.id=?
22:30:05.255 [main] DEBUG org.hibernate.loader.Loader - Static select for action ACTION_REFRESH on entity com.project.backend.domain.Category: select category0_.id as id1_0_0_, category0_.description as descript2_0_0_, category0_.name as name3_0_0_ from Category category0_ where category0_.id=?
22:30:05.255 [main] DEBUG org.hibernate.persister.entity.AbstractEntityPersister - Static SQL for entity: com.project.backend.domain.Supplier
22:30:05.255 [main] DEBUG org.hibernate.persister.entity.AbstractEntityPersister -  Version select: select id from Supplier where id =?
22:30:05.255 [main] DEBUG org.hibernate.persister.entity.AbstractEntityPersister -  Snapshot select: select supplier_.id, supplier_.address as address2_2_, supplier_.name as name3_2_ from Supplier supplier_ where supplier_.id=?
22:30:05.255 [main] DEBUG org.hibernate.persister.entity.AbstractEntityPersister -  Insert 0: insert into Supplier (address, name, id) values (?, ?, ?)
22:30:05.255 [main] DEBUG org.hibernate.persister.entity.AbstractEntityPersister -  Update 0: update Supplier set address=?, name=? where id=?
22:30:05.256 [main] DEBUG org.hibernate.persister.entity.AbstractEntityPersister -  Delete 0: delete from Supplier where id=?
22:30:05.257 [main] DEBUG org.hibernate.loader.plan.build.internal.spaces.QuerySpacesImpl - Adding QuerySpace : uid = &lt;gen:0&gt; -&gt; org.hibernate.loader.plan.build.internal.spaces.EntityQuerySpaceImpl@1ce93c18]
22:30:05.257 [main] DEBUG org.hibernate.persister.walking.spi.MetamodelGraphWalker - Visiting attribute path : address
22:30:05.257 [main] DEBUG org.hibernate.persister.walking.spi.MetamodelGraphWalker - Visiting attribute path : name
22:30:05.257 [main] DEBUG org.hibernate.persister.walking.spi.MetamodelGraphWalker - Visiting attribute path : products
22:30:05.257 [main] DEBUG org.hibernate.loader.plan.build.internal.spaces.QuerySpacesImpl - Adding QuerySpace : uid = &lt;gen:1&gt; -&gt; org.hibernate.loader.plan.build.internal.spaces.CollectionQuerySpaceImpl@1532c619]
22:30:05.258 [main] DEBUG org.hibernate.loader.plan.build.internal.spaces.QuerySpacesImpl - Adding QuerySpace : uid = &lt;gen:2&gt; -&gt; org.hibernate.loader.plan.build.internal.spaces.EntityQuerySpaceImpl@46044faa]
22:30:05.258 [main] DEBUG org.hibernate.persister.walking.spi.MetamodelGraphWalker - Visiting attribute path : products.category
22:30:05.258 [main] DEBUG org.hibernate.loader.plan.build.internal.spaces.QuerySpacesImpl - Adding QuerySpace : uid = &lt;gen:3&gt; -&gt; org.hibernate.loader.plan.build.internal.spaces.EntityQuerySpaceImpl@19f9d595]
22:30:05.259 [main] DEBUG org.hibernate.persister.walking.spi.MetamodelGraphWalker - Visiting attribute path : products.category.description
22:30:05.259 [main] DEBUG org.hibernate.persister.walking.spi.MetamodelGraphWalker - Visiting attribute path : products.category.name
22:30:05.259 [main] DEBUG org.hibernate.persister.walking.spi.MetamodelGraphWalker - Visiting attribute path : products.category.products
22:30:05.259 [main] DEBUG org.hibernate.persister.walking.spi.MetamodelGraphWalker - Property path deemed to be circular : products.category.products
22:30:05.260 [main] DEBUG org.hibernate.persister.walking.spi.MetamodelGraphWalker - Visiting attribute path : products.categoryId
22:30:05.263 [main] DEBUG org.hibernate.persister.walking.spi.MetamodelGraphWalker - Visiting attribute path : products.description
22:30:05.264 [main] DEBUG org.hibernate.persister.walking.spi.MetamodelGraphWalker - Visiting attribute path : products.name
22:30:05.264 [main] DEBUG org.hibernate.persister.walking.spi.MetamodelGraphWalker - Visiting attribute path : products.price
22:30:05.264 [main] DEBUG org.hibernate.persister.walking.spi.MetamodelGraphWalker - Visiting attribute path : products.supplier
22:30:05.265 [main] DEBUG org.hibernate.persister.walking.spi.MetamodelGraphWalker - Property path deemed to be circular : products.supplier
22:30:05.265 [main] DEBUG org.hibernate.persister.walking.spi.MetamodelGraphWalker - Visiting attribute path : products.supplierId
22:30:05.265 [main] DEBUG org.hibernate.loader.plan.build.internal.FetchStyleLoadPlanBuildingAssociationVisitationStrategy - Building LoadPlan...
22:30:05.265 [main] DEBUG org.hibernate.loader.plan.exec.internal.LoadQueryJoinAndFetchProcessor - processing queryspace &lt;gen:0&gt;
22:30:05.269 [main] DEBUG org.hibernate.loader.plan.build.spi.LoadPlanTreePrinter - LoadPlan(entity=com.project.backend.domain.Supplier)
    - Returns
       - EntityReturnImpl(entity=com.project.backend.domain.Supplier, querySpaceUid=&lt;gen:0&gt;, path=com.project.backend.domain.Supplier)
          - CollectionAttributeFetchImpl(collection=com.project.backend.domain.Supplier.products, querySpaceUid=&lt;gen:1&gt;, path=com.project.backend.domain.Supplier.products)
             - (collection element) CollectionFetchableElementEntityGraph(entity=com.project.backend.domain.Product, querySpaceUid=&lt;gen:2&gt;, path=com.project.backend.domain.Supplier.products.&lt;elements&gt;)
                - EntityAttributeFetchImpl(entity=com.project.backend.domain.Category, querySpaceUid=&lt;gen:3&gt;, path=com.project.backend.domain.Supplier.products.&lt;elements&gt;.category)
    - QuerySpaces
       - EntityQuerySpaceImpl(uid=&lt;gen:0&gt;, entity=com.project.backend.domain.Supplier)
          - SQL table alias mapping - supplier0_
          - alias suffix - 0_
          - suffixed key columns - {id1_2_0_}
          - JOIN (JoinDefinedByMetadata(products)) : &lt;gen:0&gt; -&gt; &lt;gen:1&gt;
             - CollectionQuerySpaceImpl(uid=&lt;gen:1&gt;, collection=com.project.backend.domain.Supplier.products)
                - SQL table alias mapping - products1_
                - alias suffix - 1_
                - suffixed key columns - {supplier6_1_1_}
                - entity-element alias suffix - 2_
                - 2_entity-element suffixed key columns - id1_1_2_
                - JOIN (JoinDefinedByMetadata(elements)) : &lt;gen:1&gt; -&gt; &lt;gen:2&gt;
                   - EntityQuerySpaceImpl(uid=&lt;gen:2&gt;, entity=com.project.backend.domain.Product)
                      - SQL table alias mapping - products1_
                      - alias suffix - 2_
                      - suffixed key columns - {id1_1_2_}
                      - JOIN (JoinDefinedByMetadata(category)) : &lt;gen:2&gt; -&gt; &lt;gen:3&gt;
                         - EntityQuerySpaceImpl(uid=&lt;gen:3&gt;, entity=com.project.backend.domain.Category)
                            - SQL table alias mapping - category2_
                            - alias suffix - 3_
                            - suffixed key columns - {id1_0_3_}

22:30:05.270 [main] DEBUG org.hibernate.loader.entity.plan.EntityLoader - Static select for entity com.project.backend.domain.Supplier [NONE]: select supplier0_.id as id1_2_0_, supplier0_.address as address2_2_0_, supplier0_.name as name3_2_0_, products1_.supplierid as supplier6_1_1_, products1_.id as id1_1_1_, products1_.id as id1_1_2_, products1_.categoryId as category2_1_2_, products1_.description as descript3_1_2_, products1_.name as name4_1_2_, products1_.price as price5_1_2_, products1_.supplierid as supplier6_1_2_, category2_.id as id1_0_3_, category2_.description as descript2_0_3_, category2_.name as name3_0_3_ from Supplier supplier0_ left outer join Product products1_ on supplier0_.id=products1_.supplierid left outer join Category category2_ on products1_.categoryId=category2_.id where supplier0_.id=?
22:30:05.270 [main] DEBUG org.hibernate.loader.plan.build.internal.spaces.QuerySpacesImpl - Adding QuerySpace : uid = &lt;gen:0&gt; -&gt; org.hibernate.loader.plan.build.internal.spaces.EntityQuerySpaceImpl@2bfeb1ef]
22:30:05.270 [main] DEBUG org.hibernate.persister.walking.spi.MetamodelGraphWalker - Visiting attribute path : address
22:30:05.271 [main] DEBUG org.hibernate.persister.walking.spi.MetamodelGraphWalker - Visiting attribute path : name
22:30:05.271 [main] DEBUG org.hibernate.persister.walking.spi.MetamodelGraphWalker - Visiting attribute path : products
22:30:05.271 [main] DEBUG org.hibernate.loader.plan.build.internal.spaces.QuerySpacesImpl - Adding QuerySpace : uid = &lt;gen:1&gt; -&gt; org.hibernate.loader.plan.build.internal.spaces.CollectionQuerySpaceImpl@208e9ef6]
22:30:05.271 [main] DEBUG org.hibernate.loader.plan.build.internal.spaces.QuerySpacesImpl - Adding QuerySpace : uid = &lt;gen:2&gt; -&gt; org.hibernate.loader.plan.build.internal.spaces.EntityQuerySpaceImpl@78b236a0]
22:30:05.272 [main] DEBUG org.hibernate.persister.walking.spi.MetamodelGraphWalker - Visiting attribute path : products.category
22:30:05.274 [main] DEBUG org.hibernate.loader.plan.build.internal.spaces.QuerySpacesImpl - Adding QuerySpace : uid = &lt;gen:3&gt; -&gt; org.hibernate.loader.plan.build.internal.spaces.EntityQuerySpaceImpl@60e9df3c]
22:30:05.274 [main] DEBUG org.hibernate.persister.walking.spi.MetamodelGraphWalker - Visiting attribute path : products.category.description
22:30:05.274 [main] DEBUG org.hibernate.persister.walking.spi.MetamodelGraphWalker - Visiting attribute path : products.category.name
22:30:05.274 [main] DEBUG org.hibernate.persister.walking.spi.MetamodelGraphWalker - Visiting attribute path : products.category.products
22:30:05.274 [main] DEBUG org.hibernate.persister.walking.spi.MetamodelGraphWalker - Property path deemed to be circular : products.category.products
22:30:05.277 [main] DEBUG org.hibernate.persister.walking.spi.MetamodelGraphWalker - Visiting attribute path : products.categoryId
22:30:05.277 [main] DEBUG org.hibernate.persister.walking.spi.MetamodelGraphWalker - Visiting attribute path : products.description
22:30:05.277 [main] DEBUG org.hibernate.persister.walking.spi.MetamodelGraphWalker - Visiting attribute path : products.name
22:30:05.277 [main] DEBUG org.hibernate.persister.walking.spi.MetamodelGraphWalker - Visiting attribute path : products.price
22:30:05.277 [main] DEBUG org.hibernate.persister.walking.spi.MetamodelGraphWalker - Visiting attribute path : products.supplier
22:30:05.278 [main] DEBUG org.hibernate.persister.walking.spi.MetamodelGraphWalker - Property path deemed to be circular : products.supplier
22:30:05.278 [main] DEBUG org.hibernate.persister.walking.spi.MetamodelGraphWalker - Visiting attribute path : products.supplierId
22:30:05.278 [main] DEBUG org.hibernate.loader.plan.build.internal.FetchStyleLoadPlanBuildingAssociationVisitationStrategy - Building LoadPlan...
22:30:05.278 [main] DEBUG org.hibernate.loader.plan.exec.internal.LoadQueryJoinAndFetchProcessor - processing queryspace &lt;gen:0&gt;
22:30:05.279 [main] DEBUG org.hibernate.loader.plan.build.spi.LoadPlanTreePrinter - LoadPlan(entity=com.project.backend.domain.Supplier)
    - Returns
       - EntityReturnImpl(entity=com.project.backend.domain.Supplier, querySpaceUid=&lt;gen:0&gt;, path=com.project.backend.domain.Supplier)
          - CollectionAttributeFetchImpl(collection=com.project.backend.domain.Supplier.products, querySpaceUid=&lt;gen:1&gt;, path=com.project.backend.domain.Supplier.products)
             - (collection element) CollectionFetchableElementEntityGraph(entity=com.project.backend.domain.Product, querySpaceUid=&lt;gen:2&gt;, path=com.project.backend.domain.Supplier.products.&lt;elements&gt;)
                - EntityAttributeFetchImpl(entity=com.project.backend.domain.Category, querySpaceUid=&lt;gen:3&gt;, path=com.project.backend.domain.Supplier.products.&lt;elements&gt;.category)
    - QuerySpaces
       - EntityQuerySpaceImpl(uid=&lt;gen:0&gt;, entity=com.project.backend.domain.Supplier)
          - SQL table alias mapping - supplier0_
          - alias suffix - 0_
          - suffixed key columns - {id1_2_0_}
          - JOIN (JoinDefinedByMetadata(products)) : &lt;gen:0&gt; -&gt; &lt;gen:1&gt;
             - CollectionQuerySpaceImpl(uid=&lt;gen:1&gt;, collection=com.project.backend.domain.Supplier.products)
                - SQL table alias mapping - products1_
                - alias suffix - 1_
                - suffixed key columns - {supplier6_1_1_}
                - entity-element alias suffix - 2_
                - 2_entity-element suffixed key columns - id1_1_2_
                - JOIN (JoinDefinedByMetadata(elements)) : &lt;gen:1&gt; -&gt; &lt;gen:2&gt;
                   - EntityQuerySpaceImpl(uid=&lt;gen:2&gt;, entity=com.project.backend.domain.Product)
                      - SQL table alias mapping - products1_
                      - alias suffix - 2_
                      - suffixed key columns - {id1_1_2_}
                      - JOIN (JoinDefinedByMetadata(category)) : &lt;gen:2&gt; -&gt; &lt;gen:3&gt;
                         - EntityQuerySpaceImpl(uid=&lt;gen:3&gt;, entity=com.project.backend.domain.Category)
                            - SQL table alias mapping - category2_
                            - alias suffix - 3_
                            - suffixed key columns - {id1_0_3_}

22:30:05.279 [main] DEBUG org.hibernate.loader.entity.plan.EntityLoader - Static select for entity com.project.backend.domain.Supplier [READ]: select supplier0_.id as id1_2_0_, supplier0_.address as address2_2_0_, supplier0_.name as name3_2_0_, products1_.supplierid as supplier6_1_1_, products1_.id as id1_1_1_, products1_.id as id1_1_2_, products1_.categoryId as category2_1_2_, products1_.description as descript3_1_2_, products1_.name as name4_1_2_, products1_.price as price5_1_2_, products1_.supplierid as supplier6_1_2_, category2_.id as id1_0_3_, category2_.description as descript2_0_3_, category2_.name as name3_0_3_ from Supplier supplier0_ left outer join Product products1_ on supplier0_.id=products1_.supplierid left outer join Category category2_ on products1_.categoryId=category2_.id where supplier0_.id=?
22:30:05.280 [main] DEBUG org.hibernate.loader.plan.build.internal.spaces.QuerySpacesImpl - Adding QuerySpace : uid = &lt;gen:0&gt; -&gt; org.hibernate.loader.plan.build.internal.spaces.EntityQuerySpaceImpl@435ce306]
22:30:05.280 [main] DEBUG org.hibernate.persister.walking.spi.MetamodelGraphWalker - Visiting attribute path : address
22:30:05.280 [main] DEBUG org.hibernate.persister.walking.spi.MetamodelGraphWalker - Visiting attribute path : name
22:30:05.280 [main] DEBUG org.hibernate.persister.walking.spi.MetamodelGraphWalker - Visiting attribute path : products
22:30:05.280 [main] DEBUG org.hibernate.loader.plan.build.internal.spaces.QuerySpacesImpl - Adding QuerySpace : uid = &lt;gen:1&gt; -&gt; org.hibernate.loader.plan.build.internal.spaces.CollectionQuerySpaceImpl@7dc51783]
22:30:05.280 [main] DEBUG org.hibernate.loader.plan.build.internal.spaces.QuerySpacesImpl - Adding QuerySpace : uid = &lt;gen:2&gt; -&gt; org.hibernate.loader.plan.build.internal.spaces.EntityQuerySpaceImpl@4b61d0c6]
22:30:05.280 [main] DEBUG org.hibernate.loader.plan.build.internal.FetchStyleLoadPlanBuildingAssociationVisitationStrategy - Building LoadPlan...
22:30:05.280 [main] DEBUG org.hibernate.loader.plan.exec.internal.LoadQueryJoinAndFetchProcessor - processing queryspace &lt;gen:0&gt;
22:30:05.281 [main] DEBUG org.hibernate.loader.plan.build.spi.LoadPlanTreePrinter - LoadPlan(entity=com.project.backend.domain.Supplier)
    - Returns
       - EntityReturnImpl(entity=com.project.backend.domain.Supplier, querySpaceUid=&lt;gen:0&gt;, path=com.project.backend.domain.Supplier)
          - CollectionAttributeFetchImpl(collection=com.project.backend.domain.Supplier.products, querySpaceUid=&lt;gen:1&gt;, path=com.project.backend.domain.Supplier.products)
             - (collection element) CollectionFetchableElementEntityGraph(entity=com.project.backend.domain.Product, querySpaceUid=&lt;gen:2&gt;, path=com.project.backend.domain.Supplier.products.&lt;elements&gt;)
    - QuerySpaces
       - EntityQuerySpaceImpl(uid=&lt;gen:0&gt;, entity=com.project.backend.domain.Supplier)
          - SQL table alias mapping - supplier0_
          - alias suffix - 0_
          - suffixed key columns - {id1_2_0_}

22:30:05.281 [main] DEBUG org.hibernate.loader.entity.plan.EntityLoader - Static select for entity com.project.backend.domain.Supplier [UPGRADE]: select supplier0_.id as id1_2_0_, supplier0_.address as address2_2_0_, supplier0_.name as name3_2_0_ from Supplier supplier0_ where supplier0_.id=? for update
22:30:05.281 [main] DEBUG org.hibernate.loader.plan.build.internal.spaces.QuerySpacesImpl - Adding QuerySpace : uid = &lt;gen:0&gt; -&gt; org.hibernate.loader.plan.build.internal.spaces.EntityQuerySpaceImpl@6f815e7f]
22:30:05.282 [main] DEBUG org.hibernate.persister.walking.spi.MetamodelGraphWalker - Visiting attribute path : address
22:30:05.282 [main] DEBUG org.hibernate.persister.walking.spi.MetamodelGraphWalker - Visiting attribute path : name
22:30:05.282 [main] DEBUG org.hibernate.persister.walking.spi.MetamodelGraphWalker - Visiting attribute path : products
22:30:05.282 [main] DEBUG org.hibernate.loader.plan.build.internal.spaces.QuerySpacesImpl - Adding QuerySpace : uid = &lt;gen:1&gt; -&gt; org.hibernate.loader.plan.build.internal.spaces.CollectionQuerySpaceImpl@304b9f1a]
22:30:05.282 [main] DEBUG org.hibernate.loader.plan.build.internal.spaces.QuerySpacesImpl - Adding QuerySpace : uid = &lt;gen:2&gt; -&gt; org.hibernate.loader.plan.build.internal.spaces.EntityQuerySpaceImpl@75699e35]
22:30:05.282 [main] DEBUG org.hibernate.loader.plan.build.internal.FetchStyleLoadPlanBuildingAssociationVisitationStrategy - Building LoadPlan...
22:30:05.282 [main] DEBUG org.hibernate.loader.plan.exec.internal.LoadQueryJoinAndFetchProcessor - processing queryspace &lt;gen:0&gt;
22:30:05.283 [main] DEBUG org.hibernate.loader.plan.build.spi.LoadPlanTreePrinter - LoadPlan(entity=com.project.backend.domain.Supplier)
    - Returns
       - EntityReturnImpl(entity=com.project.backend.domain.Supplier, querySpaceUid=&lt;gen:0&gt;, path=com.project.backend.domain.Supplier)
          - CollectionAttributeFetchImpl(collection=com.project.backend.domain.Supplier.products, querySpaceUid=&lt;gen:1&gt;, path=com.project.backend.domain.Supplier.products)
             - (collection element) CollectionFetchableElementEntityGraph(entity=com.project.backend.domain.Product, querySpaceUid=&lt;gen:2&gt;, path=com.project.backend.domain.Supplier.products.&lt;elements&gt;)
    - QuerySpaces
       - EntityQuerySpaceImpl(uid=&lt;gen:0&gt;, entity=com.project.backend.domain.Supplier)
          - SQL table alias mapping - supplier0_
          - alias suffix - 0_
          - suffixed key columns - {id1_2_0_}

22:30:05.283 [main] DEBUG org.hibernate.loader.entity.plan.EntityLoader - Static select for entity com.project.backend.domain.Supplier [UPGRADE_NOWAIT]: select supplier0_.id as id1_2_0_, supplier0_.address as address2_2_0_, supplier0_.name as name3_2_0_ from Supplier supplier0_ where supplier0_.id=? for update
22:30:05.283 [main] DEBUG org.hibernate.loader.plan.build.internal.spaces.QuerySpacesImpl - Adding QuerySpace : uid = &lt;gen:0&gt; -&gt; org.hibernate.loader.plan.build.internal.spaces.EntityQuerySpaceImpl@107e5441]
22:30:05.283 [main] DEBUG org.hibernate.persister.walking.spi.MetamodelGraphWalker - Visiting attribute path : address
22:30:05.283 [main] DEBUG org.hibernate.persister.walking.spi.MetamodelGraphWalker - Visiting attribute path : name
22:30:05.283 [main] DEBUG org.hibernate.persister.walking.spi.MetamodelGraphWalker - Visiting attribute path : products
22:30:05.284 [main] DEBUG org.hibernate.loader.plan.build.internal.spaces.QuerySpacesImpl - Adding QuerySpace : uid = &lt;gen:1&gt; -&gt; org.hibernate.loader.plan.build.internal.spaces.CollectionQuerySpaceImpl@263558c9]
22:30:05.284 [main] DEBUG org.hibernate.loader.plan.build.internal.spaces.QuerySpacesImpl - Adding QuerySpace : uid = &lt;gen:2&gt; -&gt; org.hibernate.loader.plan.build.internal.spaces.EntityQuerySpaceImpl@1f14f20c]
22:30:05.284 [main] DEBUG org.hibernate.loader.plan.build.internal.FetchStyleLoadPlanBuildingAssociationVisitationStrategy - Building LoadPlan...
22:30:05.284 [main] DEBUG org.hibernate.loader.plan.exec.internal.LoadQueryJoinAndFetchProcessor - processing queryspace &lt;gen:0&gt;
22:30:05.285 [main] DEBUG org.hibernate.loader.plan.build.spi.LoadPlanTreePrinter - LoadPlan(entity=com.project.backend.domain.Supplier)
    - Returns
       - EntityReturnImpl(entity=com.project.backend.domain.Supplier, querySpaceUid=&lt;gen:0&gt;, path=com.project.backend.domain.Supplier)
          - CollectionAttributeFetchImpl(collection=com.project.backend.domain.Supplier.products, querySpaceUid=&lt;gen:1&gt;, path=com.project.backend.domain.Supplier.products)
             - (collection element) CollectionFetchableElementEntityGraph(entity=com.project.backend.domain.Product, querySpaceUid=&lt;gen:2&gt;, path=com.project.backend.domain.Supplier.products.&lt;elements&gt;)
    - QuerySpaces
       - EntityQuerySpaceImpl(uid=&lt;gen:0&gt;, entity=com.project.backend.domain.Supplier)
          - SQL table alias mapping - supplier0_
          - alias suffix - 0_
          - suffixed key columns - {id1_2_0_}

22:30:05.285 [main] DEBUG org.hibernate.loader.entity.plan.EntityLoader - Static select for entity com.project.backend.domain.Supplier [UPGRADE_SKIPLOCKED]: select supplier0_.id as id1_2_0_, supplier0_.address as address2_2_0_, supplier0_.name as name3_2_0_ from Supplier supplier0_ where supplier0_.id=? for update
22:30:05.285 [main] DEBUG org.hibernate.loader.plan.build.internal.spaces.QuerySpacesImpl - Adding QuerySpace : uid = &lt;gen:0&gt; -&gt; org.hibernate.loader.plan.build.internal.spaces.EntityQuerySpaceImpl@7daa61f3]
22:30:05.286 [main] DEBUG org.hibernate.persister.walking.spi.MetamodelGraphWalker - Visiting attribute path : address
22:30:05.286 [main] DEBUG org.hibernate.persister.walking.spi.MetamodelGraphWalker - Visiting attribute path : name
22:30:05.286 [main] DEBUG org.hibernate.persister.walking.spi.MetamodelGraphWalker - Visiting attribute path : products
22:30:05.286 [main] DEBUG org.hibernate.loader.plan.build.internal.spaces.QuerySpacesImpl - Adding QuerySpace : uid = &lt;gen:1&gt; -&gt; org.hibernate.loader.plan.build.internal.spaces.CollectionQuerySpaceImpl@6e4ea0bd]
22:30:05.286 [main] DEBUG org.hibernate.loader.plan.build.internal.spaces.QuerySpacesImpl - Adding QuerySpace : uid = &lt;gen:2&gt; -&gt; org.hibernate.loader.plan.build.internal.spaces.EntityQuerySpaceImpl@56f2bbea]
22:30:05.286 [main] DEBUG org.hibernate.loader.plan.build.internal.FetchStyleLoadPlanBuildingAssociationVisitationStrategy - Building LoadPlan...
22:30:05.286 [main] DEBUG org.hibernate.loader.plan.exec.internal.LoadQueryJoinAndFetchProcessor - processing queryspace &lt;gen:0&gt;
22:30:05.287 [main] DEBUG org.hibernate.loader.plan.build.spi.LoadPlanTreePrinter - LoadPlan(entity=com.project.backend.domain.Supplier)
    - Returns
       - EntityReturnImpl(entity=com.project.backend.domain.Supplier, querySpaceUid=&lt;gen:0&gt;, path=com.project.backend.domain.Supplier)
          - CollectionAttributeFetchImpl(collection=com.project.backend.domain.Supplier.products, querySpaceUid=&lt;gen:1&gt;, path=com.project.backend.domain.Supplier.products)
             - (collection element) CollectionFetchableElementEntityGraph(entity=com.project.backend.domain.Product, querySpaceUid=&lt;gen:2&gt;, path=com.project.backend.domain.Supplier.products.&lt;elements&gt;)
    - QuerySpaces
       - EntityQuerySpaceImpl(uid=&lt;gen:0&gt;, entity=com.project.backend.domain.Supplier)
          - SQL table alias mapping - supplier0_
          - alias suffix - 0_
          - suffixed key columns - {id1_2_0_}

22:30:05.287 [main] DEBUG org.hibernate.loader.entity.plan.EntityLoader - Static select for entity com.project.backend.domain.Supplier [FORCE]: select supplier0_.id as id1_2_0_, supplier0_.address as address2_2_0_, supplier0_.name as name3_2_0_ from Supplier supplier0_ where supplier0_.id=? for update
22:30:05.287 [main] DEBUG org.hibernate.loader.plan.build.internal.spaces.QuerySpacesImpl - Adding QuerySpace : uid = &lt;gen:0&gt; -&gt; org.hibernate.loader.plan.build.internal.spaces.EntityQuerySpaceImpl@78f9ed3e]
22:30:05.287 [main] DEBUG org.hibernate.persister.walking.spi.MetamodelGraphWalker - Visiting attribute path : address
22:30:05.287 [main] DEBUG org.hibernate.persister.walking.spi.MetamodelGraphWalker - Visiting attribute path : name
22:30:05.288 [main] DEBUG org.hibernate.persister.walking.spi.MetamodelGraphWalker - Visiting attribute path : products
22:30:05.288 [main] DEBUG org.hibernate.loader.plan.build.internal.spaces.QuerySpacesImpl - Adding QuerySpace : uid = &lt;gen:1&gt; -&gt; org.hibernate.loader.plan.build.internal.spaces.CollectionQuerySpaceImpl@b0964b2]
22:30:05.288 [main] DEBUG org.hibernate.loader.plan.build.internal.spaces.QuerySpacesImpl - Adding QuerySpace : uid = &lt;gen:2&gt; -&gt; org.hibernate.loader.plan.build.internal.spaces.EntityQuerySpaceImpl@48e7b3d2]
22:30:05.288 [main] DEBUG org.hibernate.loader.plan.build.internal.FetchStyleLoadPlanBuildingAssociationVisitationStrategy - Building LoadPlan...
22:30:05.288 [main] DEBUG org.hibernate.loader.plan.exec.internal.LoadQueryJoinAndFetchProcessor - processing queryspace &lt;gen:0&gt;
22:30:05.288 [main] DEBUG org.hibernate.loader.plan.build.spi.LoadPlanTreePrinter - LoadPlan(entity=com.project.backend.domain.Supplier)
    - Returns
       - EntityReturnImpl(entity=com.project.backend.domain.Supplier, querySpaceUid=&lt;gen:0&gt;, path=com.project.backend.domain.Supplier)
          - CollectionAttributeFetchImpl(collection=com.project.backend.domain.Supplier.products, querySpaceUid=&lt;gen:1&gt;, path=com.project.backend.domain.Supplier.products)
             - (collection element) CollectionFetchableElementEntityGraph(entity=com.project.backend.domain.Product, querySpaceUid=&lt;gen:2&gt;, path=com.project.backend.domain.Supplier.products.&lt;elements&gt;)
    - QuerySpaces
       - EntityQuerySpaceImpl(uid=&lt;gen:0&gt;, entity=com.project.backend.domain.Supplier)
          - SQL table alias mapping - supplier0_
          - alias suffix - 0_
          - suffixed key columns - {id1_2_0_}

22:30:05.289 [main] DEBUG org.hibernate.loader.entity.plan.EntityLoader - Static select for entity com.project.backend.domain.Supplier [PESSIMISTIC_READ]: select supplier0_.id as id1_2_0_, supplier0_.address as address2_2_0_, supplier0_.name as name3_2_0_ from Supplier supplier0_ where supplier0_.id=? for update
22:30:05.289 [main] DEBUG org.hibernate.loader.plan.build.internal.spaces.QuerySpacesImpl - Adding QuerySpace : uid = &lt;gen:0&gt; -&gt; org.hibernate.loader.plan.build.internal.spaces.EntityQuerySpaceImpl@7f4037ed]
22:30:05.289 [main] DEBUG org.hibernate.persister.walking.spi.MetamodelGraphWalker - Visiting attribute path : address
22:30:05.289 [main] DEBUG org.hibernate.persister.walking.spi.MetamodelGraphWalker - Visiting attribute path : name
22:30:05.289 [main] DEBUG org.hibernate.persister.walking.spi.MetamodelGraphWalker - Visiting attribute path : products
22:30:05.289 [main] DEBUG org.hibernate.loader.plan.build.internal.spaces.QuerySpacesImpl - Adding QuerySpace : uid = &lt;gen:1&gt; -&gt; org.hibernate.loader.plan.build.internal.spaces.CollectionQuerySpaceImpl@64040287]
22:30:05.289 [main] DEBUG org.hibernate.loader.plan.build.internal.spaces.QuerySpacesImpl - Adding QuerySpace : uid = &lt;gen:2&gt; -&gt; org.hibernate.loader.plan.build.internal.spaces.EntityQuerySpaceImpl@110844f6]
22:30:05.289 [main] DEBUG org.hibernate.loader.plan.build.internal.FetchStyleLoadPlanBuildingAssociationVisitationStrategy - Building LoadPlan...
22:30:05.289 [main] DEBUG org.hibernate.loader.plan.exec.internal.LoadQueryJoinAndFetchProcessor - processing queryspace &lt;gen:0&gt;
22:30:05.290 [main] DEBUG org.hibernate.loader.plan.build.spi.LoadPlanTreePrinter - LoadPlan(entity=com.project.backend.domain.Supplier)
    - Returns
       - EntityReturnImpl(entity=com.project.backend.domain.Supplier, querySpaceUid=&lt;gen:0&gt;, path=com.project.backend.domain.Supplier)
          - CollectionAttributeFetchImpl(collection=com.project.backend.domain.Supplier.products, querySpaceUid=&lt;gen:1&gt;, path=com.project.backend.domain.Supplier.products)
             - (collection element) CollectionFetchableElementEntityGraph(entity=com.project.backend.domain.Product, querySpaceUid=&lt;gen:2&gt;, path=com.project.backend.domain.Supplier.products.&lt;elements&gt;)
    - QuerySpaces
       - EntityQuerySpaceImpl(uid=&lt;gen:0&gt;, entity=com.project.backend.domain.Supplier)
          - SQL table alias mapping - supplier0_
          - alias suffix - 0_
          - suffixed key columns - {id1_2_0_}

22:30:05.290 [main] DEBUG org.hibernate.loader.entity.plan.EntityLoader - Static select for entity com.project.backend.domain.Supplier [PESSIMISTIC_WRITE]: select supplier0_.id as id1_2_0_, supplier0_.address as address2_2_0_, supplier0_.name as name3_2_0_ from Supplier supplier0_ where supplier0_.id=? for update
22:30:05.290 [main] DEBUG org.hibernate.loader.plan.build.internal.spaces.QuerySpacesImpl - Adding QuerySpace : uid = &lt;gen:0&gt; -&gt; org.hibernate.loader.plan.build.internal.spaces.EntityQuerySpaceImpl@6f89f665]
22:30:05.290 [main] DEBUG org.hibernate.persister.walking.spi.MetamodelGraphWalker - Visiting attribute path : address
22:30:05.290 [main] DEBUG org.hibernate.persister.walking.spi.MetamodelGraphWalker - Visiting attribute path : name
22:30:05.290 [main] DEBUG org.hibernate.persister.walking.spi.MetamodelGraphWalker - Visiting attribute path : products
22:30:05.291 [main] DEBUG org.hibernate.loader.plan.build.internal.spaces.QuerySpacesImpl - Adding QuerySpace : uid = &lt;gen:1&gt; -&gt; org.hibernate.loader.plan.build.internal.spaces.CollectionQuerySpaceImpl@4925f4f5]
22:30:05.291 [main] DEBUG org.hibernate.loader.plan.build.internal.spaces.QuerySpacesImpl - Adding QuerySpace : uid = &lt;gen:2&gt; -&gt; org.hibernate.loader.plan.build.internal.spaces.EntityQuerySpaceImpl@1ad926d3]
22:30:05.291 [main] DEBUG org.hibernate.loader.plan.build.internal.FetchStyleLoadPlanBuildingAssociationVisitationStrategy - Building LoadPlan...
22:30:05.291 [main] DEBUG org.hibernate.loader.plan.exec.internal.LoadQueryJoinAndFetchProcessor - processing queryspace &lt;gen:0&gt;
22:30:05.291 [main] DEBUG org.hibernate.loader.plan.build.spi.LoadPlanTreePrinter - LoadPlan(entity=com.project.backend.domain.Supplier)
    - Returns
       - EntityReturnImpl(entity=com.project.backend.domain.Supplier, querySpaceUid=&lt;gen:0&gt;, path=com.project.backend.domain.Supplier)
          - CollectionAttributeFetchImpl(collection=com.project.backend.domain.Supplier.products, querySpaceUid=&lt;gen:1&gt;, path=com.project.backend.domain.Supplier.products)
             - (collection element) CollectionFetchableElementEntityGraph(entity=com.project.backend.domain.Product, querySpaceUid=&lt;gen:2&gt;, path=com.project.backend.domain.Supplier.products.&lt;elements&gt;)
    - QuerySpaces
       - EntityQuerySpaceImpl(uid=&lt;gen:0&gt;, entity=com.project.backend.domain.Supplier)
          - SQL table alias mapping - supplier0_
          - alias suffix - 0_
          - suffixed key columns - {id1_2_0_}

22:30:05.292 [main] DEBUG org.hibernate.loader.entity.plan.EntityLoader - Static select for entity com.project.backend.domain.Supplier [PESSIMISTIC_FORCE_INCREMENT]: select supplier0_.id as id1_2_0_, supplier0_.address as address2_2_0_, supplier0_.name as name3_2_0_ from Supplier supplier0_ where supplier0_.id=? for update
22:30:05.292 [main] DEBUG org.hibernate.loader.plan.build.internal.spaces.QuerySpacesImpl - Adding QuerySpace : uid = &lt;gen:0&gt; -&gt; org.hibernate.loader.plan.build.internal.spaces.EntityQuerySpaceImpl@3a43d133]
22:30:05.292 [main] DEBUG org.hibernate.persister.walking.spi.MetamodelGraphWalker - Visiting attribute path : address
22:30:05.292 [main] DEBUG org.hibernate.persister.walking.spi.MetamodelGraphWalker - Visiting attribute path : name
22:30:05.292 [main] DEBUG org.hibernate.persister.walking.spi.MetamodelGraphWalker - Visiting attribute path : products
22:30:05.292 [main] DEBUG org.hibernate.loader.plan.build.internal.spaces.QuerySpacesImpl - Adding QuerySpace : uid = &lt;gen:1&gt; -&gt; org.hibernate.loader.plan.build.internal.spaces.CollectionQuerySpaceImpl@5f2afe62]
22:30:05.292 [main] DEBUG org.hibernate.loader.plan.build.internal.spaces.QuerySpacesImpl - Adding QuerySpace : uid = &lt;gen:2&gt; -&gt; org.hibernate.loader.plan.build.internal.spaces.EntityQuerySpaceImpl@c96a4ea]
22:30:05.292 [main] DEBUG org.hibernate.loader.plan.build.internal.FetchStyleLoadPlanBuildingAssociationVisitationStrategy - Building LoadPlan...
22:30:05.292 [main] DEBUG org.hibernate.loader.plan.exec.internal.LoadQueryJoinAndFetchProcessor - processing queryspace &lt;gen:0&gt;
22:30:05.293 [main] DEBUG org.hibernate.loader.plan.build.spi.LoadPlanTreePrinter - LoadPlan(entity=com.project.backend.domain.Supplier)
    - Returns
       - EntityReturnImpl(entity=com.project.backend.domain.Supplier, querySpaceUid=&lt;gen:0&gt;, path=com.project.backend.domain.Supplier)
          - CollectionAttributeFetchImpl(collection=com.project.backend.domain.Supplier.products, querySpaceUid=&lt;gen:1&gt;, path=com.project.backend.domain.Supplier.products)
             - (collection element) CollectionFetchableElementEntityGraph(entity=com.project.backend.domain.Product, querySpaceUid=&lt;gen:2&gt;, path=com.project.backend.domain.Supplier.products.&lt;elements&gt;)
    - QuerySpaces
       - EntityQuerySpaceImpl(uid=&lt;gen:0&gt;, entity=com.project.backend.domain.Supplier)
          - SQL table alias mapping - supplier0_
          - alias suffix - 0_
          - suffixed key columns - {id1_2_0_}

22:30:05.293 [main] DEBUG org.hibernate.loader.entity.plan.EntityLoader - Static select for entity com.project.backend.domain.Supplier [OPTIMISTIC]: select supplier0_.id as id1_2_0_, supplier0_.address as address2_2_0_, supplier0_.name as name3_2_0_ from Supplier supplier0_ where supplier0_.id=?
22:30:05.293 [main] DEBUG org.hibernate.loader.plan.build.internal.spaces.QuerySpacesImpl - Adding QuerySpace : uid = &lt;gen:0&gt; -&gt; org.hibernate.loader.plan.build.internal.spaces.EntityQuerySpaceImpl@28782602]
22:30:05.294 [main] DEBUG org.hibernate.persister.walking.spi.MetamodelGraphWalker - Visiting attribute path : address
22:30:05.294 [main] DEBUG org.hibernate.persister.walking.spi.MetamodelGraphWalker - Visiting attribute path : name
22:30:05.294 [main] DEBUG org.hibernate.persister.walking.spi.MetamodelGraphWalker - Visiting attribute path : products
22:30:05.294 [main] DEBUG org.hibernate.loader.plan.build.internal.spaces.QuerySpacesImpl - Adding QuerySpace : uid = &lt;gen:1&gt; -&gt; org.hibernate.loader.plan.build.internal.spaces.CollectionQuerySpaceImpl@68105edc]
22:30:05.294 [main] DEBUG org.hibernate.loader.plan.build.internal.spaces.QuerySpacesImpl - Adding QuerySpace : uid = &lt;gen:2&gt; -&gt; org.hibernate.loader.plan.build.internal.spaces.EntityQuerySpaceImpl@511816c0]
22:30:05.294 [main] DEBUG org.hibernate.loader.plan.build.internal.FetchStyleLoadPlanBuildingAssociationVisitationStrategy - Building LoadPlan...
22:30:05.294 [main] DEBUG org.hibernate.loader.plan.exec.internal.LoadQueryJoinAndFetchProcessor - processing queryspace &lt;gen:0&gt;
22:30:05.295 [main] DEBUG org.hibernate.loader.plan.build.spi.LoadPlanTreePrinter - LoadPlan(entity=com.project.backend.domain.Supplier)
    - Returns
       - EntityReturnImpl(entity=com.project.backend.domain.Supplier, querySpaceUid=&lt;gen:0&gt;, path=com.project.backend.domain.Supplier)
          - CollectionAttributeFetchImpl(collection=com.project.backend.domain.Supplier.products, querySpaceUid=&lt;gen:1&gt;, path=com.project.backend.domain.Supplier.products)
             - (collection element) CollectionFetchableElementEntityGraph(entity=com.project.backend.domain.Product, querySpaceUid=&lt;gen:2&gt;, path=com.project.backend.domain.Supplier.products.&lt;elements&gt;)
    - QuerySpaces
       - EntityQuerySpaceImpl(uid=&lt;gen:0&gt;, entity=com.project.backend.domain.Supplier)
          - SQL table alias mapping - supplier0_
          - alias suffix - 0_
          - suffixed key columns - {id1_2_0_}

22:30:05.295 [main] DEBUG org.hibernate.loader.entity.plan.EntityLoader - Static select for entity com.project.backend.domain.Supplier [OPTIMISTIC_FORCE_INCREMENT]: select supplier0_.id as id1_2_0_, supplier0_.address as address2_2_0_, supplier0_.name as name3_2_0_ from Supplier supplier0_ where supplier0_.id=?
22:30:05.295 [main] DEBUG org.hibernate.loader.Loader - Static select for action ACTION_MERGE on entity com.project.backend.domain.Supplier: select supplier0_.id as id1_2_0_, supplier0_.address as address2_2_0_, supplier0_.name as name3_2_0_ from Supplier supplier0_ where supplier0_.id=?
22:30:05.296 [main] DEBUG org.hibernate.loader.Loader - Static select for action ACTION_REFRESH on entity com.project.backend.domain.Supplier: select supplier0_.id as id1_2_0_, supplier0_.address as address2_2_0_, supplier0_.name as name3_2_0_ from Supplier supplier0_ where supplier0_.id=?
22:30:05.303 [main] DEBUG org.hibernate.loader.plan.build.internal.spaces.QuerySpacesImpl - Adding QuerySpace : uid = &lt;gen:0&gt; -&gt; org.hibernate.loader.plan.build.internal.spaces.CollectionQuerySpaceImpl@607b2792]
22:30:05.303 [main] DEBUG org.hibernate.loader.plan.build.internal.spaces.QuerySpacesImpl - Adding QuerySpace : uid = &lt;gen:1&gt; -&gt; org.hibernate.loader.plan.build.internal.spaces.EntityQuerySpaceImpl@7f9e1534]
22:30:05.304 [main] DEBUG org.hibernate.persister.walking.spi.MetamodelGraphWalker - Visiting attribute path : category
22:30:05.304 [main] DEBUG org.hibernate.persister.walking.spi.MetamodelGraphWalker - Property path deemed to be circular : category
22:30:05.304 [main] DEBUG org.hibernate.persister.walking.spi.MetamodelGraphWalker - Visiting attribute path : categoryId
22:30:05.304 [main] DEBUG org.hibernate.persister.walking.spi.MetamodelGraphWalker - Visiting attribute path : description
22:30:05.304 [main] DEBUG org.hibernate.persister.walking.spi.MetamodelGraphWalker - Visiting attribute path : name
22:30:05.304 [main] DEBUG org.hibernate.persister.walking.spi.MetamodelGraphWalker - Visiting attribute path : price
22:30:05.304 [main] DEBUG org.hibernate.persister.walking.spi.MetamodelGraphWalker - Visiting attribute path : supplier
22:30:05.305 [main] DEBUG org.hibernate.loader.plan.build.internal.spaces.QuerySpacesImpl - Adding QuerySpace : uid = &lt;gen:2&gt; -&gt; org.hibernate.loader.plan.build.internal.spaces.EntityQuerySpaceImpl@31611954]
22:30:05.305 [main] DEBUG org.hibernate.persister.walking.spi.MetamodelGraphWalker - Visiting attribute path : supplier.address
22:30:05.305 [main] DEBUG org.hibernate.persister.walking.spi.MetamodelGraphWalker - Visiting attribute path : supplier.name
22:30:05.306 [main] DEBUG org.hibernate.persister.walking.spi.MetamodelGraphWalker - Visiting attribute path : supplier.products
22:30:05.306 [main] DEBUG org.hibernate.persister.walking.spi.MetamodelGraphWalker - Property path deemed to be circular : supplier.products
22:30:05.306 [main] DEBUG org.hibernate.persister.walking.spi.MetamodelGraphWalker - Visiting attribute path : supplierId
22:30:05.306 [main] DEBUG org.hibernate.loader.plan.build.internal.FetchStyleLoadPlanBuildingAssociationVisitationStrategy - Building LoadPlan...
22:30:05.308 [main] DEBUG org.hibernate.loader.plan.exec.internal.LoadQueryJoinAndFetchProcessor - processing queryspace &lt;gen:0&gt;
22:30:05.309 [main] DEBUG org.hibernate.loader.plan.build.spi.LoadPlanTreePrinter - LoadPlan(collection=com.project.backend.domain.Category.products)
    - Returns
       - CollectionReturnImpl(collection=com.project.backend.domain.Category.products, querySpaceUid=&lt;gen:0&gt;, path=[com.project.backend.domain.Category.products])
          - (collection element) CollectionFetchableElementEntityGraph(entity=com.project.backend.domain.Product, querySpaceUid=&lt;gen:1&gt;, path=[com.project.backend.domain.Category.products].&lt;elements&gt;)
             - EntityAttributeFetchImpl(entity=com.project.backend.domain.Supplier, querySpaceUid=&lt;gen:2&gt;, path=[com.project.backend.domain.Category.products].&lt;elements&gt;.supplier)
    - QuerySpaces
       - CollectionQuerySpaceImpl(uid=&lt;gen:0&gt;, collection=com.project.backend.domain.Category.products)
          - SQL table alias mapping - products0_
          - alias suffix - 0_
          - suffixed key columns - {category2_1_0_}
          - entity-element alias suffix - 1_
          - 1_entity-element suffixed key columns - id1_1_1_
          - JOIN (JoinDefinedByMetadata(elements)) : &lt;gen:0&gt; -&gt; &lt;gen:1&gt;
             - EntityQuerySpaceImpl(uid=&lt;gen:1&gt;, entity=com.project.backend.domain.Product)
                - SQL table alias mapping - products0_
                - alias suffix - 1_
                - suffixed key columns - {id1_1_1_}
                - JOIN (JoinDefinedByMetadata(supplier)) : &lt;gen:1&gt; -&gt; &lt;gen:2&gt;
                   - EntityQuerySpaceImpl(uid=&lt;gen:2&gt;, entity=com.project.backend.domain.Supplier)
                      - SQL table alias mapping - supplier1_
                      - alias suffix - 2_
                      - suffixed key columns - {id1_2_2_}

22:30:05.310 [main] DEBUG org.hibernate.loader.collection.plan.CollectionLoader - Static select for collection com.project.backend.domain.Category.products: select products0_.categoryId as category2_1_0_, products0_.id as id1_1_0_, products0_.id as id1_1_1_, products0_.categoryId as category2_1_1_, products0_.description as descript3_1_1_, products0_.name as name4_1_1_, products0_.price as price5_1_1_, products0_.supplierid as supplier6_1_1_, supplier1_.id as id1_2_2_, supplier1_.address as address2_2_2_, supplier1_.name as name3_2_2_ from Product products0_ inner join Supplier supplier1_ on products0_.supplierid=supplier1_.id where products0_.categoryId=?
22:30:05.310 [main] DEBUG org.hibernate.loader.plan.build.internal.spaces.QuerySpacesImpl - Adding QuerySpace : uid = &lt;gen:0&gt; -&gt; org.hibernate.loader.plan.build.internal.spaces.CollectionQuerySpaceImpl@1bd81830]
22:30:05.310 [main] DEBUG org.hibernate.loader.plan.build.internal.spaces.QuerySpacesImpl - Adding QuerySpace : uid = &lt;gen:1&gt; -&gt; org.hibernate.loader.plan.build.internal.spaces.EntityQuerySpaceImpl@39ab59f8]
22:30:05.310 [main] DEBUG org.hibernate.persister.walking.spi.MetamodelGraphWalker - Visiting attribute path : category
22:30:05.311 [main] DEBUG org.hibernate.loader.plan.build.internal.spaces.QuerySpacesImpl - Adding QuerySpace : uid = &lt;gen:2&gt; -&gt; org.hibernate.loader.plan.build.internal.spaces.EntityQuerySpaceImpl@4ad4936c]
22:30:05.311 [main] DEBUG org.hibernate.persister.walking.spi.MetamodelGraphWalker - Visiting attribute path : category.description
22:30:05.311 [main] DEBUG org.hibernate.persister.walking.spi.MetamodelGraphWalker - Visiting attribute path : category.name
22:30:05.311 [main] DEBUG org.hibernate.persister.walking.spi.MetamodelGraphWalker - Visiting attribute path : category.products
22:30:05.311 [main] DEBUG org.hibernate.persister.walking.spi.MetamodelGraphWalker - Property path deemed to be circular : category.products
22:30:05.311 [main] DEBUG org.hibernate.persister.walking.spi.MetamodelGraphWalker - Visiting attribute path : categoryId
22:30:05.312 [main] DEBUG org.hibernate.persister.walking.spi.MetamodelGraphWalker - Visiting attribute path : description
22:30:05.312 [main] DEBUG org.hibernate.persister.walking.spi.MetamodelGraphWalker - Visiting attribute path : name
22:30:05.312 [main] DEBUG org.hibernate.persister.walking.spi.MetamodelGraphWalker - Visiting attribute path : price
22:30:05.312 [main] DEBUG org.hibernate.persister.walking.spi.MetamodelGraphWalker - Visiting attribute path : supplier
22:30:05.312 [main] DEBUG org.hibernate.persister.walking.spi.MetamodelGraphWalker - Property path deemed to be circular : supplier
22:30:05.312 [main] DEBUG org.hibernate.persister.walking.spi.MetamodelGraphWalker - Visiting attribute path : supplierId
22:30:05.312 [main] DEBUG org.hibernate.loader.plan.build.internal.FetchStyleLoadPlanBuildingAssociationVisitationStrategy - Building LoadPlan...
22:30:05.313 [main] DEBUG org.hibernate.loader.plan.exec.internal.LoadQueryJoinAndFetchProcessor - processing queryspace &lt;gen:0&gt;
22:30:05.314 [main] DEBUG org.hibernate.loader.plan.build.spi.LoadPlanTreePrinter - LoadPlan(collection=com.project.backend.domain.Supplier.products)
    - Returns
       - CollectionReturnImpl(collection=com.project.backend.domain.Supplier.products, querySpaceUid=&lt;gen:0&gt;, path=[com.project.backend.domain.Supplier.products])
          - (collection element) CollectionFetchableElementEntityGraph(entity=com.project.backend.domain.Product, querySpaceUid=&lt;gen:1&gt;, path=[com.project.backend.domain.Supplier.products].&lt;elements&gt;)
             - EntityAttributeFetchImpl(entity=com.project.backend.domain.Category, querySpaceUid=&lt;gen:2&gt;, path=[com.project.backend.domain.Supplier.products].&lt;elements&gt;.category)
    - QuerySpaces
       - CollectionQuerySpaceImpl(uid=&lt;gen:0&gt;, collection=com.project.backend.domain.Supplier.products)
          - SQL table alias mapping - products0_
          - alias suffix - 0_
          - suffixed key columns - {supplier6_1_0_}
          - entity-element alias suffix - 1_
          - 1_entity-element suffixed key columns - id1_1_1_
          - JOIN (JoinDefinedByMetadata(elements)) : &lt;gen:0&gt; -&gt; &lt;gen:1&gt;
             - EntityQuerySpaceImpl(uid=&lt;gen:1&gt;, entity=com.project.backend.domain.Product)
                - SQL table alias mapping - products0_
                - alias suffix - 1_
                - suffixed key columns - {id1_1_1_}
                - JOIN (JoinDefinedByMetadata(category)) : &lt;gen:1&gt; -&gt; &lt;gen:2&gt;
                   - EntityQuerySpaceImpl(uid=&lt;gen:2&gt;, entity=com.project.backend.domain.Category)
                      - SQL table alias mapping - category1_
                      - alias suffix - 2_
                      - suffixed key columns - {id1_0_2_}

22:30:05.314 [main] DEBUG org.hibernate.loader.collection.plan.CollectionLoader - Static select for collection com.project.backend.domain.Supplier.products: select products0_.supplierid as supplier6_1_0_, products0_.id as id1_1_0_, products0_.id as id1_1_1_, products0_.categoryId as category2_1_1_, products0_.description as descript3_1_1_, products0_.name as name4_1_1_, products0_.price as price5_1_1_, products0_.supplierid as supplier6_1_1_, category1_.id as id1_0_2_, category1_.description as descript2_0_2_, category1_.name as name3_0_2_ from Product products0_ inner join Category category1_ on products0_.categoryId=category1_.id where products0_.supplierid=?
22:30:05.314 [main] DEBUG org.hibernate.internal.SessionFactoryImpl - Instantiated session factory
22:30:05.316 [main] DEBUG org.hibernate.engine.transaction.jta.platform.internal.JtaPlatformInitiator - No JtaPlatform was specified, checking resolver
22:30:05.317 [main] DEBUG org.hibernate.engine.transaction.jta.platform.internal.JtaPlatformResolverInitiator - No JtaPlatformResolver was specified, using default [org.hibernate.engine.transaction.jta.platform.internal.StandardJtaPlatformResolver]
22:30:05.329 [main] DEBUG org.hibernate.engine.transaction.jta.platform.internal.StandardJtaPlatformResolver - Could not resolve JtaPlatform, using default [org.hibernate.engine.transaction.jta.platform.internal.NoJtaPlatform]
22:30:05.331 [main] DEBUG org.hibernate.internal.NamedQueryRepository - Checking 0 named HQL queries
22:30:05.331 [main] DEBUG org.hibernate.internal.NamedQueryRepository - Checking 0 named SQL queries
22:30:05.334 [main] DEBUG org.hibernate.internal.SessionFactoryRegistry - Initializing SessionFactoryRegistry : org.hibernate.internal.SessionFactoryRegistry@7b22ec89
22:30:05.335 [main] DEBUG org.hibernate.internal.SessionFactoryRegistry - Registering SessionFactory: b9ed2180-cb88-43e3-82f9-b510a6cb1d07 (&lt;unnamed&gt;)
22:30:05.335 [main] DEBUG org.hibernate.internal.SessionFactoryRegistry - Not binding SessionFactory to JNDI, no JNDI name configured
22:30:05.344 [main] DEBUG org.springframework.beans.factory.support.DefaultListableBeanFactory - Eagerly caching bean &apos;sessionFactory&apos; to allow for resolving potential circular references
22:30:05.360 [main] DEBUG org.springframework.beans.factory.support.DefaultListableBeanFactory - Returning cached instance of singleton bean &apos;org.springframework.transaction.config.internalTransactionAdvisor&apos;
22:30:05.369 [main] DEBUG org.springframework.beans.factory.support.DefaultListableBeanFactory - Finished creating instance of bean &apos;sessionFactory&apos;
22:30:05.369 [main] DEBUG org.springframework.beans.factory.annotation.AutowiredAnnotationBeanPostProcessor - Autowiring by type from bean name &apos;categoryDAO&apos; to bean named &apos;sessionFactory&apos;
22:30:05.370 [main] DEBUG org.springframework.beans.factory.annotation.InjectionMetadata - Processing injected element of bean &apos;categoryDAO&apos;: AutowiredFieldElement for private com.project.backend.domain.Category com.project.backend.daoimpl.CategoryDAOIMPL.category
22:30:05.370 [main] DEBUG org.springframework.core.annotation.AnnotationUtils - Failed to meta-introspect annotation [interface org.springframework.beans.factory.annotation.Autowired]: java.lang.NullPointerException
22:30:05.371 [main] DEBUG org.springframework.beans.factory.support.DefaultListableBeanFactory - Creating shared instance of singleton bean &apos;category&apos;
22:30:05.371 [main] DEBUG org.springframework.beans.factory.support.DefaultListableBeanFactory - Creating instance of bean &apos;category&apos;
22:30:05.372 [main] DEBUG org.springframework.beans.factory.support.DefaultListableBeanFactory - Eagerly caching bean &apos;category&apos; to allow for resolving potential circular references
22:30:05.374 [main] DEBUG org.springframework.beans.factory.support.DefaultListableBeanFactory - Returning cached instance of singleton bean &apos;org.springframework.transaction.config.internalTransactionAdvisor&apos;
22:30:05.374 [main] DEBUG org.springframework.beans.factory.support.DefaultListableBeanFactory - Finished creating instance of bean &apos;category&apos;
22:30:05.375 [main] DEBUG org.springframework.beans.factory.annotation.AutowiredAnnotationBeanPostProcessor - Autowiring by type from bean name &apos;categoryDAO&apos; to bean named &apos;category&apos;
22:30:05.375 [main] DEBUG org.springframework.beans.factory.support.DefaultListableBeanFactory - Returning cached instance of singleton bean &apos;org.springframework.transaction.config.internalTransactionAdvisor&apos;
22:30:05.379 [main] DEBUG org.springframework.transaction.annotation.AnnotationTransactionAttributeSource - Adding transactional method &apos;com.project.backend.daoimpl.CategoryDAOIMPL.get&apos; with attribute: PROPAGATION_REQUIRED,ISOLATION_DEFAULT; &apos;&apos;
22:30:05.393 [main] DEBUG org.springframework.aop.framework.autoproxy.InfrastructureAdvisorAutoProxyCreator - Creating implicit proxy for bean &apos;categoryDAO&apos; with 0 common interceptors and 1 specific interceptors
22:30:05.396 [main] DEBUG org.springframework.aop.framework.JdkDynamicAopProxy - Creating JDK dynamic proxy: target source is SingletonTargetSource for target object [com.project.backend.daoimpl.CategoryDAOIMPL@4a1e3ac1]
22:30:05.405 [main] DEBUG org.springframework.beans.factory.support.DefaultListableBeanFactory - Finished creating instance of bean &apos;categoryDAO&apos;
22:30:05.405 [main] DEBUG org.springframework.beans.factory.support.DefaultListableBeanFactory - Creating shared instance of singleton bean &apos;productDAO&apos;
22:30:05.405 [main] DEBUG org.springframework.beans.factory.support.DefaultListableBeanFactory - Creating instance of bean &apos;productDAO&apos;
22:30:05.406 [main] DEBUG org.springframework.beans.factory.annotation.InjectionMetadata - Registered injected element on class [com.project.backend.daoimpl.ProductDAOIMPL]: AutowiredFieldElement for private org.hibernate.SessionFactory com.project.backend.daoimpl.ProductDAOIMPL.sessionFactory
22:30:05.406 [main] DEBUG org.springframework.beans.factory.annotation.InjectionMetadata - Registered injected element on class [com.project.backend.daoimpl.ProductDAOIMPL]: AutowiredFieldElement for private com.project.backend.domain.Product com.project.backend.daoimpl.ProductDAOIMPL.product
22:30:05.406 [main] DEBUG org.springframework.beans.factory.support.DefaultListableBeanFactory - Eagerly caching bean &apos;productDAO&apos; to allow for resolving potential circular references
22:30:05.408 [main] DEBUG org.springframework.beans.factory.annotation.InjectionMetadata - Processing injected element of bean &apos;productDAO&apos;: AutowiredFieldElement for private org.hibernate.SessionFactory com.project.backend.daoimpl.ProductDAOIMPL.sessionFactory
22:30:05.409 [main] DEBUG org.springframework.core.annotation.AnnotationUtils - Failed to meta-introspect annotation [interface org.springframework.beans.factory.annotation.Autowired]: java.lang.NullPointerException
22:30:05.409 [main] DEBUG org.springframework.beans.factory.support.DefaultListableBeanFactory - Returning cached instance of singleton bean &apos;sessionFactory&apos;
22:30:05.409 [main] DEBUG org.springframework.beans.factory.annotation.AutowiredAnnotationBeanPostProcessor - Autowiring by type from bean name &apos;productDAO&apos; to bean named &apos;sessionFactory&apos;
22:30:05.410 [main] DEBUG org.springframework.beans.factory.annotation.InjectionMetadata - Processing injected element of bean &apos;productDAO&apos;: AutowiredFieldElement for private com.project.backend.domain.Product com.project.backend.daoimpl.ProductDAOIMPL.product
22:30:05.410 [main] DEBUG org.springframework.core.annotation.AnnotationUtils - Failed to meta-introspect annotation [interface org.springframework.beans.factory.annotation.Autowired]: java.lang.NullPointerException
22:30:05.410 [main] DEBUG org.springframework.beans.factory.support.DefaultListableBeanFactory - Creating shared instance of singleton bean &apos;product&apos;
22:30:05.411 [main] DEBUG org.springframework.beans.factory.support.DefaultListableBeanFactory - Creating instance of bean &apos;product&apos;
22:30:05.412 [main] DEBUG org.springframework.beans.factory.support.DefaultListableBeanFactory - Eagerly caching bean &apos;product&apos; to allow for resolving potential circular references
22:30:05.414 [main] DEBUG org.springframework.beans.factory.support.DefaultListableBeanFactory - Returning cached instance of singleton bean &apos;org.springframework.transaction.config.internalTransactionAdvisor&apos;
22:30:05.414 [main] DEBUG org.springframework.beans.factory.support.DefaultListableBeanFactory - Finished creating instance of bean &apos;product&apos;
22:30:05.415 [main] DEBUG org.springframework.beans.factory.annotation.AutowiredAnnotationBeanPostProcessor - Autowiring by type from bean name &apos;productDAO&apos; to bean named &apos;product&apos;
22:30:05.415 [main] DEBUG org.springframework.beans.factory.support.DefaultListableBeanFactory - Returning cached instance of singleton bean &apos;org.springframework.transaction.config.internalTransactionAdvisor&apos;
22:30:05.416 [main] DEBUG org.springframework.transaction.annotation.AnnotationTransactionAttributeSource - Adding transactional method &apos;com.project.backend.daoimpl.ProductDAOIMPL.get&apos; with attribute: PROPAGATION_REQUIRED,ISOLATION_DEFAULT; &apos;&apos;
22:30:05.416 [main] DEBUG org.springframework.aop.framework.autoproxy.InfrastructureAdvisorAutoProxyCreator - Creating implicit proxy for bean &apos;productDAO&apos; with 0 common interceptors and 1 specific interceptors
22:30:05.417 [main] DEBUG org.springframework.aop.framework.JdkDynamicAopProxy - Creating JDK dynamic proxy: target source is SingletonTargetSource for target object [com.project.backend.daoimpl.ProductDAOIMPL@54534abf]
22:30:05.422 [main] DEBUG org.springframework.beans.factory.support.DefaultListableBeanFactory - Finished creating instance of bean &apos;productDAO&apos;
22:30:05.422 [main] DEBUG org.springframework.beans.factory.support.DefaultListableBeanFactory - Creating shared instance of singleton bean &apos;supplierDAO&apos;
22:30:05.422 [main] DEBUG org.springframework.beans.factory.support.DefaultListableBeanFactory - Creating instance of bean &apos;supplierDAO&apos;
22:30:05.423 [main] DEBUG org.springframework.beans.factory.annotation.InjectionMetadata - Registered injected element on class [com.project.backend.daoimpl.SupplierDAOIMPL]: AutowiredFieldElement for private org.hibernate.SessionFactory com.project.backend.daoimpl.SupplierDAOIMPL.sessionFactory
22:30:05.423 [main] DEBUG org.springframework.beans.factory.annotation.InjectionMetadata - Registered injected element on class [com.project.backend.daoimpl.SupplierDAOIMPL]: AutowiredFieldElement for private com.project.backend.domain.Supplier com.project.backend.daoimpl.SupplierDAOIMPL.supplier
22:30:05.423 [main] DEBUG org.springframework.beans.factory.support.DefaultListableBeanFactory - Eagerly caching bean &apos;supplierDAO&apos; to allow for resolving potential circular references
22:30:05.426 [main] DEBUG org.springframework.beans.factory.annotation.InjectionMetadata - Processing injected element of bean &apos;supplierDAO&apos;: AutowiredFieldElement for private org.hibernate.SessionFactory com.project.backend.daoimpl.SupplierDAOIMPL.sessionFactory
22:30:05.426 [main] DEBUG org.springframework.core.annotation.AnnotationUtils - Failed to meta-introspect annotation [interface org.springframework.beans.factory.annotation.Autowired]: java.lang.NullPointerException
22:30:05.426 [main] DEBUG org.springframework.beans.factory.support.DefaultListableBeanFactory - Returning cached instance of singleton bean &apos;sessionFactory&apos;
22:30:05.426 [main] DEBUG org.springframework.beans.factory.annotation.AutowiredAnnotationBeanPostProcessor - Autowiring by type from bean name &apos;supplierDAO&apos; to bean named &apos;sessionFactory&apos;
22:30:05.427 [main] DEBUG org.springframework.beans.factory.annotation.InjectionMetadata - Processing injected element of bean &apos;supplierDAO&apos;: AutowiredFieldElement for private com.project.backend.domain.Supplier com.project.backend.daoimpl.SupplierDAOIMPL.supplier
22:30:05.427 [main] DEBUG org.springframework.core.annotation.AnnotationUtils - Failed to meta-introspect annotation [interface org.springframework.beans.factory.annotation.Autowired]: java.lang.NullPointerException
22:30:05.428 [main] DEBUG org.springframework.beans.factory.support.DefaultListableBeanFactory - Creating shared instance of singleton bean &apos;supplier&apos;
22:30:05.428 [main] DEBUG org.springframework.beans.factory.support.DefaultListableBeanFactory - Creating instance of bean &apos;supplier&apos;
22:30:05.428 [main] DEBUG org.springframework.beans.factory.support.DefaultListableBeanFactory - Eagerly caching bean &apos;supplier&apos; to allow for resolving potential circular references
22:30:05.431 [main] DEBUG org.springframework.beans.factory.support.DefaultListableBeanFactory - Returning cached instance of singleton bean &apos;org.springframework.transaction.config.internalTransactionAdvisor&apos;
22:30:05.432 [main] DEBUG org.springframework.beans.factory.support.DefaultListableBeanFactory - Finished creating instance of bean &apos;supplier&apos;
22:30:05.432 [main] DEBUG org.springframework.beans.factory.annotation.AutowiredAnnotationBeanPostProcessor - Autowiring by type from bean name &apos;supplierDAO&apos; to bean named &apos;supplier&apos;
22:30:05.432 [main] DEBUG org.springframework.beans.factory.support.DefaultListableBeanFactory - Returning cached instance of singleton bean &apos;org.springframework.transaction.config.internalTransactionAdvisor&apos;
22:30:05.433 [main] DEBUG org.springframework.transaction.annotation.AnnotationTransactionAttributeSource - Adding transactional method &apos;com.project.backend.daoimpl.SupplierDAOIMPL.get&apos; with attribute: PROPAGATION_REQUIRED,ISOLATION_DEFAULT; &apos;&apos;
22:30:05.433 [main] DEBUG org.springframework.aop.framework.autoproxy.InfrastructureAdvisorAutoProxyCreator - Creating implicit proxy for bean &apos;supplierDAO&apos; with 0 common interceptors and 1 specific interceptors
22:30:05.433 [main] DEBUG org.springframework.aop.framework.JdkDynamicAopProxy - Creating JDK dynamic proxy: target source is SingletonTargetSource for target object [com.project.backend.daoimpl.SupplierDAOIMPL@667e34b1]
22:30:05.436 [main] DEBUG org.springframework.beans.factory.support.DefaultListableBeanFactory - Finished creating instance of bean &apos;supplierDAO&apos;
22:30:05.436 [main] DEBUG org.springframework.beans.factory.support.DefaultListableBeanFactory - Creating shared instance of singleton bean &apos;userDAO&apos;
22:30:05.437 [main] DEBUG org.springframework.beans.factory.support.DefaultListableBeanFactory - Creating instance of bean &apos;userDAO&apos;
22:30:05.438 [main] DEBUG org.springframework.beans.factory.annotation.InjectionMetadata - Registered injected element on class [com.project.backend.daoimpl.UserDAOIMPL]: AutowiredFieldElement for private org.hibernate.SessionFactory com.project.backend.daoimpl.UserDAOIMPL.sessionFactory
22:30:05.438 [main] DEBUG org.springframework.beans.factory.annotation.InjectionMetadata - Registered injected element on class [com.project.backend.daoimpl.UserDAOIMPL]: AutowiredFieldElement for private com.project.backend.domain.User com.project.backend.daoimpl.UserDAOIMPL.user
22:30:05.438 [main] DEBUG org.springframework.beans.factory.support.DefaultListableBeanFactory - Eagerly caching bean &apos;userDAO&apos; to allow for resolving potential circular references
22:30:05.441 [main] DEBUG org.springframework.beans.factory.annotation.InjectionMetadata - Processing injected element of bean &apos;userDAO&apos;: AutowiredFieldElement for private org.hibernate.SessionFactory com.project.backend.daoimpl.UserDAOIMPL.sessionFactory
22:30:05.441 [main] DEBUG org.springframework.core.annotation.AnnotationUtils - Failed to meta-introspect annotation [interface org.springframework.beans.factory.annotation.Autowired]: java.lang.NullPointerException
22:30:05.442 [main] DEBUG org.springframework.beans.factory.support.DefaultListableBeanFactory - Returning cached instance of singleton bean &apos;sessionFactory&apos;
22:30:05.442 [main] DEBUG org.springframework.beans.factory.annotation.AutowiredAnnotationBeanPostProcessor - Autowiring by type from bean name &apos;userDAO&apos; to bean named &apos;sessionFactory&apos;
22:30:05.442 [main] DEBUG org.springframework.beans.factory.annotation.InjectionMetadata - Processing injected element of bean &apos;userDAO&apos;: AutowiredFieldElement for private com.project.backend.domain.User com.project.backend.daoimpl.UserDAOIMPL.user
22:30:05.442 [main] DEBUG org.springframework.core.annotation.AnnotationUtils - Failed to meta-introspect annotation [interface org.springframework.beans.factory.annotation.Autowired]: java.lang.NullPointerException
22:30:05.443 [main] DEBUG org.springframework.beans.factory.support.DefaultListableBeanFactory - Creating shared instance of singleton bean &apos;user&apos;
22:30:05.443 [main] DEBUG org.springframework.beans.factory.support.DefaultListableBeanFactory - Creating instance of bean &apos;user&apos;
22:30:05.444 [main] DEBUG org.springframework.beans.factory.support.DefaultListableBeanFactory - Eagerly caching bean &apos;user&apos; to allow for resolving potential circular references
22:30:05.471 [main] DEBUG org.springframework.beans.factory.support.DefaultListableBeanFactory - Returning cached instance of singleton bean &apos;org.springframework.transaction.config.internalTransactionAdvisor&apos;
22:30:05.472 [main] DEBUG org.springframework.beans.factory.support.DefaultListableBeanFactory - Finished creating instance of bean &apos;user&apos;
22:30:05.473 [main] DEBUG org.springframework.beans.factory.annotation.AutowiredAnnotationBeanPostProcessor - Autowiring by type from bean name &apos;userDAO&apos; to bean named &apos;user&apos;
22:30:05.473 [main] DEBUG org.springframework.beans.factory.support.DefaultListableBeanFactory - Returning cached instance of singleton bean &apos;org.springframework.transaction.config.internalTransactionAdvisor&apos;
22:30:05.474 [main] DEBUG org.springframework.transaction.annotation.AnnotationTransactionAttributeSource - Adding transactional method &apos;com.project.backend.daoimpl.UserDAOIMPL.get&apos; with attribute: PROPAGATION_REQUIRED,ISOLATION_DEFAULT; &apos;&apos;
22:30:05.475 [main] DEBUG org.springframework.aop.framework.autoproxy.InfrastructureAdvisorAutoProxyCreator - Creating implicit proxy for bean &apos;userDAO&apos; with 0 common interceptors and 1 specific interceptors
22:30:05.475 [main] DEBUG org.springframework.aop.framework.JdkDynamicAopProxy - Creating JDK dynamic proxy: target source is SingletonTargetSource for target object [com.project.backend.daoimpl.UserDAOIMPL@37d00a23]
22:30:05.478 [main] DEBUG org.springframework.beans.factory.support.DefaultListableBeanFactory - Finished creating instance of bean &apos;userDAO&apos;
22:30:05.479 [main] DEBUG org.springframework.beans.factory.support.DefaultListableBeanFactory - Returning cached instance of singleton bean &apos;category&apos;
22:30:05.479 [main] DEBUG org.springframework.beans.factory.support.DefaultListableBeanFactory - Returning cached instance of singleton bean &apos;product&apos;
22:30:05.479 [main] DEBUG org.springframework.beans.factory.support.DefaultListableBeanFactory - Returning cached instance of singleton bean &apos;supplier&apos;
22:30:05.479 [main] DEBUG org.springframework.beans.factory.support.DefaultListableBeanFactory - Returning cached instance of singleton bean &apos;user&apos;
22:30:05.479 [main] DEBUG org.springframework.beans.factory.support.DefaultListableBeanFactory - Returning cached instance of singleton bean &apos;org.springframework.transaction.annotation.ProxyTransactionManagementConfiguration&apos;
22:30:05.479 [main] DEBUG org.springframework.beans.factory.support.DefaultListableBeanFactory - Returning cached instance of singleton bean &apos;org.springframework.transaction.config.internalTransactionAdvisor&apos;
22:30:05.479 [main] DEBUG org.springframework.beans.factory.support.DefaultListableBeanFactory - Returning cached instance of singleton bean &apos;transactionAttributeSource&apos;
22:30:05.480 [main] DEBUG org.springframework.beans.factory.support.DefaultListableBeanFactory - Returning cached instance of singleton bean &apos;transactionInterceptor&apos;
22:30:05.480 [main] DEBUG org.springframework.beans.factory.support.DefaultListableBeanFactory - Creating shared instance of singleton bean &apos;org.springframework.transaction.config.internalTransactionalEventListenerFactory&apos;
22:30:05.480 [main] DEBUG org.springframework.beans.factory.support.DefaultListableBeanFactory - Creating instance of bean &apos;org.springframework.transaction.config.internalTransactionalEventListenerFactory&apos;
22:30:05.480 [main] DEBUG org.springframework.beans.factory.support.DefaultListableBeanFactory - Returning cached instance of singleton bean &apos;org.springframework.transaction.annotation.ProxyTransactionManagementConfiguration&apos;
22:30:05.484 [main] DEBUG org.springframework.beans.factory.support.DefaultListableBeanFactory - Eagerly caching bean &apos;org.springframework.transaction.config.internalTransactionalEventListenerFactory&apos; to allow for resolving potential circular references
22:30:05.486 [main] DEBUG org.springframework.beans.factory.support.DefaultListableBeanFactory - Returning cached instance of singleton bean &apos;org.springframework.transaction.config.internalTransactionAdvisor&apos;
22:30:05.487 [main] DEBUG org.springframework.beans.factory.support.DefaultListableBeanFactory - Finished creating instance of bean &apos;org.springframework.transaction.config.internalTransactionalEventListenerFactory&apos;
22:30:05.487 [main] DEBUG org.springframework.beans.factory.support.DefaultListableBeanFactory - Returning cached instance of singleton bean &apos;dataSource&apos;
22:30:05.487 [main] DEBUG org.springframework.beans.factory.support.DefaultListableBeanFactory - Returning cached instance of singleton bean &apos;sessionFactory&apos;
22:30:05.487 [main] DEBUG org.springframework.beans.factory.support.DefaultListableBeanFactory - Creating shared instance of singleton bean &apos;transactionManager&apos;
22:30:05.487 [main] DEBUG org.springframework.beans.factory.support.DefaultListableBeanFactory - Creating instance of bean &apos;transactionManager&apos;
22:30:05.487 [main] DEBUG org.springframework.beans.factory.support.DefaultListableBeanFactory - Returning cached instance of singleton bean &apos;applicationContextConfig&apos;
22:30:05.488 [main] DEBUG org.springframework.beans.factory.support.DefaultListableBeanFactory - Returning cached instance of singleton bean &apos;sessionFactory&apos;
22:30:05.488 [main] DEBUG org.springframework.beans.factory.support.DefaultListableBeanFactory - Autowiring by type from bean name &apos;transactionManager&apos; via factory method to bean named &apos;sessionFactory&apos;
22:30:05.506 [main] INFO org.springframework.orm.hibernate5.HibernateTransactionManager - Using DataSource [org.springframework.jdbc.datasource.DriverManagerDataSource@63070bab] of Hibernate SessionFactory for HibernateTransactionManager
22:30:05.511 [main] DEBUG org.springframework.beans.factory.support.DefaultListableBeanFactory - Eagerly caching bean &apos;transactionManager&apos; to allow for resolving potential circular references
22:30:05.517 [main] DEBUG org.springframework.beans.factory.support.DefaultListableBeanFactory - Invoking afterPropertiesSet() on bean with name &apos;transactionManager&apos;
22:30:05.517 [main] DEBUG org.springframework.beans.factory.support.DefaultListableBeanFactory - Returning cached instance of singleton bean &apos;org.springframework.transaction.config.internalTransactionAdvisor&apos;
22:30:05.518 [main] DEBUG org.springframework.beans.factory.support.DefaultListableBeanFactory - Finished creating instance of bean &apos;transactionManager&apos;
22:30:05.518 [main] DEBUG org.springframework.beans.factory.support.DefaultListableBeanFactory - Returning cached instance of singleton bean &apos;org.springframework.aop.config.internalAutoProxyCreator&apos;
22:30:05.519 [main] DEBUG org.springframework.beans.factory.support.DefaultListableBeanFactory - Returning cached instance of singleton bean &apos;org.springframework.context.event.internalEventListenerFactory&apos;
22:30:05.519 [main] DEBUG org.springframework.beans.factory.support.DefaultListableBeanFactory - Returning cached instance of singleton bean &apos;org.springframework.transaction.config.internalTransactionalEventListenerFactory&apos;
22:30:05.567 [main] DEBUG org.springframework.context.annotation.AnnotationConfigApplicationContext - Unable to locate LifecycleProcessor with name &apos;lifecycleProcessor&apos;: using default [org.springframework.context.support.DefaultLifecycleProcessor@7c2a69b4]
22:30:05.568 [main] DEBUG org.springframework.beans.factory.support.DefaultListableBeanFactory - Returning cached instance of singleton bean &apos;lifecycleProcessor&apos;
22:30:05.572 [main] DEBUG org.springframework.core.env.PropertySourcesPropertyResolver - Could not find key &apos;spring.liveBeansView.mbeanDomain&apos; in any property source
22:30:05.574 [main] DEBUG org.springframework.beans.factory.support.DefaultListableBeanFactory - Returning cached instance of singleton bean &apos;categoryDAO&apos;
22:30:05.574 [main] DEBUG org.springframework.beans.factory.support.DefaultListableBeanFactory - Returning cached instance of singleton bean &apos;category&apos;
22:30:05.580 [main] DEBUG org.springframework.transaction.annotation.AnnotationTransactionAttributeSource - Adding transactional method &apos;com.project.backend.daoimpl.CategoryDAOIMPL.list&apos; with attribute: PROPAGATION_REQUIRED,ISOLATION_DEFAULT; &apos;&apos;
22:30:05.585 [main] DEBUG org.springframework.beans.factory.support.DefaultListableBeanFactory - Returning cached instance of singleton bean &apos;transactionManager&apos;
22:30:05.591 [main] DEBUG org.springframework.orm.hibernate5.HibernateTransactionManager - Creating new transaction with name [com.project.backend.daoimpl.CategoryDAOIMPL.list]: PROPAGATION_REQUIRED,ISOLATION_DEFAULT; &apos;&apos;
22:30:05.635 [main] DEBUG org.hibernate.stat.internal.StatisticsInitiator - Statistics initialized [enabled=false]
22:30:05.635 [main] DEBUG org.springframework.orm.hibernate5.HibernateTransactionManager - Opened new Session [SessionImpl(PersistenceContext[entityKeys=[],collectionKeys=[]];ActionQueue[insertions=ExecutableList{size=0} updates=ExecutableList{size=0} deletions=ExecutableList{size=0} orphanRemovals=ExecutableList{size=0} collectionCreations=ExecutableList{size=0} collectionRemovals=ExecutableList{size=0} collectionUpdates=ExecutableList{size=0} collectionQueuedOps=ExecutableList{size=0} unresolvedInsertDependencies=null])] for Hibernate transaction
22:30:05.638 [main] DEBUG org.springframework.orm.hibernate5.HibernateTransactionManager - Preparing JDBC Connection of Hibernate Session [SessionImpl(PersistenceContext[entityKeys=[],collectionKeys=[]];ActionQueue[insertions=ExecutableList{size=0} updates=ExecutableList{size=0} deletions=ExecutableList{size=0} orphanRemovals=ExecutableList{size=0} collectionCreations=ExecutableList{size=0} collectionRemovals=ExecutableList{size=0} collectionUpdates=ExecutableList{size=0} collectionQueuedOps=ExecutableList{size=0} unresolvedInsertDependencies=null])]
22:30:05.638 [main] DEBUG org.springframework.jdbc.datasource.DriverManagerDataSource - Creating new JDBC DriverManager Connection to [jdbc:h2:~/test]
22:30:05.652 [main] DEBUG org.hibernate.engine.transaction.internal.TransactionImpl - begin
22:30:05.653 [main] DEBUG org.springframework.orm.hibernate5.HibernateTransactionManager - Exposing Hibernate transaction as JDBC transaction [conn1: url=jdbc:h2:~/test user=SA]
22:30:05.666 [main] DEBUG org.hibernate.hql.internal.QueryTranslatorFactoryInitiator - QueryTranslatorFactory : org.hibernate.hql.internal.ast.ASTQueryTranslatorFactory@1280851e
22:30:05.666 [main] INFO org.hibernate.hql.internal.QueryTranslatorFactoryInitiator - HHH000397: Using ASTQueryTranslatorFactory
22:30:05.696 [main] DEBUG org.hibernate.hql.internal.ast.QueryTranslatorImpl - parse() - HQL: from com.project.backend.domain.Category
22:30:05.705 [main] DEBUG org.hibernate.hql.internal.ast.QueryTranslatorImpl - --- HQL AST ---
 \-[QUERY] Node: &apos;query&apos;
    \-[SELECT_FROM] Node: &apos;SELECT_FROM&apos;
       \-[FROM] Node: &apos;from&apos;
          \-[RANGE] Node: &apos;RANGE&apos;
             \-[DOT] Node: &apos;.&apos;
                +-[DOT] Node: &apos;.&apos;
                |  +-[DOT] Node: &apos;.&apos;
                |  |  +-[DOT] Node: &apos;.&apos;
                |  |  |  +-[IDENT] Node: &apos;com&apos;
                |  |  |  \-[IDENT] Node: &apos;project&apos;
                |  |  \-[IDENT] Node: &apos;backend&apos;
                |  \-[IDENT] Node: &apos;domain&apos;
                \-[IDENT] Node: &apos;Category&apos;

22:30:05.705 [main] DEBUG org.hibernate.hql.internal.ast.ErrorCounter - throwQueryException() : no errors
22:30:05.724 [main] DEBUG org.hibernate.hql.internal.antlr.HqlSqlBaseWalker - select &lt;&lt; begin [level=1, statement=select]
22:30:05.739 [main] DEBUG org.hibernate.hql.internal.ast.tree.FromElement - FromClause{level=1} : com.project.backend.domain.Category (&lt;no alias&gt;) -&gt; category0_
22:30:05.739 [main] DEBUG org.hibernate.hql.internal.antlr.HqlSqlBaseWalker - select : finishing up [level=1, statement=select]
22:30:05.739 [main] DEBUG org.hibernate.hql.internal.ast.HqlSqlWalker - processQuery() :  ( SELECT ( FromClause{level=1} Category category0_ ) )
22:30:05.748 [main] DEBUG org.hibernate.hql.internal.ast.HqlSqlWalker - Derived SELECT clause created.
22:30:05.754 [main] DEBUG org.hibernate.hql.internal.ast.util.JoinProcessor - Using FROM fragment [Category category0_]
22:30:05.755 [main] DEBUG org.hibernate.hql.internal.antlr.HqlSqlBaseWalker - select &gt;&gt; end [level=1, statement=select]
22:30:05.755 [main] DEBUG org.hibernate.hql.internal.ast.QueryTranslatorImpl - --- SQL AST ---
 \-[SELECT] QueryNode: &apos;SELECT&apos;  querySpaces (Category)
    +-[SELECT_CLAUSE] SelectClause: &apos;{derived select clause}&apos;
    |  +-[SELECT_EXPR] SelectExpressionImpl: &apos;category0_.id as id1_0_&apos; {FromElement{explicit,not a collection join,not a fetch join,fetch non-lazy properties,classAlias=null,role=null,tableName=Category,tableAlias=category0_,origin=null,columns={,className=com.project.backend.domain.Category}}}
    |  \-[SQL_TOKEN] SqlFragment: &apos;category0_.description as descript2_0_, category0_.name as name3_0_&apos;
    \-[FROM] FromClause: &apos;from&apos; FromClause{level=1, fromElementCounter=1, fromElements=1, fromElementByClassAlias=[], fromElementByTableAlias=[category0_], fromElementsByPath=[], collectionJoinFromElementsByPath=[], impliedElements=[]}
       \-[FROM_FRAGMENT] FromElement: &apos;Category category0_&apos; FromElement{explicit,not a collection join,not a fetch join,fetch non-lazy properties,classAlias=null,role=null,tableName=Category,tableAlias=category0_,origin=null,columns={,className=com.project.backend.domain.Category}}

22:30:05.755 [main] DEBUG org.hibernate.hql.internal.ast.ErrorCounter - throwQueryException() : no errors
22:30:05.764 [main] DEBUG org.hibernate.hql.internal.ast.QueryTranslatorImpl - HQL: from com.project.backend.domain.Category
22:30:05.764 [main] DEBUG org.hibernate.hql.internal.ast.QueryTranslatorImpl - SQL: select category0_.id as id1_0_, category0_.description as descript2_0_, category0_.name as name3_0_ from Category category0_
22:30:05.764 [main] DEBUG org.hibernate.hql.internal.ast.ErrorCounter - throwQueryException() : no errors
22:30:05.781 [main] DEBUG org.hibernate.SQL - select category0_.id as id1_0_, category0_.description as descript2_0_, category0_.name as name3_0_ from Category category0_
Hibernate: select category0_.id as id1_0_, category0_.description as descript2_0_, category0_.name as name3_0_ from Category category0_
22:30:05.786 [main] DEBUG org.hibernate.loader.Loader - Result set row: 0
22:30:05.789 [main] DEBUG org.hibernate.loader.Loader - Result row: EntityKey[com.project.backend.domain.Category#WoMenCategory001]
22:30:05.796 [main] DEBUG org.hibernate.loader.Loader - Result set row: 1
22:30:05.796 [main] DEBUG org.hibernate.loader.Loader - Result row: EntityKey[com.project.backend.domain.Category#MolbileCategory001]
22:30:05.796 [main] DEBUG org.hibernate.loader.Loader - Result set row: 2
22:30:05.796 [main] DEBUG org.hibernate.loader.Loader - Result row: EntityKey[com.project.backend.domain.Category#ChildrenCategory001]
22:30:05.797 [main] DEBUG org.hibernate.loader.Loader - Result set row: 3
22:30:05.797 [main] DEBUG org.hibernate.loader.Loader - Result row: EntityKey[com.project.backend.domain.Category#MenCategory001]
22:30:05.799 [main] DEBUG org.hibernate.engine.internal.TwoPhaseLoad - Resolving associations for [com.project.backend.domain.Category#WoMenCategory001]
22:30:05.811 [main] DEBUG org.hibernate.engine.internal.TwoPhaseLoad - Done materializing entity [com.project.backend.domain.Category#WoMenCategory001]
22:30:05.812 [main] DEBUG org.hibernate.engine.internal.TwoPhaseLoad - Resolving associations for [com.project.backend.domain.Category#MolbileCategory001]
22:30:05.812 [main] DEBUG org.hibernate.engine.internal.TwoPhaseLoad - Done materializing entity [com.project.backend.domain.Category#MolbileCategory001]
22:30:05.812 [main] DEBUG org.hibernate.engine.internal.TwoPhaseLoad - Resolving associations for [com.project.backend.domain.Category#ChildrenCategory001]
22:30:05.812 [main] DEBUG org.hibernate.engine.internal.TwoPhaseLoad - Done materializing entity [com.project.backend.domain.Category#ChildrenCategory001]
22:30:05.812 [main] DEBUG org.hibernate.engine.internal.TwoPhaseLoad - Resolving associations for [com.project.backend.domain.Category#MenCategory001]
22:30:05.812 [main] DEBUG org.hibernate.engine.internal.TwoPhaseLoad - Done materializing entity [com.project.backend.domain.Category#MenCategory001]
22:30:05.816 [main] DEBUG org.hibernate.loader.collection.plan.AbstractLoadPlanBasedCollectionInitializer - Loading collection: [com.project.backend.domain.Category.products#MenCategory001]
22:30:05.816 [main] DEBUG org.hibernate.SQL - select products0_.categoryId as category2_1_0_, products0_.id as id1_1_0_, products0_.id as id1_1_1_, products0_.categoryId as category2_1_1_, products0_.description as descript3_1_1_, products0_.name as name4_1_1_, products0_.price as price5_1_1_, products0_.supplierid as supplier6_1_1_, supplier1_.id as id1_2_2_, supplier1_.address as address2_2_2_, supplier1_.name as name3_2_2_ from Product products0_ inner join Supplier supplier1_ on products0_.supplierid=supplier1_.id where products0_.categoryId=?
Hibernate: select products0_.categoryId as category2_1_0_, products0_.id as id1_1_0_, products0_.id as id1_1_1_, products0_.categoryId as category2_1_1_, products0_.description as descript3_1_1_, products0_.name as name4_1_1_, products0_.price as price5_1_1_, products0_.supplierid as supplier6_1_1_, supplier1_.id as id1_2_2_, supplier1_.address as address2_2_2_, supplier1_.name as name3_2_2_ from Product products0_ inner join Supplier supplier1_ on products0_.supplierid=supplier1_.id where products0_.categoryId=?
22:30:05.821 [main] DEBUG org.hibernate.loader.plan.exec.process.internal.ResultSetProcessorImpl - Preparing collection intializer : [com.project.backend.domain.Category.products#MenCategory001]
22:30:05.826 [main] DEBUG org.hibernate.engine.loading.internal.CollectionLoadContext - 1 collections were found in result set for role: com.project.backend.domain.Category.products
22:30:05.827 [main] DEBUG org.hibernate.engine.loading.internal.CollectionLoadContext - Collection fully initialized: [com.project.backend.domain.Category.products#MenCategory001]
22:30:05.827 [main] DEBUG org.hibernate.engine.loading.internal.CollectionLoadContext - 1 collections initialized for role: com.project.backend.domain.Category.products
22:30:05.827 [main] DEBUG org.hibernate.resource.jdbc.internal.ResourceRegistryStandardImpl - HHH000387: ResultSet&apos;s statement was not registered
22:30:05.827 [main] DEBUG org.hibernate.loader.collection.plan.AbstractLoadPlanBasedCollectionInitializer - Done loading collection
22:30:05.827 [main] DEBUG org.hibernate.loader.collection.plan.AbstractLoadPlanBasedCollectionInitializer - Loading collection: [com.project.backend.domain.Category.products#ChildrenCategory001]
22:30:05.827 [main] DEBUG org.hibernate.SQL - select products0_.categoryId as category2_1_0_, products0_.id as id1_1_0_, products0_.id as id1_1_1_, products0_.categoryId as category2_1_1_, products0_.description as descript3_1_1_, products0_.name as name4_1_1_, products0_.price as price5_1_1_, products0_.supplierid as supplier6_1_1_, supplier1_.id as id1_2_2_, supplier1_.address as address2_2_2_, supplier1_.name as name3_2_2_ from Product products0_ inner join Supplier supplier1_ on products0_.supplierid=supplier1_.id where products0_.categoryId=?
Hibernate: select products0_.categoryId as category2_1_0_, products0_.id as id1_1_0_, products0_.id as id1_1_1_, products0_.categoryId as category2_1_1_, products0_.description as descript3_1_1_, products0_.name as name4_1_1_, products0_.price as price5_1_1_, products0_.supplierid as supplier6_1_1_, supplier1_.id as id1_2_2_, supplier1_.address as address2_2_2_, supplier1_.name as name3_2_2_ from Product products0_ inner join Supplier supplier1_ on products0_.supplierid=supplier1_.id where products0_.categoryId=?
22:30:05.828 [main] DEBUG org.hibernate.loader.plan.exec.process.internal.ResultSetProcessorImpl - Preparing collection intializer : [com.project.backend.domain.Category.products#ChildrenCategory001]
22:30:05.828 [main] DEBUG org.hibernate.engine.loading.internal.CollectionLoadContext - 1 collections were found in result set for role: com.project.backend.domain.Category.products
22:30:05.828 [main] DEBUG org.hibernate.engine.loading.internal.CollectionLoadContext - Collection fully initialized: [com.project.backend.domain.Category.products#ChildrenCategory001]
22:30:05.828 [main] DEBUG org.hibernate.engine.loading.internal.CollectionLoadContext - 1 collections initialized for role: com.project.backend.domain.Category.products
22:30:05.829 [main] DEBUG org.hibernate.resource.jdbc.internal.ResourceRegistryStandardImpl - HHH000387: ResultSet&apos;s statement was not registered
22:30:05.829 [main] DEBUG org.hibernate.loader.collection.plan.AbstractLoadPlanBasedCollectionInitializer - Done loading collection
22:30:05.829 [main] DEBUG org.hibernate.loader.collection.plan.AbstractLoadPlanBasedCollectionInitializer - Loading collection: [com.project.backend.domain.Category.products#MolbileCategory001]
22:30:05.829 [main] DEBUG org.hibernate.SQL - select products0_.categoryId as category2_1_0_, products0_.id as id1_1_0_, products0_.id as id1_1_1_, products0_.categoryId as category2_1_1_, products0_.description as descript3_1_1_, products0_.name as name4_1_1_, products0_.price as price5_1_1_, products0_.supplierid as supplier6_1_1_, supplier1_.id as id1_2_2_, supplier1_.address as address2_2_2_, supplier1_.name as name3_2_2_ from Product products0_ inner join Supplier supplier1_ on products0_.supplierid=supplier1_.id where products0_.categoryId=?
Hibernate: select products0_.categoryId as category2_1_0_, products0_.id as id1_1_0_, products0_.id as id1_1_1_, products0_.categoryId as category2_1_1_, products0_.description as descript3_1_1_, products0_.name as name4_1_1_, products0_.price as price5_1_1_, products0_.supplierid as supplier6_1_1_, supplier1_.id as id1_2_2_, supplier1_.address as address2_2_2_, supplier1_.name as name3_2_2_ from Product products0_ inner join Supplier supplier1_ on products0_.supplierid=supplier1_.id where products0_.categoryId=?
22:30:05.830 [main] DEBUG org.hibernate.loader.plan.exec.process.internal.ResultSetProcessorImpl - Preparing collection intializer : [com.project.backend.domain.Category.products#MolbileCategory001]
22:30:05.830 [main] DEBUG org.hibernate.engine.loading.internal.CollectionLoadContext - 1 collections were found in result set for role: com.project.backend.domain.Category.products
22:30:05.830 [main] DEBUG org.hibernate.engine.loading.internal.CollectionLoadContext - Collection fully initialized: [com.project.backend.domain.Category.products#MolbileCategory001]
22:30:05.830 [main] DEBUG org.hibernate.engine.loading.internal.CollectionLoadContext - 1 collections initialized for role: com.project.backend.domain.Category.products
22:30:05.831 [main] DEBUG org.hibernate.resource.jdbc.internal.ResourceRegistryStandardImpl - HHH000387: ResultSet&apos;s statement was not registered
22:30:05.831 [main] DEBUG org.hibernate.loader.collection.plan.AbstractLoadPlanBasedCollectionInitializer - Done loading collection
22:30:05.831 [main] DEBUG org.hibernate.loader.collection.plan.AbstractLoadPlanBasedCollectionInitializer - Loading collection: [com.project.backend.domain.Category.products#WoMenCategory001]
22:30:05.831 [main] DEBUG org.hibernate.SQL - select products0_.categoryId as category2_1_0_, products0_.id as id1_1_0_, products0_.id as id1_1_1_, products0_.categoryId as category2_1_1_, products0_.description as descript3_1_1_, products0_.name as name4_1_1_, products0_.price as price5_1_1_, products0_.supplierid as supplier6_1_1_, supplier1_.id as id1_2_2_, supplier1_.address as address2_2_2_, supplier1_.name as name3_2_2_ from Product products0_ inner join Supplier supplier1_ on products0_.supplierid=supplier1_.id where products0_.categoryId=?
Hibernate: select products0_.categoryId as category2_1_0_, products0_.id as id1_1_0_, products0_.id as id1_1_1_, products0_.categoryId as category2_1_1_, products0_.description as descript3_1_1_, products0_.name as name4_1_1_, products0_.price as price5_1_1_, products0_.supplierid as supplier6_1_1_, supplier1_.id as id1_2_2_, supplier1_.address as address2_2_2_, supplier1_.name as name3_2_2_ from Product products0_ inner join Supplier supplier1_ on products0_.supplierid=supplier1_.id where products0_.categoryId=?
22:30:05.832 [main] DEBUG org.hibernate.loader.plan.exec.process.internal.ResultSetProcessorImpl - Preparing collection intializer : [com.project.backend.domain.Category.products#WoMenCategory001]
22:30:05.832 [main] DEBUG org.hibernate.loader.plan.exec.process.internal.ResultSetProcessorImpl - Starting ResultSet row #0
22:30:05.835 [main] DEBUG org.hibernate.loader.plan.exec.process.internal.CollectionReferenceInitializerImpl - Found row of collection: [com.project.backend.domain.Category.products#WoMenCategory001]
22:30:05.837 [main] DEBUG org.hibernate.engine.internal.TwoPhaseLoad - Resolving associations for [com.project.backend.domain.Product#prd-001]
22:30:05.838 [main] DEBUG org.hibernate.engine.internal.TwoPhaseLoad - Done materializing entity [com.project.backend.domain.Product#prd-001]
22:30:05.838 [main] DEBUG org.hibernate.engine.internal.TwoPhaseLoad - Resolving associations for [com.project.backend.domain.Supplier#SUP-001]
22:30:05.838 [main] DEBUG org.hibernate.engine.internal.TwoPhaseLoad - Done materializing entity [com.project.backend.domain.Supplier#SUP-001]
22:30:05.838 [main] DEBUG org.hibernate.engine.loading.internal.CollectionLoadContext - 1 collections were found in result set for role: com.project.backend.domain.Category.products
22:30:05.839 [main] DEBUG org.hibernate.engine.loading.internal.CollectionLoadContext - Collection fully initialized: [com.project.backend.domain.Category.products#WoMenCategory001]
22:30:05.839 [main] DEBUG org.hibernate.engine.loading.internal.CollectionLoadContext - 1 collections initialized for role: com.project.backend.domain.Category.products
22:30:05.839 [main] DEBUG org.hibernate.resource.jdbc.internal.ResourceRegistryStandardImpl - HHH000387: ResultSet&apos;s statement was not registered
22:30:05.839 [main] DEBUG org.hibernate.loader.collection.plan.AbstractLoadPlanBasedCollectionInitializer - Done loading collection
22:30:05.839 [main] DEBUG org.hibernate.loader.collection.plan.AbstractLoadPlanBasedCollectionInitializer - Loading collection: [com.project.backend.domain.Supplier.products#SUP-001]
22:30:05.840 [main] DEBUG org.hibernate.SQL - select products0_.supplierid as supplier6_1_0_, products0_.id as id1_1_0_, products0_.id as id1_1_1_, products0_.categoryId as category2_1_1_, products0_.description as descript3_1_1_, products0_.name as name4_1_1_, products0_.price as price5_1_1_, products0_.supplierid as supplier6_1_1_, category1_.id as id1_0_2_, category1_.description as descript2_0_2_, category1_.name as name3_0_2_ from Product products0_ inner join Category category1_ on products0_.categoryId=category1_.id where products0_.supplierid=?
Hibernate: select products0_.supplierid as supplier6_1_0_, products0_.id as id1_1_0_, products0_.id as id1_1_1_, products0_.categoryId as category2_1_1_, products0_.description as descript3_1_1_, products0_.name as name4_1_1_, products0_.price as price5_1_1_, products0_.supplierid as supplier6_1_1_, category1_.id as id1_0_2_, category1_.description as descript2_0_2_, category1_.name as name3_0_2_ from Product products0_ inner join Category category1_ on products0_.categoryId=category1_.id where products0_.supplierid=?
22:30:05.841 [main] DEBUG org.hibernate.loader.plan.exec.process.internal.ResultSetProcessorImpl - Preparing collection intializer : [com.project.backend.domain.Supplier.products#SUP-001]
22:30:05.841 [main] DEBUG org.hibernate.loader.plan.exec.process.internal.ResultSetProcessorImpl - Starting ResultSet row #0
22:30:05.841 [main] DEBUG org.hibernate.loader.plan.exec.process.internal.CollectionReferenceInitializerImpl - Found row of collection: [com.project.backend.domain.Supplier.products#SUP-001]
22:30:05.842 [main] DEBUG org.hibernate.engine.loading.internal.CollectionLoadContext - 1 collections were found in result set for role: com.project.backend.domain.Supplier.products
22:30:05.842 [main] DEBUG org.hibernate.engine.loading.internal.CollectionLoadContext - Collection fully initialized: [com.project.backend.domain.Supplier.products#SUP-001]
22:30:05.842 [main] DEBUG org.hibernate.engine.loading.internal.CollectionLoadContext - 1 collections initialized for role: com.project.backend.domain.Supplier.products
22:30:05.842 [main] DEBUG org.hibernate.resource.jdbc.internal.ResourceRegistryStandardImpl - HHH000387: ResultSet&apos;s statement was not registered
22:30:05.842 [main] DEBUG org.hibernate.loader.collection.plan.AbstractLoadPlanBasedCollectionInitializer - Done loading collection
22:30:05.843 [main] DEBUG org.springframework.orm.hibernate5.HibernateTransactionManager - Initiating transaction commit
22:30:05.843 [main] DEBUG org.springframework.orm.hibernate5.HibernateTransactionManager - Committing Hibernate transaction on Session [SessionImpl(PersistenceContext[entityKeys=[EntityKey[com.project.backend.domain.Category#MolbileCategory001], EntityKey[com.project.backend.domain.Category#WoMenCategory001], EntityKey[com.project.backend.domain.Supplier#SUP-001], EntityKey[com.project.backend.domain.Category#ChildrenCategory001], EntityKey[com.project.backend.domain.Product#prd-001], EntityKey[com.project.backend.domain.Category#MenCategory001]],collectionKeys=[CollectionKey[com.project.backend.domain.Category.products#MolbileCategory001], CollectionKey[com.project.backend.domain.Supplier.products#SUP-001], CollectionKey[com.project.backend.domain.Category.products#WoMenCategory001], CollectionKey[com.project.backend.domain.Category.products#MenCategory001], CollectionKey[com.project.backend.domain.Category.products#ChildrenCategory001]]];ActionQueue[insertions=ExecutableList{size=0} updates=ExecutableList{size=0} deletions=ExecutableList{size=0} orphanRemovals=ExecutableList{size=0} collectionCreations=ExecutableList{size=0} collectionRemovals=ExecutableList{size=0} collectionUpdates=ExecutableList{size=0} collectionQueuedOps=ExecutableList{size=0} unresolvedInsertDependencies=null])]
22:30:05.843 [main] DEBUG org.hibernate.engine.transaction.internal.TransactionImpl - committing
22:30:05.844 [main] DEBUG org.hibernate.event.internal.AbstractFlushingEventListener - Processing flush-time cascades
22:30:05.848 [main] DEBUG org.hibernate.event.internal.AbstractFlushingEventListener - Dirty checking collections
22:30:05.858 [main] DEBUG org.hibernate.engine.internal.Collections - Collection found: [com.project.backend.domain.Category.products#WoMenCategory001], was: [com.project.backend.domain.Category.products#WoMenCategory001] (initialized)
22:30:05.858 [main] DEBUG org.hibernate.engine.internal.Collections - Collection found: [com.project.backend.domain.Category.products#MolbileCategory001], was: [com.project.backend.domain.Category.products#MolbileCategory001] (initialized)
22:30:05.859 [main] DEBUG org.hibernate.engine.internal.Collections - Collection found: [com.project.backend.domain.Category.products#ChildrenCategory001], was: [com.project.backend.domain.Category.products#ChildrenCategory001] (initialized)
22:30:05.860 [main] DEBUG org.hibernate.engine.internal.Collections - Collection found: [com.project.backend.domain.Category.products#MenCategory001], was: [com.project.backend.domain.Category.products#MenCategory001] (initialized)
22:30:05.866 [main] DEBUG org.hibernate.engine.internal.Collections - Collection found: [com.project.backend.domain.Supplier.products#SUP-001], was: [com.project.backend.domain.Supplier.products#SUP-001] (initialized)
22:30:05.866 [main] DEBUG org.hibernate.event.internal.AbstractFlushingEventListener - Flushed: 0 insertions, 0 updates, 0 deletions to 6 objects
22:30:05.867 [main] DEBUG org.hibernate.event.internal.AbstractFlushingEventListener - Flushed: 0 (re)creations, 0 updates, 0 removals to 5 collections
22:30:05.869 [main] DEBUG org.hibernate.internal.util.EntityPrinter - Listing entities:
22:30:05.871 [main] DEBUG org.hibernate.internal.util.EntityPrinter - com.project.backend.domain.Category{name=Mobile, description=This is Mobile category, id=MolbileCategory001, products=[]}
22:30:05.871 [main] DEBUG org.hibernate.internal.util.EntityPrinter - com.project.backend.domain.Category{name=Women, description=This is Women category, id=WoMenCategory001, products=[com.project.backend.domain.Product#prd-001]}
22:30:05.871 [main] DEBUG org.hibernate.internal.util.EntityPrinter - com.project.backend.domain.Supplier{address=kigsway cmp, delhi, name=suvidha store, id=SUP-001, products=[com.project.backend.domain.Product#prd-001]}
22:30:05.872 [main] DEBUG org.hibernate.internal.util.EntityPrinter - com.project.backend.domain.Category{name=Children, description=This is a children category, id=ChildrenCategory001, products=[]}
22:30:05.872 [main] DEBUG org.hibernate.internal.util.EntityPrinter - com.project.backend.domain.Product{supplierId=SUP-001, price=20000, supplier=com.project.backend.domain.Supplier#SUP-001, name=guitar, description=this is guitar, id=prd-001, category=com.project.backend.domain.Category#WoMenCategory001, categoryId=WoMenCategory001}
22:30:05.872 [main] DEBUG org.hibernate.internal.util.EntityPrinter - com.project.backend.domain.Category{name=Men, description=This is men category, id=MenCategory001, products=[]}
22:30:05.874 [main] DEBUG org.springframework.orm.hibernate5.HibernateTransactionManager - Closing Hibernate Session [SessionImpl(PersistenceContext[entityKeys=[EntityKey[com.project.backend.domain.Category#MolbileCategory001], EntityKey[com.project.backend.domain.Category#WoMenCategory001], EntityKey[com.project.backend.domain.Supplier#SUP-001], EntityKey[com.project.backend.domain.Category#ChildrenCategory001], EntityKey[com.project.backend.domain.Product#prd-001], EntityKey[com.project.backend.domain.Category#MenCategory001]],collectionKeys=[CollectionKey[com.project.backend.domain.Category.products#MolbileCategory001], CollectionKey[com.project.backend.domain.Supplier.products#SUP-001], CollectionKey[com.project.backend.domain.Category.products#WoMenCategory001], CollectionKey[com.project.backend.domain.Category.products#MenCategory001], CollectionKey[com.project.backend.domain.Category.products#ChildrenCategory001]]];ActionQueue[insertions=ExecutableList{size=0} updates=ExecutableList{size=0} deletions=ExecutableList{size=0} orphanRemovals=ExecutableList{size=0} collectionCreations=ExecutableList{size=0} collectionRemovals=ExecutableList{size=0} collectionUpdates=ExecutableList{size=0} collectionQueuedOps=ExecutableList{size=0} unresolvedInsertDependencies=null])] after transaction
</system-out>
  </testcase>
  <testcase classname="com.project.backend.CategoryTestCase" name="deleteCategoryFailureTestCase" time="0.037"/>
  <testcase classname="com.project.backend.CategoryTestCase" name="saveCategoryTestCase" time="0.027"/>
  <testcase classname="com.project.backend.CategoryTestCase" name="updateCategoryTestCase" time="0.065">
    <error message="Batch update returned unexpected row count from update [0]; actual row count: 0; expected: 1; nested exception is org.hibernate.StaleStateException: Batch update returned unexpected row count from update [0]; actual row count: 0; expected: 1" type="org.springframework.orm.hibernate5.HibernateOptimisticLockingFailureException">org.springframework.orm.hibernate5.HibernateOptimisticLockingFailureException: Batch update returned unexpected row count from update [0]; actual row count: 0; expected: 1; nested exception is org.hibernate.StaleStateException: Batch update returned unexpected row count from update [0]; actual row count: 0; expected: 1
	at org.springframework.orm.hibernate5.SessionFactoryUtils.convertHibernateAccessException(SessionFactoryUtils.java:289)
	at org.springframework.orm.hibernate5.HibernateTransactionManager.convertHibernateAccessException(HibernateTransactionManager.java:785)
	at org.springframework.orm.hibernate5.HibernateTransactionManager.doCommit(HibernateTransactionManager.java:617)
	at org.springframework.transaction.support.AbstractPlatformTransactionManager.processCommit(AbstractPlatformTransactionManager.java:746)
	at org.springframework.transaction.support.AbstractPlatformTransactionManager.commit(AbstractPlatformTransactionManager.java:714)
	at org.springframework.transaction.interceptor.TransactionAspectSupport.commitTransactionAfterReturning(TransactionAspectSupport.java:532)
	at org.springframework.transaction.interceptor.TransactionAspectSupport.invokeWithinTransaction(TransactionAspectSupport.java:304)
	at org.springframework.transaction.interceptor.TransactionInterceptor.invoke(TransactionInterceptor.java:98)
	at org.springframework.aop.framework.ReflectiveMethodInvocation.proceed(ReflectiveMethodInvocation.java:185)
	at org.springframework.aop.framework.JdkDynamicAopProxy.invoke(JdkDynamicAopProxy.java:212)
	at com.sun.proxy.$Proxy33.update(Unknown Source)
	at com.project.backend.CategoryTestCase.updateCategoryTestCase(CategoryTestCase.java:49)
	at sun.reflect.NativeMethodAccessorImpl.invoke0(Native Method)
	at sun.reflect.NativeMethodAccessorImpl.invoke(Unknown Source)
	at sun.reflect.DelegatingMethodAccessorImpl.invoke(Unknown Source)
	at java.lang.reflect.Method.invoke(Unknown Source)
	at org.junit.internal.runners.TestMethod.invoke(TestMethod.java:59)
	at org.junit.internal.runners.MethodRoadie.runTestMethod(MethodRoadie.java:98)
	at org.junit.internal.runners.MethodRoadie$2.run(MethodRoadie.java:79)
	at org.junit.internal.runners.MethodRoadie.runBeforesThenTestThenAfters(MethodRoadie.java:87)
	at org.junit.internal.runners.MethodRoadie.runTest(MethodRoadie.java:77)
	at org.junit.internal.runners.MethodRoadie.run(MethodRoadie.java:42)
	at org.junit.internal.runners.JUnit4ClassRunner.invokeTestMethod(JUnit4ClassRunner.java:88)
	at org.junit.internal.runners.JUnit4ClassRunner.runMethods(JUnit4ClassRunner.java:51)
	at org.junit.internal.runners.JUnit4ClassRunner$1.run(JUnit4ClassRunner.java:44)
	at org.junit.internal.runners.ClassRoadie.runUnprotected(ClassRoadie.java:27)
	at org.junit.internal.runners.ClassRoadie.runProtected(ClassRoadie.java:37)
	at org.junit.internal.runners.JUnit4ClassRunner.run(JUnit4ClassRunner.java:42)
	at org.apache.maven.surefire.junit4.JUnit4Provider.execute(JUnit4Provider.java:252)
	at org.apache.maven.surefire.junit4.JUnit4Provider.executeTestSet(JUnit4Provider.java:141)
	at org.apache.maven.surefire.junit4.JUnit4Provider.invoke(JUnit4Provider.java:112)
	at sun.reflect.NativeMethodAccessorImpl.invoke0(Native Method)
	at sun.reflect.NativeMethodAccessorImpl.invoke(Unknown Source)
	at sun.reflect.DelegatingMethodAccessorImpl.invoke(Unknown Source)
	at java.lang.reflect.Method.invoke(Unknown Source)
	at org.apache.maven.surefire.util.ReflectionUtils.invokeMethodWithArray(ReflectionUtils.java:189)
	at org.apache.maven.surefire.booter.ProviderFactory$ProviderProxy.invoke(ProviderFactory.java:165)
	at org.apache.maven.surefire.booter.ProviderFactory.invokeProvider(ProviderFactory.java:85)
	at org.apache.maven.surefire.booter.ForkedBooter.runSuitesInProcess(ForkedBooter.java:115)
	at org.apache.maven.surefire.booter.ForkedBooter.main(ForkedBooter.java:75)
Caused by: org.hibernate.StaleStateException: Batch update returned unexpected row count from update [0]; actual row count: 0; expected: 1
	at org.hibernate.jdbc.Expectations$BasicExpectation.checkBatched(Expectations.java:67)
	at org.hibernate.jdbc.Expectations$BasicExpectation.verifyOutcome(Expectations.java:54)
	at org.hibernate.engine.jdbc.batch.internal.NonBatchingBatch.addToBatch(NonBatchingBatch.java:46)
	at org.hibernate.persister.entity.AbstractEntityPersister.update(AbstractEntityPersister.java:3069)
	at org.hibernate.persister.entity.AbstractEntityPersister.updateOrInsert(AbstractEntityPersister.java:2948)
	at org.hibernate.persister.entity.AbstractEntityPersister.update(AbstractEntityPersister.java:3328)
	at org.hibernate.action.internal.EntityUpdateAction.execute(EntityUpdateAction.java:145)
	at org.hibernate.engine.spi.ActionQueue.executeActions(ActionQueue.java:560)
	at org.hibernate.engine.spi.ActionQueue.executeActions(ActionQueue.java:434)
	at org.hibernate.event.internal.AbstractFlushingEventListener.performExecutions(AbstractFlushingEventListener.java:337)
	at org.hibernate.event.internal.DefaultFlushEventListener.onFlush(DefaultFlushEventListener.java:39)
	at org.hibernate.internal.SessionImpl.flush(SessionImpl.java:1224)
	at org.hibernate.internal.SessionImpl.managedFlush(SessionImpl.java:464)
	at org.hibernate.internal.SessionImpl.flushBeforeTransactionCompletion(SessionImpl.java:2905)
	at org.hibernate.internal.SessionImpl.beforeTransactionCompletion(SessionImpl.java:2281)
	at org.hibernate.engine.jdbc.internal.JdbcCoordinatorImpl.beforeTransactionCompletion(JdbcCoordinatorImpl.java:485)
	at org.hibernate.resource.transaction.backend.jdbc.internal.JdbcResourceLocalTransactionCoordinatorImpl.beforeCompletionCallback(JdbcResourceLocalTransactionCoordinatorImpl.java:146)
	at org.hibernate.resource.transaction.backend.jdbc.internal.JdbcResourceLocalTransactionCoordinatorImpl.access$100(JdbcResourceLocalTransactionCoordinatorImpl.java:38)
	at org.hibernate.resource.transaction.backend.jdbc.internal.JdbcResourceLocalTransactionCoordinatorImpl$TransactionDriverControlImpl.commit(JdbcResourceLocalTransactionCoordinatorImpl.java:230)
	at org.hibernate.engine.transaction.internal.TransactionImpl.commit(TransactionImpl.java:65)
	at org.springframework.orm.hibernate5.HibernateTransactionManager.doCommit(HibernateTransactionManager.java:609)
	... 37 more
</error>
    <system-out>22:30:05.970 [main] DEBUG org.springframework.transaction.annotation.AnnotationTransactionAttributeSource - Adding transactional method &apos;com.project.backend.daoimpl.CategoryDAOIMPL.update&apos; with attribute: PROPAGATION_REQUIRED,ISOLATION_DEFAULT; &apos;&apos;
22:30:05.970 [main] DEBUG org.springframework.orm.hibernate5.HibernateTransactionManager - Creating new transaction with name [com.project.backend.daoimpl.CategoryDAOIMPL.update]: PROPAGATION_REQUIRED,ISOLATION_DEFAULT; &apos;&apos;
22:30:05.970 [main] DEBUG org.springframework.orm.hibernate5.HibernateTransactionManager - Opened new Session [SessionImpl(PersistenceContext[entityKeys=[],collectionKeys=[]];ActionQueue[insertions=ExecutableList{size=0} updates=ExecutableList{size=0} deletions=ExecutableList{size=0} orphanRemovals=ExecutableList{size=0} collectionCreations=ExecutableList{size=0} collectionRemovals=ExecutableList{size=0} collectionUpdates=ExecutableList{size=0} collectionQueuedOps=ExecutableList{size=0} unresolvedInsertDependencies=null])] for Hibernate transaction
22:30:05.970 [main] DEBUG org.springframework.orm.hibernate5.HibernateTransactionManager - Preparing JDBC Connection of Hibernate Session [SessionImpl(PersistenceContext[entityKeys=[],collectionKeys=[]];ActionQueue[insertions=ExecutableList{size=0} updates=ExecutableList{size=0} deletions=ExecutableList{size=0} orphanRemovals=ExecutableList{size=0} collectionCreations=ExecutableList{size=0} collectionRemovals=ExecutableList{size=0} collectionUpdates=ExecutableList{size=0} collectionQueuedOps=ExecutableList{size=0} unresolvedInsertDependencies=null])]
22:30:05.970 [main] DEBUG org.springframework.jdbc.datasource.DriverManagerDataSource - Creating new JDBC DriverManager Connection to [jdbc:h2:~/test]
22:30:05.982 [main] DEBUG org.hibernate.engine.transaction.internal.TransactionImpl - begin
22:30:05.982 [main] DEBUG org.springframework.orm.hibernate5.HibernateTransactionManager - Exposing Hibernate transaction as JDBC transaction [conn4: url=jdbc:h2:~/test user=SA]
22:30:05.983 [main] DEBUG org.springframework.orm.hibernate5.HibernateTransactionManager - Initiating transaction commit
22:30:05.983 [main] DEBUG org.springframework.orm.hibernate5.HibernateTransactionManager - Committing Hibernate transaction on Session [SessionImpl(PersistenceContext[entityKeys=[EntityKey[com.project.backend.domain.Category#Category001]],collectionKeys=[]];ActionQueue[insertions=ExecutableList{size=0} updates=ExecutableList{size=0} deletions=ExecutableList{size=0} orphanRemovals=ExecutableList{size=0} collectionCreations=ExecutableList{size=0} collectionRemovals=ExecutableList{size=1} collectionUpdates=ExecutableList{size=0} collectionQueuedOps=ExecutableList{size=0} unresolvedInsertDependencies=null])]
22:30:05.983 [main] DEBUG org.hibernate.engine.transaction.internal.TransactionImpl - committing
22:30:05.983 [main] DEBUG org.hibernate.event.internal.AbstractFlushingEventListener - Processing flush-time cascades
22:30:05.983 [main] DEBUG org.hibernate.event.internal.AbstractFlushingEventListener - Dirty checking collections
22:30:05.986 [main] DEBUG org.hibernate.event.internal.AbstractFlushingEventListener - Flushed: 0 insertions, 1 updates, 0 deletions to 1 objects
22:30:05.986 [main] DEBUG org.hibernate.event.internal.AbstractFlushingEventListener - Flushed: 0 (re)creations, 0 updates, 1 removals to 0 collections
22:30:05.986 [main] DEBUG org.hibernate.internal.util.EntityPrinter - Listing entities:
22:30:05.986 [main] DEBUG org.hibernate.internal.util.EntityPrinter - com.project.backend.domain.Category{name=Mobile, description=This is new mobile category, id=Category001, products=null}
22:30:06.016 [main] DEBUG org.hibernate.SQL - update Category set description=?, name=? where id=?
Hibernate: update Category set description=?, name=? where id=?
22:30:06.020 [main] ERROR org.hibernate.internal.SessionImpl - HHH000346: Error during managed flush [Batch update returned unexpected row count from update [0]; actual row count: 0; expected: 1]
22:30:06.022 [main] DEBUG org.hibernate.resource.transaction.backend.jdbc.internal.JdbcResourceLocalTransactionCoordinatorImpl - JDBC transaction marked for rollback-only (exception provided for stack trace)
java.lang.Exception: exception just for purpose of providing stack trace
	at org.hibernate.resource.transaction.backend.jdbc.internal.JdbcResourceLocalTransactionCoordinatorImpl$TransactionDriverControlImpl.markRollbackOnly(JdbcResourceLocalTransactionCoordinatorImpl.java:264)
	at org.hibernate.resource.transaction.backend.jdbc.internal.JdbcResourceLocalTransactionCoordinatorImpl.beforeCompletionCallback(JdbcResourceLocalTransactionCoordinatorImpl.java:155)
	at org.hibernate.resource.transaction.backend.jdbc.internal.JdbcResourceLocalTransactionCoordinatorImpl.access$100(JdbcResourceLocalTransactionCoordinatorImpl.java:38)
	at org.hibernate.resource.transaction.backend.jdbc.internal.JdbcResourceLocalTransactionCoordinatorImpl$TransactionDriverControlImpl.commit(JdbcResourceLocalTransactionCoordinatorImpl.java:230)
	at org.hibernate.engine.transaction.internal.TransactionImpl.commit(TransactionImpl.java:65)
	at org.springframework.orm.hibernate5.HibernateTransactionManager.doCommit(HibernateTransactionManager.java:609)
	at org.springframework.transaction.support.AbstractPlatformTransactionManager.processCommit(AbstractPlatformTransactionManager.java:746)
	at org.springframework.transaction.support.AbstractPlatformTransactionManager.commit(AbstractPlatformTransactionManager.java:714)
	at org.springframework.transaction.interceptor.TransactionAspectSupport.commitTransactionAfterReturning(TransactionAspectSupport.java:532)
	at org.springframework.transaction.interceptor.TransactionAspectSupport.invokeWithinTransaction(TransactionAspectSupport.java:304)
	at org.springframework.transaction.interceptor.TransactionInterceptor.invoke(TransactionInterceptor.java:98)
	at org.springframework.aop.framework.ReflectiveMethodInvocation.proceed(ReflectiveMethodInvocation.java:185)
	at org.springframework.aop.framework.JdkDynamicAopProxy.invoke(JdkDynamicAopProxy.java:212)
	at com.sun.proxy.$Proxy33.update(Unknown Source)
	at com.project.backend.CategoryTestCase.updateCategoryTestCase(CategoryTestCase.java:49)
	at sun.reflect.NativeMethodAccessorImpl.invoke0(Native Method)
	at sun.reflect.NativeMethodAccessorImpl.invoke(Unknown Source)
	at sun.reflect.DelegatingMethodAccessorImpl.invoke(Unknown Source)
	at java.lang.reflect.Method.invoke(Unknown Source)
	at org.junit.internal.runners.TestMethod.invoke(TestMethod.java:59)
	at org.junit.internal.runners.MethodRoadie.runTestMethod(MethodRoadie.java:98)
	at org.junit.internal.runners.MethodRoadie$2.run(MethodRoadie.java:79)
	at org.junit.internal.runners.MethodRoadie.runBeforesThenTestThenAfters(MethodRoadie.java:87)
	at org.junit.internal.runners.MethodRoadie.runTest(MethodRoadie.java:77)
	at org.junit.internal.runners.MethodRoadie.run(MethodRoadie.java:42)
	at org.junit.internal.runners.JUnit4ClassRunner.invokeTestMethod(JUnit4ClassRunner.java:88)
	at org.junit.internal.runners.JUnit4ClassRunner.runMethods(JUnit4ClassRunner.java:51)
	at org.junit.internal.runners.JUnit4ClassRunner$1.run(JUnit4ClassRunner.java:44)
	at org.junit.internal.runners.ClassRoadie.runUnprotected(ClassRoadie.java:27)
	at org.junit.internal.runners.ClassRoadie.runProtected(ClassRoadie.java:37)
	at org.junit.internal.runners.JUnit4ClassRunner.run(JUnit4ClassRunner.java:42)
	at org.apache.maven.surefire.junit4.JUnit4Provider.execute(JUnit4Provider.java:252)
	at org.apache.maven.surefire.junit4.JUnit4Provider.executeTestSet(JUnit4Provider.java:141)
	at org.apache.maven.surefire.junit4.JUnit4Provider.invoke(JUnit4Provider.java:112)
	at sun.reflect.NativeMethodAccessorImpl.invoke0(Native Method)
	at sun.reflect.NativeMethodAccessorImpl.invoke(Unknown Source)
	at sun.reflect.DelegatingMethodAccessorImpl.invoke(Unknown Source)
	at java.lang.reflect.Method.invoke(Unknown Source)
	at org.apache.maven.surefire.util.ReflectionUtils.invokeMethodWithArray(ReflectionUtils.java:189)
	at org.apache.maven.surefire.booter.ProviderFactory$ProviderProxy.invoke(ProviderFactory.java:165)
	at org.apache.maven.surefire.booter.ProviderFactory.invokeProvider(ProviderFactory.java:85)
	at org.apache.maven.surefire.booter.ForkedBooter.runSuitesInProcess(ForkedBooter.java:115)
	at org.apache.maven.surefire.booter.ForkedBooter.main(ForkedBooter.java:75)
22:30:06.026 [main] DEBUG org.springframework.orm.hibernate5.HibernateTransactionManager - Initiating transaction rollback after commit exception
org.springframework.orm.hibernate5.HibernateOptimisticLockingFailureException: Batch update returned unexpected row count from update [0]; actual row count: 0; expected: 1; nested exception is org.hibernate.StaleStateException: Batch update returned unexpected row count from update [0]; actual row count: 0; expected: 1
	at org.springframework.orm.hibernate5.SessionFactoryUtils.convertHibernateAccessException(SessionFactoryUtils.java:289)
	at org.springframework.orm.hibernate5.HibernateTransactionManager.convertHibernateAccessException(HibernateTransactionManager.java:785)
	at org.springframework.orm.hibernate5.HibernateTransactionManager.doCommit(HibernateTransactionManager.java:617)
	at org.springframework.transaction.support.AbstractPlatformTransactionManager.processCommit(AbstractPlatformTransactionManager.java:746)
	at org.springframework.transaction.support.AbstractPlatformTransactionManager.commit(AbstractPlatformTransactionManager.java:714)
	at org.springframework.transaction.interceptor.TransactionAspectSupport.commitTransactionAfterReturning(TransactionAspectSupport.java:532)
	at org.springframework.transaction.interceptor.TransactionAspectSupport.invokeWithinTransaction(TransactionAspectSupport.java:304)
	at org.springframework.transaction.interceptor.TransactionInterceptor.invoke(TransactionInterceptor.java:98)
	at org.springframework.aop.framework.ReflectiveMethodInvocation.proceed(ReflectiveMethodInvocation.java:185)
	at org.springframework.aop.framework.JdkDynamicAopProxy.invoke(JdkDynamicAopProxy.java:212)
	at com.sun.proxy.$Proxy33.update(Unknown Source)
	at com.project.backend.CategoryTestCase.updateCategoryTestCase(CategoryTestCase.java:49)
	at sun.reflect.NativeMethodAccessorImpl.invoke0(Native Method)
	at sun.reflect.NativeMethodAccessorImpl.invoke(Unknown Source)
	at sun.reflect.DelegatingMethodAccessorImpl.invoke(Unknown Source)
	at java.lang.reflect.Method.invoke(Unknown Source)
	at org.junit.internal.runners.TestMethod.invoke(TestMethod.java:59)
	at org.junit.internal.runners.MethodRoadie.runTestMethod(MethodRoadie.java:98)
	at org.junit.internal.runners.MethodRoadie$2.run(MethodRoadie.java:79)
	at org.junit.internal.runners.MethodRoadie.runBeforesThenTestThenAfters(MethodRoadie.java:87)
	at org.junit.internal.runners.MethodRoadie.runTest(MethodRoadie.java:77)
	at org.junit.internal.runners.MethodRoadie.run(MethodRoadie.java:42)
	at org.junit.internal.runners.JUnit4ClassRunner.invokeTestMethod(JUnit4ClassRunner.java:88)
	at org.junit.internal.runners.JUnit4ClassRunner.runMethods(JUnit4ClassRunner.java:51)
	at org.junit.internal.runners.JUnit4ClassRunner$1.run(JUnit4ClassRunner.java:44)
	at org.junit.internal.runners.ClassRoadie.runUnprotected(ClassRoadie.java:27)
	at org.junit.internal.runners.ClassRoadie.runProtected(ClassRoadie.java:37)
	at org.junit.internal.runners.JUnit4ClassRunner.run(JUnit4ClassRunner.java:42)
	at org.apache.maven.surefire.junit4.JUnit4Provider.execute(JUnit4Provider.java:252)
	at org.apache.maven.surefire.junit4.JUnit4Provider.executeTestSet(JUnit4Provider.java:141)
	at org.apache.maven.surefire.junit4.JUnit4Provider.invoke(JUnit4Provider.java:112)
	at sun.reflect.NativeMethodAccessorImpl.invoke0(Native Method)
	at sun.reflect.NativeMethodAccessorImpl.invoke(Unknown Source)
	at sun.reflect.DelegatingMethodAccessorImpl.invoke(Unknown Source)
	at java.lang.reflect.Method.invoke(Unknown Source)
	at org.apache.maven.surefire.util.ReflectionUtils.invokeMethodWithArray(ReflectionUtils.java:189)
	at org.apache.maven.surefire.booter.ProviderFactory$ProviderProxy.invoke(ProviderFactory.java:165)
	at org.apache.maven.surefire.booter.ProviderFactory.invokeProvider(ProviderFactory.java:85)
	at org.apache.maven.surefire.booter.ForkedBooter.runSuitesInProcess(ForkedBooter.java:115)
	at org.apache.maven.surefire.booter.ForkedBooter.main(ForkedBooter.java:75)
Caused by: org.hibernate.StaleStateException: Batch update returned unexpected row count from update [0]; actual row count: 0; expected: 1
	at org.hibernate.jdbc.Expectations$BasicExpectation.checkBatched(Expectations.java:67)
	at org.hibernate.jdbc.Expectations$BasicExpectation.verifyOutcome(Expectations.java:54)
	at org.hibernate.engine.jdbc.batch.internal.NonBatchingBatch.addToBatch(NonBatchingBatch.java:46)
	at org.hibernate.persister.entity.AbstractEntityPersister.update(AbstractEntityPersister.java:3069)
	at org.hibernate.persister.entity.AbstractEntityPersister.updateOrInsert(AbstractEntityPersister.java:2948)
	at org.hibernate.persister.entity.AbstractEntityPersister.update(AbstractEntityPersister.java:3328)
	at org.hibernate.action.internal.EntityUpdateAction.execute(EntityUpdateAction.java:145)
	at org.hibernate.engine.spi.ActionQueue.executeActions(ActionQueue.java:560)
	at org.hibernate.engine.spi.ActionQueue.executeActions(ActionQueue.java:434)
	at org.hibernate.event.internal.AbstractFlushingEventListener.performExecutions(AbstractFlushingEventListener.java:337)
	at org.hibernate.event.internal.DefaultFlushEventListener.onFlush(DefaultFlushEventListener.java:39)
	at org.hibernate.internal.SessionImpl.flush(SessionImpl.java:1224)
	at org.hibernate.internal.SessionImpl.managedFlush(SessionImpl.java:464)
	at org.hibernate.internal.SessionImpl.flushBeforeTransactionCompletion(SessionImpl.java:2905)
	at org.hibernate.internal.SessionImpl.beforeTransactionCompletion(SessionImpl.java:2281)
	at org.hibernate.engine.jdbc.internal.JdbcCoordinatorImpl.beforeTransactionCompletion(JdbcCoordinatorImpl.java:485)
	at org.hibernate.resource.transaction.backend.jdbc.internal.JdbcResourceLocalTransactionCoordinatorImpl.beforeCompletionCallback(JdbcResourceLocalTransactionCoordinatorImpl.java:146)
	at org.hibernate.resource.transaction.backend.jdbc.internal.JdbcResourceLocalTransactionCoordinatorImpl.access$100(JdbcResourceLocalTransactionCoordinatorImpl.java:38)
	at org.hibernate.resource.transaction.backend.jdbc.internal.JdbcResourceLocalTransactionCoordinatorImpl$TransactionDriverControlImpl.commit(JdbcResourceLocalTransactionCoordinatorImpl.java:230)
	at org.hibernate.engine.transaction.internal.TransactionImpl.commit(TransactionImpl.java:65)
	at org.springframework.orm.hibernate5.HibernateTransactionManager.doCommit(HibernateTransactionManager.java:609)
	... 37 common frames omitted
22:30:06.026 [main] DEBUG org.springframework.orm.hibernate5.HibernateTransactionManager - Rolling back Hibernate transaction on Session [SessionImpl(PersistenceContext[entityKeys=[EntityKey[com.project.backend.domain.Category#Category001]],collectionKeys=[]];ActionQueue[insertions=ExecutableList{size=0} updates=ExecutableList{size=1} deletions=ExecutableList{size=0} orphanRemovals=ExecutableList{size=0} collectionCreations=ExecutableList{size=0} collectionRemovals=ExecutableList{size=1} collectionUpdates=ExecutableList{size=0} collectionQueuedOps=ExecutableList{size=0} unresolvedInsertDependencies=null])]
22:30:06.026 [main] DEBUG org.hibernate.engine.transaction.internal.TransactionImpl - rollback() called on an inactive transaction
22:30:06.026 [main] DEBUG org.springframework.orm.hibernate5.HibernateTransactionManager - Closing Hibernate Session [SessionImpl(PersistenceContext[entityKeys=[EntityKey[com.project.backend.domain.Category#Category001]],collectionKeys=[]];ActionQueue[insertions=ExecutableList{size=0} updates=ExecutableList{size=1} deletions=ExecutableList{size=0} orphanRemovals=ExecutableList{size=0} collectionCreations=ExecutableList{size=0} collectionRemovals=ExecutableList{size=1} collectionUpdates=ExecutableList{size=0} collectionQueuedOps=ExecutableList{size=0} unresolvedInsertDependencies=null])] after transaction
22:30:06.026 [main] DEBUG org.hibernate.engine.jdbc.internal.JdbcCoordinatorImpl - HHH000420: Closing un-released batch
22:30:06.026 [main] INFO org.hibernate.engine.jdbc.batch.internal.AbstractBatchImpl - HHH000010: On release of batch it still contained JDBC statements
22:30:06.026 [main] DEBUG org.hibernate.resource.jdbc.internal.ResourceRegistryStandardImpl - HHH000387: ResultSet&apos;s statement was not registered
22:30:06.029 [main] DEBUG org.hibernate.resource.jdbc.internal.ResourceRegistryStandardImpl - Exception clearing maxRows/queryTimeout [The object is already closed [90007-196]]
</system-out>
  </testcase>
  <testcase classname="com.project.backend.CategoryTestCase" name="getCategorySuccessTestCase" time="0.021"/>
  <testcase classname="com.project.backend.CategoryTestCase" name="getCategoryFailureTestCase" time="0.049"/>
  <testcase classname="com.project.backend.CategoryTestCase" name="deleteCategorySuccessTestCase" time="0.012">
    <failure message="delete category succss test case expected:&lt;true&gt; but was:&lt;false&gt;" type="java.lang.AssertionError">java.lang.AssertionError: delete category succss test case expected:&lt;true&gt; but was:&lt;false&gt;
	at org.junit.Assert.fail(Assert.java:74)
	at org.junit.Assert.failNotEquals(Assert.java:448)
	at org.junit.Assert.assertEquals(Assert.java:102)
	at com.project.backend.CategoryTestCase.deleteCategorySuccessTestCase(CategoryTestCase.java:68)
	at sun.reflect.NativeMethodAccessorImpl.invoke0(Native Method)
	at sun.reflect.NativeMethodAccessorImpl.invoke(Unknown Source)
	at sun.reflect.DelegatingMethodAccessorImpl.invoke(Unknown Source)
	at java.lang.reflect.Method.invoke(Unknown Source)
	at org.junit.internal.runners.TestMethod.invoke(TestMethod.java:59)
	at org.junit.internal.runners.MethodRoadie.runTestMethod(MethodRoadie.java:98)
	at org.junit.internal.runners.MethodRoadie$2.run(MethodRoadie.java:79)
	at org.junit.internal.runners.MethodRoadie.runBeforesThenTestThenAfters(MethodRoadie.java:87)
	at org.junit.internal.runners.MethodRoadie.runTest(MethodRoadie.java:77)
	at org.junit.internal.runners.MethodRoadie.run(MethodRoadie.java:42)
	at org.junit.internal.runners.JUnit4ClassRunner.invokeTestMethod(JUnit4ClassRunner.java:88)
	at org.junit.internal.runners.JUnit4ClassRunner.runMethods(JUnit4ClassRunner.java:51)
	at org.junit.internal.runners.JUnit4ClassRunner$1.run(JUnit4ClassRunner.java:44)
	at org.junit.internal.runners.ClassRoadie.runUnprotected(ClassRoadie.java:27)
	at org.junit.internal.runners.ClassRoadie.runProtected(ClassRoadie.java:37)
	at org.junit.internal.runners.JUnit4ClassRunner.run(JUnit4ClassRunner.java:42)
	at org.apache.maven.surefire.junit4.JUnit4Provider.execute(JUnit4Provider.java:252)
	at org.apache.maven.surefire.junit4.JUnit4Provider.executeTestSet(JUnit4Provider.java:141)
	at org.apache.maven.surefire.junit4.JUnit4Provider.invoke(JUnit4Provider.java:112)
	at sun.reflect.NativeMethodAccessorImpl.invoke0(Native Method)
	at sun.reflect.NativeMethodAccessorImpl.invoke(Unknown Source)
	at sun.reflect.DelegatingMethodAccessorImpl.invoke(Unknown Source)
	at java.lang.reflect.Method.invoke(Unknown Source)
	at org.apache.maven.surefire.util.ReflectionUtils.invokeMethodWithArray(ReflectionUtils.java:189)
	at org.apache.maven.surefire.booter.ProviderFactory$ProviderProxy.invoke(ProviderFactory.java:165)
	at org.apache.maven.surefire.booter.ProviderFactory.invokeProvider(ProviderFactory.java:85)
	at org.apache.maven.surefire.booter.ForkedBooter.runSuitesInProcess(ForkedBooter.java:115)
	at org.apache.maven.surefire.booter.ForkedBooter.main(ForkedBooter.java:75)
</failure>
    <system-out>22:30:06.101 [main] DEBUG org.springframework.orm.hibernate5.HibernateTransactionManager - Creating new transaction with name [com.project.backend.daoimpl.CategoryDAOIMPL.delete]: PROPAGATION_REQUIRED,ISOLATION_DEFAULT; &apos;&apos;
22:30:06.101 [main] DEBUG org.springframework.orm.hibernate5.HibernateTransactionManager - Opened new Session [SessionImpl(PersistenceContext[entityKeys=[],collectionKeys=[]];ActionQueue[insertions=ExecutableList{size=0} updates=ExecutableList{size=0} deletions=ExecutableList{size=0} orphanRemovals=ExecutableList{size=0} collectionCreations=ExecutableList{size=0} collectionRemovals=ExecutableList{size=0} collectionUpdates=ExecutableList{size=0} collectionQueuedOps=ExecutableList{size=0} unresolvedInsertDependencies=null])] for Hibernate transaction
22:30:06.101 [main] DEBUG org.springframework.orm.hibernate5.HibernateTransactionManager - Preparing JDBC Connection of Hibernate Session [SessionImpl(PersistenceContext[entityKeys=[],collectionKeys=[]];ActionQueue[insertions=ExecutableList{size=0} updates=ExecutableList{size=0} deletions=ExecutableList{size=0} orphanRemovals=ExecutableList{size=0} collectionCreations=ExecutableList{size=0} collectionRemovals=ExecutableList{size=0} collectionUpdates=ExecutableList{size=0} collectionQueuedOps=ExecutableList{size=0} unresolvedInsertDependencies=null])]
22:30:06.102 [main] DEBUG org.springframework.jdbc.datasource.DriverManagerDataSource - Creating new JDBC DriverManager Connection to [jdbc:h2:~/test]
22:30:06.112 [main] DEBUG org.hibernate.engine.transaction.internal.TransactionImpl - begin
22:30:06.112 [main] DEBUG org.springframework.orm.hibernate5.HibernateTransactionManager - Exposing Hibernate transaction as JDBC transaction [conn7: url=jdbc:h2:~/test user=SA]
22:30:06.112 [main] DEBUG org.hibernate.SQL - select category0_.id as id1_0_0_, category0_.description as descript2_0_0_, category0_.name as name3_0_0_, products1_.categoryId as category2_1_1_, products1_.id as id1_1_1_, products1_.id as id1_1_2_, products1_.categoryId as category2_1_2_, products1_.description as descript3_1_2_, products1_.name as name4_1_2_, products1_.price as price5_1_2_, products1_.supplierid as supplier6_1_2_, supplier2_.id as id1_2_3_, supplier2_.address as address2_2_3_, supplier2_.name as name3_2_3_ from Category category0_ left outer join Product products1_ on category0_.id=products1_.categoryId left outer join Supplier supplier2_ on products1_.supplierid=supplier2_.id where category0_.id=?
Hibernate: select category0_.id as id1_0_0_, category0_.description as descript2_0_0_, category0_.name as name3_0_0_, products1_.categoryId as category2_1_1_, products1_.id as id1_1_1_, products1_.id as id1_1_2_, products1_.categoryId as category2_1_2_, products1_.description as descript3_1_2_, products1_.name as name4_1_2_, products1_.price as price5_1_2_, products1_.supplierid as supplier6_1_2_, supplier2_.id as id1_2_3_, supplier2_.address as address2_2_3_, supplier2_.name as name3_2_3_ from Category category0_ left outer join Product products1_ on category0_.id=products1_.categoryId left outer join Supplier supplier2_ on products1_.supplierid=supplier2_.id where category0_.id=?
22:30:06.113 [main] DEBUG org.hibernate.engine.loading.internal.CollectionLoadContext - No collections were found in result set for role: com.project.backend.domain.Category.products
22:30:06.113 [main] DEBUG org.hibernate.resource.jdbc.internal.ResourceRegistryStandardImpl - HHH000387: ResultSet&apos;s statement was not registered
22:30:06.114 [main] DEBUG org.hibernate.loader.entity.plan.AbstractLoadPlanBasedEntityLoader - Done entity load : com.project.backend.domain.Category#Category001
delete f
22:30:06.114 [main] DEBUG org.springframework.orm.hibernate5.HibernateTransactionManager - Initiating transaction commit
22:30:06.114 [main] DEBUG org.springframework.orm.hibernate5.HibernateTransactionManager - Committing Hibernate transaction on Session [SessionImpl(PersistenceContext[entityKeys=[],collectionKeys=[]];ActionQueue[insertions=ExecutableList{size=0} updates=ExecutableList{size=0} deletions=ExecutableList{size=0} orphanRemovals=ExecutableList{size=0} collectionCreations=ExecutableList{size=0} collectionRemovals=ExecutableList{size=0} collectionUpdates=ExecutableList{size=0} collectionQueuedOps=ExecutableList{size=0} unresolvedInsertDependencies=null])]
22:30:06.114 [main] DEBUG org.hibernate.engine.transaction.internal.TransactionImpl - committing
22:30:06.115 [main] DEBUG org.springframework.orm.hibernate5.HibernateTransactionManager - Closing Hibernate Session [SessionImpl(PersistenceContext[entityKeys=[],collectionKeys=[]];ActionQueue[insertions=ExecutableList{size=0} updates=ExecutableList{size=0} deletions=ExecutableList{size=0} orphanRemovals=ExecutableList{size=0} collectionCreations=ExecutableList{size=0} collectionRemovals=ExecutableList{size=0} collectionUpdates=ExecutableList{size=0} collectionQueuedOps=ExecutableList{size=0} unresolvedInsertDependencies=null])] after transaction
</system-out>
  </testcase>
</testsuite>