<?xml version="1.0" encoding="UTF-8" ?>
<testsuite tests="3" failures="1" name="com.project.backend.ProductTestCase" time="0.307" errors="2" skipped="0">
  <properties>
    <property name="java.runtime.name" value="Java(TM) SE Runtime Environment"/>
    <property name="sun.boot.library.path" value="C:\Program Files\Java\jre1.8.0_161\bin"/>
    <property name="java.vm.version" value="25.161-b12"/>
    <property name="java.vm.vendor" value="Oracle Corporation"/>
    <property name="maven.multiModuleProjectDirectory" value="F:\Workstation\backend"/>
    <property name="java.vendor.url" value="http://java.oracle.com/"/>
    <property name="path.separator" value=";"/>
    <property name="guice.disable.misplaced.annotation.check" value="true"/>
    <property name="java.vm.name" value="Java HotSpot(TM) 64-Bit Server VM"/>
    <property name="file.encoding.pkg" value="sun.io"/>
    <property name="user.script" value=""/>
    <property name="user.country" value="US"/>
    <property name="sun.java.launcher" value="SUN_STANDARD"/>
    <property name="sun.os.patch.level" value=""/>
    <property name="java.vm.specification.name" value="Java Virtual Machine Specification"/>
    <property name="user.dir" value="F:\Workstation\backend"/>
    <property name="java.runtime.version" value="1.8.0_161-b12"/>
    <property name="java.awt.graphicsenv" value="sun.awt.Win32GraphicsEnvironment"/>
    <property name="java.endorsed.dirs" value="C:\Program Files\Java\jre1.8.0_161\lib\endorsed"/>
    <property name="os.arch" value="amd64"/>
    <property name="java.io.tmpdir" value="C:\Users\yogender\AppData\Local\Temp\"/>
    <property name="line.separator" value="
"/>
    <property name="java.vm.specification.vendor" value="Oracle Corporation"/>
    <property name="user.variant" value=""/>
    <property name="os.name" value="Windows 10"/>
    <property name="classworlds.conf" value="F:\Workstation\.metadata\.plugins\org.eclipse.m2e.launching\launches\m2conf1838115320050085013.tmp"/>
    <property name="sun.jnu.encoding" value="Cp1252"/>
    <property name="java.library.path" value="C:\Program Files\Java\jre1.8.0_161\bin;C:\WINDOWS\Sun\Java\bin;C:\WINDOWS\system32;C:\WINDOWS;C:/Program Files/Java/jre1.8.0_161/bin/server;C:/Program Files/Java/jre1.8.0_161/bin;C:/Program Files/Java/jre1.8.0_161/lib/amd64;C:\ProgramData\Oracle\Java\javapath;C:\WINDOWS\system32;C:\WINDOWS;C:\WINDOWS\System32\Wbem;C:\WINDOWS\System32\WindowsPowerShell\v1.0\;F:\apache-maven-3.5.2\bin;C:\Program Files\Java\jdk1.8.0_161\bin;C:\Users\yogender\AppData\Local\Microsoft\WindowsApps;C:\Users\yogender\AppData\Local\GitHubDesktop\bin;F:\study material\softwares\eclipse;;."/>
    <property name="java.specification.name" value="Java Platform API Specification"/>
    <property name="java.class.version" value="52.0"/>
    <property name="sun.management.compiler" value="HotSpot 64-Bit Tiered Compilers"/>
    <property name="os.version" value="10.0"/>
    <property name="user.home" value="C:\Users\yogender"/>
    <property name="user.timezone" value="Asia/Calcutta"/>
    <property name="java.awt.printerjob" value="sun.awt.windows.WPrinterJob"/>
    <property name="java.specification.version" value="1.8"/>
    <property name="file.encoding" value="Cp1252"/>
    <property name="user.name" value="yogender"/>
    <property name="java.class.path" value="F:\study material\softwares\eclipse\plugins\org.eclipse.m2e.maven.runtime_1.8.2.20171007-0216\jars\plexus-classworlds-2.5.2.jar"/>
    <property name="java.vm.specification.version" value="1.8"/>
    <property name="sun.arch.data.model" value="64"/>
    <property name="java.home" value="C:\Program Files\Java\jre1.8.0_161"/>
    <property name="sun.java.command" value="org.codehaus.plexus.classworlds.launcher.Launcher -B install"/>
    <property name="java.specification.vendor" value="Oracle Corporation"/>
    <property name="user.language" value="en"/>
    <property name="awt.toolkit" value="sun.awt.windows.WToolkit"/>
    <property name="java.vm.info" value="mixed mode"/>
    <property name="java.version" value="1.8.0_161"/>
    <property name="java.ext.dirs" value="C:\Program Files\Java\jre1.8.0_161\lib\ext;C:\WINDOWS\Sun\Java\lib\ext"/>
    <property name="sun.boot.class.path" value="C:\Program Files\Java\jre1.8.0_161\lib\resources.jar;C:\Program Files\Java\jre1.8.0_161\lib\rt.jar;C:\Program Files\Java\jre1.8.0_161\lib\sunrsasign.jar;C:\Program Files\Java\jre1.8.0_161\lib\jsse.jar;C:\Program Files\Java\jre1.8.0_161\lib\jce.jar;C:\Program Files\Java\jre1.8.0_161\lib\charsets.jar;C:\Program Files\Java\jre1.8.0_161\lib\jfr.jar;C:\Program Files\Java\jre1.8.0_161\classes"/>
    <property name="java.vendor" value="Oracle Corporation"/>
    <property name="maven.home" value="F:\Workstation\backend\EMBEDDED"/>
    <property name="file.separator" value="\"/>
    <property name="java.vendor.url.bug" value="http://bugreport.sun.com/bugreport/"/>
    <property name="sun.cpu.endian" value="little"/>
    <property name="sun.io.unicode.encoding" value="UnicodeLittle"/>
    <property name="sun.desktop" value="windows"/>
    <property name="sun.cpu.isalist" value="amd64"/>
  </properties>
  <testcase classname="com.project.backend.ProductTestCase" name="getProductSuccessTestCase" time="0.128">
    <error type="java.lang.NullPointerException">java.lang.NullPointerException
	at com.project.backend.daoimpl.ProductDAOIMPL.get(ProductDAOIMPL.java:42)
	at sun.reflect.NativeMethodAccessorImpl.invoke0(Native Method)
	at sun.reflect.NativeMethodAccessorImpl.invoke(Unknown Source)
	at sun.reflect.DelegatingMethodAccessorImpl.invoke(Unknown Source)
	at java.lang.reflect.Method.invoke(Unknown Source)
	at org.springframework.aop.support.AopUtils.invokeJoinpointUsingReflection(AopUtils.java:338)
	at org.springframework.aop.framework.ReflectiveMethodInvocation.invokeJoinpoint(ReflectiveMethodInvocation.java:197)
	at org.springframework.aop.framework.ReflectiveMethodInvocation.proceed(ReflectiveMethodInvocation.java:163)
	at org.springframework.transaction.interceptor.TransactionAspectSupport.invokeWithinTransaction(TransactionAspectSupport.java:294)
	at org.springframework.transaction.interceptor.TransactionInterceptor.invoke(TransactionInterceptor.java:98)
	at org.springframework.aop.framework.ReflectiveMethodInvocation.proceed(ReflectiveMethodInvocation.java:185)
	at org.springframework.aop.framework.JdkDynamicAopProxy.invoke(JdkDynamicAopProxy.java:212)
	at com.sun.proxy.$Proxy34.get(Unknown Source)
	at com.project.backend.ProductTestCase.getProductSuccessTestCase(ProductTestCase.java:58)
	at sun.reflect.NativeMethodAccessorImpl.invoke0(Native Method)
	at sun.reflect.NativeMethodAccessorImpl.invoke(Unknown Source)
	at sun.reflect.DelegatingMethodAccessorImpl.invoke(Unknown Source)
	at java.lang.reflect.Method.invoke(Unknown Source)
	at org.junit.internal.runners.TestMethod.invoke(TestMethod.java:59)
	at org.junit.internal.runners.MethodRoadie.runTestMethod(MethodRoadie.java:98)
	at org.junit.internal.runners.MethodRoadie$2.run(MethodRoadie.java:79)
	at org.junit.internal.runners.MethodRoadie.runBeforesThenTestThenAfters(MethodRoadie.java:87)
	at org.junit.internal.runners.MethodRoadie.runTest(MethodRoadie.java:77)
	at org.junit.internal.runners.MethodRoadie.run(MethodRoadie.java:42)
	at org.junit.internal.runners.JUnit4ClassRunner.invokeTestMethod(JUnit4ClassRunner.java:88)
	at org.junit.internal.runners.JUnit4ClassRunner.runMethods(JUnit4ClassRunner.java:51)
	at org.junit.internal.runners.JUnit4ClassRunner$1.run(JUnit4ClassRunner.java:44)
	at org.junit.internal.runners.ClassRoadie.runUnprotected(ClassRoadie.java:27)
	at org.junit.internal.runners.ClassRoadie.runProtected(ClassRoadie.java:37)
	at org.junit.internal.runners.JUnit4ClassRunner.run(JUnit4ClassRunner.java:42)
	at org.apache.maven.surefire.junit4.JUnit4Provider.execute(JUnit4Provider.java:252)
	at org.apache.maven.surefire.junit4.JUnit4Provider.executeTestSet(JUnit4Provider.java:141)
	at org.apache.maven.surefire.junit4.JUnit4Provider.invoke(JUnit4Provider.java:112)
	at sun.reflect.NativeMethodAccessorImpl.invoke0(Native Method)
	at sun.reflect.NativeMethodAccessorImpl.invoke(Unknown Source)
	at sun.reflect.DelegatingMethodAccessorImpl.invoke(Unknown Source)
	at java.lang.reflect.Method.invoke(Unknown Source)
	at org.apache.maven.surefire.util.ReflectionUtils.invokeMethodWithArray(ReflectionUtils.java:189)
	at org.apache.maven.surefire.booter.ProviderFactory$ProviderProxy.invoke(ProviderFactory.java:165)
	at org.apache.maven.surefire.booter.ProviderFactory.invokeProvider(ProviderFactory.java:85)
	at org.apache.maven.surefire.booter.ForkedBooter.runSuitesInProcess(ForkedBooter.java:115)
	at org.apache.maven.surefire.booter.ForkedBooter.main(ForkedBooter.java:75)
</error>
    <system-out>22:30:06.118 [main] DEBUG org.springframework.core.env.StandardEnvironment - Adding PropertySource &apos;systemProperties&apos; with lowest search precedence
22:30:06.118 [main] DEBUG org.springframework.core.env.StandardEnvironment - Adding PropertySource &apos;systemEnvironment&apos; with lowest search precedence
22:30:06.118 [main] DEBUG org.springframework.core.env.StandardEnvironment - Initialized StandardEnvironment with PropertySources [MapPropertySource@810672306 {name=&apos;systemProperties&apos;, properties={jboss.i18n.generate-proxies=true, java.runtime.name=Java(TM) SE Runtime Environment, sun.boot.library.path=C:\Program Files\Java\jre1.8.0_161\bin, java.vm.version=25.161-b12, java.vm.vendor=Oracle Corporation, java.vendor.url=http://java.oracle.com/, path.separator=;, java.vm.name=Java HotSpot(TM) 64-Bit Server VM, file.encoding.pkg=sun.io, user.country=US, user.script=, sun.java.launcher=SUN_STANDARD, sun.os.patch.level=, java.vm.specification.name=Java Virtual Machine Specification, user.dir=F:\Workstation\backend, java.runtime.version=1.8.0_161-b12, basedir=F:\Workstation\backend, java.awt.graphicsenv=sun.awt.Win32GraphicsEnvironment, java.endorsed.dirs=C:\Program Files\Java\jre1.8.0_161\lib\endorsed, os.arch=amd64, surefire.real.class.path=F:\Workstation\backend\target\surefire\surefirebooter1169634460267211287.jar, java.io.tmpdir=C:\Users\yogender\AppData\Local\Temp\, line.separator=
, java.vm.specification.vendor=Oracle Corporation, user.variant=, os.name=Windows 10, sun.jnu.encoding=Cp1252, java.library.path=C:\Program Files\Java\jre1.8.0_161\bin;C:\WINDOWS\Sun\Java\bin;C:\WINDOWS\system32;C:\WINDOWS;C:/Program Files/Java/jre1.8.0_161/bin/server;C:/Program Files/Java/jre1.8.0_161/bin;C:/Program Files/Java/jre1.8.0_161/lib/amd64;C:\ProgramData\Oracle\Java\javapath;C:\WINDOWS\system32;C:\WINDOWS;C:\WINDOWS\System32\Wbem;C:\WINDOWS\System32\WindowsPowerShell\v1.0\;F:\apache-maven-3.5.2\bin;C:\Program Files\Java\jdk1.8.0_161\bin;C:\Users\yogender\AppData\Local\Microsoft\WindowsApps;C:\Users\yogender\AppData\Local\GitHubDesktop\bin;F:\study material\softwares\eclipse;;., surefire.test.class.path=F:\Workstation\backend\target\test-classes;F:\Workstation\backend\target\classes;C:\Users\yogender\.m2\repository\javax\xml\jaxb-impl\2.1\jaxb-impl-2.1.jar;C:\Users\yogender\.m2\repository\org\glassfish\jaxb\jaxb-core\2.2.11\jaxb-core-2.2.11.jar;C:\Users\yogender\.m2\repository\javax\xml\bind\jaxb-api\2.3.0\jaxb-api-2.3.0.jar;C:\Users\yogender\.m2\repository\org\apache\maven\maven-plugin-api\3.3.9\maven-plugin-api-3.3.9.jar;C:\Users\yogender\.m2\repository\org\apache\maven\maven-model\3.3.9\maven-model-3.3.9.jar;C:\Users\yogender\.m2\repository\org\codehaus\plexus\plexus-utils\3.0.22\plexus-utils-3.0.22.jar;C:\Users\yogender\.m2\repository\org\apache\commons\commons-lang3\3.4\commons-lang3-3.4.jar;C:\Users\yogender\.m2\repository\org\apache\maven\maven-artifact\3.3.9\maven-artifact-3.3.9.jar;C:\Users\yogender\.m2\repository\org\eclipse\sisu\org.eclipse.sisu.plexus\0.3.2\org.eclipse.sisu.plexus-0.3.2.jar;C:\Users\yogender\.m2\repository\javax\enterprise\cdi-api\1.0\cdi-api-1.0.jar;C:\Users\yogender\.m2\repository\javax\annotation\jsr250-api\1.0\jsr250-api-1.0.jar;C:\Users\yogender\.m2\repository\javax\inject\javax.inject\1\javax.inject-1.jar;C:\Users\yogender\.m2\repository\org\eclipse\sisu\org.eclipse.sisu.inject\0.3.2\org.eclipse.sisu.inject-0.3.2.jar;C:\Users\yogender\.m2\repository\org\codehaus\plexus\plexus-component-annotations\1.5.5\plexus-component-annotations-1.5.5.jar;C:\Users\yogender\.m2\repository\org\codehaus\plexus\plexus-classworlds\2.5.2\plexus-classworlds-2.5.2.jar;C:\Users\yogender\.m2\repository\org\springframework\spring-core\5.0.4.RELEASE\spring-core-5.0.4.RELEASE.jar;C:\Users\yogender\.m2\repository\org\springframework\spring-jcl\5.0.4.RELEASE\spring-jcl-5.0.4.RELEASE.jar;C:\Users\yogender\.m2\repository\org\springframework\spring-context\5.0.4.RELEASE\spring-context-5.0.4.RELEASE.jar;C:\Users\yogender\.m2\repository\org\springframework\spring-aop\5.0.4.RELEASE\spring-aop-5.0.4.RELEASE.jar;C:\Users\yogender\.m2\repository\org\springframework\spring-beans\5.0.4.RELEASE\spring-beans-5.0.4.RELEASE.jar;C:\Users\yogender\.m2\repository\org\springframework\spring-expression\5.0.4.RELEASE\spring-expression-5.0.4.RELEASE.jar;C:\Users\yogender\.m2\repository\org\hibernate\hibernate-core\5.0.4.Final\hibernate-core-5.0.4.Final.jar;C:\Users\yogender\.m2\repository\org\jboss\logging\jboss-logging\3.3.0.Final\jboss-logging-3.3.0.Final.jar;C:\Users\yogender\.m2\repository\org\hibernate\javax\persistence\hibernate-jpa-2.1-api\1.0.0.Final\hibernate-jpa-2.1-api-1.0.0.Final.jar;C:\Users\yogender\.m2\repository\org\javassist\javassist\3.18.1-GA\javassist-3.18.1-GA.jar;C:\Users\yogender\.m2\repository\antlr\antlr\2.7.7\antlr-2.7.7.jar;C:\Users\yogender\.m2\repository\org\jboss\jandex\2.0.0.CR1\jandex-2.0.0.CR1.jar;C:\Users\yogender\.m2\repository\dom4j\dom4j\1.6.1\dom4j-1.6.1.jar;C:\Users\yogender\.m2\repository\xml-apis\xml-apis\1.0.b2\xml-apis-1.0.b2.jar;C:\Users\yogender\.m2\repository\org\hibernate\common\hibernate-commons-annotations\5.0.0.Final\hibernate-commons-annotations-5.0.0.Final.jar;C:\Users\yogender\.m2\repository\org\springframework\spring-orm\5.0.4.RELEASE\spring-orm-5.0.4.RELEASE.jar;C:\Users\yogender\.m2\repository\org\springframework\spring-jdbc\5.0.4.RELEASE\spring-jdbc-5.0.4.RELEASE.jar;C:\Users\yogender\.m2\repository\org\springframework\spring-tx\5.0.4.RELEASE\spring-tx-5.0.4.RELEASE.jar;C:\Users\yogender\.m2\repository\com\h2database\h2\1.4.196\h2-1.4.196.jar;C:\Users\yogender\.m2\repository\junit\junit\4.4\junit-4.4.jar;C:\Users\yogender\.m2\repository\javax\transaction\jta\1.1\jta-1.1.jar;C:\Users\yogender\.m2\repository\org\slf4j\slf4j-api\1.7.25\slf4j-api-1.7.25.jar;C:\Users\yogender\.m2\repository\ch\qos\logback\logback-classic\1.2.3\logback-classic-1.2.3.jar;C:\Users\yogender\.m2\repository\ch\qos\logback\logback-core\1.2.3\logback-core-1.2.3.jar;, java.specification.name=Java Platform API Specification, java.class.version=52.0, sun.management.compiler=HotSpot 64-Bit Tiered Compilers, os.version=10.0, user.home=C:\Users\yogender, user.timezone=Asia/Calcutta, java.awt.printerjob=sun.awt.windows.WPrinterJob, file.encoding=Cp1252, java.specification.version=1.8, java.class.path=F:\Workstation\backend\target\test-classes;F:\Workstation\backend\target\classes;C:\Users\yogender\.m2\repository\javax\xml\jaxb-impl\2.1\jaxb-impl-2.1.jar;C:\Users\yogender\.m2\repository\org\glassfish\jaxb\jaxb-core\2.2.11\jaxb-core-2.2.11.jar;C:\Users\yogender\.m2\repository\javax\xml\bind\jaxb-api\2.3.0\jaxb-api-2.3.0.jar;C:\Users\yogender\.m2\repository\org\apache\maven\maven-plugin-api\3.3.9\maven-plugin-api-3.3.9.jar;C:\Users\yogender\.m2\repository\org\apache\maven\maven-model\3.3.9\maven-model-3.3.9.jar;C:\Users\yogender\.m2\repository\org\codehaus\plexus\plexus-utils\3.0.22\plexus-utils-3.0.22.jar;C:\Users\yogender\.m2\repository\org\apache\commons\commons-lang3\3.4\commons-lang3-3.4.jar;C:\Users\yogender\.m2\repository\org\apache\maven\maven-artifact\3.3.9\maven-artifact-3.3.9.jar;C:\Users\yogender\.m2\repository\org\eclipse\sisu\org.eclipse.sisu.plexus\0.3.2\org.eclipse.sisu.plexus-0.3.2.jar;C:\Users\yogender\.m2\repository\javax\enterprise\cdi-api\1.0\cdi-api-1.0.jar;C:\Users\yogender\.m2\repository\javax\annotation\jsr250-api\1.0\jsr250-api-1.0.jar;C:\Users\yogender\.m2\repository\javax\inject\javax.inject\1\javax.inject-1.jar;C:\Users\yogender\.m2\repository\org\eclipse\sisu\org.eclipse.sisu.inject\0.3.2\org.eclipse.sisu.inject-0.3.2.jar;C:\Users\yogender\.m2\repository\org\codehaus\plexus\plexus-component-annotations\1.5.5\plexus-component-annotations-1.5.5.jar;C:\Users\yogender\.m2\repository\org\codehaus\plexus\plexus-classworlds\2.5.2\plexus-classworlds-2.5.2.jar;C:\Users\yogender\.m2\repository\org\springframework\spring-core\5.0.4.RELEASE\spring-core-5.0.4.RELEASE.jar;C:\Users\yogender\.m2\repository\org\springframework\spring-jcl\5.0.4.RELEASE\spring-jcl-5.0.4.RELEASE.jar;C:\Users\yogender\.m2\repository\org\springframework\spring-context\5.0.4.RELEASE\spring-context-5.0.4.RELEASE.jar;C:\Users\yogender\.m2\repository\org\springframework\spring-aop\5.0.4.RELEASE\spring-aop-5.0.4.RELEASE.jar;C:\Users\yogender\.m2\repository\org\springframework\spring-beans\5.0.4.RELEASE\spring-beans-5.0.4.RELEASE.jar;C:\Users\yogender\.m2\repository\org\springframework\spring-expression\5.0.4.RELEASE\spring-expression-5.0.4.RELEASE.jar;C:\Users\yogender\.m2\repository\org\hibernate\hibernate-core\5.0.4.Final\hibernate-core-5.0.4.Final.jar;C:\Users\yogender\.m2\repository\org\jboss\logging\jboss-logging\3.3.0.Final\jboss-logging-3.3.0.Final.jar;C:\Users\yogender\.m2\repository\org\hibernate\javax\persistence\hibernate-jpa-2.1-api\1.0.0.Final\hibernate-jpa-2.1-api-1.0.0.Final.jar;C:\Users\yogender\.m2\repository\org\javassist\javassist\3.18.1-GA\javassist-3.18.1-GA.jar;C:\Users\yogender\.m2\repository\antlr\antlr\2.7.7\antlr-2.7.7.jar;C:\Users\yogender\.m2\repository\org\jboss\jandex\2.0.0.CR1\jandex-2.0.0.CR1.jar;C:\Users\yogender\.m2\repository\dom4j\dom4j\1.6.1\dom4j-1.6.1.jar;C:\Users\yogender\.m2\repository\xml-apis\xml-apis\1.0.b2\xml-apis-1.0.b2.jar;C:\Users\yogender\.m2\repository\org\hibernate\common\hibernate-commons-annotations\5.0.0.Final\hibernate-commons-annotations-5.0.0.Final.jar;C:\Users\yogender\.m2\repository\org\springframework\spring-orm\5.0.4.RELEASE\spring-orm-5.0.4.RELEASE.jar;C:\Users\yogender\.m2\repository\org\springframework\spring-jdbc\5.0.4.RELEASE\spring-jdbc-5.0.4.RELEASE.jar;C:\Users\yogender\.m2\repository\org\springframework\spring-tx\5.0.4.RELEASE\spring-tx-5.0.4.RELEASE.jar;C:\Users\yogender\.m2\repository\com\h2database\h2\1.4.196\h2-1.4.196.jar;C:\Users\yogender\.m2\repository\junit\junit\4.4\junit-4.4.jar;C:\Users\yogender\.m2\repository\javax\transaction\jta\1.1\jta-1.1.jar;C:\Users\yogender\.m2\repository\org\slf4j\slf4j-api\1.7.25\slf4j-api-1.7.25.jar;C:\Users\yogender\.m2\repository\ch\qos\logback\logback-classic\1.2.3\logback-classic-1.2.3.jar;C:\Users\yogender\.m2\repository\ch\qos\logback\logback-core\1.2.3\logback-core-1.2.3.jar;, user.name=yogender, java.vm.specification.version=1.8, sun.java.command=F:\Workstation\backend\target\surefire\surefirebooter1169634460267211287.jar F:\Workstation\backend\target\surefire\surefire3937481837042953127tmp F:\Workstation\backend\target\surefire\surefire_0294470579703560172tmp, java.home=C:\Program Files\Java\jre1.8.0_161, sun.arch.data.model=64, user.language=en, java.specification.vendor=Oracle Corporation, awt.toolkit=sun.awt.windows.WToolkit, java.vm.info=mixed mode, java.version=1.8.0_161, java.ext.dirs=C:\Program Files\Java\jre1.8.0_161\lib\ext;C:\WINDOWS\Sun\Java\lib\ext, sun.boot.class.path=C:\Program Files\Java\jre1.8.0_161\lib\resources.jar;C:\Program Files\Java\jre1.8.0_161\lib\rt.jar;C:\Program Files\Java\jre1.8.0_161\lib\sunrsasign.jar;C:\Program Files\Java\jre1.8.0_161\lib\jsse.jar;C:\Program Files\Java\jre1.8.0_161\lib\jce.jar;C:\Program Files\Java\jre1.8.0_161\lib\charsets.jar;C:\Program Files\Java\jre1.8.0_161\lib\jfr.jar;C:\Program Files\Java\jre1.8.0_161\classes, java.vendor=Oracle Corporation, localRepository=C:\Users\yogender\.m2\repository, file.separator=\, java.vendor.url.bug=http://bugreport.sun.com/bugreport/, sun.io.unicode.encoding=UnicodeLittle, sun.cpu.endian=little, sun.desktop=windows, sun.cpu.isalist=amd64}}, SystemEnvironmentPropertySource@525527919 {name=&apos;systemEnvironment&apos;, properties={GOOGLE_DEFAULT_CLIENT_ID=no, PATH=C:/Program Files/Java/jre1.8.0_161/bin/server;C:/Program Files/Java/jre1.8.0_161/bin;C:/Program Files/Java/jre1.8.0_161/lib/amd64;C:\ProgramData\Oracle\Java\javapath;C:\WINDOWS\system32;C:\WINDOWS;C:\WINDOWS\System32\Wbem;C:\WINDOWS\System32\WindowsPowerShell\v1.0\;F:\apache-maven-3.5.2\bin;C:\Program Files\Java\jdk1.8.0_161\bin;C:\Users\yogender\AppData\Local\Microsoft\WindowsApps;C:\Users\yogender\AppData\Local\GitHubDesktop\bin;F:\study material\softwares\eclipse;, USERDOMAIN_ROAMINGPROFILE=LAPTOP-BGB9KQ7P, LOCALAPPDATA=C:\Users\yogender\AppData\Local, PROCESSOR_LEVEL=6, SYSTEMDRIVE=C:, COMMONPROGRAMFILES(X86)=C:\Program Files (x86)\Common Files, USERDOMAIN=LAPTOP-BGB9KQ7P, FPS_BROWSER_APP_PROFILE_STRING=Internet Explorer, LOGONSERVER=\\LAPTOP-BGB9KQ7P, JAVA_HOME=C:\Program Files\Java\jdk1.8.0_161\bin, PROMPT=$P$G, SESSIONNAME=Console, ALLUSERSPROFILE=C:\ProgramData, PROGRAMFILES(X86)=C:\Program Files (x86), PROCESSOR_ARCHITECTURE=AMD64, GOOGLE_DEFAULT_CLIENT_SECRET=no, PROGRAMFILES=C:\Program Files, =C:=C:\, APPDATA=C:\Users\yogender\AppData\Roaming, PSMODULEPATH=%ProgramFiles%\WindowsPowerShell\Modules;C:\WINDOWS\system32\WindowsPowerShell\v1.0\Modules, PROGRAMW6432=C:\Program Files, PROGRAMDATA=C:\ProgramData, SYSTEMROOT=C:\WINDOWS, USERNAME=yogender, GOOGLE_API_KEY=no, FPS_BROWSER_USER_PROFILE_STRING=Default, ONEDRIVE=C:\Users\yogender\OneDrive, CONFIGSETROOT=C:\WINDOWS\ConfigSetRoot, PATHEXT=.COM;.EXE;.BAT;.CMD;.VBS;.VBE;.JS;.JSE;.WSF;.WSH;.MSC, OS=Windows_NT, COMMONPROGRAMW6432=C:\Program Files\Common Files, COMPUTERNAME=LAPTOP-BGB9KQ7P, COMMONPROGRAMFILES=C:\Program Files\Common Files, COMSPEC=C:\WINDOWS\system32\cmd.exe, PROCESSOR_REVISION=8e09, WINDIR=C:\WINDOWS, =F:=F:\Workstation\backend, HOMEPATH=\Users\yogender, TEMP=C:\Users\yogender\AppData\Local\Temp, HOMEDRIVE=C:, PROCESSOR_IDENTIFIER=Intel64 Family 6 Model 142 Stepping 9, GenuineIntel, USERPROFILE=C:\Users\yogender, TMP=C:\Users\yogender\AppData\Local\Temp, PUBLIC=C:\Users\Public, NUMBER_OF_PROCESSORS=4, =::=::\}}]
22:30:06.119 [main] DEBUG org.springframework.context.annotation.ClassPathBeanDefinitionScanner - JSR-330 &apos;javax.inject.Named&apos; annotation found and supported for component scanning
22:30:06.120 [main] DEBUG org.springframework.core.io.support.PathMatchingResourcePatternResolver - Resolved classpath location [com/project/] to resources [URL [file:/F:/Workstation/backend/target/test-classes/com/project/], URL [file:/F:/Workstation/backend/target/classes/com/project/]]
22:30:06.120 [main] DEBUG org.springframework.core.io.support.PathMatchingResourcePatternResolver - Looking for matching resources in directory tree [F:\Workstation\backend\target\test-classes\com\project]
22:30:06.120 [main] DEBUG org.springframework.core.io.support.PathMatchingResourcePatternResolver - Searching directory [F:\Workstation\backend\target\test-classes\com\project] for files matching pattern [F:/Workstation/backend/target/test-classes/com/project/**/*.class]
22:30:06.121 [main] DEBUG org.springframework.core.io.support.PathMatchingResourcePatternResolver - Searching directory [F:\Workstation\backend\target\test-classes\com\project\backend] for files matching pattern [F:/Workstation/backend/target/test-classes/com/project/**/*.class]
22:30:06.121 [main] DEBUG org.springframework.core.io.support.PathMatchingResourcePatternResolver - Looking for matching resources in directory tree [F:\Workstation\backend\target\classes\com\project]
22:30:06.122 [main] DEBUG org.springframework.core.io.support.PathMatchingResourcePatternResolver - Searching directory [F:\Workstation\backend\target\classes\com\project] for files matching pattern [F:/Workstation/backend/target/classes/com/project/**/*.class]
22:30:06.122 [main] DEBUG org.springframework.core.io.support.PathMatchingResourcePatternResolver - Searching directory [F:\Workstation\backend\target\classes\com\project\backend] for files matching pattern [F:/Workstation/backend/target/classes/com/project/**/*.class]
22:30:06.123 [main] DEBUG org.springframework.core.io.support.PathMatchingResourcePatternResolver - Searching directory [F:\Workstation\backend\target\classes\com\project\backend\config] for files matching pattern [F:/Workstation/backend/target/classes/com/project/**/*.class]
22:30:06.123 [main] DEBUG org.springframework.core.io.support.PathMatchingResourcePatternResolver - Searching directory [F:\Workstation\backend\target\classes\com\project\backend\DAO] for files matching pattern [F:/Workstation/backend/target/classes/com/project/**/*.class]
22:30:06.124 [main] DEBUG org.springframework.core.io.support.PathMatchingResourcePatternResolver - Searching directory [F:\Workstation\backend\target\classes\com\project\backend\daoimpl] for files matching pattern [F:/Workstation/backend/target/classes/com/project/**/*.class]
22:30:06.125 [main] DEBUG org.springframework.core.io.support.PathMatchingResourcePatternResolver - Searching directory [F:\Workstation\backend\target\classes\com\project\backend\domain] for files matching pattern [F:/Workstation/backend/target/classes/com/project/**/*.class]
22:30:06.126 [main] DEBUG org.springframework.core.io.support.PathMatchingResourcePatternResolver - Resolved location pattern [classpath*:com/project/**/*.class] to resources [file [F:\Workstation\backend\target\test-classes\com\project\backend\CategoryTestCase.class], file [F:\Workstation\backend\target\test-classes\com\project\backend\ProductTestCase.class], file [F:\Workstation\backend\target\test-classes\com\project\backend\SupplierTestCase.class], file [F:\Workstation\backend\target\test-classes\com\project\backend\TestConfiguration.class], file [F:\Workstation\backend\target\test-classes\com\project\backend\UserDAOTestCase.class], file [F:\Workstation\backend\target\classes\com\project\backend\config\ApplicationContextConfig.class], file [F:\Workstation\backend\target\classes\com\project\backend\DAO\CategoryDAO.class], file [F:\Workstation\backend\target\classes\com\project\backend\DAO\ProductDAO.class], file [F:\Workstation\backend\target\classes\com\project\backend\DAO\SupplierDAO.class], file [F:\Workstation\backend\target\classes\com\project\backend\DAO\UserDAO.class], file [F:\Workstation\backend\target\classes\com\project\backend\daoimpl\CategoryDAOIMPL.class], file [F:\Workstation\backend\target\classes\com\project\backend\daoimpl\ProductDAOIMPL.class], file [F:\Workstation\backend\target\classes\com\project\backend\daoimpl\SupplierDAOIMPL.class], file [F:\Workstation\backend\target\classes\com\project\backend\daoimpl\UserDAOIMPL.class], file [F:\Workstation\backend\target\classes\com\project\backend\domain\Category.class], file [F:\Workstation\backend\target\classes\com\project\backend\domain\Product.class], file [F:\Workstation\backend\target\classes\com\project\backend\domain\Supplier.class], file [F:\Workstation\backend\target\classes\com\project\backend\domain\User.class]]
22:30:06.131 [main] DEBUG org.springframework.context.annotation.ClassPathBeanDefinitionScanner - Identified candidate component class: file [F:\Workstation\backend\target\classes\com\project\backend\config\ApplicationContextConfig.class]
22:30:06.134 [main] DEBUG org.springframework.context.annotation.ClassPathBeanDefinitionScanner - Identified candidate component class: file [F:\Workstation\backend\target\classes\com\project\backend\daoimpl\CategoryDAOIMPL.class]
22:30:06.135 [main] DEBUG org.springframework.context.annotation.ClassPathBeanDefinitionScanner - Identified candidate component class: file [F:\Workstation\backend\target\classes\com\project\backend\daoimpl\ProductDAOIMPL.class]
22:30:06.137 [main] DEBUG org.springframework.context.annotation.ClassPathBeanDefinitionScanner - Identified candidate component class: file [F:\Workstation\backend\target\classes\com\project\backend\daoimpl\SupplierDAOIMPL.class]
22:30:06.138 [main] DEBUG org.springframework.context.annotation.ClassPathBeanDefinitionScanner - Identified candidate component class: file [F:\Workstation\backend\target\classes\com\project\backend\daoimpl\UserDAOIMPL.class]
22:30:06.139 [main] DEBUG org.springframework.context.annotation.ClassPathBeanDefinitionScanner - Identified candidate component class: file [F:\Workstation\backend\target\classes\com\project\backend\domain\Category.class]
22:30:06.142 [main] DEBUG org.springframework.context.annotation.ClassPathBeanDefinitionScanner - Identified candidate component class: file [F:\Workstation\backend\target\classes\com\project\backend\domain\Product.class]
22:30:06.143 [main] DEBUG org.springframework.context.annotation.ClassPathBeanDefinitionScanner - Identified candidate component class: file [F:\Workstation\backend\target\classes\com\project\backend\domain\Supplier.class]
22:30:06.145 [main] DEBUG org.springframework.context.annotation.ClassPathBeanDefinitionScanner - Identified candidate component class: file [F:\Workstation\backend\target\classes\com\project\backend\domain\User.class]
22:30:06.148 [main] INFO org.springframework.context.annotation.AnnotationConfigApplicationContext - Refreshing org.springframework.context.annotation.AnnotationConfigApplicationContext@2e34384c: startup date [Thu Mar 29 22:30:06 IST 2018]; root of context hierarchy
22:30:06.149 [main] DEBUG org.springframework.context.annotation.AnnotationConfigApplicationContext - Bean factory for org.springframework.context.annotation.AnnotationConfigApplicationContext@2e34384c: org.springframework.beans.factory.support.DefaultListableBeanFactory@64bfd6fd: defining beans [org.springframework.context.annotation.internalConfigurationAnnotationProcessor,org.springframework.context.annotation.internalAutowiredAnnotationProcessor,org.springframework.context.annotation.internalRequiredAnnotationProcessor,org.springframework.context.annotation.internalCommonAnnotationProcessor,org.springframework.context.annotation.internalPersistenceAnnotationProcessor,org.springframework.context.event.internalEventListenerProcessor,org.springframework.context.event.internalEventListenerFactory,applicationContextConfig,categoryDAO,productDAO,supplierDAO,userDAO,category,product,supplier,user]; root of factory hierarchy
22:30:06.149 [main] DEBUG org.springframework.beans.factory.support.DefaultListableBeanFactory - Creating shared instance of singleton bean &apos;org.springframework.context.annotation.internalConfigurationAnnotationProcessor&apos;
22:30:06.150 [main] DEBUG org.springframework.beans.factory.support.DefaultListableBeanFactory - Creating instance of bean &apos;org.springframework.context.annotation.internalConfigurationAnnotationProcessor&apos;
22:30:06.152 [main] DEBUG org.springframework.beans.factory.support.DefaultListableBeanFactory - Eagerly caching bean &apos;org.springframework.context.annotation.internalConfigurationAnnotationProcessor&apos; to allow for resolving potential circular references
22:30:06.238 [main] DEBUG org.springframework.beans.factory.support.DefaultListableBeanFactory - Finished creating instance of bean &apos;org.springframework.context.annotation.internalConfigurationAnnotationProcessor&apos;
22:30:06.241 [main] DEBUG org.springframework.context.annotation.ClassPathBeanDefinitionScanner - JSR-330 &apos;javax.inject.Named&apos; annotation found and supported for component scanning
22:30:06.242 [main] DEBUG org.springframework.core.io.support.PathMatchingResourcePatternResolver - Resolved classpath location [com/project/] to resources [URL [file:/F:/Workstation/backend/target/test-classes/com/project/], URL [file:/F:/Workstation/backend/target/classes/com/project/]]
22:30:06.242 [main] DEBUG org.springframework.core.io.support.PathMatchingResourcePatternResolver - Looking for matching resources in directory tree [F:\Workstation\backend\target\test-classes\com\project]
22:30:06.242 [main] DEBUG org.springframework.core.io.support.PathMatchingResourcePatternResolver - Searching directory [F:\Workstation\backend\target\test-classes\com\project] for files matching pattern [F:/Workstation/backend/target/test-classes/com/project/**/*.class]
22:30:06.243 [main] DEBUG org.springframework.core.io.support.PathMatchingResourcePatternResolver - Searching directory [F:\Workstation\backend\target\test-classes\com\project\backend] for files matching pattern [F:/Workstation/backend/target/test-classes/com/project/**/*.class]
22:30:06.243 [main] DEBUG org.springframework.core.io.support.PathMatchingResourcePatternResolver - Looking for matching resources in directory tree [F:\Workstation\backend\target\classes\com\project]
22:30:06.244 [main] DEBUG org.springframework.core.io.support.PathMatchingResourcePatternResolver - Searching directory [F:\Workstation\backend\target\classes\com\project] for files matching pattern [F:/Workstation/backend/target/classes/com/project/**/*.class]
22:30:06.244 [main] DEBUG org.springframework.core.io.support.PathMatchingResourcePatternResolver - Searching directory [F:\Workstation\backend\target\classes\com\project\backend] for files matching pattern [F:/Workstation/backend/target/classes/com/project/**/*.class]
22:30:06.244 [main] DEBUG org.springframework.core.io.support.PathMatchingResourcePatternResolver - Searching directory [F:\Workstation\backend\target\classes\com\project\backend\config] for files matching pattern [F:/Workstation/backend/target/classes/com/project/**/*.class]
22:30:06.245 [main] DEBUG org.springframework.core.io.support.PathMatchingResourcePatternResolver - Searching directory [F:\Workstation\backend\target\classes\com\project\backend\DAO] for files matching pattern [F:/Workstation/backend/target/classes/com/project/**/*.class]
22:30:06.245 [main] DEBUG org.springframework.core.io.support.PathMatchingResourcePatternResolver - Searching directory [F:\Workstation\backend\target\classes\com\project\backend\daoimpl] for files matching pattern [F:/Workstation/backend/target/classes/com/project/**/*.class]
22:30:06.245 [main] DEBUG org.springframework.core.io.support.PathMatchingResourcePatternResolver - Searching directory [F:\Workstation\backend\target\classes\com\project\backend\domain] for files matching pattern [F:/Workstation/backend/target/classes/com/project/**/*.class]
22:30:06.246 [main] DEBUG org.springframework.core.io.support.PathMatchingResourcePatternResolver - Resolved location pattern [classpath*:com/project/**/*.class] to resources [file [F:\Workstation\backend\target\test-classes\com\project\backend\CategoryTestCase.class], file [F:\Workstation\backend\target\test-classes\com\project\backend\ProductTestCase.class], file [F:\Workstation\backend\target\test-classes\com\project\backend\SupplierTestCase.class], file [F:\Workstation\backend\target\test-classes\com\project\backend\TestConfiguration.class], file [F:\Workstation\backend\target\test-classes\com\project\backend\UserDAOTestCase.class], file [F:\Workstation\backend\target\classes\com\project\backend\config\ApplicationContextConfig.class], file [F:\Workstation\backend\target\classes\com\project\backend\DAO\CategoryDAO.class], file [F:\Workstation\backend\target\classes\com\project\backend\DAO\ProductDAO.class], file [F:\Workstation\backend\target\classes\com\project\backend\DAO\SupplierDAO.class], file [F:\Workstation\backend\target\classes\com\project\backend\DAO\UserDAO.class], file [F:\Workstation\backend\target\classes\com\project\backend\daoimpl\CategoryDAOIMPL.class], file [F:\Workstation\backend\target\classes\com\project\backend\daoimpl\ProductDAOIMPL.class], file [F:\Workstation\backend\target\classes\com\project\backend\daoimpl\SupplierDAOIMPL.class], file [F:\Workstation\backend\target\classes\com\project\backend\daoimpl\UserDAOIMPL.class], file [F:\Workstation\backend\target\classes\com\project\backend\domain\Category.class], file [F:\Workstation\backend\target\classes\com\project\backend\domain\Product.class], file [F:\Workstation\backend\target\classes\com\project\backend\domain\Supplier.class], file [F:\Workstation\backend\target\classes\com\project\backend\domain\User.class]]
22:30:06.247 [main] DEBUG org.springframework.context.annotation.ClassPathBeanDefinitionScanner - Identified candidate component class: file [F:\Workstation\backend\target\classes\com\project\backend\daoimpl\CategoryDAOIMPL.class]
22:30:06.247 [main] DEBUG org.springframework.context.annotation.ClassPathBeanDefinitionScanner - Identified candidate component class: file [F:\Workstation\backend\target\classes\com\project\backend\daoimpl\ProductDAOIMPL.class]
22:30:06.247 [main] DEBUG org.springframework.context.annotation.ClassPathBeanDefinitionScanner - Identified candidate component class: file [F:\Workstation\backend\target\classes\com\project\backend\daoimpl\SupplierDAOIMPL.class]
22:30:06.247 [main] DEBUG org.springframework.context.annotation.ClassPathBeanDefinitionScanner - Identified candidate component class: file [F:\Workstation\backend\target\classes\com\project\backend\daoimpl\UserDAOIMPL.class]
22:30:06.247 [main] DEBUG org.springframework.context.annotation.ClassPathBeanDefinitionScanner - Identified candidate component class: file [F:\Workstation\backend\target\classes\com\project\backend\domain\Category.class]
22:30:06.247 [main] DEBUG org.springframework.context.annotation.ClassPathBeanDefinitionScanner - Identified candidate component class: file [F:\Workstation\backend\target\classes\com\project\backend\domain\Product.class]
22:30:06.248 [main] DEBUG org.springframework.context.annotation.ClassPathBeanDefinitionScanner - Identified candidate component class: file [F:\Workstation\backend\target\classes\com\project\backend\domain\Supplier.class]
22:30:06.248 [main] DEBUG org.springframework.context.annotation.ClassPathBeanDefinitionScanner - Identified candidate component class: file [F:\Workstation\backend\target\classes\com\project\backend\domain\User.class]
22:30:06.291 [main] DEBUG org.springframework.context.annotation.ConfigurationClassBeanDefinitionReader - Registered bean definition for imported class &apos;org.springframework.transaction.annotation.ProxyTransactionManagementConfiguration&apos;
22:30:06.292 [main] DEBUG org.springframework.context.annotation.ConfigurationClassBeanDefinitionReader - Registering bean definition for @Bean method org.springframework.transaction.annotation.ProxyTransactionManagementConfiguration.org.springframework.transaction.config.internalTransactionAdvisor()
22:30:06.293 [main] DEBUG org.springframework.context.annotation.ConfigurationClassBeanDefinitionReader - Registering bean definition for @Bean method org.springframework.transaction.annotation.ProxyTransactionManagementConfiguration.transactionAttributeSource()
22:30:06.293 [main] DEBUG org.springframework.context.annotation.ConfigurationClassBeanDefinitionReader - Registering bean definition for @Bean method org.springframework.transaction.annotation.ProxyTransactionManagementConfiguration.transactionInterceptor()
22:30:06.293 [main] DEBUG org.springframework.context.annotation.ConfigurationClassBeanDefinitionReader - Registering bean definition for @Bean method org.springframework.transaction.annotation.ProxyTransactionManagementConfiguration.org.springframework.transaction.config.internalTransactionalEventListenerFactory()
22:30:06.293 [main] DEBUG org.springframework.context.annotation.ConfigurationClassBeanDefinitionReader - Registering bean definition for @Bean method com.project.backend.config.ApplicationContextConfig.dataSource()
22:30:06.293 [main] DEBUG org.springframework.context.annotation.ConfigurationClassBeanDefinitionReader - Registering bean definition for @Bean method com.project.backend.config.ApplicationContextConfig.sessionFactory()
22:30:06.293 [main] DEBUG org.springframework.context.annotation.ConfigurationClassBeanDefinitionReader - Registering bean definition for @Bean method com.project.backend.config.ApplicationContextConfig.transactionManager()
22:30:06.300 [main] DEBUG org.springframework.context.annotation.ConfigurationClassEnhancer - Successfully enhanced com.project.backend.config.ApplicationContextConfig; enhanced class name is: com.project.backend.config.ApplicationContextConfig$$EnhancerBySpringCGLIB$$9d35eb22
22:30:06.300 [main] DEBUG org.springframework.context.annotation.ConfigurationClassPostProcessor - Replacing bean definition &apos;applicationContextConfig&apos; existing class &apos;com.project.backend.config.ApplicationContextConfig&apos; with enhanced class &apos;com.project.backend.config.ApplicationContextConfig$$EnhancerBySpringCGLIB$$9d35eb22&apos;
22:30:06.301 [main] DEBUG org.springframework.context.annotation.ConfigurationClassEnhancer - Successfully enhanced org.springframework.transaction.annotation.ProxyTransactionManagementConfiguration; enhanced class name is: org.springframework.transaction.annotation.ProxyTransactionManagementConfiguration$$EnhancerBySpringCGLIB$$7930e68c
22:30:06.301 [main] DEBUG org.springframework.context.annotation.ConfigurationClassPostProcessor - Replacing bean definition &apos;org.springframework.transaction.annotation.ProxyTransactionManagementConfiguration&apos; existing class &apos;org.springframework.transaction.annotation.ProxyTransactionManagementConfiguration&apos; with enhanced class &apos;org.springframework.transaction.annotation.ProxyTransactionManagementConfiguration$$EnhancerBySpringCGLIB$$7930e68c&apos;
22:30:06.305 [main] DEBUG org.springframework.beans.factory.support.DefaultListableBeanFactory - Creating shared instance of singleton bean &apos;org.springframework.context.annotation.internalAutowiredAnnotationProcessor&apos;
22:30:06.305 [main] DEBUG org.springframework.beans.factory.support.DefaultListableBeanFactory - Creating instance of bean &apos;org.springframework.context.annotation.internalAutowiredAnnotationProcessor&apos;
22:30:06.305 [main] INFO org.springframework.beans.factory.annotation.AutowiredAnnotationBeanPostProcessor - JSR-330 &apos;javax.inject.Inject&apos; annotation found and supported for autowiring
22:30:06.305 [main] DEBUG org.springframework.beans.factory.support.DefaultListableBeanFactory - Eagerly caching bean &apos;org.springframework.context.annotation.internalAutowiredAnnotationProcessor&apos; to allow for resolving potential circular references
22:30:06.310 [main] DEBUG org.springframework.beans.factory.support.DefaultListableBeanFactory - Finished creating instance of bean &apos;org.springframework.context.annotation.internalAutowiredAnnotationProcessor&apos;
22:30:06.310 [main] DEBUG org.springframework.beans.factory.support.DefaultListableBeanFactory - Creating shared instance of singleton bean &apos;org.springframework.context.annotation.internalRequiredAnnotationProcessor&apos;
22:30:06.310 [main] DEBUG org.springframework.beans.factory.support.DefaultListableBeanFactory - Creating instance of bean &apos;org.springframework.context.annotation.internalRequiredAnnotationProcessor&apos;
22:30:06.310 [main] DEBUG org.springframework.beans.factory.support.DefaultListableBeanFactory - Eagerly caching bean &apos;org.springframework.context.annotation.internalRequiredAnnotationProcessor&apos; to allow for resolving potential circular references
22:30:06.312 [main] DEBUG org.springframework.beans.factory.support.DefaultListableBeanFactory - Finished creating instance of bean &apos;org.springframework.context.annotation.internalRequiredAnnotationProcessor&apos;
22:30:06.313 [main] DEBUG org.springframework.beans.factory.support.DefaultListableBeanFactory - Creating shared instance of singleton bean &apos;org.springframework.context.annotation.internalCommonAnnotationProcessor&apos;
22:30:06.313 [main] DEBUG org.springframework.beans.factory.support.DefaultListableBeanFactory - Creating instance of bean &apos;org.springframework.context.annotation.internalCommonAnnotationProcessor&apos;
22:30:06.313 [main] DEBUG org.springframework.beans.factory.support.DefaultListableBeanFactory - Eagerly caching bean &apos;org.springframework.context.annotation.internalCommonAnnotationProcessor&apos; to allow for resolving potential circular references
22:30:06.316 [main] DEBUG org.springframework.beans.factory.support.DefaultListableBeanFactory - Finished creating instance of bean &apos;org.springframework.context.annotation.internalCommonAnnotationProcessor&apos;
22:30:06.316 [main] DEBUG org.springframework.beans.factory.support.DefaultListableBeanFactory - Creating shared instance of singleton bean &apos;org.springframework.context.annotation.internalPersistenceAnnotationProcessor&apos;
22:30:06.316 [main] DEBUG org.springframework.beans.factory.support.DefaultListableBeanFactory - Creating instance of bean &apos;org.springframework.context.annotation.internalPersistenceAnnotationProcessor&apos;
22:30:06.317 [main] DEBUG org.springframework.beans.factory.support.DefaultListableBeanFactory - Eagerly caching bean &apos;org.springframework.context.annotation.internalPersistenceAnnotationProcessor&apos; to allow for resolving potential circular references
22:30:06.320 [main] DEBUG org.springframework.beans.factory.support.DefaultListableBeanFactory - Finished creating instance of bean &apos;org.springframework.context.annotation.internalPersistenceAnnotationProcessor&apos;
22:30:06.320 [main] DEBUG org.springframework.beans.factory.support.DefaultListableBeanFactory - Creating shared instance of singleton bean &apos;org.springframework.aop.config.internalAutoProxyCreator&apos;
22:30:06.320 [main] DEBUG org.springframework.beans.factory.support.DefaultListableBeanFactory - Creating instance of bean &apos;org.springframework.aop.config.internalAutoProxyCreator&apos;
22:30:06.322 [main] DEBUG org.springframework.beans.factory.support.DefaultListableBeanFactory - Eagerly caching bean &apos;org.springframework.aop.config.internalAutoProxyCreator&apos; to allow for resolving potential circular references
22:30:06.325 [main] DEBUG org.springframework.beans.factory.support.DefaultListableBeanFactory - Finished creating instance of bean &apos;org.springframework.aop.config.internalAutoProxyCreator&apos;
22:30:06.326 [main] DEBUG org.springframework.context.annotation.AnnotationConfigApplicationContext - Unable to locate MessageSource with name &apos;messageSource&apos;: using default [org.springframework.context.support.DelegatingMessageSource@33cbfa57]
22:30:06.326 [main] DEBUG org.springframework.context.annotation.AnnotationConfigApplicationContext - Unable to locate ApplicationEventMulticaster with name &apos;applicationEventMulticaster&apos;: using default [org.springframework.context.event.SimpleApplicationEventMulticaster@1d96d872]
22:30:06.326 [main] DEBUG org.springframework.beans.factory.support.DefaultListableBeanFactory - Pre-instantiating singletons in org.springframework.beans.factory.support.DefaultListableBeanFactory@64bfd6fd: defining beans [org.springframework.context.annotation.internalConfigurationAnnotationProcessor,org.springframework.context.annotation.internalAutowiredAnnotationProcessor,org.springframework.context.annotation.internalRequiredAnnotationProcessor,org.springframework.context.annotation.internalCommonAnnotationProcessor,org.springframework.context.annotation.internalPersistenceAnnotationProcessor,org.springframework.context.event.internalEventListenerProcessor,org.springframework.context.event.internalEventListenerFactory,applicationContextConfig,categoryDAO,productDAO,supplierDAO,userDAO,category,product,supplier,user,org.springframework.transaction.annotation.ProxyTransactionManagementConfiguration,org.springframework.transaction.config.internalTransactionAdvisor,transactionAttributeSource,transactionInterceptor,org.springframework.transaction.config.internalTransactionalEventListenerFactory,dataSource,sessionFactory,transactionManager,org.springframework.aop.config.internalAutoProxyCreator]; root of factory hierarchy
22:30:06.327 [main] DEBUG org.springframework.beans.factory.support.DefaultListableBeanFactory - Returning cached instance of singleton bean &apos;org.springframework.context.annotation.internalConfigurationAnnotationProcessor&apos;
22:30:06.327 [main] DEBUG org.springframework.beans.factory.support.DefaultListableBeanFactory - Returning cached instance of singleton bean &apos;org.springframework.context.annotation.internalAutowiredAnnotationProcessor&apos;
22:30:06.327 [main] DEBUG org.springframework.beans.factory.support.DefaultListableBeanFactory - Returning cached instance of singleton bean &apos;org.springframework.context.annotation.internalRequiredAnnotationProcessor&apos;
22:30:06.327 [main] DEBUG org.springframework.beans.factory.support.DefaultListableBeanFactory - Returning cached instance of singleton bean &apos;org.springframework.context.annotation.internalCommonAnnotationProcessor&apos;
22:30:06.327 [main] DEBUG org.springframework.beans.factory.support.DefaultListableBeanFactory - Returning cached instance of singleton bean &apos;org.springframework.context.annotation.internalPersistenceAnnotationProcessor&apos;
22:30:06.327 [main] DEBUG org.springframework.beans.factory.support.DefaultListableBeanFactory - Creating shared instance of singleton bean &apos;org.springframework.context.event.internalEventListenerProcessor&apos;
22:30:06.327 [main] DEBUG org.springframework.beans.factory.support.DefaultListableBeanFactory - Creating instance of bean &apos;org.springframework.context.event.internalEventListenerProcessor&apos;
22:30:06.328 [main] DEBUG org.springframework.beans.factory.support.DefaultListableBeanFactory - Eagerly caching bean &apos;org.springframework.context.event.internalEventListenerProcessor&apos; to allow for resolving potential circular references
22:30:06.329 [main] DEBUG org.springframework.beans.factory.support.DefaultListableBeanFactory - Creating shared instance of singleton bean &apos;org.springframework.transaction.config.internalTransactionAdvisor&apos;
22:30:06.329 [main] DEBUG org.springframework.beans.factory.support.DefaultListableBeanFactory - Creating instance of bean &apos;org.springframework.transaction.config.internalTransactionAdvisor&apos;
22:30:06.330 [main] DEBUG org.springframework.beans.factory.support.DefaultListableBeanFactory - Creating shared instance of singleton bean &apos;org.springframework.transaction.annotation.ProxyTransactionManagementConfiguration&apos;
22:30:06.330 [main] DEBUG org.springframework.beans.factory.support.DefaultListableBeanFactory - Creating instance of bean &apos;org.springframework.transaction.annotation.ProxyTransactionManagementConfiguration&apos;
22:30:06.332 [main] DEBUG org.springframework.beans.factory.annotation.InjectionMetadata - Registered injected element on class [org.springframework.transaction.annotation.ProxyTransactionManagementConfiguration$$EnhancerBySpringCGLIB$$7930e68c]: AutowiredMethodElement for void org.springframework.transaction.annotation.AbstractTransactionManagementConfiguration.setConfigurers(java.util.Collection)
22:30:06.332 [main] DEBUG org.springframework.beans.factory.support.DefaultListableBeanFactory - Eagerly caching bean &apos;org.springframework.transaction.annotation.ProxyTransactionManagementConfiguration&apos; to allow for resolving potential circular references
22:30:06.332 [main] DEBUG org.springframework.beans.factory.annotation.InjectionMetadata - Processing injected element of bean &apos;org.springframework.transaction.annotation.ProxyTransactionManagementConfiguration&apos;: AutowiredMethodElement for void org.springframework.transaction.annotation.AbstractTransactionManagementConfiguration.setConfigurers(java.util.Collection)
22:30:06.333 [main] DEBUG org.springframework.beans.factory.support.DefaultListableBeanFactory - Returning cached instance of singleton bean &apos;org.springframework.context.annotation.ConfigurationClassPostProcessor.importRegistry&apos;
22:30:06.333 [main] DEBUG org.springframework.aop.framework.autoproxy.BeanFactoryAdvisorRetrievalHelper - Skipping currently created advisor &apos;org.springframework.transaction.config.internalTransactionAdvisor&apos;
22:30:06.334 [main] DEBUG org.springframework.beans.factory.support.DefaultListableBeanFactory - Finished creating instance of bean &apos;org.springframework.transaction.annotation.ProxyTransactionManagementConfiguration&apos;
22:30:06.334 [main] DEBUG org.springframework.beans.factory.support.DefaultListableBeanFactory - Creating shared instance of singleton bean &apos;transactionAttributeSource&apos;
22:30:06.334 [main] DEBUG org.springframework.beans.factory.support.DefaultListableBeanFactory - Creating instance of bean &apos;transactionAttributeSource&apos;
22:30:06.335 [main] DEBUG org.springframework.beans.factory.support.DefaultListableBeanFactory - Returning cached instance of singleton bean &apos;org.springframework.transaction.annotation.ProxyTransactionManagementConfiguration&apos;
22:30:06.336 [main] DEBUG org.springframework.beans.factory.support.DefaultListableBeanFactory - Eagerly caching bean &apos;transactionAttributeSource&apos; to allow for resolving potential circular references
22:30:06.337 [main] DEBUG org.springframework.aop.framework.autoproxy.BeanFactoryAdvisorRetrievalHelper - Skipping currently created advisor &apos;org.springframework.transaction.config.internalTransactionAdvisor&apos;
22:30:06.337 [main] DEBUG org.springframework.beans.factory.support.DefaultListableBeanFactory - Finished creating instance of bean &apos;transactionAttributeSource&apos;
22:30:06.338 [main] DEBUG org.springframework.beans.factory.support.DefaultListableBeanFactory - Creating shared instance of singleton bean &apos;transactionInterceptor&apos;
22:30:06.338 [main] DEBUG org.springframework.beans.factory.support.DefaultListableBeanFactory - Creating instance of bean &apos;transactionInterceptor&apos;
22:30:06.338 [main] DEBUG org.springframework.beans.factory.support.DefaultListableBeanFactory - Returning cached instance of singleton bean &apos;org.springframework.transaction.annotation.ProxyTransactionManagementConfiguration&apos;
22:30:06.338 [main] DEBUG org.springframework.beans.factory.support.DefaultListableBeanFactory - Returning cached instance of singleton bean &apos;transactionAttributeSource&apos;
22:30:06.339 [main] DEBUG org.springframework.beans.factory.support.DefaultListableBeanFactory - Eagerly caching bean &apos;transactionInterceptor&apos; to allow for resolving potential circular references
22:30:06.341 [main] DEBUG org.springframework.beans.factory.support.DefaultListableBeanFactory - Invoking afterPropertiesSet() on bean with name &apos;transactionInterceptor&apos;
22:30:06.342 [main] DEBUG org.springframework.beans.factory.support.DefaultListableBeanFactory - Finished creating instance of bean &apos;transactionInterceptor&apos;
22:30:06.342 [main] DEBUG org.springframework.beans.factory.support.DefaultListableBeanFactory - Eagerly caching bean &apos;org.springframework.transaction.config.internalTransactionAdvisor&apos; to allow for resolving potential circular references
22:30:06.344 [main] DEBUG org.springframework.beans.factory.support.DefaultListableBeanFactory - Finished creating instance of bean &apos;org.springframework.transaction.config.internalTransactionAdvisor&apos;
22:30:06.345 [main] DEBUG org.springframework.beans.factory.support.DefaultListableBeanFactory - Finished creating instance of bean &apos;org.springframework.context.event.internalEventListenerProcessor&apos;
22:30:06.345 [main] DEBUG org.springframework.beans.factory.support.DefaultListableBeanFactory - Creating shared instance of singleton bean &apos;org.springframework.context.event.internalEventListenerFactory&apos;
22:30:06.345 [main] DEBUG org.springframework.beans.factory.support.DefaultListableBeanFactory - Creating instance of bean &apos;org.springframework.context.event.internalEventListenerFactory&apos;
22:30:06.345 [main] DEBUG org.springframework.beans.factory.support.DefaultListableBeanFactory - Eagerly caching bean &apos;org.springframework.context.event.internalEventListenerFactory&apos; to allow for resolving potential circular references
22:30:06.347 [main] DEBUG org.springframework.beans.factory.support.DefaultListableBeanFactory - Returning cached instance of singleton bean &apos;org.springframework.transaction.config.internalTransactionAdvisor&apos;
22:30:06.347 [main] DEBUG org.springframework.beans.factory.support.DefaultListableBeanFactory - Finished creating instance of bean &apos;org.springframework.context.event.internalEventListenerFactory&apos;
22:30:06.349 [main] DEBUG org.springframework.beans.factory.support.DefaultListableBeanFactory - Creating shared instance of singleton bean &apos;applicationContextConfig&apos;
22:30:06.349 [main] DEBUG org.springframework.beans.factory.support.DefaultListableBeanFactory - Creating instance of bean &apos;applicationContextConfig&apos;
22:30:06.350 [main] DEBUG org.springframework.beans.factory.support.DefaultListableBeanFactory - Eagerly caching bean &apos;applicationContextConfig&apos; to allow for resolving potential circular references
22:30:06.351 [main] DEBUG org.springframework.beans.factory.support.DefaultListableBeanFactory - Returning cached instance of singleton bean &apos;org.springframework.transaction.config.internalTransactionAdvisor&apos;
22:30:06.352 [main] DEBUG org.springframework.beans.factory.support.DefaultListableBeanFactory - Finished creating instance of bean &apos;applicationContextConfig&apos;
22:30:06.352 [main] DEBUG org.springframework.beans.factory.support.DefaultListableBeanFactory - Creating shared instance of singleton bean &apos;categoryDAO&apos;
22:30:06.352 [main] DEBUG org.springframework.beans.factory.support.DefaultListableBeanFactory - Creating instance of bean &apos;categoryDAO&apos;
22:30:06.354 [main] DEBUG org.springframework.beans.factory.annotation.InjectionMetadata - Registered injected element on class [com.project.backend.daoimpl.CategoryDAOIMPL]: AutowiredFieldElement for private org.hibernate.SessionFactory com.project.backend.daoimpl.CategoryDAOIMPL.sessionFactory
22:30:06.354 [main] DEBUG org.springframework.beans.factory.annotation.InjectionMetadata - Registered injected element on class [com.project.backend.daoimpl.CategoryDAOIMPL]: AutowiredFieldElement for private com.project.backend.domain.Category com.project.backend.daoimpl.CategoryDAOIMPL.category
22:30:06.354 [main] DEBUG org.springframework.beans.factory.support.DefaultListableBeanFactory - Eagerly caching bean &apos;categoryDAO&apos; to allow for resolving potential circular references
22:30:06.355 [main] DEBUG org.springframework.beans.factory.annotation.InjectionMetadata - Processing injected element of bean &apos;categoryDAO&apos;: AutowiredFieldElement for private org.hibernate.SessionFactory com.project.backend.daoimpl.CategoryDAOIMPL.sessionFactory
22:30:06.356 [main] DEBUG org.springframework.core.annotation.AnnotationUtils - Failed to meta-introspect annotation [interface org.springframework.beans.factory.annotation.Autowired]: java.lang.NullPointerException
22:30:06.356 [main] DEBUG org.springframework.beans.factory.support.DefaultListableBeanFactory - Creating shared instance of singleton bean &apos;sessionFactory&apos;
22:30:06.357 [main] DEBUG org.springframework.beans.factory.support.DefaultListableBeanFactory - Creating instance of bean &apos;sessionFactory&apos;
22:30:06.357 [main] DEBUG org.springframework.beans.factory.support.DefaultListableBeanFactory - Returning cached instance of singleton bean &apos;applicationContextConfig&apos;
22:30:06.358 [main] DEBUG org.springframework.beans.factory.support.DefaultListableBeanFactory - Creating shared instance of singleton bean &apos;dataSource&apos;
22:30:06.358 [main] DEBUG org.springframework.beans.factory.support.DefaultListableBeanFactory - Creating instance of bean &apos;dataSource&apos;
22:30:06.358 [main] DEBUG org.springframework.beans.factory.support.DefaultListableBeanFactory - Returning cached instance of singleton bean &apos;applicationContextConfig&apos;
22:30:06.358 [main] INFO org.springframework.jdbc.datasource.DriverManagerDataSource - Loaded JDBC driver: org.h2.Driver
H2 Connected
22:30:06.361 [main] DEBUG org.springframework.beans.factory.support.DefaultListableBeanFactory - Eagerly caching bean &apos;dataSource&apos; to allow for resolving potential circular references
22:30:06.363 [main] DEBUG org.springframework.beans.factory.support.DefaultListableBeanFactory - Returning cached instance of singleton bean &apos;org.springframework.transaction.config.internalTransactionAdvisor&apos;
22:30:06.367 [main] DEBUG org.springframework.beans.factory.support.DefaultListableBeanFactory - Finished creating instance of bean &apos;dataSource&apos;
22:30:06.367 [main] DEBUG org.springframework.beans.factory.support.DefaultListableBeanFactory - Autowiring by type from bean name &apos;sessionFactory&apos; via factory method to bean named &apos;dataSource&apos;
22:30:06.368 [main] DEBUG org.hibernate.integrator.internal.IntegratorServiceImpl - Adding Integrator [org.hibernate.cfg.beanvalidation.BeanValidationIntegrator].
22:30:06.368 [main] DEBUG org.hibernate.integrator.internal.IntegratorServiceImpl - Adding Integrator [org.hibernate.secure.spi.JaccIntegrator].
22:30:06.368 [main] DEBUG org.hibernate.integrator.internal.IntegratorServiceImpl - Adding Integrator [org.hibernate.cache.internal.CollectionCacheInvalidator].
22:30:06.373 [main] DEBUG org.springframework.core.io.support.PathMatchingResourcePatternResolver - Resolved classpath location [com/project/] to resources [URL [file:/F:/Workstation/backend/target/test-classes/com/project/], URL [file:/F:/Workstation/backend/target/classes/com/project/]]
22:30:06.373 [main] DEBUG org.springframework.core.io.support.PathMatchingResourcePatternResolver - Looking for matching resources in directory tree [F:\Workstation\backend\target\test-classes\com\project]
22:30:06.373 [main] DEBUG org.springframework.core.io.support.PathMatchingResourcePatternResolver - Searching directory [F:\Workstation\backend\target\test-classes\com\project] for files matching pattern [F:/Workstation/backend/target/test-classes/com/project/**/*.class]
22:30:06.374 [main] DEBUG org.springframework.core.io.support.PathMatchingResourcePatternResolver - Searching directory [F:\Workstation\backend\target\test-classes\com\project\backend] for files matching pattern [F:/Workstation/backend/target/test-classes/com/project/**/*.class]
22:30:06.376 [main] DEBUG org.springframework.core.io.support.PathMatchingResourcePatternResolver - Looking for matching resources in directory tree [F:\Workstation\backend\target\classes\com\project]
22:30:06.376 [main] DEBUG org.springframework.core.io.support.PathMatchingResourcePatternResolver - Searching directory [F:\Workstation\backend\target\classes\com\project] for files matching pattern [F:/Workstation/backend/target/classes/com/project/**/*.class]
22:30:06.376 [main] DEBUG org.springframework.core.io.support.PathMatchingResourcePatternResolver - Searching directory [F:\Workstation\backend\target\classes\com\project\backend] for files matching pattern [F:/Workstation/backend/target/classes/com/project/**/*.class]
22:30:06.377 [main] DEBUG org.springframework.core.io.support.PathMatchingResourcePatternResolver - Searching directory [F:\Workstation\backend\target\classes\com\project\backend\config] for files matching pattern [F:/Workstation/backend/target/classes/com/project/**/*.class]
22:30:06.377 [main] DEBUG org.springframework.core.io.support.PathMatchingResourcePatternResolver - Searching directory [F:\Workstation\backend\target\classes\com\project\backend\DAO] for files matching pattern [F:/Workstation/backend/target/classes/com/project/**/*.class]
22:30:06.378 [main] DEBUG org.springframework.core.io.support.PathMatchingResourcePatternResolver - Searching directory [F:\Workstation\backend\target\classes\com\project\backend\daoimpl] for files matching pattern [F:/Workstation/backend/target/classes/com/project/**/*.class]
22:30:06.378 [main] DEBUG org.springframework.core.io.support.PathMatchingResourcePatternResolver - Searching directory [F:\Workstation\backend\target\classes\com\project\backend\domain] for files matching pattern [F:/Workstation/backend/target/classes/com/project/**/*.class]
22:30:06.379 [main] DEBUG org.springframework.core.io.support.PathMatchingResourcePatternResolver - Resolved location pattern [classpath*:com/project/**/*.class] to resources [file [F:\Workstation\backend\target\test-classes\com\project\backend\CategoryTestCase.class], file [F:\Workstation\backend\target\test-classes\com\project\backend\ProductTestCase.class], file [F:\Workstation\backend\target\test-classes\com\project\backend\SupplierTestCase.class], file [F:\Workstation\backend\target\test-classes\com\project\backend\TestConfiguration.class], file [F:\Workstation\backend\target\test-classes\com\project\backend\UserDAOTestCase.class], file [F:\Workstation\backend\target\classes\com\project\backend\config\ApplicationContextConfig.class], file [F:\Workstation\backend\target\classes\com\project\backend\DAO\CategoryDAO.class], file [F:\Workstation\backend\target\classes\com\project\backend\DAO\ProductDAO.class], file [F:\Workstation\backend\target\classes\com\project\backend\DAO\SupplierDAO.class], file [F:\Workstation\backend\target\classes\com\project\backend\DAO\UserDAO.class], file [F:\Workstation\backend\target\classes\com\project\backend\daoimpl\CategoryDAOIMPL.class], file [F:\Workstation\backend\target\classes\com\project\backend\daoimpl\ProductDAOIMPL.class], file [F:\Workstation\backend\target\classes\com\project\backend\daoimpl\SupplierDAOIMPL.class], file [F:\Workstation\backend\target\classes\com\project\backend\daoimpl\UserDAOIMPL.class], file [F:\Workstation\backend\target\classes\com\project\backend\domain\Category.class], file [F:\Workstation\backend\target\classes\com\project\backend\domain\Product.class], file [F:\Workstation\backend\target\classes\com\project\backend\domain\Supplier.class], file [F:\Workstation\backend\target\classes\com\project\backend\domain\User.class]]
22:30:06.392 [main] DEBUG org.hibernate.cfg.Configuration - Building session factory using internal StandardServiceRegistryBuilder
22:30:06.393 [main] DEBUG org.hibernate.service.spi.ServiceBinding - Overriding existing service binding [org.hibernate.secure.spi.JaccService]
22:30:06.393 [main] DEBUG org.hibernate.cfg.Configuration - Building session factory using provided StandardServiceRegistry
22:30:06.393 [main] DEBUG org.hibernate.cache.internal.RegionFactoryInitiator - Cache region factory : org.hibernate.cache.internal.NoCachingRegionFactory
22:30:06.394 [main] DEBUG org.hibernate.type.BasicTypeRegistry - Adding type registration boolean -&gt; org.hibernate.type.BooleanType@41330d4f
22:30:06.394 [main] DEBUG org.hibernate.type.BasicTypeRegistry - Adding type registration boolean -&gt; org.hibernate.type.BooleanType@41330d4f
22:30:06.394 [main] DEBUG org.hibernate.type.BasicTypeRegistry - Adding type registration java.lang.Boolean -&gt; org.hibernate.type.BooleanType@41330d4f
22:30:06.394 [main] DEBUG org.hibernate.type.BasicTypeRegistry - Adding type registration numeric_boolean -&gt; org.hibernate.type.NumericBooleanType@508dec2b
22:30:06.394 [main] DEBUG org.hibernate.type.BasicTypeRegistry - Adding type registration true_false -&gt; org.hibernate.type.TrueFalseType@660acfb
22:30:06.394 [main] DEBUG org.hibernate.type.BasicTypeRegistry - Adding type registration yes_no -&gt; org.hibernate.type.YesNoType@1f9f6368
22:30:06.395 [main] DEBUG org.hibernate.type.BasicTypeRegistry - Adding type registration byte -&gt; org.hibernate.type.ByteType@6f36c2f0
22:30:06.395 [main] DEBUG org.hibernate.type.BasicTypeRegistry - Adding type registration byte -&gt; org.hibernate.type.ByteType@6f36c2f0
22:30:06.395 [main] DEBUG org.hibernate.type.BasicTypeRegistry - Adding type registration java.lang.Byte -&gt; org.hibernate.type.ByteType@6f36c2f0
22:30:06.395 [main] DEBUG org.hibernate.type.BasicTypeRegistry - Adding type registration character -&gt; org.hibernate.type.CharacterType@3b35a229
22:30:06.395 [main] DEBUG org.hibernate.type.BasicTypeRegistry - Adding type registration char -&gt; org.hibernate.type.CharacterType@3b35a229
22:30:06.395 [main] DEBUG org.hibernate.type.BasicTypeRegistry - Adding type registration java.lang.Character -&gt; org.hibernate.type.CharacterType@3b35a229
22:30:06.395 [main] DEBUG org.hibernate.type.BasicTypeRegistry - Adding type registration short -&gt; org.hibernate.type.ShortType@5e3f861
22:30:06.395 [main] DEBUG org.hibernate.type.BasicTypeRegistry - Adding type registration short -&gt; org.hibernate.type.ShortType@5e3f861
22:30:06.395 [main] DEBUG org.hibernate.type.BasicTypeRegistry - Adding type registration java.lang.Short -&gt; org.hibernate.type.ShortType@5e3f861
22:30:06.395 [main] DEBUG org.hibernate.type.BasicTypeRegistry - Adding type registration integer -&gt; org.hibernate.type.IntegerType@6d5620ce
22:30:06.395 [main] DEBUG org.hibernate.type.BasicTypeRegistry - Adding type registration int -&gt; org.hibernate.type.IntegerType@6d5620ce
22:30:06.395 [main] DEBUG org.hibernate.type.BasicTypeRegistry - Adding type registration java.lang.Integer -&gt; org.hibernate.type.IntegerType@6d5620ce
22:30:06.395 [main] DEBUG org.hibernate.type.BasicTypeRegistry - Adding type registration long -&gt; org.hibernate.type.LongType@147e2ae7
22:30:06.395 [main] DEBUG org.hibernate.type.BasicTypeRegistry - Adding type registration long -&gt; org.hibernate.type.LongType@147e2ae7
22:30:06.395 [main] DEBUG org.hibernate.type.BasicTypeRegistry - Adding type registration java.lang.Long -&gt; org.hibernate.type.LongType@147e2ae7
22:30:06.396 [main] DEBUG org.hibernate.type.BasicTypeRegistry - Adding type registration float -&gt; org.hibernate.type.FloatType@3bcd05cb
22:30:06.396 [main] DEBUG org.hibernate.type.BasicTypeRegistry - Adding type registration float -&gt; org.hibernate.type.FloatType@3bcd05cb
22:30:06.396 [main] DEBUG org.hibernate.type.BasicTypeRegistry - Adding type registration java.lang.Float -&gt; org.hibernate.type.FloatType@3bcd05cb
22:30:06.396 [main] DEBUG org.hibernate.type.BasicTypeRegistry - Adding type registration double -&gt; org.hibernate.type.DoubleType@5c86dbc5
22:30:06.396 [main] DEBUG org.hibernate.type.BasicTypeRegistry - Adding type registration double -&gt; org.hibernate.type.DoubleType@5c86dbc5
22:30:06.396 [main] DEBUG org.hibernate.type.BasicTypeRegistry - Adding type registration java.lang.Double -&gt; org.hibernate.type.DoubleType@5c86dbc5
22:30:06.396 [main] DEBUG org.hibernate.type.BasicTypeRegistry - Adding type registration big_decimal -&gt; org.hibernate.type.BigDecimalType@7975d1d8
22:30:06.396 [main] DEBUG org.hibernate.type.BasicTypeRegistry - Adding type registration java.math.BigDecimal -&gt; org.hibernate.type.BigDecimalType@7975d1d8
22:30:06.396 [main] DEBUG org.hibernate.type.BasicTypeRegistry - Adding type registration big_integer -&gt; org.hibernate.type.BigIntegerType@18f8cd79
22:30:06.396 [main] DEBUG org.hibernate.type.BasicTypeRegistry - Adding type registration java.math.BigInteger -&gt; org.hibernate.type.BigIntegerType@18f8cd79
22:30:06.396 [main] DEBUG org.hibernate.type.BasicTypeRegistry - Adding type registration string -&gt; org.hibernate.type.StringType@6cc4cdb9
22:30:06.397 [main] DEBUG org.hibernate.type.BasicTypeRegistry - Adding type registration java.lang.String -&gt; org.hibernate.type.StringType@6cc4cdb9
22:30:06.397 [main] DEBUG org.hibernate.type.BasicTypeRegistry - Adding type registration nstring -&gt; org.hibernate.type.StringNVarcharType@32115b28
22:30:06.397 [main] DEBUG org.hibernate.type.BasicTypeRegistry - Adding type registration ncharacter -&gt; org.hibernate.type.CharacterNCharType@4b8729ff
22:30:06.397 [main] DEBUG org.hibernate.type.BasicTypeRegistry - Adding type registration url -&gt; org.hibernate.type.UrlType@74287ea3
22:30:06.397 [main] DEBUG org.hibernate.type.BasicTypeRegistry - Adding type registration java.net.URL -&gt; org.hibernate.type.UrlType@74287ea3
22:30:06.397 [main] DEBUG org.hibernate.type.BasicTypeRegistry - Adding type registration date -&gt; org.hibernate.type.DateType@2eea88a1
22:30:06.397 [main] DEBUG org.hibernate.type.BasicTypeRegistry - Adding type registration java.sql.Date -&gt; org.hibernate.type.DateType@2eea88a1
22:30:06.397 [main] DEBUG org.hibernate.type.BasicTypeRegistry - Adding type registration time -&gt; org.hibernate.type.TimeType@2c78324b
22:30:06.397 [main] DEBUG org.hibernate.type.BasicTypeRegistry - Adding type registration java.sql.Time -&gt; org.hibernate.type.TimeType@2c78324b
22:30:06.397 [main] DEBUG org.hibernate.type.BasicTypeRegistry - Adding type registration timestamp -&gt; org.hibernate.type.TimestampType@4149c063
22:30:06.397 [main] DEBUG org.hibernate.type.BasicTypeRegistry - Adding type registration java.sql.Timestamp -&gt; org.hibernate.type.TimestampType@4149c063
22:30:06.397 [main] DEBUG org.hibernate.type.BasicTypeRegistry - Adding type registration java.util.Date -&gt; org.hibernate.type.TimestampType@4149c063
22:30:06.397 [main] DEBUG org.hibernate.type.BasicTypeRegistry - Adding type registration dbtimestamp -&gt; org.hibernate.type.DbTimestampType@38af9828
22:30:06.397 [main] DEBUG org.hibernate.type.BasicTypeRegistry - Adding type registration calendar -&gt; org.hibernate.type.CalendarType@34129c78
22:30:06.398 [main] DEBUG org.hibernate.type.BasicTypeRegistry - Adding type registration java.util.Calendar -&gt; org.hibernate.type.CalendarType@34129c78
22:30:06.398 [main] DEBUG org.hibernate.type.BasicTypeRegistry - Adding type registration java.util.GregorianCalendar -&gt; org.hibernate.type.CalendarType@34129c78
22:30:06.398 [main] DEBUG org.hibernate.type.BasicTypeRegistry - Adding type registration calendar_date -&gt; org.hibernate.type.CalendarDateType@6c7a164b
22:30:06.398 [main] DEBUG org.hibernate.type.BasicTypeRegistry - Adding type registration locale -&gt; org.hibernate.type.LocaleType@638ef7ed
22:30:06.398 [main] DEBUG org.hibernate.type.BasicTypeRegistry - Adding type registration java.util.Locale -&gt; org.hibernate.type.LocaleType@638ef7ed
22:30:06.398 [main] DEBUG org.hibernate.type.BasicTypeRegistry - Adding type registration currency -&gt; org.hibernate.type.CurrencyType@776a6d9b
22:30:06.398 [main] DEBUG org.hibernate.type.BasicTypeRegistry - Adding type registration java.util.Currency -&gt; org.hibernate.type.CurrencyType@776a6d9b
22:30:06.398 [main] DEBUG org.hibernate.type.BasicTypeRegistry - Adding type registration timezone -&gt; org.hibernate.type.TimeZoneType@1cf56a1c
22:30:06.398 [main] DEBUG org.hibernate.type.BasicTypeRegistry - Adding type registration java.util.TimeZone -&gt; org.hibernate.type.TimeZoneType@1cf56a1c
22:30:06.398 [main] DEBUG org.hibernate.type.BasicTypeRegistry - Adding type registration class -&gt; org.hibernate.type.ClassType@35b74c5c
22:30:06.398 [main] DEBUG org.hibernate.type.BasicTypeRegistry - Adding type registration java.lang.Class -&gt; org.hibernate.type.ClassType@35b74c5c
22:30:06.398 [main] DEBUG org.hibernate.type.BasicTypeRegistry - Adding type registration uuid-binary -&gt; org.hibernate.type.UUIDBinaryType@2ca923bb
22:30:06.398 [main] DEBUG org.hibernate.type.BasicTypeRegistry - Adding type registration java.util.UUID -&gt; org.hibernate.type.UUIDBinaryType@2ca923bb
22:30:06.398 [main] DEBUG org.hibernate.type.BasicTypeRegistry - Adding type registration uuid-char -&gt; org.hibernate.type.UUIDCharType@72d6b3ba
22:30:06.398 [main] DEBUG org.hibernate.type.BasicTypeRegistry - Adding type registration binary -&gt; org.hibernate.type.BinaryType@7905a0b8
22:30:06.398 [main] DEBUG org.hibernate.type.BasicTypeRegistry - Adding type registration byte[] -&gt; org.hibernate.type.BinaryType@7905a0b8
22:30:06.398 [main] DEBUG org.hibernate.type.BasicTypeRegistry - Adding type registration [B -&gt; org.hibernate.type.BinaryType@7905a0b8
22:30:06.399 [main] DEBUG org.hibernate.type.BasicTypeRegistry - Adding type registration wrapper-binary -&gt; org.hibernate.type.WrapperBinaryType@6ca18a14
22:30:06.399 [main] DEBUG org.hibernate.type.BasicTypeRegistry - Adding type registration Byte[] -&gt; org.hibernate.type.WrapperBinaryType@6ca18a14
22:30:06.399 [main] DEBUG org.hibernate.type.BasicTypeRegistry - Adding type registration [Ljava.lang.Byte; -&gt; org.hibernate.type.WrapperBinaryType@6ca18a14
22:30:06.399 [main] DEBUG org.hibernate.type.BasicTypeRegistry - Adding type registration image -&gt; org.hibernate.type.ImageType@2462cb01
22:30:06.399 [main] DEBUG org.hibernate.type.BasicTypeRegistry - Adding type registration characters -&gt; org.hibernate.type.CharArrayType@1e13529a
22:30:06.399 [main] DEBUG org.hibernate.type.BasicTypeRegistry - Adding type registration char[] -&gt; org.hibernate.type.CharArrayType@1e13529a
22:30:06.399 [main] DEBUG org.hibernate.type.BasicTypeRegistry - Adding type registration [C -&gt; org.hibernate.type.CharArrayType@1e13529a
22:30:06.399 [main] DEBUG org.hibernate.type.BasicTypeRegistry - Adding type registration wrapper-characters -&gt; org.hibernate.type.CharacterArrayType@3cfdd820
22:30:06.399 [main] DEBUG org.hibernate.type.BasicTypeRegistry - Adding type registration [Ljava.lang.Character; -&gt; org.hibernate.type.CharacterArrayType@3cfdd820
22:30:06.399 [main] DEBUG org.hibernate.type.BasicTypeRegistry - Adding type registration Character[] -&gt; org.hibernate.type.CharacterArrayType@3cfdd820
22:30:06.399 [main] DEBUG org.hibernate.type.BasicTypeRegistry - Adding type registration text -&gt; org.hibernate.type.TextType@dc9876b
22:30:06.399 [main] DEBUG org.hibernate.type.BasicTypeRegistry - Adding type registration ntext -&gt; org.hibernate.type.NTextType@57a3e26a
22:30:06.399 [main] DEBUG org.hibernate.type.BasicTypeRegistry - Adding type registration blob -&gt; org.hibernate.type.BlobType@16c069df
22:30:06.400 [main] DEBUG org.hibernate.type.BasicTypeRegistry - Adding type registration java.sql.Blob -&gt; org.hibernate.type.BlobType@16c069df
22:30:06.400 [main] DEBUG org.hibernate.type.BasicTypeRegistry - Adding type registration materialized_blob -&gt; org.hibernate.type.MaterializedBlobType@26adfd2d
22:30:06.400 [main] DEBUG org.hibernate.type.BasicTypeRegistry - Adding type registration clob -&gt; org.hibernate.type.ClobType@560348e6
22:30:06.400 [main] DEBUG org.hibernate.type.BasicTypeRegistry - Adding type registration java.sql.Clob -&gt; org.hibernate.type.ClobType@560348e6
22:30:06.400 [main] DEBUG org.hibernate.type.BasicTypeRegistry - Adding type registration nclob -&gt; org.hibernate.type.NClobType@f627d13
22:30:06.400 [main] DEBUG org.hibernate.type.BasicTypeRegistry - Adding type registration java.sql.NClob -&gt; org.hibernate.type.NClobType@f627d13
22:30:06.400 [main] DEBUG org.hibernate.type.BasicTypeRegistry - Adding type registration materialized_clob -&gt; org.hibernate.type.MaterializedClobType@3224a577
22:30:06.400 [main] DEBUG org.hibernate.type.BasicTypeRegistry - Adding type registration materialized_nclob -&gt; org.hibernate.type.MaterializedNClobType@3e44f2a5
22:30:06.400 [main] DEBUG org.hibernate.type.BasicTypeRegistry - Adding type registration serializable -&gt; org.hibernate.type.SerializableType@895e367
22:30:06.401 [main] DEBUG org.hibernate.type.BasicTypeRegistry - Adding type registration object -&gt; org.hibernate.type.ObjectType@50313382
22:30:06.401 [main] DEBUG org.hibernate.type.BasicTypeRegistry - Adding type registration java.lang.Object -&gt; org.hibernate.type.ObjectType@50313382
22:30:06.401 [main] DEBUG org.hibernate.type.BasicTypeRegistry - Adding type registration imm_date -&gt; org.hibernate.type.AdaptedImmutableType@46678e49
22:30:06.401 [main] DEBUG org.hibernate.type.BasicTypeRegistry - Adding type registration imm_time -&gt; org.hibernate.type.AdaptedImmutableType@748e9b20
22:30:06.401 [main] DEBUG org.hibernate.type.BasicTypeRegistry - Adding type registration imm_timestamp -&gt; org.hibernate.type.AdaptedImmutableType@2063c53e
22:30:06.401 [main] DEBUG org.hibernate.type.BasicTypeRegistry - Adding type registration imm_dbtimestamp -&gt; org.hibernate.type.AdaptedImmutableType@2a9bc08f
22:30:06.401 [main] DEBUG org.hibernate.type.BasicTypeRegistry - Adding type registration imm_calendar -&gt; org.hibernate.type.AdaptedImmutableType@50f40653
22:30:06.401 [main] DEBUG org.hibernate.type.BasicTypeRegistry - Adding type registration imm_calendar_date -&gt; org.hibernate.type.AdaptedImmutableType@50a3d0f6
22:30:06.402 [main] DEBUG org.hibernate.type.BasicTypeRegistry - Adding type registration imm_binary -&gt; org.hibernate.type.AdaptedImmutableType@6e57b5e9
22:30:06.402 [main] DEBUG org.hibernate.type.BasicTypeRegistry - Adding type registration imm_serializable -&gt; org.hibernate.type.AdaptedImmutableType@1abc9f14
22:30:06.402 [main] DEBUG org.springframework.jdbc.datasource.DriverManagerDataSource - Creating new JDBC DriverManager Connection to [jdbc:h2:~/test]
22:30:06.416 [main] DEBUG org.hibernate.engine.jdbc.env.internal.JdbcEnvironmentInitiator - Database -&gt;
       name : H2
    version : 1.4.196 (2017-06-10)
      major : 1
      minor : 4
22:30:06.416 [main] DEBUG org.hibernate.engine.jdbc.env.internal.JdbcEnvironmentInitiator - Driver -&gt;
       name : H2 JDBC Driver
    version : 1.4.196 (2017-06-10)
      major : 1
      minor : 4
22:30:06.417 [main] DEBUG org.hibernate.engine.jdbc.env.internal.JdbcEnvironmentInitiator - JDBC version : 4.0
22:30:06.417 [main] INFO org.hibernate.dialect.Dialect - HHH000400: Using dialect: org.hibernate.dialect.H2Dialect
22:30:06.418 [main] DEBUG org.hibernate.engine.jdbc.cursor.internal.StandardRefCursorSupport - Unexpected error trying to gauge level of JDBC REF_CURSOR support : null
22:30:06.423 [main] DEBUG org.hibernate.id.factory.internal.DefaultIdentifierGeneratorFactory - Registering IdentifierGenerator strategy [uuid2] -&gt; [org.hibernate.id.UUIDGenerator]
22:30:06.424 [main] DEBUG org.hibernate.id.factory.internal.DefaultIdentifierGeneratorFactory - Registering IdentifierGenerator strategy [guid] -&gt; [org.hibernate.id.GUIDGenerator]
22:30:06.424 [main] DEBUG org.hibernate.id.factory.internal.DefaultIdentifierGeneratorFactory - Registering IdentifierGenerator strategy [uuid] -&gt; [org.hibernate.id.UUIDHexGenerator]
22:30:06.424 [main] DEBUG org.hibernate.id.factory.internal.DefaultIdentifierGeneratorFactory - Registering IdentifierGenerator strategy [uuid.hex] -&gt; [org.hibernate.id.UUIDHexGenerator]
22:30:06.424 [main] DEBUG org.hibernate.id.factory.internal.DefaultIdentifierGeneratorFactory - Registering IdentifierGenerator strategy [assigned] -&gt; [org.hibernate.id.Assigned]
22:30:06.424 [main] DEBUG org.hibernate.id.factory.internal.DefaultIdentifierGeneratorFactory - Registering IdentifierGenerator strategy [identity] -&gt; [org.hibernate.id.IdentityGenerator]
22:30:06.424 [main] DEBUG org.hibernate.id.factory.internal.DefaultIdentifierGeneratorFactory - Registering IdentifierGenerator strategy [select] -&gt; [org.hibernate.id.SelectGenerator]
22:30:06.425 [main] DEBUG org.hibernate.id.factory.internal.DefaultIdentifierGeneratorFactory - Registering IdentifierGenerator strategy [sequence] -&gt; [org.hibernate.id.enhanced.SequenceStyleGenerator]
22:30:06.426 [main] DEBUG org.hibernate.id.factory.internal.DefaultIdentifierGeneratorFactory - Registering IdentifierGenerator strategy [seqhilo] -&gt; [org.hibernate.id.SequenceHiLoGenerator]
22:30:06.426 [main] DEBUG org.hibernate.id.factory.internal.DefaultIdentifierGeneratorFactory - Registering IdentifierGenerator strategy [increment] -&gt; [org.hibernate.id.IncrementGenerator]
22:30:06.426 [main] DEBUG org.hibernate.id.factory.internal.DefaultIdentifierGeneratorFactory - Registering IdentifierGenerator strategy [foreign] -&gt; [org.hibernate.id.ForeignGenerator]
22:30:06.426 [main] DEBUG org.hibernate.id.factory.internal.DefaultIdentifierGeneratorFactory - Registering IdentifierGenerator strategy [sequence-identity] -&gt; [org.hibernate.id.SequenceIdentityGenerator]
22:30:06.426 [main] DEBUG org.hibernate.id.factory.internal.DefaultIdentifierGeneratorFactory - Registering IdentifierGenerator strategy [enhanced-sequence] -&gt; [org.hibernate.id.enhanced.SequenceStyleGenerator]
22:30:06.426 [main] DEBUG org.hibernate.id.factory.internal.DefaultIdentifierGeneratorFactory - Registering IdentifierGenerator strategy [enhanced-table] -&gt; [org.hibernate.id.enhanced.TableGenerator]
22:30:06.427 [main] DEBUG org.hibernate.boot.model.relational.Namespace - Created database namespace [logicalName=Name{catalog=null, schema=null}, physicalName=Name{catalog=null, schema=null}]
22:30:06.437 [main] DEBUG org.hibernate.cfg.AnnotationBinder - Binding entity from annotated class: com.project.backend.domain.Category
22:30:06.437 [main] DEBUG org.hibernate.cfg.Ejb3Column - Binding column: Ejb3DiscriminatorColumn{logicalColumnName&apos;DTYPE&apos;, discriminatorTypeName=&apos;string&apos;}
22:30:06.438 [main] DEBUG org.hibernate.cfg.annotations.EntityBinder - Import with entity name Category
22:30:06.438 [main] DEBUG org.hibernate.cfg.annotations.EntityBinder - Bind entity com.project.backend.domain.Category on table Category
22:30:06.447 [main] DEBUG org.hibernate.cfg.Ejb3Column - Binding column: Ejb3Column{table=org.hibernate.mapping.Table(Category), mappingColumn=id, insertable=true, updatable=true, unique=false}
22:30:06.447 [main] DEBUG org.hibernate.cfg.annotations.PropertyBinder - MetadataSourceProcessor property id with lazy=false
22:30:06.448 [main] DEBUG org.hibernate.cfg.AbstractPropertyHolder - Attempting to locate auto-apply AttributeConverter for property [com.project.backend.domain.Category:id]
22:30:06.448 [main] DEBUG org.hibernate.cfg.annotations.SimpleValueBinder - building SimpleValue for id
22:30:06.448 [main] DEBUG org.hibernate.cfg.annotations.PropertyBinder - Building property id
22:30:06.448 [main] DEBUG org.hibernate.cfg.Ejb3Column - Binding column: Ejb3Column{table=org.hibernate.mapping.Table(Category), mappingColumn=description, insertable=true, updatable=true, unique=false}
22:30:06.449 [main] DEBUG org.hibernate.cfg.annotations.PropertyBinder - MetadataSourceProcessor property description with lazy=false
22:30:06.449 [main] DEBUG org.hibernate.cfg.AbstractPropertyHolder - Attempting to locate auto-apply AttributeConverter for property [com.project.backend.domain.Category:description]
22:30:06.449 [main] DEBUG org.hibernate.cfg.annotations.SimpleValueBinder - building SimpleValue for description
22:30:06.450 [main] DEBUG org.hibernate.cfg.annotations.PropertyBinder - Building property description
22:30:06.451 [main] DEBUG org.hibernate.cfg.Ejb3Column - Binding column: Ejb3Column{table=org.hibernate.mapping.Table(Category), mappingColumn=name, insertable=true, updatable=true, unique=false}
22:30:06.453 [main] DEBUG org.hibernate.cfg.annotations.PropertyBinder - MetadataSourceProcessor property name with lazy=false
22:30:06.473 [main] DEBUG org.hibernate.cfg.AbstractPropertyHolder - Attempting to locate auto-apply AttributeConverter for property [com.project.backend.domain.Category:name]
22:30:06.473 [main] DEBUG org.hibernate.cfg.annotations.SimpleValueBinder - building SimpleValue for name
22:30:06.474 [main] DEBUG org.hibernate.cfg.annotations.PropertyBinder - Building property name
22:30:06.474 [main] DEBUG org.hibernate.cfg.Ejb3Column - Binding column: Ejb3JoinColumn{logicalColumnName=&apos;null&apos;, referencedColumn=&apos;null&apos;, mappedBy=&apos;category&apos;}
22:30:06.474 [main] DEBUG org.hibernate.cfg.Ejb3Column - Binding column: Ejb3Column{table=org.hibernate.mapping.Table(Category), mappingColumn=products, insertable=true, updatable=true, unique=false}
22:30:06.475 [main] DEBUG org.hibernate.cfg.Ejb3Column - Binding column: Ejb3Column{table=org.hibernate.mapping.Table(Category), mappingColumn=null, insertable=true, updatable=true, unique=false}
22:30:06.475 [main] DEBUG org.hibernate.cfg.Ejb3Column - Binding column: Ejb3Column{table=org.hibernate.mapping.Table(Category), mappingColumn=element, insertable=true, updatable=true, unique=false}
22:30:06.476 [main] DEBUG org.hibernate.cfg.Ejb3Column - Binding column: Ejb3Column{table=org.hibernate.mapping.Table(Category), mappingColumn=products_KEY, insertable=true, updatable=true, unique=false}
22:30:06.476 [main] DEBUG org.hibernate.cfg.Ejb3Column - Binding column: Ejb3JoinColumn{logicalColumnName=&apos;products_KEY&apos;, referencedColumn=&apos;null&apos;, mappedBy=&apos;null&apos;}
22:30:06.476 [main] DEBUG org.hibernate.cfg.Ejb3Column - Binding column: Ejb3JoinColumn{logicalColumnName=&apos;null&apos;, referencedColumn=&apos;null&apos;, mappedBy=&apos;category&apos;}
22:30:06.476 [main] DEBUG org.hibernate.cfg.Ejb3Column - Binding column: Ejb3JoinColumn{logicalColumnName=&apos;null&apos;, referencedColumn=&apos;null&apos;, mappedBy=&apos;category&apos;}
22:30:06.476 [main] DEBUG org.hibernate.cfg.annotations.CollectionBinder - Collection role: com.project.backend.domain.Category.products
22:30:06.476 [main] DEBUG org.hibernate.cfg.annotations.PropertyBinder - Building property products
22:30:06.477 [main] DEBUG org.hibernate.cfg.AnnotationBinder - Binding entity from annotated class: com.project.backend.domain.Product
22:30:06.478 [main] DEBUG org.hibernate.cfg.Ejb3Column - Binding column: Ejb3DiscriminatorColumn{logicalColumnName&apos;DTYPE&apos;, discriminatorTypeName=&apos;string&apos;}
22:30:06.478 [main] DEBUG org.hibernate.cfg.annotations.EntityBinder - Import with entity name Product
22:30:06.479 [main] DEBUG org.hibernate.cfg.annotations.EntityBinder - Bind entity com.project.backend.domain.Product on table Product
22:30:06.481 [main] DEBUG org.hibernate.cfg.Ejb3Column - Binding column: Ejb3Column{table=org.hibernate.mapping.Table(Product), mappingColumn=id, insertable=true, updatable=true, unique=false}
22:30:06.482 [main] DEBUG org.hibernate.cfg.annotations.PropertyBinder - MetadataSourceProcessor property id with lazy=false
22:30:06.482 [main] DEBUG org.hibernate.cfg.AbstractPropertyHolder - Attempting to locate auto-apply AttributeConverter for property [com.project.backend.domain.Product:id]
22:30:06.482 [main] DEBUG org.hibernate.cfg.annotations.SimpleValueBinder - building SimpleValue for id
22:30:06.482 [main] DEBUG org.hibernate.cfg.annotations.PropertyBinder - Building property id
22:30:06.483 [main] DEBUG org.hibernate.cfg.Ejb3Column - Binding column: Ejb3JoinColumn{logicalColumnName=&apos;categoryId&apos;, referencedColumn=&apos;&apos;, mappedBy=&apos;&apos;}
22:30:06.483 [main] DEBUG org.hibernate.cfg.Ejb3Column - Binding column: Ejb3Column{table=org.hibernate.mapping.Table(Product), mappingColumn=category, insertable=true, updatable=true, unique=false}
22:30:06.483 [main] DEBUG org.hibernate.cfg.annotations.PropertyBinder - Building property category
22:30:06.483 [main] DEBUG org.hibernate.cfg.Ejb3Column - Binding column: Ejb3Column{table=org.hibernate.mapping.Table(Product), mappingColumn=categoryId, insertable=true, updatable=true, unique=false}
22:30:06.484 [main] DEBUG org.hibernate.cfg.annotations.PropertyBinder - MetadataSourceProcessor property categoryId with lazy=false
22:30:06.484 [main] DEBUG org.hibernate.cfg.AbstractPropertyHolder - Attempting to locate auto-apply AttributeConverter for property [com.project.backend.domain.Product:categoryId]
22:30:06.484 [main] DEBUG org.hibernate.cfg.annotations.SimpleValueBinder - building SimpleValue for categoryId
22:30:06.484 [main] DEBUG org.hibernate.cfg.annotations.PropertyBinder - Building property categoryId
22:30:06.484 [main] DEBUG org.hibernate.cfg.Ejb3Column - Binding column: Ejb3Column{table=org.hibernate.mapping.Table(Product), mappingColumn=description, insertable=true, updatable=true, unique=false}
22:30:06.484 [main] DEBUG org.hibernate.cfg.annotations.PropertyBinder - MetadataSourceProcessor property description with lazy=false
22:30:06.484 [main] DEBUG org.hibernate.cfg.AbstractPropertyHolder - Attempting to locate auto-apply AttributeConverter for property [com.project.backend.domain.Product:description]
22:30:06.485 [main] DEBUG org.hibernate.cfg.annotations.SimpleValueBinder - building SimpleValue for description
22:30:06.485 [main] DEBUG org.hibernate.cfg.annotations.PropertyBinder - Building property description
22:30:06.485 [main] DEBUG org.hibernate.cfg.Ejb3Column - Binding column: Ejb3Column{table=org.hibernate.mapping.Table(Product), mappingColumn=name, insertable=true, updatable=true, unique=false}
22:30:06.485 [main] DEBUG org.hibernate.cfg.annotations.PropertyBinder - MetadataSourceProcessor property name with lazy=false
22:30:06.485 [main] DEBUG org.hibernate.cfg.AbstractPropertyHolder - Attempting to locate auto-apply AttributeConverter for property [com.project.backend.domain.Product:name]
22:30:06.485 [main] DEBUG org.hibernate.cfg.annotations.SimpleValueBinder - building SimpleValue for name
22:30:06.485 [main] DEBUG org.hibernate.cfg.annotations.PropertyBinder - Building property name
22:30:06.485 [main] DEBUG org.hibernate.cfg.Ejb3Column - Binding column: Ejb3Column{table=org.hibernate.mapping.Table(Product), mappingColumn=price, insertable=true, updatable=true, unique=false}
22:30:06.485 [main] DEBUG org.hibernate.cfg.annotations.PropertyBinder - MetadataSourceProcessor property price with lazy=false
22:30:06.485 [main] DEBUG org.hibernate.cfg.AbstractPropertyHolder - Attempting to locate auto-apply AttributeConverter for property [com.project.backend.domain.Product:price]
22:30:06.485 [main] DEBUG org.hibernate.cfg.annotations.SimpleValueBinder - building SimpleValue for price
22:30:06.487 [main] DEBUG org.hibernate.cfg.annotations.PropertyBinder - Building property price
22:30:06.487 [main] DEBUG org.hibernate.cfg.Ejb3Column - Binding column: Ejb3JoinColumn{logicalColumnName=&apos;supplierid&apos;, referencedColumn=&apos;&apos;, mappedBy=&apos;&apos;}
22:30:06.487 [main] DEBUG org.hibernate.cfg.Ejb3Column - Binding column: Ejb3Column{table=org.hibernate.mapping.Table(Product), mappingColumn=supplier, insertable=true, updatable=true, unique=false}
22:30:06.488 [main] DEBUG org.hibernate.cfg.annotations.PropertyBinder - Building property supplier
22:30:06.488 [main] DEBUG org.hibernate.cfg.Ejb3Column - Binding column: Ejb3Column{table=org.hibernate.mapping.Table(Product), mappingColumn=supplierId, insertable=true, updatable=true, unique=false}
22:30:06.488 [main] DEBUG org.hibernate.cfg.annotations.PropertyBinder - MetadataSourceProcessor property supplierId with lazy=false
22:30:06.488 [main] DEBUG org.hibernate.cfg.AbstractPropertyHolder - Attempting to locate auto-apply AttributeConverter for property [com.project.backend.domain.Product:supplierId]
22:30:06.489 [main] DEBUG org.hibernate.cfg.annotations.SimpleValueBinder - building SimpleValue for supplierId
22:30:06.495 [main] DEBUG org.hibernate.cfg.annotations.PropertyBinder - Building property supplierId
22:30:06.496 [main] DEBUG org.hibernate.cfg.AnnotationBinder - Binding entity from annotated class: com.project.backend.domain.Supplier
22:30:06.496 [main] DEBUG org.hibernate.cfg.Ejb3Column - Binding column: Ejb3DiscriminatorColumn{logicalColumnName&apos;DTYPE&apos;, discriminatorTypeName=&apos;string&apos;}
22:30:06.496 [main] DEBUG org.hibernate.cfg.annotations.EntityBinder - Import with entity name Supplier
22:30:06.496 [main] DEBUG org.hibernate.cfg.annotations.EntityBinder - Bind entity com.project.backend.domain.Supplier on table Supplier
22:30:06.498 [main] DEBUG org.hibernate.cfg.Ejb3Column - Binding column: Ejb3Column{table=org.hibernate.mapping.Table(Supplier), mappingColumn=id, insertable=true, updatable=true, unique=false}
22:30:06.498 [main] DEBUG org.hibernate.cfg.annotations.PropertyBinder - MetadataSourceProcessor property id with lazy=false
22:30:06.498 [main] DEBUG org.hibernate.cfg.AbstractPropertyHolder - Attempting to locate auto-apply AttributeConverter for property [com.project.backend.domain.Supplier:id]
22:30:06.498 [main] DEBUG org.hibernate.cfg.annotations.SimpleValueBinder - building SimpleValue for id
22:30:06.498 [main] DEBUG org.hibernate.cfg.annotations.PropertyBinder - Building property id
22:30:06.498 [main] DEBUG org.hibernate.cfg.Ejb3Column - Binding column: Ejb3Column{table=org.hibernate.mapping.Table(Supplier), mappingColumn=address, insertable=true, updatable=true, unique=false}
22:30:06.498 [main] DEBUG org.hibernate.cfg.annotations.PropertyBinder - MetadataSourceProcessor property address with lazy=false
22:30:06.499 [main] DEBUG org.hibernate.cfg.AbstractPropertyHolder - Attempting to locate auto-apply AttributeConverter for property [com.project.backend.domain.Supplier:address]
22:30:06.499 [main] DEBUG org.hibernate.cfg.annotations.SimpleValueBinder - building SimpleValue for address
22:30:06.499 [main] DEBUG org.hibernate.cfg.annotations.PropertyBinder - Building property address
22:30:06.499 [main] DEBUG org.hibernate.cfg.Ejb3Column - Binding column: Ejb3Column{table=org.hibernate.mapping.Table(Supplier), mappingColumn=name, insertable=true, updatable=true, unique=false}
22:30:06.499 [main] DEBUG org.hibernate.cfg.annotations.PropertyBinder - MetadataSourceProcessor property name with lazy=false
22:30:06.499 [main] DEBUG org.hibernate.cfg.AbstractPropertyHolder - Attempting to locate auto-apply AttributeConverter for property [com.project.backend.domain.Supplier:name]
22:30:06.499 [main] DEBUG org.hibernate.cfg.annotations.SimpleValueBinder - building SimpleValue for name
22:30:06.499 [main] DEBUG org.hibernate.cfg.annotations.PropertyBinder - Building property name
22:30:06.499 [main] DEBUG org.hibernate.cfg.Ejb3Column - Binding column: Ejb3JoinColumn{logicalColumnName=&apos;null&apos;, referencedColumn=&apos;null&apos;, mappedBy=&apos;supplier&apos;}
22:30:06.500 [main] DEBUG org.hibernate.cfg.Ejb3Column - Binding column: Ejb3Column{table=org.hibernate.mapping.Table(Supplier), mappingColumn=products, insertable=true, updatable=true, unique=false}
22:30:06.500 [main] DEBUG org.hibernate.cfg.Ejb3Column - Binding column: Ejb3Column{table=org.hibernate.mapping.Table(Supplier), mappingColumn=null, insertable=true, updatable=true, unique=false}
22:30:06.500 [main] DEBUG org.hibernate.cfg.Ejb3Column - Binding column: Ejb3Column{table=org.hibernate.mapping.Table(Supplier), mappingColumn=element, insertable=true, updatable=true, unique=false}
22:30:06.500 [main] DEBUG org.hibernate.cfg.Ejb3Column - Binding column: Ejb3Column{table=org.hibernate.mapping.Table(Supplier), mappingColumn=products_KEY, insertable=true, updatable=true, unique=false}
22:30:06.500 [main] DEBUG org.hibernate.cfg.Ejb3Column - Binding column: Ejb3JoinColumn{logicalColumnName=&apos;products_KEY&apos;, referencedColumn=&apos;null&apos;, mappedBy=&apos;null&apos;}
22:30:06.500 [main] DEBUG org.hibernate.cfg.Ejb3Column - Binding column: Ejb3JoinColumn{logicalColumnName=&apos;null&apos;, referencedColumn=&apos;null&apos;, mappedBy=&apos;supplier&apos;}
22:30:06.500 [main] DEBUG org.hibernate.cfg.Ejb3Column - Binding column: Ejb3JoinColumn{logicalColumnName=&apos;null&apos;, referencedColumn=&apos;null&apos;, mappedBy=&apos;supplier&apos;}
22:30:06.500 [main] DEBUG org.hibernate.cfg.annotations.CollectionBinder - Collection role: com.project.backend.domain.Supplier.products
22:30:06.500 [main] DEBUG org.hibernate.cfg.annotations.PropertyBinder - Building property products
22:30:06.501 [main] DEBUG org.hibernate.cfg.AnnotationBinder - Binding entity from annotated class: com.project.backend.domain.User
22:30:06.501 [main] DEBUG org.hibernate.cfg.Ejb3Column - Binding column: Ejb3DiscriminatorColumn{logicalColumnName&apos;DTYPE&apos;, discriminatorTypeName=&apos;string&apos;}
22:30:06.501 [main] DEBUG org.hibernate.cfg.annotations.EntityBinder - Import with entity name User
22:30:06.501 [main] DEBUG org.hibernate.cfg.annotations.EntityBinder - Bind entity com.project.backend.domain.User on table user
22:30:06.502 [main] DEBUG org.hibernate.cfg.Ejb3Column - Binding column: Ejb3Column{table=org.hibernate.mapping.Table(user), mappingColumn=emailID, insertable=true, updatable=true, unique=false}
22:30:06.502 [main] DEBUG org.hibernate.cfg.annotations.PropertyBinder - MetadataSourceProcessor property emailID with lazy=false
22:30:06.502 [main] DEBUG org.hibernate.cfg.AbstractPropertyHolder - Attempting to locate auto-apply AttributeConverter for property [com.project.backend.domain.User:emailID]
22:30:06.502 [main] DEBUG org.hibernate.cfg.annotations.SimpleValueBinder - building SimpleValue for emailID
22:30:06.502 [main] DEBUG org.hibernate.cfg.annotations.PropertyBinder - Building property emailID
22:30:06.503 [main] DEBUG org.hibernate.cfg.Ejb3Column - Binding column: Ejb3Column{table=org.hibernate.mapping.Table(user), mappingColumn=mobile, insertable=true, updatable=true, unique=false}
22:30:06.503 [main] DEBUG org.hibernate.cfg.annotations.PropertyBinder - MetadataSourceProcessor property mobile with lazy=false
22:30:06.503 [main] DEBUG org.hibernate.cfg.AbstractPropertyHolder - Attempting to locate auto-apply AttributeConverter for property [com.project.backend.domain.User:mobile]
22:30:06.503 [main] DEBUG org.hibernate.cfg.annotations.SimpleValueBinder - building SimpleValue for mobile
22:30:06.503 [main] DEBUG org.hibernate.cfg.annotations.PropertyBinder - Building property mobile
22:30:06.503 [main] DEBUG org.hibernate.cfg.Ejb3Column - Binding column: Ejb3Column{table=org.hibernate.mapping.Table(user), mappingColumn=name, insertable=true, updatable=true, unique=false}
22:30:06.503 [main] DEBUG org.hibernate.cfg.annotations.PropertyBinder - MetadataSourceProcessor property name with lazy=false
22:30:06.503 [main] DEBUG org.hibernate.cfg.AbstractPropertyHolder - Attempting to locate auto-apply AttributeConverter for property [com.project.backend.domain.User:name]
22:30:06.504 [main] DEBUG org.hibernate.cfg.annotations.SimpleValueBinder - building SimpleValue for name
22:30:06.504 [main] DEBUG org.hibernate.cfg.annotations.PropertyBinder - Building property name
22:30:06.504 [main] DEBUG org.hibernate.cfg.Ejb3Column - Binding column: Ejb3Column{table=org.hibernate.mapping.Table(user), mappingColumn=password, insertable=true, updatable=true, unique=false}
22:30:06.504 [main] DEBUG org.hibernate.cfg.annotations.PropertyBinder - MetadataSourceProcessor property password with lazy=false
22:30:06.504 [main] DEBUG org.hibernate.cfg.AbstractPropertyHolder - Attempting to locate auto-apply AttributeConverter for property [com.project.backend.domain.User:password]
22:30:06.504 [main] DEBUG org.hibernate.cfg.annotations.SimpleValueBinder - building SimpleValue for password
22:30:06.504 [main] DEBUG org.hibernate.cfg.annotations.PropertyBinder - Building property password
22:30:06.504 [main] DEBUG org.hibernate.cfg.Ejb3Column - Binding column: Ejb3Column{table=org.hibernate.mapping.Table(user), mappingColumn=registeredDate, insertable=true, updatable=true, unique=false}
22:30:06.504 [main] DEBUG org.hibernate.cfg.annotations.PropertyBinder - MetadataSourceProcessor property registeredDate with lazy=false
22:30:06.504 [main] DEBUG org.hibernate.cfg.AbstractPropertyHolder - Attempting to locate auto-apply AttributeConverter for property [com.project.backend.domain.User:registeredDate]
22:30:06.504 [main] DEBUG org.hibernate.cfg.annotations.SimpleValueBinder - building SimpleValue for registeredDate
22:30:06.504 [main] DEBUG org.hibernate.cfg.annotations.PropertyBinder - Building property registeredDate
22:30:06.504 [main] DEBUG org.hibernate.cfg.Ejb3Column - Binding column: Ejb3Column{table=org.hibernate.mapping.Table(user), mappingColumn=role, insertable=true, updatable=true, unique=false}
22:30:06.505 [main] DEBUG org.hibernate.cfg.annotations.PropertyBinder - MetadataSourceProcessor property role with lazy=false
22:30:06.505 [main] DEBUG org.hibernate.cfg.AbstractPropertyHolder - Attempting to locate auto-apply AttributeConverter for property [com.project.backend.domain.User:role]
22:30:06.505 [main] DEBUG org.hibernate.cfg.annotations.SimpleValueBinder - building SimpleValue for role
22:30:06.506 [main] DEBUG org.hibernate.cfg.annotations.PropertyBinder - Building property role
22:30:06.507 [main] DEBUG org.hibernate.cfg.annotations.SimpleValueBinder - Starting fillSimpleValue for id
22:30:06.507 [main] DEBUG org.hibernate.cfg.annotations.SimpleValueBinder - Starting fillSimpleValue for description
22:30:06.507 [main] DEBUG org.hibernate.cfg.annotations.SimpleValueBinder - Starting fillSimpleValue for name
22:30:06.507 [main] DEBUG org.hibernate.cfg.annotations.SimpleValueBinder - Starting fillSimpleValue for id
22:30:06.507 [main] DEBUG org.hibernate.cfg.annotations.SimpleValueBinder - Starting fillSimpleValue for categoryId
22:30:06.507 [main] DEBUG org.hibernate.cfg.annotations.SimpleValueBinder - Starting fillSimpleValue for description
22:30:06.507 [main] DEBUG org.hibernate.cfg.annotations.SimpleValueBinder - Starting fillSimpleValue for name
22:30:06.509 [main] DEBUG org.hibernate.cfg.annotations.SimpleValueBinder - Starting fillSimpleValue for price
22:30:06.509 [main] DEBUG org.hibernate.cfg.annotations.SimpleValueBinder - Starting fillSimpleValue for supplierId
22:30:06.509 [main] DEBUG org.hibernate.cfg.annotations.SimpleValueBinder - Starting fillSimpleValue for id
22:30:06.509 [main] DEBUG org.hibernate.cfg.annotations.SimpleValueBinder - Starting fillSimpleValue for address
22:30:06.509 [main] DEBUG org.hibernate.cfg.annotations.SimpleValueBinder - Starting fillSimpleValue for name
22:30:06.509 [main] DEBUG org.hibernate.cfg.annotations.SimpleValueBinder - Starting fillSimpleValue for emailID
22:30:06.509 [main] DEBUG org.hibernate.cfg.annotations.SimpleValueBinder - Starting fillSimpleValue for mobile
22:30:06.510 [main] DEBUG org.hibernate.cfg.annotations.SimpleValueBinder - Starting fillSimpleValue for name
22:30:06.510 [main] DEBUG org.hibernate.cfg.annotations.SimpleValueBinder - Starting fillSimpleValue for password
22:30:06.510 [main] DEBUG org.hibernate.cfg.annotations.SimpleValueBinder - Starting fillSimpleValue for registeredDate
22:30:06.510 [main] DEBUG org.hibernate.cfg.annotations.SimpleValueBinder - Starting fillSimpleValue for role
22:30:06.510 [main] DEBUG org.hibernate.mapping.PrimaryKey - Forcing column [id] to be non-null as it is part of the primary key for table [category]
22:30:06.511 [main] DEBUG org.hibernate.mapping.PrimaryKey - Forcing column [id] to be non-null as it is part of the primary key for table [product]
22:30:06.511 [main] DEBUG org.hibernate.mapping.PrimaryKey - Forcing column [id] to be non-null as it is part of the primary key for table [supplier]
22:30:06.511 [main] DEBUG org.hibernate.mapping.PrimaryKey - Forcing column [emailid] to be non-null as it is part of the primary key for table [user]
22:30:06.511 [main] DEBUG org.hibernate.cfg.CollectionSecondPass - Second pass for collection: com.project.backend.domain.Category.products
22:30:06.511 [main] DEBUG org.hibernate.cfg.annotations.CollectionBinder - Binding a OneToMany: com.project.backend.domain.Category.products through a foreign key
22:30:06.511 [main] DEBUG org.hibernate.cfg.annotations.CollectionBinder - Mapping collection: com.project.backend.domain.Category.products -&gt; Product
22:30:06.511 [main] DEBUG org.hibernate.cfg.annotations.TableBinder - Retrieving property com.project.backend.domain.Product.category
22:30:06.511 [main] DEBUG org.hibernate.cfg.CollectionSecondPass - Mapped collection key: categoryId, one-to-many: com.project.backend.domain.Product
22:30:06.511 [main] DEBUG org.hibernate.cfg.CollectionSecondPass - Second pass for collection: com.project.backend.domain.Supplier.products
22:30:06.512 [main] DEBUG org.hibernate.cfg.annotations.CollectionBinder - Binding a OneToMany: com.project.backend.domain.Supplier.products through a foreign key
22:30:06.512 [main] DEBUG org.hibernate.cfg.annotations.CollectionBinder - Mapping collection: com.project.backend.domain.Supplier.products -&gt; Product
22:30:06.512 [main] DEBUG org.hibernate.cfg.annotations.TableBinder - Retrieving property com.project.backend.domain.Product.supplier
22:30:06.512 [main] DEBUG org.hibernate.cfg.CollectionSecondPass - Mapped collection key: supplierid, one-to-many: com.project.backend.domain.Product
22:30:06.512 [main] DEBUG org.hibernate.boot.internal.InFlightMetadataCollectorImpl - Resolving reference to class: com.project.backend.domain.Category
22:30:06.512 [main] DEBUG org.hibernate.boot.internal.InFlightMetadataCollectorImpl - Resolving reference to class: com.project.backend.domain.Supplier
22:30:06.513 [main] DEBUG org.hibernate.boot.internal.InFlightMetadataCollectorImpl - Resolving reference to class: com.project.backend.domain.Category
22:30:06.513 [main] DEBUG org.hibernate.boot.internal.InFlightMetadataCollectorImpl - Resolving reference to class: com.project.backend.domain.Supplier
22:30:06.514 [main] DEBUG org.hibernate.internal.SessionFactoryImpl - Building session factory
22:30:06.514 [main] DEBUG org.hibernate.cfg.Settings - SessionFactory name : null
22:30:06.514 [main] DEBUG org.hibernate.cfg.Settings - Automatic flush during beforeCompletion(): disabled
22:30:06.514 [main] DEBUG org.hibernate.cfg.Settings - Automatic session close at end of transaction: disabled
22:30:06.514 [main] DEBUG org.hibernate.cfg.Settings - Statistics: disabled
22:30:06.514 [main] DEBUG org.hibernate.cfg.Settings - Deleted entity synthetic identifier rollback: disabled
22:30:06.514 [main] DEBUG org.hibernate.cfg.Settings - Default entity-mode: pojo
22:30:06.514 [main] DEBUG org.hibernate.cfg.Settings - Check Nullability in Core (should be disabled when Bean Validation is on): enabled
22:30:06.514 [main] DEBUG org.hibernate.cfg.Settings - Allow initialization of lazy state outside session : disabled
22:30:06.514 [main] DEBUG org.hibernate.cfg.Settings - Using BatchFetchStyle : LEGACY
22:30:06.515 [main] DEBUG org.hibernate.cfg.Settings - Default batch fetch size: -1
22:30:06.515 [main] DEBUG org.hibernate.cfg.Settings - Maximum outer join fetch depth: null
22:30:06.515 [main] DEBUG org.hibernate.cfg.Settings - Default null ordering: NONE
22:30:06.515 [main] DEBUG org.hibernate.cfg.Settings - Order SQL updates by primary key: disabled
22:30:06.515 [main] DEBUG org.hibernate.cfg.Settings - Order SQL inserts for batching: disabled
22:30:06.515 [main] DEBUG org.hibernate.cfg.Settings - multi-tenancy strategy : NONE
22:30:06.515 [main] DEBUG org.hibernate.cfg.Settings - JTA Track by Thread: enabled
22:30:06.515 [main] DEBUG org.hibernate.cfg.Settings - Query language substitutions: {}
22:30:06.515 [main] DEBUG org.hibernate.cfg.Settings - JPA query language strict compliance: disabled
22:30:06.515 [main] DEBUG org.hibernate.cfg.Settings - Named query checking : enabled
22:30:06.515 [main] DEBUG org.hibernate.cfg.Settings - Second-level cache: enabled
22:30:06.515 [main] DEBUG org.hibernate.cfg.Settings - Second-level query cache: disabled
22:30:06.515 [main] DEBUG org.hibernate.cfg.Settings - Second-level query cache factory: org.hibernate.cache.internal.StandardQueryCacheFactory@66629f63
22:30:06.515 [main] DEBUG org.hibernate.cfg.Settings - Second-level cache region prefix: null
22:30:06.515 [main] DEBUG org.hibernate.cfg.Settings - Optimize second-level cache for minimal puts: disabled
22:30:06.515 [main] DEBUG org.hibernate.cfg.Settings - Structured second-level cache entries: disabled
22:30:06.515 [main] DEBUG org.hibernate.cfg.Settings - Second-level cache direct-reference entries: disabled
22:30:06.515 [main] DEBUG org.hibernate.cfg.Settings - Automatic eviction of collection cache: disabled
22:30:06.515 [main] DEBUG org.hibernate.cfg.Settings - JDBC batch size: 15
22:30:06.516 [main] DEBUG org.hibernate.cfg.Settings - JDBC batch updates for versioned data: enabled
22:30:06.518 [main] DEBUG org.hibernate.cfg.Settings - Scrollable result sets: enabled
22:30:06.518 [main] DEBUG org.hibernate.cfg.Settings - Wrap result sets: disabled
22:30:06.518 [main] DEBUG org.hibernate.cfg.Settings - JDBC3 getGeneratedKeys(): enabled
22:30:06.518 [main] DEBUG org.hibernate.cfg.Settings - JDBC result set fetch size: null
22:30:06.518 [main] DEBUG org.hibernate.cfg.Settings - Connection release mode: ON_CLOSE
22:30:06.518 [main] DEBUG org.hibernate.cfg.Settings - Generate SQL with comments: disabled
22:30:06.520 [main] DEBUG org.hibernate.internal.SessionFactoryImpl - Returning a Reference to the SessionFactory
22:30:06.521 [main] DEBUG org.hibernate.internal.SessionFactoryImpl - Session factory constructed with filter configurations : {}
22:30:06.522 [main] DEBUG org.hibernate.internal.SessionFactoryImpl - Instantiating session factory with properties: {java.runtime.name=Java(TM) SE Runtime Environment, java.vm.version=25.161-b12, sun.boot.library.path=C:\Program Files\Java\jre1.8.0_161\bin, hibernate.boot.CfgXmlAccessService.key=org.hibernate.boot.cfgxml.spi.LoadedConfig@a52ca2e, java.vm.vendor=Oracle Corporation, java.vendor.url=http://java.oracle.com/, path.separator=;, hibernate.classLoaders=[sun.misc.Launcher$AppClassLoader@232204a1], java.vm.name=Java HotSpot(TM) 64-Bit Server VM, file.encoding.pkg=sun.io, sun.os.patch.level=, user.script=, user.country=US, sun.java.launcher=SUN_STANDARD, java.vm.specification.name=Java Virtual Machine Specification, user.dir=F:\Workstation\backend, java.runtime.version=1.8.0_161-b12, java.awt.graphicsenv=sun.awt.Win32GraphicsEnvironment, basedir=F:\Workstation\backend, os.arch=amd64, hibernate.current_session_context_class=org.springframework.orm.hibernate5.SpringSessionContext, java.endorsed.dirs=C:\Program Files\Java\jre1.8.0_161\lib\endorsed, surefire.real.class.path=F:\Workstation\backend\target\surefire\surefirebooter1169634460267211287.jar, java.io.tmpdir=C:\Users\yogender\AppData\Local\Temp\, line.separator=
, java.vm.specification.vendor=Oracle Corporation, user.variant=, os.name=Windows 10, sun.jnu.encoding=Cp1252, hibernate.connection.datasource=org.springframework.jdbc.datasource.DriverManagerDataSource@76d05cc9, java.library.path=C:\Program Files\Java\jre1.8.0_161\bin;C:\WINDOWS\Sun\Java\bin;C:\WINDOWS\system32;C:\WINDOWS;C:/Program Files/Java/jre1.8.0_161/bin/server;C:/Program Files/Java/jre1.8.0_161/bin;C:/Program Files/Java/jre1.8.0_161/lib/amd64;C:\ProgramData\Oracle\Java\javapath;C:\WINDOWS\system32;C:\WINDOWS;C:\WINDOWS\System32\Wbem;C:\WINDOWS\System32\WindowsPowerShell\v1.0\;F:\apache-maven-3.5.2\bin;C:\Program Files\Java\jdk1.8.0_161\bin;C:\Users\yogender\AppData\Local\Microsoft\WindowsApps;C:\Users\yogender\AppData\Local\GitHubDesktop\bin;F:\study material\softwares\eclipse;;., surefire.test.class.path=F:\Workstation\backend\target\test-classes;F:\Workstation\backend\target\classes;C:\Users\yogender\.m2\repository\javax\xml\jaxb-impl\2.1\jaxb-impl-2.1.jar;C:\Users\yogender\.m2\repository\org\glassfish\jaxb\jaxb-core\2.2.11\jaxb-core-2.2.11.jar;C:\Users\yogender\.m2\repository\javax\xml\bind\jaxb-api\2.3.0\jaxb-api-2.3.0.jar;C:\Users\yogender\.m2\repository\org\apache\maven\maven-plugin-api\3.3.9\maven-plugin-api-3.3.9.jar;C:\Users\yogender\.m2\repository\org\apache\maven\maven-model\3.3.9\maven-model-3.3.9.jar;C:\Users\yogender\.m2\repository\org\codehaus\plexus\plexus-utils\3.0.22\plexus-utils-3.0.22.jar;C:\Users\yogender\.m2\repository\org\apache\commons\commons-lang3\3.4\commons-lang3-3.4.jar;C:\Users\yogender\.m2\repository\org\apache\maven\maven-artifact\3.3.9\maven-artifact-3.3.9.jar;C:\Users\yogender\.m2\repository\org\eclipse\sisu\org.eclipse.sisu.plexus\0.3.2\org.eclipse.sisu.plexus-0.3.2.jar;C:\Users\yogender\.m2\repository\javax\enterprise\cdi-api\1.0\cdi-api-1.0.jar;C:\Users\yogender\.m2\repository\javax\annotation\jsr250-api\1.0\jsr250-api-1.0.jar;C:\Users\yogender\.m2\repository\javax\inject\javax.inject\1\javax.inject-1.jar;C:\Users\yogender\.m2\repository\org\eclipse\sisu\org.eclipse.sisu.inject\0.3.2\org.eclipse.sisu.inject-0.3.2.jar;C:\Users\yogender\.m2\repository\org\codehaus\plexus\plexus-component-annotations\1.5.5\plexus-component-annotations-1.5.5.jar;C:\Users\yogender\.m2\repository\org\codehaus\plexus\plexus-classworlds\2.5.2\plexus-classworlds-2.5.2.jar;C:\Users\yogender\.m2\repository\org\springframework\spring-core\5.0.4.RELEASE\spring-core-5.0.4.RELEASE.jar;C:\Users\yogender\.m2\repository\org\springframework\spring-jcl\5.0.4.RELEASE\spring-jcl-5.0.4.RELEASE.jar;C:\Users\yogender\.m2\repository\org\springframework\spring-context\5.0.4.RELEASE\spring-context-5.0.4.RELEASE.jar;C:\Users\yogender\.m2\repository\org\springframework\spring-aop\5.0.4.RELEASE\spring-aop-5.0.4.RELEASE.jar;C:\Users\yogender\.m2\repository\org\springframework\spring-beans\5.0.4.RELEASE\spring-beans-5.0.4.RELEASE.jar;C:\Users\yogender\.m2\repository\org\springframework\spring-expression\5.0.4.RELEASE\spring-expression-5.0.4.RELEASE.jar;C:\Users\yogender\.m2\repository\org\hibernate\hibernate-core\5.0.4.Final\hibernate-core-5.0.4.Final.jar;C:\Users\yogender\.m2\repository\org\jboss\logging\jboss-logging\3.3.0.Final\jboss-logging-3.3.0.Final.jar;C:\Users\yogender\.m2\repository\org\hibernate\javax\persistence\hibernate-jpa-2.1-api\1.0.0.Final\hibernate-jpa-2.1-api-1.0.0.Final.jar;C:\Users\yogender\.m2\repository\org\javassist\javassist\3.18.1-GA\javassist-3.18.1-GA.jar;C:\Users\yogender\.m2\repository\antlr\antlr\2.7.7\antlr-2.7.7.jar;C:\Users\yogender\.m2\repository\org\jboss\jandex\2.0.0.CR1\jandex-2.0.0.CR1.jar;C:\Users\yogender\.m2\repository\dom4j\dom4j\1.6.1\dom4j-1.6.1.jar;C:\Users\yogender\.m2\repository\xml-apis\xml-apis\1.0.b2\xml-apis-1.0.b2.jar;C:\Users\yogender\.m2\repository\org\hibernate\common\hibernate-commons-annotations\5.0.0.Final\hibernate-commons-annotations-5.0.0.Final.jar;C:\Users\yogender\.m2\repository\org\springframework\spring-orm\5.0.4.RELEASE\spring-orm-5.0.4.RELEASE.jar;C:\Users\yogender\.m2\repository\org\springframework\spring-jdbc\5.0.4.RELEASE\spring-jdbc-5.0.4.RELEASE.jar;C:\Users\yogender\.m2\repository\org\springframework\spring-tx\5.0.4.RELEASE\spring-tx-5.0.4.RELEASE.jar;C:\Users\yogender\.m2\repository\com\h2database\h2\1.4.196\h2-1.4.196.jar;C:\Users\yogender\.m2\repository\junit\junit\4.4\junit-4.4.jar;C:\Users\yogender\.m2\repository\javax\transaction\jta\1.1\jta-1.1.jar;C:\Users\yogender\.m2\repository\org\slf4j\slf4j-api\1.7.25\slf4j-api-1.7.25.jar;C:\Users\yogender\.m2\repository\ch\qos\logback\logback-classic\1.2.3\logback-classic-1.2.3.jar;C:\Users\yogender\.m2\repository\ch\qos\logback\logback-core\1.2.3\logback-core-1.2.3.jar;, java.class.version=52.0, java.specification.name=Java Platform API Specification, sun.management.compiler=HotSpot 64-Bit Tiered Compilers, os.version=10.0, user.home=C:\Users\yogender, user.timezone=Asia/Calcutta, java.awt.printerjob=sun.awt.windows.WPrinterJob, file.encoding=Cp1252, java.specification.version=1.8, user.name=yogender, java.class.path=F:\Workstation\backend\target\test-classes;F:\Workstation\backend\target\classes;C:\Users\yogender\.m2\repository\javax\xml\jaxb-impl\2.1\jaxb-impl-2.1.jar;C:\Users\yogender\.m2\repository\org\glassfish\jaxb\jaxb-core\2.2.11\jaxb-core-2.2.11.jar;C:\Users\yogender\.m2\repository\javax\xml\bind\jaxb-api\2.3.0\jaxb-api-2.3.0.jar;C:\Users\yogender\.m2\repository\org\apache\maven\maven-plugin-api\3.3.9\maven-plugin-api-3.3.9.jar;C:\Users\yogender\.m2\repository\org\apache\maven\maven-model\3.3.9\maven-model-3.3.9.jar;C:\Users\yogender\.m2\repository\org\codehaus\plexus\plexus-utils\3.0.22\plexus-utils-3.0.22.jar;C:\Users\yogender\.m2\repository\org\apache\commons\commons-lang3\3.4\commons-lang3-3.4.jar;C:\Users\yogender\.m2\repository\org\apache\maven\maven-artifact\3.3.9\maven-artifact-3.3.9.jar;C:\Users\yogender\.m2\repository\org\eclipse\sisu\org.eclipse.sisu.plexus\0.3.2\org.eclipse.sisu.plexus-0.3.2.jar;C:\Users\yogender\.m2\repository\javax\enterprise\cdi-api\1.0\cdi-api-1.0.jar;C:\Users\yogender\.m2\repository\javax\annotation\jsr250-api\1.0\jsr250-api-1.0.jar;C:\Users\yogender\.m2\repository\javax\inject\javax.inject\1\javax.inject-1.jar;C:\Users\yogender\.m2\repository\org\eclipse\sisu\org.eclipse.sisu.inject\0.3.2\org.eclipse.sisu.inject-0.3.2.jar;C:\Users\yogender\.m2\repository\org\codehaus\plexus\plexus-component-annotations\1.5.5\plexus-component-annotations-1.5.5.jar;C:\Users\yogender\.m2\repository\org\codehaus\plexus\plexus-classworlds\2.5.2\plexus-classworlds-2.5.2.jar;C:\Users\yogender\.m2\repository\org\springframework\spring-core\5.0.4.RELEASE\spring-core-5.0.4.RELEASE.jar;C:\Users\yogender\.m2\repository\org\springframework\spring-jcl\5.0.4.RELEASE\spring-jcl-5.0.4.RELEASE.jar;C:\Users\yogender\.m2\repository\org\springframework\spring-context\5.0.4.RELEASE\spring-context-5.0.4.RELEASE.jar;C:\Users\yogender\.m2\repository\org\springframework\spring-aop\5.0.4.RELEASE\spring-aop-5.0.4.RELEASE.jar;C:\Users\yogender\.m2\repository\org\springframework\spring-beans\5.0.4.RELEASE\spring-beans-5.0.4.RELEASE.jar;C:\Users\yogender\.m2\repository\org\springframework\spring-expression\5.0.4.RELEASE\spring-expression-5.0.4.RELEASE.jar;C:\Users\yogender\.m2\repository\org\hibernate\hibernate-core\5.0.4.Final\hibernate-core-5.0.4.Final.jar;C:\Users\yogender\.m2\repository\org\jboss\logging\jboss-logging\3.3.0.Final\jboss-logging-3.3.0.Final.jar;C:\Users\yogender\.m2\repository\org\hibernate\javax\persistence\hibernate-jpa-2.1-api\1.0.0.Final\hibernate-jpa-2.1-api-1.0.0.Final.jar;C:\Users\yogender\.m2\repository\org\javassist\javassist\3.18.1-GA\javassist-3.18.1-GA.jar;C:\Users\yogender\.m2\repository\antlr\antlr\2.7.7\antlr-2.7.7.jar;C:\Users\yogender\.m2\repository\org\jboss\jandex\2.0.0.CR1\jandex-2.0.0.CR1.jar;C:\Users\yogender\.m2\repository\dom4j\dom4j\1.6.1\dom4j-1.6.1.jar;C:\Users\yogender\.m2\repository\xml-apis\xml-apis\1.0.b2\xml-apis-1.0.b2.jar;C:\Users\yogender\.m2\repository\org\hibernate\common\hibernate-commons-annotations\5.0.0.Final\hibernate-commons-annotations-5.0.0.Final.jar;C:\Users\yogender\.m2\repository\org\springframework\spring-orm\5.0.4.RELEASE\spring-orm-5.0.4.RELEASE.jar;C:\Users\yogender\.m2\repository\org\springframework\spring-jdbc\5.0.4.RELEASE\spring-jdbc-5.0.4.RELEASE.jar;C:\Users\yogender\.m2\repository\org\springframework\spring-tx\5.0.4.RELEASE\spring-tx-5.0.4.RELEASE.jar;C:\Users\yogender\.m2\repository\com\h2database\h2\1.4.196\h2-1.4.196.jar;C:\Users\yogender\.m2\repository\junit\junit\4.4\junit-4.4.jar;C:\Users\yogender\.m2\repository\javax\transaction\jta\1.1\jta-1.1.jar;C:\Users\yogender\.m2\repository\org\slf4j\slf4j-api\1.7.25\slf4j-api-1.7.25.jar;C:\Users\yogender\.m2\repository\ch\qos\logback\logback-classic\1.2.3\logback-classic-1.2.3.jar;C:\Users\yogender\.m2\repository\ch\qos\logback\logback-core\1.2.3\logback-core-1.2.3.jar;, hibernate.bytecode.use_reflection_optimizer=false, hibernate.show_sql=true, java.vm.specification.version=1.8, sun.arch.data.model=64, sun.java.command=F:\Workstation\backend\target\surefire\surefirebooter1169634460267211287.jar F:\Workstation\backend\target\surefire\surefire3937481837042953127tmp F:\Workstation\backend\target\surefire\surefire_0294470579703560172tmp, java.home=C:\Program Files\Java\jre1.8.0_161, hibernate.dialect=org.hibernate.dialect.H2Dialect, user.language=en, java.specification.vendor=Oracle Corporation, awt.toolkit=sun.awt.windows.WToolkit, java.vm.info=mixed mode, java.version=1.8.0_161, java.ext.dirs=C:\Program Files\Java\jre1.8.0_161\lib\ext;C:\WINDOWS\Sun\Java\lib\ext, sun.boot.class.path=C:\Program Files\Java\jre1.8.0_161\lib\resources.jar;C:\Program Files\Java\jre1.8.0_161\lib\rt.jar;C:\Program Files\Java\jre1.8.0_161\lib\sunrsasign.jar;C:\Program Files\Java\jre1.8.0_161\lib\jsse.jar;C:\Program Files\Java\jre1.8.0_161\lib\jce.jar;C:\Program Files\Java\jre1.8.0_161\lib\charsets.jar;C:\Program Files\Java\jre1.8.0_161\lib\jfr.jar;C:\Program Files\Java\jre1.8.0_161\classes, java.vendor=Oracle Corporation, localRepository=C:\Users\yogender\.m2\repository, file.separator=\, java.vendor.url.bug=http://bugreport.sun.com/bugreport/, sun.io.unicode.encoding=UnicodeLittle, sun.cpu.endian=little, sun.desktop=windows, sun.cpu.isalist=amd64}
22:30:06.523 [main] DEBUG org.hibernate.secure.spi.JaccIntegrator - Skipping JACC integration as it was not enabled
22:30:06.523 [main] DEBUG org.hibernate.boot.internal.ClassLoaderAccessImpl - Not known whether passed class name [com.project.backend.domain.Product] is safe
22:30:06.523 [main] DEBUG org.hibernate.boot.internal.ClassLoaderAccessImpl - No temp ClassLoader provided; using live ClassLoader for loading potentially unsafe class : com.project.backend.domain.Product
22:30:06.523 [main] DEBUG org.hibernate.boot.internal.ClassLoaderAccessImpl - Not known whether passed class name [com.project.backend.domain.Product] is safe
22:30:06.524 [main] DEBUG org.hibernate.boot.internal.ClassLoaderAccessImpl - No temp ClassLoader provided; using live ClassLoader for loading potentially unsafe class : com.project.backend.domain.Product
22:30:06.526 [main] DEBUG org.hibernate.boot.internal.ClassLoaderAccessImpl - Not known whether passed class name [com.project.backend.domain.User] is safe
22:30:06.526 [main] DEBUG org.hibernate.boot.internal.ClassLoaderAccessImpl - No temp ClassLoader provided; using live ClassLoader for loading potentially unsafe class : com.project.backend.domain.User
22:30:06.527 [main] DEBUG org.hibernate.boot.internal.ClassLoaderAccessImpl - Not known whether passed class name [com.project.backend.domain.User] is safe
22:30:06.527 [main] DEBUG org.hibernate.boot.internal.ClassLoaderAccessImpl - No temp ClassLoader provided; using live ClassLoader for loading potentially unsafe class : com.project.backend.domain.User
22:30:06.528 [main] DEBUG org.hibernate.boot.internal.ClassLoaderAccessImpl - Not known whether passed class name [com.project.backend.domain.Category] is safe
22:30:06.528 [main] DEBUG org.hibernate.boot.internal.ClassLoaderAccessImpl - No temp ClassLoader provided; using live ClassLoader for loading potentially unsafe class : com.project.backend.domain.Category
22:30:06.528 [main] DEBUG org.hibernate.boot.internal.ClassLoaderAccessImpl - Not known whether passed class name [com.project.backend.domain.Category] is safe
22:30:06.528 [main] DEBUG org.hibernate.boot.internal.ClassLoaderAccessImpl - No temp ClassLoader provided; using live ClassLoader for loading potentially unsafe class : com.project.backend.domain.Category
22:30:06.529 [main] DEBUG org.hibernate.boot.internal.ClassLoaderAccessImpl - Not known whether passed class name [com.project.backend.domain.Supplier] is safe
22:30:06.529 [main] DEBUG org.hibernate.boot.internal.ClassLoaderAccessImpl - No temp ClassLoader provided; using live ClassLoader for loading potentially unsafe class : com.project.backend.domain.Supplier
22:30:06.530 [main] DEBUG org.hibernate.boot.internal.ClassLoaderAccessImpl - Not known whether passed class name [com.project.backend.domain.Supplier] is safe
22:30:06.530 [main] DEBUG org.hibernate.boot.internal.ClassLoaderAccessImpl - No temp ClassLoader provided; using live ClassLoader for loading potentially unsafe class : com.project.backend.domain.Supplier
22:30:06.531 [main] DEBUG org.hibernate.persister.collection.AbstractCollectionPersister - Static SQL for collection: com.project.backend.domain.Category.products
22:30:06.531 [main] DEBUG org.hibernate.persister.collection.AbstractCollectionPersister -  Row insert: update Product set categoryId=? where id=?
22:30:06.531 [main] DEBUG org.hibernate.persister.collection.AbstractCollectionPersister -  Row update: update Product set  where id=?
22:30:06.531 [main] DEBUG org.hibernate.persister.collection.AbstractCollectionPersister -  Row delete: update Product set categoryId=null where categoryId=? and id=?
22:30:06.531 [main] DEBUG org.hibernate.persister.collection.AbstractCollectionPersister -  One-shot delete: update Product set categoryId=null where categoryId=?
22:30:06.531 [main] DEBUG org.hibernate.persister.collection.AbstractCollectionPersister - Static SQL for collection: com.project.backend.domain.Supplier.products
22:30:06.531 [main] DEBUG org.hibernate.persister.collection.AbstractCollectionPersister -  Row insert: update Product set supplierid=? where id=?
22:30:06.531 [main] DEBUG org.hibernate.persister.collection.AbstractCollectionPersister -  Row update: update Product set  where id=?
22:30:06.531 [main] DEBUG org.hibernate.persister.collection.AbstractCollectionPersister -  Row delete: update Product set supplierid=null where supplierid=? and id=?
22:30:06.531 [main] DEBUG org.hibernate.persister.collection.AbstractCollectionPersister -  One-shot delete: update Product set supplierid=null where supplierid=?
22:30:06.532 [main] DEBUG org.hibernate.persister.entity.AbstractEntityPersister - Static SQL for entity: com.project.backend.domain.Product
22:30:06.532 [main] DEBUG org.hibernate.persister.entity.AbstractEntityPersister -  Version select: select id from Product where id =?
22:30:06.532 [main] DEBUG org.hibernate.persister.entity.AbstractEntityPersister -  Snapshot select: select product_.id, product_.categoryId as category2_1_, product_.description as descript3_1_, product_.name as name4_1_, product_.price as price5_1_, product_.supplierId as supplier6_1_ from Product product_ where product_.id=?
22:30:06.532 [main] DEBUG org.hibernate.persister.entity.AbstractEntityPersister -  Insert 0: insert into Product (categoryId, description, name, price, supplierId, id) values (?, ?, ?, ?, ?, ?)
22:30:06.532 [main] DEBUG org.hibernate.persister.entity.AbstractEntityPersister -  Update 0: update Product set categoryId=?, description=?, name=?, price=?, supplierId=? where id=?
22:30:06.532 [main] DEBUG org.hibernate.persister.entity.AbstractEntityPersister -  Delete 0: delete from Product where id=?
22:30:06.532 [main] DEBUG org.hibernate.loader.plan.build.internal.spaces.QuerySpacesImpl - Adding QuerySpace : uid = &lt;gen:0&gt; -&gt; org.hibernate.loader.plan.build.internal.spaces.EntityQuerySpaceImpl@889d9e8]
22:30:06.532 [main] DEBUG org.hibernate.persister.walking.spi.MetamodelGraphWalker - Visiting attribute path : category
22:30:06.533 [main] DEBUG org.hibernate.loader.plan.build.internal.spaces.QuerySpacesImpl - Adding QuerySpace : uid = &lt;gen:1&gt; -&gt; org.hibernate.loader.plan.build.internal.spaces.EntityQuerySpaceImpl@ba354ca]
22:30:06.533 [main] DEBUG org.hibernate.persister.walking.spi.MetamodelGraphWalker - Visiting attribute path : category.description
22:30:06.533 [main] DEBUG org.hibernate.persister.walking.spi.MetamodelGraphWalker - Visiting attribute path : category.name
22:30:06.533 [main] DEBUG org.hibernate.persister.walking.spi.MetamodelGraphWalker - Visiting attribute path : category.products
22:30:06.533 [main] DEBUG org.hibernate.persister.walking.spi.MetamodelGraphWalker - Property path deemed to be circular : category.products
22:30:06.533 [main] DEBUG org.hibernate.persister.walking.spi.MetamodelGraphWalker - Visiting attribute path : categoryId
22:30:06.533 [main] DEBUG org.hibernate.persister.walking.spi.MetamodelGraphWalker - Visiting attribute path : description
22:30:06.533 [main] DEBUG org.hibernate.persister.walking.spi.MetamodelGraphWalker - Visiting attribute path : name
22:30:06.533 [main] DEBUG org.hibernate.persister.walking.spi.MetamodelGraphWalker - Visiting attribute path : price
22:30:06.533 [main] DEBUG org.hibernate.persister.walking.spi.MetamodelGraphWalker - Visiting attribute path : supplier
22:30:06.533 [main] DEBUG org.hibernate.loader.plan.build.internal.spaces.QuerySpacesImpl - Adding QuerySpace : uid = &lt;gen:2&gt; -&gt; org.hibernate.loader.plan.build.internal.spaces.EntityQuerySpaceImpl@acf859d]
22:30:06.533 [main] DEBUG org.hibernate.persister.walking.spi.MetamodelGraphWalker - Visiting attribute path : supplier.address
22:30:06.533 [main] DEBUG org.hibernate.persister.walking.spi.MetamodelGraphWalker - Visiting attribute path : supplier.name
22:30:06.533 [main] DEBUG org.hibernate.persister.walking.spi.MetamodelGraphWalker - Visiting attribute path : supplier.products
22:30:06.534 [main] DEBUG org.hibernate.persister.walking.spi.MetamodelGraphWalker - Property path deemed to be circular : supplier.products
22:30:06.534 [main] DEBUG org.hibernate.persister.walking.spi.MetamodelGraphWalker - Visiting attribute path : supplierId
22:30:06.534 [main] DEBUG org.hibernate.loader.plan.build.internal.FetchStyleLoadPlanBuildingAssociationVisitationStrategy - Building LoadPlan...
22:30:06.534 [main] DEBUG org.hibernate.loader.plan.exec.internal.LoadQueryJoinAndFetchProcessor - processing queryspace &lt;gen:0&gt;
22:30:06.534 [main] DEBUG org.hibernate.loader.plan.build.spi.LoadPlanTreePrinter - LoadPlan(entity=com.project.backend.domain.Product)
    - Returns
       - EntityReturnImpl(entity=com.project.backend.domain.Product, querySpaceUid=&lt;gen:0&gt;, path=com.project.backend.domain.Product)
          - EntityAttributeFetchImpl(entity=com.project.backend.domain.Category, querySpaceUid=&lt;gen:1&gt;, path=com.project.backend.domain.Product.category)
          - EntityAttributeFetchImpl(entity=com.project.backend.domain.Supplier, querySpaceUid=&lt;gen:2&gt;, path=com.project.backend.domain.Product.supplier)
    - QuerySpaces
       - EntityQuerySpaceImpl(uid=&lt;gen:0&gt;, entity=com.project.backend.domain.Product)
          - SQL table alias mapping - product0_
          - alias suffix - 0_
          - suffixed key columns - {id1_1_0_}
          - JOIN (JoinDefinedByMetadata(category)) : &lt;gen:0&gt; -&gt; &lt;gen:1&gt;
             - EntityQuerySpaceImpl(uid=&lt;gen:1&gt;, entity=com.project.backend.domain.Category)
                - SQL table alias mapping - category1_
                - alias suffix - 1_
                - suffixed key columns - {id1_0_1_}
          - JOIN (JoinDefinedByMetadata(supplier)) : &lt;gen:0&gt; -&gt; &lt;gen:2&gt;
             - EntityQuerySpaceImpl(uid=&lt;gen:2&gt;, entity=com.project.backend.domain.Supplier)
                - SQL table alias mapping - supplier2_
                - alias suffix - 2_
                - suffixed key columns - {id1_2_2_}

22:30:06.535 [main] DEBUG org.hibernate.loader.entity.plan.EntityLoader - Static select for entity com.project.backend.domain.Product [NONE]: select product0_.id as id1_1_0_, product0_.categoryId as category2_1_0_, product0_.description as descript3_1_0_, product0_.name as name4_1_0_, product0_.price as price5_1_0_, product0_.supplierid as supplier6_1_0_, category1_.id as id1_0_1_, category1_.description as descript2_0_1_, category1_.name as name3_0_1_, supplier2_.id as id1_2_2_, supplier2_.address as address2_2_2_, supplier2_.name as name3_2_2_ from Product product0_ inner join Category category1_ on product0_.categoryId=category1_.id inner join Supplier supplier2_ on product0_.supplierid=supplier2_.id where product0_.id=?
22:30:06.535 [main] DEBUG org.hibernate.loader.plan.build.internal.spaces.QuerySpacesImpl - Adding QuerySpace : uid = &lt;gen:0&gt; -&gt; org.hibernate.loader.plan.build.internal.spaces.EntityQuerySpaceImpl@7ce7e83c]
22:30:06.535 [main] DEBUG org.hibernate.persister.walking.spi.MetamodelGraphWalker - Visiting attribute path : category
22:30:06.535 [main] DEBUG org.hibernate.loader.plan.build.internal.spaces.QuerySpacesImpl - Adding QuerySpace : uid = &lt;gen:1&gt; -&gt; org.hibernate.loader.plan.build.internal.spaces.EntityQuerySpaceImpl@3c904f1e]
22:30:06.535 [main] DEBUG org.hibernate.persister.walking.spi.MetamodelGraphWalker - Visiting attribute path : category.description
22:30:06.535 [main] DEBUG org.hibernate.persister.walking.spi.MetamodelGraphWalker - Visiting attribute path : category.name
22:30:06.535 [main] DEBUG org.hibernate.persister.walking.spi.MetamodelGraphWalker - Visiting attribute path : category.products
22:30:06.535 [main] DEBUG org.hibernate.persister.walking.spi.MetamodelGraphWalker - Property path deemed to be circular : category.products
22:30:06.535 [main] DEBUG org.hibernate.persister.walking.spi.MetamodelGraphWalker - Visiting attribute path : categoryId
22:30:06.535 [main] DEBUG org.hibernate.persister.walking.spi.MetamodelGraphWalker - Visiting attribute path : description
22:30:06.535 [main] DEBUG org.hibernate.persister.walking.spi.MetamodelGraphWalker - Visiting attribute path : name
22:30:06.535 [main] DEBUG org.hibernate.persister.walking.spi.MetamodelGraphWalker - Visiting attribute path : price
22:30:06.535 [main] DEBUG org.hibernate.persister.walking.spi.MetamodelGraphWalker - Visiting attribute path : supplier
22:30:06.535 [main] DEBUG org.hibernate.loader.plan.build.internal.spaces.QuerySpacesImpl - Adding QuerySpace : uid = &lt;gen:2&gt; -&gt; org.hibernate.loader.plan.build.internal.spaces.EntityQuerySpaceImpl@d56aaa6]
22:30:06.535 [main] DEBUG org.hibernate.persister.walking.spi.MetamodelGraphWalker - Visiting attribute path : supplier.address
22:30:06.536 [main] DEBUG org.hibernate.persister.walking.spi.MetamodelGraphWalker - Visiting attribute path : supplier.name
22:30:06.536 [main] DEBUG org.hibernate.persister.walking.spi.MetamodelGraphWalker - Visiting attribute path : supplier.products
22:30:06.536 [main] DEBUG org.hibernate.persister.walking.spi.MetamodelGraphWalker - Property path deemed to be circular : supplier.products
22:30:06.536 [main] DEBUG org.hibernate.persister.walking.spi.MetamodelGraphWalker - Visiting attribute path : supplierId
22:30:06.536 [main] DEBUG org.hibernate.loader.plan.build.internal.FetchStyleLoadPlanBuildingAssociationVisitationStrategy - Building LoadPlan...
22:30:06.536 [main] DEBUG org.hibernate.loader.plan.exec.internal.LoadQueryJoinAndFetchProcessor - processing queryspace &lt;gen:0&gt;
22:30:06.537 [main] DEBUG org.hibernate.loader.plan.build.spi.LoadPlanTreePrinter - LoadPlan(entity=com.project.backend.domain.Product)
    - Returns
       - EntityReturnImpl(entity=com.project.backend.domain.Product, querySpaceUid=&lt;gen:0&gt;, path=com.project.backend.domain.Product)
          - EntityAttributeFetchImpl(entity=com.project.backend.domain.Category, querySpaceUid=&lt;gen:1&gt;, path=com.project.backend.domain.Product.category)
          - EntityAttributeFetchImpl(entity=com.project.backend.domain.Supplier, querySpaceUid=&lt;gen:2&gt;, path=com.project.backend.domain.Product.supplier)
    - QuerySpaces
       - EntityQuerySpaceImpl(uid=&lt;gen:0&gt;, entity=com.project.backend.domain.Product)
          - SQL table alias mapping - product0_
          - alias suffix - 0_
          - suffixed key columns - {id1_1_0_}
          - JOIN (JoinDefinedByMetadata(category)) : &lt;gen:0&gt; -&gt; &lt;gen:1&gt;
             - EntityQuerySpaceImpl(uid=&lt;gen:1&gt;, entity=com.project.backend.domain.Category)
                - SQL table alias mapping - category1_
                - alias suffix - 1_
                - suffixed key columns - {id1_0_1_}
          - JOIN (JoinDefinedByMetadata(supplier)) : &lt;gen:0&gt; -&gt; &lt;gen:2&gt;
             - EntityQuerySpaceImpl(uid=&lt;gen:2&gt;, entity=com.project.backend.domain.Supplier)
                - SQL table alias mapping - supplier2_
                - alias suffix - 2_
                - suffixed key columns - {id1_2_2_}

22:30:06.537 [main] DEBUG org.hibernate.loader.entity.plan.EntityLoader - Static select for entity com.project.backend.domain.Product [READ]: select product0_.id as id1_1_0_, product0_.categoryId as category2_1_0_, product0_.description as descript3_1_0_, product0_.name as name4_1_0_, product0_.price as price5_1_0_, product0_.supplierid as supplier6_1_0_, category1_.id as id1_0_1_, category1_.description as descript2_0_1_, category1_.name as name3_0_1_, supplier2_.id as id1_2_2_, supplier2_.address as address2_2_2_, supplier2_.name as name3_2_2_ from Product product0_ inner join Category category1_ on product0_.categoryId=category1_.id inner join Supplier supplier2_ on product0_.supplierid=supplier2_.id where product0_.id=?
22:30:06.537 [main] DEBUG org.hibernate.loader.plan.build.internal.spaces.QuerySpacesImpl - Adding QuerySpace : uid = &lt;gen:0&gt; -&gt; org.hibernate.loader.plan.build.internal.spaces.EntityQuerySpaceImpl@57a48985]
22:30:06.537 [main] DEBUG org.hibernate.persister.walking.spi.MetamodelGraphWalker - Visiting attribute path : category
22:30:06.538 [main] DEBUG org.hibernate.loader.plan.build.internal.spaces.QuerySpacesImpl - Adding QuerySpace : uid = &lt;gen:1&gt; -&gt; org.hibernate.loader.plan.build.internal.spaces.EntityQuerySpaceImpl@3910fe11]
22:30:06.538 [main] DEBUG org.hibernate.persister.walking.spi.MetamodelGraphWalker - Visiting attribute path : categoryId
22:30:06.538 [main] DEBUG org.hibernate.persister.walking.spi.MetamodelGraphWalker - Visiting attribute path : description
22:30:06.538 [main] DEBUG org.hibernate.persister.walking.spi.MetamodelGraphWalker - Visiting attribute path : name
22:30:06.538 [main] DEBUG org.hibernate.persister.walking.spi.MetamodelGraphWalker - Visiting attribute path : price
22:30:06.538 [main] DEBUG org.hibernate.persister.walking.spi.MetamodelGraphWalker - Visiting attribute path : supplier
22:30:06.538 [main] DEBUG org.hibernate.loader.plan.build.internal.spaces.QuerySpacesImpl - Adding QuerySpace : uid = &lt;gen:2&gt; -&gt; org.hibernate.loader.plan.build.internal.spaces.EntityQuerySpaceImpl@460510aa]
22:30:06.538 [main] DEBUG org.hibernate.persister.walking.spi.MetamodelGraphWalker - Visiting attribute path : supplierId
22:30:06.538 [main] DEBUG org.hibernate.loader.plan.build.internal.FetchStyleLoadPlanBuildingAssociationVisitationStrategy - Building LoadPlan...
22:30:06.538 [main] DEBUG org.hibernate.loader.plan.exec.internal.LoadQueryJoinAndFetchProcessor - processing queryspace &lt;gen:0&gt;
22:30:06.539 [main] DEBUG org.hibernate.loader.plan.build.spi.LoadPlanTreePrinter - LoadPlan(entity=com.project.backend.domain.Product)
    - Returns
       - EntityReturnImpl(entity=com.project.backend.domain.Product, querySpaceUid=&lt;gen:0&gt;, path=com.project.backend.domain.Product)
          - EntityAttributeFetchImpl(entity=com.project.backend.domain.Category, querySpaceUid=&lt;gen:1&gt;, path=com.project.backend.domain.Product.category)
          - EntityAttributeFetchImpl(entity=com.project.backend.domain.Supplier, querySpaceUid=&lt;gen:2&gt;, path=com.project.backend.domain.Product.supplier)
    - QuerySpaces
       - EntityQuerySpaceImpl(uid=&lt;gen:0&gt;, entity=com.project.backend.domain.Product)
          - SQL table alias mapping - product0_
          - alias suffix - 0_
          - suffixed key columns - {id1_1_0_}

22:30:06.539 [main] DEBUG org.hibernate.loader.entity.plan.EntityLoader - Static select for entity com.project.backend.domain.Product [UPGRADE]: select product0_.id as id1_1_0_, product0_.categoryId as category2_1_0_, product0_.description as descript3_1_0_, product0_.name as name4_1_0_, product0_.price as price5_1_0_, product0_.supplierid as supplier6_1_0_ from Product product0_ where product0_.id=? for update
22:30:06.539 [main] DEBUG org.hibernate.loader.plan.build.internal.spaces.QuerySpacesImpl - Adding QuerySpace : uid = &lt;gen:0&gt; -&gt; org.hibernate.loader.plan.build.internal.spaces.EntityQuerySpaceImpl@351e414e]
22:30:06.540 [main] DEBUG org.hibernate.persister.walking.spi.MetamodelGraphWalker - Visiting attribute path : category
22:30:06.540 [main] DEBUG org.hibernate.loader.plan.build.internal.spaces.QuerySpacesImpl - Adding QuerySpace : uid = &lt;gen:1&gt; -&gt; org.hibernate.loader.plan.build.internal.spaces.EntityQuerySpaceImpl@5109e8cf]
22:30:06.540 [main] DEBUG org.hibernate.persister.walking.spi.MetamodelGraphWalker - Visiting attribute path : categoryId
22:30:06.540 [main] DEBUG org.hibernate.persister.walking.spi.MetamodelGraphWalker - Visiting attribute path : description
22:30:06.540 [main] DEBUG org.hibernate.persister.walking.spi.MetamodelGraphWalker - Visiting attribute path : name
22:30:06.540 [main] DEBUG org.hibernate.persister.walking.spi.MetamodelGraphWalker - Visiting attribute path : price
22:30:06.540 [main] DEBUG org.hibernate.persister.walking.spi.MetamodelGraphWalker - Visiting attribute path : supplier
22:30:06.540 [main] DEBUG org.hibernate.loader.plan.build.internal.spaces.QuerySpacesImpl - Adding QuerySpace : uid = &lt;gen:2&gt; -&gt; org.hibernate.loader.plan.build.internal.spaces.EntityQuerySpaceImpl@3f672204]
22:30:06.540 [main] DEBUG org.hibernate.persister.walking.spi.MetamodelGraphWalker - Visiting attribute path : supplierId
22:30:06.540 [main] DEBUG org.hibernate.loader.plan.build.internal.FetchStyleLoadPlanBuildingAssociationVisitationStrategy - Building LoadPlan...
22:30:06.540 [main] DEBUG org.hibernate.loader.plan.exec.internal.LoadQueryJoinAndFetchProcessor - processing queryspace &lt;gen:0&gt;
22:30:06.541 [main] DEBUG org.hibernate.loader.plan.build.spi.LoadPlanTreePrinter - LoadPlan(entity=com.project.backend.domain.Product)
    - Returns
       - EntityReturnImpl(entity=com.project.backend.domain.Product, querySpaceUid=&lt;gen:0&gt;, path=com.project.backend.domain.Product)
          - EntityAttributeFetchImpl(entity=com.project.backend.domain.Category, querySpaceUid=&lt;gen:1&gt;, path=com.project.backend.domain.Product.category)
          - EntityAttributeFetchImpl(entity=com.project.backend.domain.Supplier, querySpaceUid=&lt;gen:2&gt;, path=com.project.backend.domain.Product.supplier)
    - QuerySpaces
       - EntityQuerySpaceImpl(uid=&lt;gen:0&gt;, entity=com.project.backend.domain.Product)
          - SQL table alias mapping - product0_
          - alias suffix - 0_
          - suffixed key columns - {id1_1_0_}

22:30:06.541 [main] DEBUG org.hibernate.loader.entity.plan.EntityLoader - Static select for entity com.project.backend.domain.Product [UPGRADE_NOWAIT]: select product0_.id as id1_1_0_, product0_.categoryId as category2_1_0_, product0_.description as descript3_1_0_, product0_.name as name4_1_0_, product0_.price as price5_1_0_, product0_.supplierid as supplier6_1_0_ from Product product0_ where product0_.id=? for update
22:30:06.541 [main] DEBUG org.hibernate.loader.plan.build.internal.spaces.QuerySpacesImpl - Adding QuerySpace : uid = &lt;gen:0&gt; -&gt; org.hibernate.loader.plan.build.internal.spaces.EntityQuerySpaceImpl@78b41097]
22:30:06.541 [main] DEBUG org.hibernate.persister.walking.spi.MetamodelGraphWalker - Visiting attribute path : category
22:30:06.541 [main] DEBUG org.hibernate.loader.plan.build.internal.spaces.QuerySpacesImpl - Adding QuerySpace : uid = &lt;gen:1&gt; -&gt; org.hibernate.loader.plan.build.internal.spaces.EntityQuerySpaceImpl@327c7bea]
22:30:06.541 [main] DEBUG org.hibernate.persister.walking.spi.MetamodelGraphWalker - Visiting attribute path : categoryId
22:30:06.541 [main] DEBUG org.hibernate.persister.walking.spi.MetamodelGraphWalker - Visiting attribute path : description
22:30:06.542 [main] DEBUG org.hibernate.persister.walking.spi.MetamodelGraphWalker - Visiting attribute path : name
22:30:06.542 [main] DEBUG org.hibernate.persister.walking.spi.MetamodelGraphWalker - Visiting attribute path : price
22:30:06.542 [main] DEBUG org.hibernate.persister.walking.spi.MetamodelGraphWalker - Visiting attribute path : supplier
22:30:06.542 [main] DEBUG org.hibernate.loader.plan.build.internal.spaces.QuerySpacesImpl - Adding QuerySpace : uid = &lt;gen:2&gt; -&gt; org.hibernate.loader.plan.build.internal.spaces.EntityQuerySpaceImpl@348d18a3]
22:30:06.542 [main] DEBUG org.hibernate.persister.walking.spi.MetamodelGraphWalker - Visiting attribute path : supplierId
22:30:06.542 [main] DEBUG org.hibernate.loader.plan.build.internal.FetchStyleLoadPlanBuildingAssociationVisitationStrategy - Building LoadPlan...
22:30:06.543 [main] DEBUG org.hibernate.loader.plan.exec.internal.LoadQueryJoinAndFetchProcessor - processing queryspace &lt;gen:0&gt;
22:30:06.543 [main] DEBUG org.hibernate.loader.plan.build.spi.LoadPlanTreePrinter - LoadPlan(entity=com.project.backend.domain.Product)
    - Returns
       - EntityReturnImpl(entity=com.project.backend.domain.Product, querySpaceUid=&lt;gen:0&gt;, path=com.project.backend.domain.Product)
          - EntityAttributeFetchImpl(entity=com.project.backend.domain.Category, querySpaceUid=&lt;gen:1&gt;, path=com.project.backend.domain.Product.category)
          - EntityAttributeFetchImpl(entity=com.project.backend.domain.Supplier, querySpaceUid=&lt;gen:2&gt;, path=com.project.backend.domain.Product.supplier)
    - QuerySpaces
       - EntityQuerySpaceImpl(uid=&lt;gen:0&gt;, entity=com.project.backend.domain.Product)
          - SQL table alias mapping - product0_
          - alias suffix - 0_
          - suffixed key columns - {id1_1_0_}

22:30:06.543 [main] DEBUG org.hibernate.loader.entity.plan.EntityLoader - Static select for entity com.project.backend.domain.Product [UPGRADE_SKIPLOCKED]: select product0_.id as id1_1_0_, product0_.categoryId as category2_1_0_, product0_.description as descript3_1_0_, product0_.name as name4_1_0_, product0_.price as price5_1_0_, product0_.supplierid as supplier6_1_0_ from Product product0_ where product0_.id=? for update
22:30:06.544 [main] DEBUG org.hibernate.loader.plan.build.internal.spaces.QuerySpacesImpl - Adding QuerySpace : uid = &lt;gen:0&gt; -&gt; org.hibernate.loader.plan.build.internal.spaces.EntityQuerySpaceImpl@6c65860d]
22:30:06.544 [main] DEBUG org.hibernate.persister.walking.spi.MetamodelGraphWalker - Visiting attribute path : category
22:30:06.544 [main] DEBUG org.hibernate.loader.plan.build.internal.spaces.QuerySpacesImpl - Adding QuerySpace : uid = &lt;gen:1&gt; -&gt; org.hibernate.loader.plan.build.internal.spaces.EntityQuerySpaceImpl@7cf283e1]
22:30:06.544 [main] DEBUG org.hibernate.persister.walking.spi.MetamodelGraphWalker - Visiting attribute path : categoryId
22:30:06.544 [main] DEBUG org.hibernate.persister.walking.spi.MetamodelGraphWalker - Visiting attribute path : description
22:30:06.544 [main] DEBUG org.hibernate.persister.walking.spi.MetamodelGraphWalker - Visiting attribute path : name
22:30:06.544 [main] DEBUG org.hibernate.persister.walking.spi.MetamodelGraphWalker - Visiting attribute path : price
22:30:06.544 [main] DEBUG org.hibernate.persister.walking.spi.MetamodelGraphWalker - Visiting attribute path : supplier
22:30:06.544 [main] DEBUG org.hibernate.loader.plan.build.internal.spaces.QuerySpacesImpl - Adding QuerySpace : uid = &lt;gen:2&gt; -&gt; org.hibernate.loader.plan.build.internal.spaces.EntityQuerySpaceImpl@20e6c4dc]
22:30:06.544 [main] DEBUG org.hibernate.persister.walking.spi.MetamodelGraphWalker - Visiting attribute path : supplierId
22:30:06.545 [main] DEBUG org.hibernate.loader.plan.build.internal.FetchStyleLoadPlanBuildingAssociationVisitationStrategy - Building LoadPlan...
22:30:06.545 [main] DEBUG org.hibernate.loader.plan.exec.internal.LoadQueryJoinAndFetchProcessor - processing queryspace &lt;gen:0&gt;
22:30:06.545 [main] DEBUG org.hibernate.loader.plan.build.spi.LoadPlanTreePrinter - LoadPlan(entity=com.project.backend.domain.Product)
    - Returns
       - EntityReturnImpl(entity=com.project.backend.domain.Product, querySpaceUid=&lt;gen:0&gt;, path=com.project.backend.domain.Product)
          - EntityAttributeFetchImpl(entity=com.project.backend.domain.Category, querySpaceUid=&lt;gen:1&gt;, path=com.project.backend.domain.Product.category)
          - EntityAttributeFetchImpl(entity=com.project.backend.domain.Supplier, querySpaceUid=&lt;gen:2&gt;, path=com.project.backend.domain.Product.supplier)
    - QuerySpaces
       - EntityQuerySpaceImpl(uid=&lt;gen:0&gt;, entity=com.project.backend.domain.Product)
          - SQL table alias mapping - product0_
          - alias suffix - 0_
          - suffixed key columns - {id1_1_0_}

22:30:06.545 [main] DEBUG org.hibernate.loader.entity.plan.EntityLoader - Static select for entity com.project.backend.domain.Product [FORCE]: select product0_.id as id1_1_0_, product0_.categoryId as category2_1_0_, product0_.description as descript3_1_0_, product0_.name as name4_1_0_, product0_.price as price5_1_0_, product0_.supplierid as supplier6_1_0_ from Product product0_ where product0_.id=? for update
22:30:06.546 [main] DEBUG org.hibernate.loader.plan.build.internal.spaces.QuerySpacesImpl - Adding QuerySpace : uid = &lt;gen:0&gt; -&gt; org.hibernate.loader.plan.build.internal.spaces.EntityQuerySpaceImpl@60737b23]
22:30:06.546 [main] DEBUG org.hibernate.persister.walking.spi.MetamodelGraphWalker - Visiting attribute path : category
22:30:06.546 [main] DEBUG org.hibernate.loader.plan.build.internal.spaces.QuerySpacesImpl - Adding QuerySpace : uid = &lt;gen:1&gt; -&gt; org.hibernate.loader.plan.build.internal.spaces.EntityQuerySpaceImpl@252f626c]
22:30:06.546 [main] DEBUG org.hibernate.persister.walking.spi.MetamodelGraphWalker - Visiting attribute path : categoryId
22:30:06.546 [main] DEBUG org.hibernate.persister.walking.spi.MetamodelGraphWalker - Visiting attribute path : description
22:30:06.546 [main] DEBUG org.hibernate.persister.walking.spi.MetamodelGraphWalker - Visiting attribute path : name
22:30:06.546 [main] DEBUG org.hibernate.persister.walking.spi.MetamodelGraphWalker - Visiting attribute path : price
22:30:06.546 [main] DEBUG org.hibernate.persister.walking.spi.MetamodelGraphWalker - Visiting attribute path : supplier
22:30:06.546 [main] DEBUG org.hibernate.loader.plan.build.internal.spaces.QuerySpacesImpl - Adding QuerySpace : uid = &lt;gen:2&gt; -&gt; org.hibernate.loader.plan.build.internal.spaces.EntityQuerySpaceImpl@33f98231]
22:30:06.546 [main] DEBUG org.hibernate.persister.walking.spi.MetamodelGraphWalker - Visiting attribute path : supplierId
22:30:06.546 [main] DEBUG org.hibernate.loader.plan.build.internal.FetchStyleLoadPlanBuildingAssociationVisitationStrategy - Building LoadPlan...
22:30:06.547 [main] DEBUG org.hibernate.loader.plan.exec.internal.LoadQueryJoinAndFetchProcessor - processing queryspace &lt;gen:0&gt;
22:30:06.547 [main] DEBUG org.hibernate.loader.plan.build.spi.LoadPlanTreePrinter - LoadPlan(entity=com.project.backend.domain.Product)
    - Returns
       - EntityReturnImpl(entity=com.project.backend.domain.Product, querySpaceUid=&lt;gen:0&gt;, path=com.project.backend.domain.Product)
          - EntityAttributeFetchImpl(entity=com.project.backend.domain.Category, querySpaceUid=&lt;gen:1&gt;, path=com.project.backend.domain.Product.category)
          - EntityAttributeFetchImpl(entity=com.project.backend.domain.Supplier, querySpaceUid=&lt;gen:2&gt;, path=com.project.backend.domain.Product.supplier)
    - QuerySpaces
       - EntityQuerySpaceImpl(uid=&lt;gen:0&gt;, entity=com.project.backend.domain.Product)
          - SQL table alias mapping - product0_
          - alias suffix - 0_
          - suffixed key columns - {id1_1_0_}

22:30:06.547 [main] DEBUG org.hibernate.loader.entity.plan.EntityLoader - Static select for entity com.project.backend.domain.Product [PESSIMISTIC_READ]: select product0_.id as id1_1_0_, product0_.categoryId as category2_1_0_, product0_.description as descript3_1_0_, product0_.name as name4_1_0_, product0_.price as price5_1_0_, product0_.supplierid as supplier6_1_0_ from Product product0_ where product0_.id=? for update
22:30:06.547 [main] DEBUG org.hibernate.loader.plan.build.internal.spaces.QuerySpacesImpl - Adding QuerySpace : uid = &lt;gen:0&gt; -&gt; org.hibernate.loader.plan.build.internal.spaces.EntityQuerySpaceImpl@48284d0e]
22:30:06.547 [main] DEBUG org.hibernate.persister.walking.spi.MetamodelGraphWalker - Visiting attribute path : category
22:30:06.548 [main] DEBUG org.hibernate.loader.plan.build.internal.spaces.QuerySpacesImpl - Adding QuerySpace : uid = &lt;gen:1&gt; -&gt; org.hibernate.loader.plan.build.internal.spaces.EntityQuerySpaceImpl@b10a26d]
22:30:06.548 [main] DEBUG org.hibernate.persister.walking.spi.MetamodelGraphWalker - Visiting attribute path : categoryId
22:30:06.548 [main] DEBUG org.hibernate.persister.walking.spi.MetamodelGraphWalker - Visiting attribute path : description
22:30:06.548 [main] DEBUG org.hibernate.persister.walking.spi.MetamodelGraphWalker - Visiting attribute path : name
22:30:06.548 [main] DEBUG org.hibernate.persister.walking.spi.MetamodelGraphWalker - Visiting attribute path : price
22:30:06.548 [main] DEBUG org.hibernate.persister.walking.spi.MetamodelGraphWalker - Visiting attribute path : supplier
22:30:06.549 [main] DEBUG org.hibernate.loader.plan.build.internal.spaces.QuerySpacesImpl - Adding QuerySpace : uid = &lt;gen:2&gt; -&gt; org.hibernate.loader.plan.build.internal.spaces.EntityQuerySpaceImpl@74075134]
22:30:06.549 [main] DEBUG org.hibernate.persister.walking.spi.MetamodelGraphWalker - Visiting attribute path : supplierId
22:30:06.549 [main] DEBUG org.hibernate.loader.plan.build.internal.FetchStyleLoadPlanBuildingAssociationVisitationStrategy - Building LoadPlan...
22:30:06.549 [main] DEBUG org.hibernate.loader.plan.exec.internal.LoadQueryJoinAndFetchProcessor - processing queryspace &lt;gen:0&gt;
22:30:06.550 [main] DEBUG org.hibernate.loader.plan.build.spi.LoadPlanTreePrinter - LoadPlan(entity=com.project.backend.domain.Product)
    - Returns
       - EntityReturnImpl(entity=com.project.backend.domain.Product, querySpaceUid=&lt;gen:0&gt;, path=com.project.backend.domain.Product)
          - EntityAttributeFetchImpl(entity=com.project.backend.domain.Category, querySpaceUid=&lt;gen:1&gt;, path=com.project.backend.domain.Product.category)
          - EntityAttributeFetchImpl(entity=com.project.backend.domain.Supplier, querySpaceUid=&lt;gen:2&gt;, path=com.project.backend.domain.Product.supplier)
    - QuerySpaces
       - EntityQuerySpaceImpl(uid=&lt;gen:0&gt;, entity=com.project.backend.domain.Product)
          - SQL table alias mapping - product0_
          - alias suffix - 0_
          - suffixed key columns - {id1_1_0_}

22:30:06.550 [main] DEBUG org.hibernate.loader.entity.plan.EntityLoader - Static select for entity com.project.backend.domain.Product [PESSIMISTIC_WRITE]: select product0_.id as id1_1_0_, product0_.categoryId as category2_1_0_, product0_.description as descript3_1_0_, product0_.name as name4_1_0_, product0_.price as price5_1_0_, product0_.supplierid as supplier6_1_0_ from Product product0_ where product0_.id=? for update
22:30:06.550 [main] DEBUG org.hibernate.loader.plan.build.internal.spaces.QuerySpacesImpl - Adding QuerySpace : uid = &lt;gen:0&gt; -&gt; org.hibernate.loader.plan.build.internal.spaces.EntityQuerySpaceImpl@7e4d2287]
22:30:06.550 [main] DEBUG org.hibernate.persister.walking.spi.MetamodelGraphWalker - Visiting attribute path : category
22:30:06.551 [main] DEBUG org.hibernate.loader.plan.build.internal.spaces.QuerySpacesImpl - Adding QuerySpace : uid = &lt;gen:1&gt; -&gt; org.hibernate.loader.plan.build.internal.spaces.EntityQuerySpaceImpl@31464a43]
22:30:06.551 [main] DEBUG org.hibernate.persister.walking.spi.MetamodelGraphWalker - Visiting attribute path : categoryId
22:30:06.551 [main] DEBUG org.hibernate.persister.walking.spi.MetamodelGraphWalker - Visiting attribute path : description
22:30:06.551 [main] DEBUG org.hibernate.persister.walking.spi.MetamodelGraphWalker - Visiting attribute path : name
22:30:06.551 [main] DEBUG org.hibernate.persister.walking.spi.MetamodelGraphWalker - Visiting attribute path : price
22:30:06.551 [main] DEBUG org.hibernate.persister.walking.spi.MetamodelGraphWalker - Visiting attribute path : supplier
22:30:06.552 [main] DEBUG org.hibernate.loader.plan.build.internal.spaces.QuerySpacesImpl - Adding QuerySpace : uid = &lt;gen:2&gt; -&gt; org.hibernate.loader.plan.build.internal.spaces.EntityQuerySpaceImpl@7f8633ae]
22:30:06.552 [main] DEBUG org.hibernate.persister.walking.spi.MetamodelGraphWalker - Visiting attribute path : supplierId
22:30:06.552 [main] DEBUG org.hibernate.loader.plan.build.internal.FetchStyleLoadPlanBuildingAssociationVisitationStrategy - Building LoadPlan...
22:30:06.554 [main] DEBUG org.hibernate.loader.plan.exec.internal.LoadQueryJoinAndFetchProcessor - processing queryspace &lt;gen:0&gt;
22:30:06.563 [main] DEBUG org.hibernate.loader.plan.build.spi.LoadPlanTreePrinter - LoadPlan(entity=com.project.backend.domain.Product)
    - Returns
       - EntityReturnImpl(entity=com.project.backend.domain.Product, querySpaceUid=&lt;gen:0&gt;, path=com.project.backend.domain.Product)
          - EntityAttributeFetchImpl(entity=com.project.backend.domain.Category, querySpaceUid=&lt;gen:1&gt;, path=com.project.backend.domain.Product.category)
          - EntityAttributeFetchImpl(entity=com.project.backend.domain.Supplier, querySpaceUid=&lt;gen:2&gt;, path=com.project.backend.domain.Product.supplier)
    - QuerySpaces
       - EntityQuerySpaceImpl(uid=&lt;gen:0&gt;, entity=com.project.backend.domain.Product)
          - SQL table alias mapping - product0_
          - alias suffix - 0_
          - suffixed key columns - {id1_1_0_}

22:30:06.563 [main] DEBUG org.hibernate.loader.entity.plan.EntityLoader - Static select for entity com.project.backend.domain.Product [PESSIMISTIC_FORCE_INCREMENT]: select product0_.id as id1_1_0_, product0_.categoryId as category2_1_0_, product0_.description as descript3_1_0_, product0_.name as name4_1_0_, product0_.price as price5_1_0_, product0_.supplierid as supplier6_1_0_ from Product product0_ where product0_.id=? for update
22:30:06.563 [main] DEBUG org.hibernate.loader.plan.build.internal.spaces.QuerySpacesImpl - Adding QuerySpace : uid = &lt;gen:0&gt; -&gt; org.hibernate.loader.plan.build.internal.spaces.EntityQuerySpaceImpl@68c87fc3]
22:30:06.564 [main] DEBUG org.hibernate.persister.walking.spi.MetamodelGraphWalker - Visiting attribute path : category
22:30:06.564 [main] DEBUG org.hibernate.loader.plan.build.internal.spaces.QuerySpacesImpl - Adding QuerySpace : uid = &lt;gen:1&gt; -&gt; org.hibernate.loader.plan.build.internal.spaces.EntityQuerySpaceImpl@8d7b252]
22:30:06.567 [main] DEBUG org.hibernate.persister.walking.spi.MetamodelGraphWalker - Visiting attribute path : categoryId
22:30:06.567 [main] DEBUG org.hibernate.persister.walking.spi.MetamodelGraphWalker - Visiting attribute path : description
22:30:06.568 [main] DEBUG org.hibernate.persister.walking.spi.MetamodelGraphWalker - Visiting attribute path : name
22:30:06.568 [main] DEBUG org.hibernate.persister.walking.spi.MetamodelGraphWalker - Visiting attribute path : price
22:30:06.568 [main] DEBUG org.hibernate.persister.walking.spi.MetamodelGraphWalker - Visiting attribute path : supplier
22:30:06.568 [main] DEBUG org.hibernate.loader.plan.build.internal.spaces.QuerySpacesImpl - Adding QuerySpace : uid = &lt;gen:2&gt; -&gt; org.hibernate.loader.plan.build.internal.spaces.EntityQuerySpaceImpl@4682eba5]
22:30:06.568 [main] DEBUG org.hibernate.persister.walking.spi.MetamodelGraphWalker - Visiting attribute path : supplierId
22:30:06.569 [main] DEBUG org.hibernate.loader.plan.build.internal.FetchStyleLoadPlanBuildingAssociationVisitationStrategy - Building LoadPlan...
22:30:06.569 [main] DEBUG org.hibernate.loader.plan.exec.internal.LoadQueryJoinAndFetchProcessor - processing queryspace &lt;gen:0&gt;
22:30:06.570 [main] DEBUG org.hibernate.loader.plan.build.spi.LoadPlanTreePrinter - LoadPlan(entity=com.project.backend.domain.Product)
    - Returns
       - EntityReturnImpl(entity=com.project.backend.domain.Product, querySpaceUid=&lt;gen:0&gt;, path=com.project.backend.domain.Product)
          - EntityAttributeFetchImpl(entity=com.project.backend.domain.Category, querySpaceUid=&lt;gen:1&gt;, path=com.project.backend.domain.Product.category)
          - EntityAttributeFetchImpl(entity=com.project.backend.domain.Supplier, querySpaceUid=&lt;gen:2&gt;, path=com.project.backend.domain.Product.supplier)
    - QuerySpaces
       - EntityQuerySpaceImpl(uid=&lt;gen:0&gt;, entity=com.project.backend.domain.Product)
          - SQL table alias mapping - product0_
          - alias suffix - 0_
          - suffixed key columns - {id1_1_0_}

22:30:06.571 [main] DEBUG org.hibernate.loader.entity.plan.EntityLoader - Static select for entity com.project.backend.domain.Product [OPTIMISTIC]: select product0_.id as id1_1_0_, product0_.categoryId as category2_1_0_, product0_.description as descript3_1_0_, product0_.name as name4_1_0_, product0_.price as price5_1_0_, product0_.supplierid as supplier6_1_0_ from Product product0_ where product0_.id=?
22:30:06.571 [main] DEBUG org.hibernate.loader.plan.build.internal.spaces.QuerySpacesImpl - Adding QuerySpace : uid = &lt;gen:0&gt; -&gt; org.hibernate.loader.plan.build.internal.spaces.EntityQuerySpaceImpl@6d9fb2d1]
22:30:06.571 [main] DEBUG org.hibernate.persister.walking.spi.MetamodelGraphWalker - Visiting attribute path : category
22:30:06.571 [main] DEBUG org.hibernate.loader.plan.build.internal.spaces.QuerySpacesImpl - Adding QuerySpace : uid = &lt;gen:1&gt; -&gt; org.hibernate.loader.plan.build.internal.spaces.EntityQuerySpaceImpl@540a903b]
22:30:06.571 [main] DEBUG org.hibernate.persister.walking.spi.MetamodelGraphWalker - Visiting attribute path : categoryId
22:30:06.571 [main] DEBUG org.hibernate.persister.walking.spi.MetamodelGraphWalker - Visiting attribute path : description
22:30:06.571 [main] DEBUG org.hibernate.persister.walking.spi.MetamodelGraphWalker - Visiting attribute path : name
22:30:06.571 [main] DEBUG org.hibernate.persister.walking.spi.MetamodelGraphWalker - Visiting attribute path : price
22:30:06.571 [main] DEBUG org.hibernate.persister.walking.spi.MetamodelGraphWalker - Visiting attribute path : supplier
22:30:06.571 [main] DEBUG org.hibernate.loader.plan.build.internal.spaces.QuerySpacesImpl - Adding QuerySpace : uid = &lt;gen:2&gt; -&gt; org.hibernate.loader.plan.build.internal.spaces.EntityQuerySpaceImpl@58496dc]
22:30:06.571 [main] DEBUG org.hibernate.persister.walking.spi.MetamodelGraphWalker - Visiting attribute path : supplierId
22:30:06.572 [main] DEBUG org.hibernate.loader.plan.build.internal.FetchStyleLoadPlanBuildingAssociationVisitationStrategy - Building LoadPlan...
22:30:06.572 [main] DEBUG org.hibernate.loader.plan.exec.internal.LoadQueryJoinAndFetchProcessor - processing queryspace &lt;gen:0&gt;
22:30:06.572 [main] DEBUG org.hibernate.loader.plan.build.spi.LoadPlanTreePrinter - LoadPlan(entity=com.project.backend.domain.Product)
    - Returns
       - EntityReturnImpl(entity=com.project.backend.domain.Product, querySpaceUid=&lt;gen:0&gt;, path=com.project.backend.domain.Product)
          - EntityAttributeFetchImpl(entity=com.project.backend.domain.Category, querySpaceUid=&lt;gen:1&gt;, path=com.project.backend.domain.Product.category)
          - EntityAttributeFetchImpl(entity=com.project.backend.domain.Supplier, querySpaceUid=&lt;gen:2&gt;, path=com.project.backend.domain.Product.supplier)
    - QuerySpaces
       - EntityQuerySpaceImpl(uid=&lt;gen:0&gt;, entity=com.project.backend.domain.Product)
          - SQL table alias mapping - product0_
          - alias suffix - 0_
          - suffixed key columns - {id1_1_0_}

22:30:06.572 [main] DEBUG org.hibernate.loader.entity.plan.EntityLoader - Static select for entity com.project.backend.domain.Product [OPTIMISTIC_FORCE_INCREMENT]: select product0_.id as id1_1_0_, product0_.categoryId as category2_1_0_, product0_.description as descript3_1_0_, product0_.name as name4_1_0_, product0_.price as price5_1_0_, product0_.supplierid as supplier6_1_0_ from Product product0_ where product0_.id=?
22:30:06.573 [main] DEBUG org.hibernate.loader.Loader - Static select for action ACTION_MERGE on entity com.project.backend.domain.Product: select product0_.id as id1_1_0_, product0_.categoryId as category2_1_0_, product0_.description as descript3_1_0_, product0_.name as name4_1_0_, product0_.price as price5_1_0_, product0_.supplierid as supplier6_1_0_ from Product product0_ where product0_.id=?
22:30:06.573 [main] DEBUG org.hibernate.loader.Loader - Static select for action ACTION_REFRESH on entity com.project.backend.domain.Product: select product0_.id as id1_1_0_, product0_.categoryId as category2_1_0_, product0_.description as descript3_1_0_, product0_.name as name4_1_0_, product0_.price as price5_1_0_, product0_.supplierid as supplier6_1_0_ from Product product0_ where product0_.id=?
22:30:06.574 [main] DEBUG org.hibernate.persister.entity.AbstractEntityPersister - Static SQL for entity: com.project.backend.domain.User
22:30:06.574 [main] DEBUG org.hibernate.persister.entity.AbstractEntityPersister -  Version select: select emailID from user where emailID =?
22:30:06.574 [main] DEBUG org.hibernate.persister.entity.AbstractEntityPersister -  Snapshot select: select user_.emailID, user_.mobile as mobile2_3_, user_.name as name3_3_, user_.password as password4_3_, user_.registeredDate as register5_3_, user_.role as role6_3_ from user user_ where user_.emailID=?
22:30:06.574 [main] DEBUG org.hibernate.persister.entity.AbstractEntityPersister -  Insert 0: insert into user (mobile, name, password, registeredDate, role, emailID) values (?, ?, ?, ?, ?, ?)
22:30:06.574 [main] DEBUG org.hibernate.persister.entity.AbstractEntityPersister -  Update 0: update user set mobile=?, name=?, password=?, registeredDate=?, role=? where emailID=?
22:30:06.574 [main] DEBUG org.hibernate.persister.entity.AbstractEntityPersister -  Delete 0: delete from user where emailID=?
22:30:06.575 [main] DEBUG org.hibernate.loader.plan.build.internal.spaces.QuerySpacesImpl - Adding QuerySpace : uid = &lt;gen:0&gt; -&gt; org.hibernate.loader.plan.build.internal.spaces.EntityQuerySpaceImpl@151db587]
22:30:06.575 [main] DEBUG org.hibernate.persister.walking.spi.MetamodelGraphWalker - Visiting attribute path : mobile
22:30:06.575 [main] DEBUG org.hibernate.persister.walking.spi.MetamodelGraphWalker - Visiting attribute path : name
22:30:06.575 [main] DEBUG org.hibernate.persister.walking.spi.MetamodelGraphWalker - Visiting attribute path : password
22:30:06.575 [main] DEBUG org.hibernate.persister.walking.spi.MetamodelGraphWalker - Visiting attribute path : registeredDate
22:30:06.575 [main] DEBUG org.hibernate.persister.walking.spi.MetamodelGraphWalker - Visiting attribute path : role
22:30:06.575 [main] DEBUG org.hibernate.loader.plan.build.internal.FetchStyleLoadPlanBuildingAssociationVisitationStrategy - Building LoadPlan...
22:30:06.575 [main] DEBUG org.hibernate.loader.plan.exec.internal.LoadQueryJoinAndFetchProcessor - processing queryspace &lt;gen:0&gt;
22:30:06.576 [main] DEBUG org.hibernate.loader.plan.build.spi.LoadPlanTreePrinter - LoadPlan(entity=com.project.backend.domain.User)
    - Returns
       - EntityReturnImpl(entity=com.project.backend.domain.User, querySpaceUid=&lt;gen:0&gt;, path=com.project.backend.domain.User)
    - QuerySpaces
       - EntityQuerySpaceImpl(uid=&lt;gen:0&gt;, entity=com.project.backend.domain.User)
          - SQL table alias mapping - user0_
          - alias suffix - 0_
          - suffixed key columns - {emailID1_3_0_}

22:30:06.578 [main] DEBUG org.hibernate.loader.entity.plan.EntityLoader - Static select for entity com.project.backend.domain.User [NONE]: select user0_.emailID as emailID1_3_0_, user0_.mobile as mobile2_3_0_, user0_.name as name3_3_0_, user0_.password as password4_3_0_, user0_.registeredDate as register5_3_0_, user0_.role as role6_3_0_ from user user0_ where user0_.emailID=?
22:30:06.578 [main] DEBUG org.hibernate.loader.plan.build.internal.spaces.QuerySpacesImpl - Adding QuerySpace : uid = &lt;gen:0&gt; -&gt; org.hibernate.loader.plan.build.internal.spaces.EntityQuerySpaceImpl@23811a09]
22:30:06.578 [main] DEBUG org.hibernate.persister.walking.spi.MetamodelGraphWalker - Visiting attribute path : mobile
22:30:06.579 [main] DEBUG org.hibernate.persister.walking.spi.MetamodelGraphWalker - Visiting attribute path : name
22:30:06.579 [main] DEBUG org.hibernate.persister.walking.spi.MetamodelGraphWalker - Visiting attribute path : password
22:30:06.579 [main] DEBUG org.hibernate.persister.walking.spi.MetamodelGraphWalker - Visiting attribute path : registeredDate
22:30:06.579 [main] DEBUG org.hibernate.persister.walking.spi.MetamodelGraphWalker - Visiting attribute path : role
22:30:06.579 [main] DEBUG org.hibernate.loader.plan.build.internal.FetchStyleLoadPlanBuildingAssociationVisitationStrategy - Building LoadPlan...
22:30:06.579 [main] DEBUG org.hibernate.loader.plan.exec.internal.LoadQueryJoinAndFetchProcessor - processing queryspace &lt;gen:0&gt;
22:30:06.580 [main] DEBUG org.hibernate.loader.plan.build.spi.LoadPlanTreePrinter - LoadPlan(entity=com.project.backend.domain.User)
    - Returns
       - EntityReturnImpl(entity=com.project.backend.domain.User, querySpaceUid=&lt;gen:0&gt;, path=com.project.backend.domain.User)
    - QuerySpaces
       - EntityQuerySpaceImpl(uid=&lt;gen:0&gt;, entity=com.project.backend.domain.User)
          - SQL table alias mapping - user0_
          - alias suffix - 0_
          - suffixed key columns - {emailID1_3_0_}

22:30:06.580 [main] DEBUG org.hibernate.loader.entity.plan.EntityLoader - Static select for entity com.project.backend.domain.User [READ]: select user0_.emailID as emailID1_3_0_, user0_.mobile as mobile2_3_0_, user0_.name as name3_3_0_, user0_.password as password4_3_0_, user0_.registeredDate as register5_3_0_, user0_.role as role6_3_0_ from user user0_ where user0_.emailID=?
22:30:06.580 [main] DEBUG org.hibernate.loader.plan.build.internal.spaces.QuerySpacesImpl - Adding QuerySpace : uid = &lt;gen:0&gt; -&gt; org.hibernate.loader.plan.build.internal.spaces.EntityQuerySpaceImpl@7a5b769b]
22:30:06.580 [main] DEBUG org.hibernate.persister.walking.spi.MetamodelGraphWalker - Visiting attribute path : mobile
22:30:06.580 [main] DEBUG org.hibernate.persister.walking.spi.MetamodelGraphWalker - Visiting attribute path : name
22:30:06.580 [main] DEBUG org.hibernate.persister.walking.spi.MetamodelGraphWalker - Visiting attribute path : password
22:30:06.580 [main] DEBUG org.hibernate.persister.walking.spi.MetamodelGraphWalker - Visiting attribute path : registeredDate
22:30:06.580 [main] DEBUG org.hibernate.persister.walking.spi.MetamodelGraphWalker - Visiting attribute path : role
22:30:06.580 [main] DEBUG org.hibernate.loader.plan.build.internal.FetchStyleLoadPlanBuildingAssociationVisitationStrategy - Building LoadPlan...
22:30:06.581 [main] DEBUG org.hibernate.loader.plan.exec.internal.LoadQueryJoinAndFetchProcessor - processing queryspace &lt;gen:0&gt;
22:30:06.581 [main] DEBUG org.hibernate.loader.plan.build.spi.LoadPlanTreePrinter - LoadPlan(entity=com.project.backend.domain.User)
    - Returns
       - EntityReturnImpl(entity=com.project.backend.domain.User, querySpaceUid=&lt;gen:0&gt;, path=com.project.backend.domain.User)
    - QuerySpaces
       - EntityQuerySpaceImpl(uid=&lt;gen:0&gt;, entity=com.project.backend.domain.User)
          - SQL table alias mapping - user0_
          - alias suffix - 0_
          - suffixed key columns - {emailID1_3_0_}

22:30:06.581 [main] DEBUG org.hibernate.loader.entity.plan.EntityLoader - Static select for entity com.project.backend.domain.User [UPGRADE]: select user0_.emailID as emailID1_3_0_, user0_.mobile as mobile2_3_0_, user0_.name as name3_3_0_, user0_.password as password4_3_0_, user0_.registeredDate as register5_3_0_, user0_.role as role6_3_0_ from user user0_ where user0_.emailID=? for update
22:30:06.581 [main] DEBUG org.hibernate.loader.plan.build.internal.spaces.QuerySpacesImpl - Adding QuerySpace : uid = &lt;gen:0&gt; -&gt; org.hibernate.loader.plan.build.internal.spaces.EntityQuerySpaceImpl@24361cfc]
22:30:06.581 [main] DEBUG org.hibernate.persister.walking.spi.MetamodelGraphWalker - Visiting attribute path : mobile
22:30:06.581 [main] DEBUG org.hibernate.persister.walking.spi.MetamodelGraphWalker - Visiting attribute path : name
22:30:06.582 [main] DEBUG org.hibernate.persister.walking.spi.MetamodelGraphWalker - Visiting attribute path : password
22:30:06.582 [main] DEBUG org.hibernate.persister.walking.spi.MetamodelGraphWalker - Visiting attribute path : registeredDate
22:30:06.582 [main] DEBUG org.hibernate.persister.walking.spi.MetamodelGraphWalker - Visiting attribute path : role
22:30:06.582 [main] DEBUG org.hibernate.loader.plan.build.internal.FetchStyleLoadPlanBuildingAssociationVisitationStrategy - Building LoadPlan...
22:30:06.582 [main] DEBUG org.hibernate.loader.plan.exec.internal.LoadQueryJoinAndFetchProcessor - processing queryspace &lt;gen:0&gt;
22:30:06.582 [main] DEBUG org.hibernate.loader.plan.build.spi.LoadPlanTreePrinter - LoadPlan(entity=com.project.backend.domain.User)
    - Returns
       - EntityReturnImpl(entity=com.project.backend.domain.User, querySpaceUid=&lt;gen:0&gt;, path=com.project.backend.domain.User)
    - QuerySpaces
       - EntityQuerySpaceImpl(uid=&lt;gen:0&gt;, entity=com.project.backend.domain.User)
          - SQL table alias mapping - user0_
          - alias suffix - 0_
          - suffixed key columns - {emailID1_3_0_}

22:30:06.582 [main] DEBUG org.hibernate.loader.entity.plan.EntityLoader - Static select for entity com.project.backend.domain.User [UPGRADE_NOWAIT]: select user0_.emailID as emailID1_3_0_, user0_.mobile as mobile2_3_0_, user0_.name as name3_3_0_, user0_.password as password4_3_0_, user0_.registeredDate as register5_3_0_, user0_.role as role6_3_0_ from user user0_ where user0_.emailID=? for update
22:30:06.582 [main] DEBUG org.hibernate.loader.plan.build.internal.spaces.QuerySpacesImpl - Adding QuerySpace : uid = &lt;gen:0&gt; -&gt; org.hibernate.loader.plan.build.internal.spaces.EntityQuerySpaceImpl@15ac59c2]
22:30:06.582 [main] DEBUG org.hibernate.persister.walking.spi.MetamodelGraphWalker - Visiting attribute path : mobile
22:30:06.582 [main] DEBUG org.hibernate.persister.walking.spi.MetamodelGraphWalker - Visiting attribute path : name
22:30:06.583 [main] DEBUG org.hibernate.persister.walking.spi.MetamodelGraphWalker - Visiting attribute path : password
22:30:06.583 [main] DEBUG org.hibernate.persister.walking.spi.MetamodelGraphWalker - Visiting attribute path : registeredDate
22:30:06.583 [main] DEBUG org.hibernate.persister.walking.spi.MetamodelGraphWalker - Visiting attribute path : role
22:30:06.583 [main] DEBUG org.hibernate.loader.plan.build.internal.FetchStyleLoadPlanBuildingAssociationVisitationStrategy - Building LoadPlan...
22:30:06.583 [main] DEBUG org.hibernate.loader.plan.exec.internal.LoadQueryJoinAndFetchProcessor - processing queryspace &lt;gen:0&gt;
22:30:06.583 [main] DEBUG org.hibernate.loader.plan.build.spi.LoadPlanTreePrinter - LoadPlan(entity=com.project.backend.domain.User)
    - Returns
       - EntityReturnImpl(entity=com.project.backend.domain.User, querySpaceUid=&lt;gen:0&gt;, path=com.project.backend.domain.User)
    - QuerySpaces
       - EntityQuerySpaceImpl(uid=&lt;gen:0&gt;, entity=com.project.backend.domain.User)
          - SQL table alias mapping - user0_
          - alias suffix - 0_
          - suffixed key columns - {emailID1_3_0_}

22:30:06.584 [main] DEBUG org.hibernate.loader.entity.plan.EntityLoader - Static select for entity com.project.backend.domain.User [UPGRADE_SKIPLOCKED]: select user0_.emailID as emailID1_3_0_, user0_.mobile as mobile2_3_0_, user0_.name as name3_3_0_, user0_.password as password4_3_0_, user0_.registeredDate as register5_3_0_, user0_.role as role6_3_0_ from user user0_ where user0_.emailID=? for update
22:30:06.584 [main] DEBUG org.hibernate.loader.plan.build.internal.spaces.QuerySpacesImpl - Adding QuerySpace : uid = &lt;gen:0&gt; -&gt; org.hibernate.loader.plan.build.internal.spaces.EntityQuerySpaceImpl@6eb82908]
22:30:06.584 [main] DEBUG org.hibernate.persister.walking.spi.MetamodelGraphWalker - Visiting attribute path : mobile
22:30:06.584 [main] DEBUG org.hibernate.persister.walking.spi.MetamodelGraphWalker - Visiting attribute path : name
22:30:06.584 [main] DEBUG org.hibernate.persister.walking.spi.MetamodelGraphWalker - Visiting attribute path : password
22:30:06.584 [main] DEBUG org.hibernate.persister.walking.spi.MetamodelGraphWalker - Visiting attribute path : registeredDate
22:30:06.584 [main] DEBUG org.hibernate.persister.walking.spi.MetamodelGraphWalker - Visiting attribute path : role
22:30:06.584 [main] DEBUG org.hibernate.loader.plan.build.internal.FetchStyleLoadPlanBuildingAssociationVisitationStrategy - Building LoadPlan...
22:30:06.584 [main] DEBUG org.hibernate.loader.plan.exec.internal.LoadQueryJoinAndFetchProcessor - processing queryspace &lt;gen:0&gt;
22:30:06.584 [main] DEBUG org.hibernate.loader.plan.build.spi.LoadPlanTreePrinter - LoadPlan(entity=com.project.backend.domain.User)
    - Returns
       - EntityReturnImpl(entity=com.project.backend.domain.User, querySpaceUid=&lt;gen:0&gt;, path=com.project.backend.domain.User)
    - QuerySpaces
       - EntityQuerySpaceImpl(uid=&lt;gen:0&gt;, entity=com.project.backend.domain.User)
          - SQL table alias mapping - user0_
          - alias suffix - 0_
          - suffixed key columns - {emailID1_3_0_}

22:30:06.585 [main] DEBUG org.hibernate.loader.entity.plan.EntityLoader - Static select for entity com.project.backend.domain.User [FORCE]: select user0_.emailID as emailID1_3_0_, user0_.mobile as mobile2_3_0_, user0_.name as name3_3_0_, user0_.password as password4_3_0_, user0_.registeredDate as register5_3_0_, user0_.role as role6_3_0_ from user user0_ where user0_.emailID=? for update
22:30:06.585 [main] DEBUG org.hibernate.loader.plan.build.internal.spaces.QuerySpacesImpl - Adding QuerySpace : uid = &lt;gen:0&gt; -&gt; org.hibernate.loader.plan.build.internal.spaces.EntityQuerySpaceImpl@3d98d138]
22:30:06.585 [main] DEBUG org.hibernate.persister.walking.spi.MetamodelGraphWalker - Visiting attribute path : mobile
22:30:06.585 [main] DEBUG org.hibernate.persister.walking.spi.MetamodelGraphWalker - Visiting attribute path : name
22:30:06.585 [main] DEBUG org.hibernate.persister.walking.spi.MetamodelGraphWalker - Visiting attribute path : password
22:30:06.585 [main] DEBUG org.hibernate.persister.walking.spi.MetamodelGraphWalker - Visiting attribute path : registeredDate
22:30:06.585 [main] DEBUG org.hibernate.persister.walking.spi.MetamodelGraphWalker - Visiting attribute path : role
22:30:06.585 [main] DEBUG org.hibernate.loader.plan.build.internal.FetchStyleLoadPlanBuildingAssociationVisitationStrategy - Building LoadPlan...
22:30:06.585 [main] DEBUG org.hibernate.loader.plan.exec.internal.LoadQueryJoinAndFetchProcessor - processing queryspace &lt;gen:0&gt;
22:30:06.586 [main] DEBUG org.hibernate.loader.plan.build.spi.LoadPlanTreePrinter - LoadPlan(entity=com.project.backend.domain.User)
    - Returns
       - EntityReturnImpl(entity=com.project.backend.domain.User, querySpaceUid=&lt;gen:0&gt;, path=com.project.backend.domain.User)
    - QuerySpaces
       - EntityQuerySpaceImpl(uid=&lt;gen:0&gt;, entity=com.project.backend.domain.User)
          - SQL table alias mapping - user0_
          - alias suffix - 0_
          - suffixed key columns - {emailID1_3_0_}

22:30:06.586 [main] DEBUG org.hibernate.loader.entity.plan.EntityLoader - Static select for entity com.project.backend.domain.User [PESSIMISTIC_READ]: select user0_.emailID as emailID1_3_0_, user0_.mobile as mobile2_3_0_, user0_.name as name3_3_0_, user0_.password as password4_3_0_, user0_.registeredDate as register5_3_0_, user0_.role as role6_3_0_ from user user0_ where user0_.emailID=? for update
22:30:06.586 [main] DEBUG org.hibernate.loader.plan.build.internal.spaces.QuerySpacesImpl - Adding QuerySpace : uid = &lt;gen:0&gt; -&gt; org.hibernate.loader.plan.build.internal.spaces.EntityQuerySpaceImpl@f2ce6b]
22:30:06.586 [main] DEBUG org.hibernate.persister.walking.spi.MetamodelGraphWalker - Visiting attribute path : mobile
22:30:06.586 [main] DEBUG org.hibernate.persister.walking.spi.MetamodelGraphWalker - Visiting attribute path : name
22:30:06.586 [main] DEBUG org.hibernate.persister.walking.spi.MetamodelGraphWalker - Visiting attribute path : password
22:30:06.586 [main] DEBUG org.hibernate.persister.walking.spi.MetamodelGraphWalker - Visiting attribute path : registeredDate
22:30:06.586 [main] DEBUG org.hibernate.persister.walking.spi.MetamodelGraphWalker - Visiting attribute path : role
22:30:06.586 [main] DEBUG org.hibernate.loader.plan.build.internal.FetchStyleLoadPlanBuildingAssociationVisitationStrategy - Building LoadPlan...
22:30:06.586 [main] DEBUG org.hibernate.loader.plan.exec.internal.LoadQueryJoinAndFetchProcessor - processing queryspace &lt;gen:0&gt;
22:30:06.587 [main] DEBUG org.hibernate.loader.plan.build.spi.LoadPlanTreePrinter - LoadPlan(entity=com.project.backend.domain.User)
    - Returns
       - EntityReturnImpl(entity=com.project.backend.domain.User, querySpaceUid=&lt;gen:0&gt;, path=com.project.backend.domain.User)
    - QuerySpaces
       - EntityQuerySpaceImpl(uid=&lt;gen:0&gt;, entity=com.project.backend.domain.User)
          - SQL table alias mapping - user0_
          - alias suffix - 0_
          - suffixed key columns - {emailID1_3_0_}

22:30:06.587 [main] DEBUG org.hibernate.loader.entity.plan.EntityLoader - Static select for entity com.project.backend.domain.User [PESSIMISTIC_WRITE]: select user0_.emailID as emailID1_3_0_, user0_.mobile as mobile2_3_0_, user0_.name as name3_3_0_, user0_.password as password4_3_0_, user0_.registeredDate as register5_3_0_, user0_.role as role6_3_0_ from user user0_ where user0_.emailID=? for update
22:30:06.587 [main] DEBUG org.hibernate.loader.plan.build.internal.spaces.QuerySpacesImpl - Adding QuerySpace : uid = &lt;gen:0&gt; -&gt; org.hibernate.loader.plan.build.internal.spaces.EntityQuerySpaceImpl@5e2f3be5]
22:30:06.588 [main] DEBUG org.hibernate.persister.walking.spi.MetamodelGraphWalker - Visiting attribute path : mobile
22:30:06.588 [main] DEBUG org.hibernate.persister.walking.spi.MetamodelGraphWalker - Visiting attribute path : name
22:30:06.588 [main] DEBUG org.hibernate.persister.walking.spi.MetamodelGraphWalker - Visiting attribute path : password
22:30:06.588 [main] DEBUG org.hibernate.persister.walking.spi.MetamodelGraphWalker - Visiting attribute path : registeredDate
22:30:06.588 [main] DEBUG org.hibernate.persister.walking.spi.MetamodelGraphWalker - Visiting attribute path : role
22:30:06.588 [main] DEBUG org.hibernate.loader.plan.build.internal.FetchStyleLoadPlanBuildingAssociationVisitationStrategy - Building LoadPlan...
22:30:06.588 [main] DEBUG org.hibernate.loader.plan.exec.internal.LoadQueryJoinAndFetchProcessor - processing queryspace &lt;gen:0&gt;
22:30:06.589 [main] DEBUG org.hibernate.loader.plan.build.spi.LoadPlanTreePrinter - LoadPlan(entity=com.project.backend.domain.User)
    - Returns
       - EntityReturnImpl(entity=com.project.backend.domain.User, querySpaceUid=&lt;gen:0&gt;, path=com.project.backend.domain.User)
    - QuerySpaces
       - EntityQuerySpaceImpl(uid=&lt;gen:0&gt;, entity=com.project.backend.domain.User)
          - SQL table alias mapping - user0_
          - alias suffix - 0_
          - suffixed key columns - {emailID1_3_0_}

22:30:06.589 [main] DEBUG org.hibernate.loader.entity.plan.EntityLoader - Static select for entity com.project.backend.domain.User [PESSIMISTIC_FORCE_INCREMENT]: select user0_.emailID as emailID1_3_0_, user0_.mobile as mobile2_3_0_, user0_.name as name3_3_0_, user0_.password as password4_3_0_, user0_.registeredDate as register5_3_0_, user0_.role as role6_3_0_ from user user0_ where user0_.emailID=? for update
22:30:06.589 [main] DEBUG org.hibernate.loader.plan.build.internal.spaces.QuerySpacesImpl - Adding QuerySpace : uid = &lt;gen:0&gt; -&gt; org.hibernate.loader.plan.build.internal.spaces.EntityQuerySpaceImpl@dc7b462]
22:30:06.590 [main] DEBUG org.hibernate.persister.walking.spi.MetamodelGraphWalker - Visiting attribute path : mobile
22:30:06.590 [main] DEBUG org.hibernate.persister.walking.spi.MetamodelGraphWalker - Visiting attribute path : name
22:30:06.590 [main] DEBUG org.hibernate.persister.walking.spi.MetamodelGraphWalker - Visiting attribute path : password
22:30:06.590 [main] DEBUG org.hibernate.persister.walking.spi.MetamodelGraphWalker - Visiting attribute path : registeredDate
22:30:06.590 [main] DEBUG org.hibernate.persister.walking.spi.MetamodelGraphWalker - Visiting attribute path : role
22:30:06.590 [main] DEBUG org.hibernate.loader.plan.build.internal.FetchStyleLoadPlanBuildingAssociationVisitationStrategy - Building LoadPlan...
22:30:06.590 [main] DEBUG org.hibernate.loader.plan.exec.internal.LoadQueryJoinAndFetchProcessor - processing queryspace &lt;gen:0&gt;
22:30:06.591 [main] DEBUG org.hibernate.loader.plan.build.spi.LoadPlanTreePrinter - LoadPlan(entity=com.project.backend.domain.User)
    - Returns
       - EntityReturnImpl(entity=com.project.backend.domain.User, querySpaceUid=&lt;gen:0&gt;, path=com.project.backend.domain.User)
    - QuerySpaces
       - EntityQuerySpaceImpl(uid=&lt;gen:0&gt;, entity=com.project.backend.domain.User)
          - SQL table alias mapping - user0_
          - alias suffix - 0_
          - suffixed key columns - {emailID1_3_0_}

22:30:06.591 [main] DEBUG org.hibernate.loader.entity.plan.EntityLoader - Static select for entity com.project.backend.domain.User [OPTIMISTIC]: select user0_.emailID as emailID1_3_0_, user0_.mobile as mobile2_3_0_, user0_.name as name3_3_0_, user0_.password as password4_3_0_, user0_.registeredDate as register5_3_0_, user0_.role as role6_3_0_ from user user0_ where user0_.emailID=?
22:30:06.591 [main] DEBUG org.hibernate.loader.plan.build.internal.spaces.QuerySpacesImpl - Adding QuerySpace : uid = &lt;gen:0&gt; -&gt; org.hibernate.loader.plan.build.internal.spaces.EntityQuerySpaceImpl@26a2f7f9]
22:30:06.591 [main] DEBUG org.hibernate.persister.walking.spi.MetamodelGraphWalker - Visiting attribute path : mobile
22:30:06.591 [main] DEBUG org.hibernate.persister.walking.spi.MetamodelGraphWalker - Visiting attribute path : name
22:30:06.591 [main] DEBUG org.hibernate.persister.walking.spi.MetamodelGraphWalker - Visiting attribute path : password
22:30:06.591 [main] DEBUG org.hibernate.persister.walking.spi.MetamodelGraphWalker - Visiting attribute path : registeredDate
22:30:06.591 [main] DEBUG org.hibernate.persister.walking.spi.MetamodelGraphWalker - Visiting attribute path : role
22:30:06.592 [main] DEBUG org.hibernate.loader.plan.build.internal.FetchStyleLoadPlanBuildingAssociationVisitationStrategy - Building LoadPlan...
22:30:06.592 [main] DEBUG org.hibernate.loader.plan.exec.internal.LoadQueryJoinAndFetchProcessor - processing queryspace &lt;gen:0&gt;
22:30:06.592 [main] DEBUG org.hibernate.loader.plan.build.spi.LoadPlanTreePrinter - LoadPlan(entity=com.project.backend.domain.User)
    - Returns
       - EntityReturnImpl(entity=com.project.backend.domain.User, querySpaceUid=&lt;gen:0&gt;, path=com.project.backend.domain.User)
    - QuerySpaces
       - EntityQuerySpaceImpl(uid=&lt;gen:0&gt;, entity=com.project.backend.domain.User)
          - SQL table alias mapping - user0_
          - alias suffix - 0_
          - suffixed key columns - {emailID1_3_0_}

22:30:06.593 [main] DEBUG org.hibernate.loader.entity.plan.EntityLoader - Static select for entity com.project.backend.domain.User [OPTIMISTIC_FORCE_INCREMENT]: select user0_.emailID as emailID1_3_0_, user0_.mobile as mobile2_3_0_, user0_.name as name3_3_0_, user0_.password as password4_3_0_, user0_.registeredDate as register5_3_0_, user0_.role as role6_3_0_ from user user0_ where user0_.emailID=?
22:30:06.593 [main] DEBUG org.hibernate.loader.Loader - Static select for action ACTION_MERGE on entity com.project.backend.domain.User: select user0_.emailID as emailID1_3_0_, user0_.mobile as mobile2_3_0_, user0_.name as name3_3_0_, user0_.password as password4_3_0_, user0_.registeredDate as register5_3_0_, user0_.role as role6_3_0_ from user user0_ where user0_.emailID=?
22:30:06.593 [main] DEBUG org.hibernate.loader.Loader - Static select for action ACTION_REFRESH on entity com.project.backend.domain.User: select user0_.emailID as emailID1_3_0_, user0_.mobile as mobile2_3_0_, user0_.name as name3_3_0_, user0_.password as password4_3_0_, user0_.registeredDate as register5_3_0_, user0_.role as role6_3_0_ from user user0_ where user0_.emailID=?
22:30:06.594 [main] DEBUG org.hibernate.persister.entity.AbstractEntityPersister - Static SQL for entity: com.project.backend.domain.Category
22:30:06.594 [main] DEBUG org.hibernate.persister.entity.AbstractEntityPersister -  Version select: select id from Category where id =?
22:30:06.594 [main] DEBUG org.hibernate.persister.entity.AbstractEntityPersister -  Snapshot select: select category_.id, category_.description as descript2_0_, category_.name as name3_0_ from Category category_ where category_.id=?
22:30:06.594 [main] DEBUG org.hibernate.persister.entity.AbstractEntityPersister -  Insert 0: insert into Category (description, name, id) values (?, ?, ?)
22:30:06.594 [main] DEBUG org.hibernate.persister.entity.AbstractEntityPersister -  Update 0: update Category set description=?, name=? where id=?
22:30:06.594 [main] DEBUG org.hibernate.persister.entity.AbstractEntityPersister -  Delete 0: delete from Category where id=?
22:30:06.594 [main] DEBUG org.hibernate.loader.plan.build.internal.spaces.QuerySpacesImpl - Adding QuerySpace : uid = &lt;gen:0&gt; -&gt; org.hibernate.loader.plan.build.internal.spaces.EntityQuerySpaceImpl@8bffb8b]
22:30:06.594 [main] DEBUG org.hibernate.persister.walking.spi.MetamodelGraphWalker - Visiting attribute path : description
22:30:06.594 [main] DEBUG org.hibernate.persister.walking.spi.MetamodelGraphWalker - Visiting attribute path : name
22:30:06.594 [main] DEBUG org.hibernate.persister.walking.spi.MetamodelGraphWalker - Visiting attribute path : products
22:30:06.594 [main] DEBUG org.hibernate.loader.plan.build.internal.spaces.QuerySpacesImpl - Adding QuerySpace : uid = &lt;gen:1&gt; -&gt; org.hibernate.loader.plan.build.internal.spaces.CollectionQuerySpaceImpl@10ee04df]
22:30:06.594 [main] DEBUG org.hibernate.loader.plan.build.internal.spaces.QuerySpacesImpl - Adding QuerySpace : uid = &lt;gen:2&gt; -&gt; org.hibernate.loader.plan.build.internal.spaces.EntityQuerySpaceImpl@7186333e]
22:30:06.594 [main] DEBUG org.hibernate.persister.walking.spi.MetamodelGraphWalker - Visiting attribute path : products.category
22:30:06.594 [main] DEBUG org.hibernate.persister.walking.spi.MetamodelGraphWalker - Property path deemed to be circular : products.category
22:30:06.595 [main] DEBUG org.hibernate.persister.walking.spi.MetamodelGraphWalker - Visiting attribute path : products.categoryId
22:30:06.595 [main] DEBUG org.hibernate.persister.walking.spi.MetamodelGraphWalker - Visiting attribute path : products.description
22:30:06.595 [main] DEBUG org.hibernate.persister.walking.spi.MetamodelGraphWalker - Visiting attribute path : products.name
22:30:06.595 [main] DEBUG org.hibernate.persister.walking.spi.MetamodelGraphWalker - Visiting attribute path : products.price
22:30:06.595 [main] DEBUG org.hibernate.persister.walking.spi.MetamodelGraphWalker - Visiting attribute path : products.supplier
22:30:06.595 [main] DEBUG org.hibernate.loader.plan.build.internal.spaces.QuerySpacesImpl - Adding QuerySpace : uid = &lt;gen:3&gt; -&gt; org.hibernate.loader.plan.build.internal.spaces.EntityQuerySpaceImpl@56d93692]
22:30:06.595 [main] DEBUG org.hibernate.persister.walking.spi.MetamodelGraphWalker - Visiting attribute path : products.supplier.address
22:30:06.595 [main] DEBUG org.hibernate.persister.walking.spi.MetamodelGraphWalker - Visiting attribute path : products.supplier.name
22:30:06.595 [main] DEBUG org.hibernate.persister.walking.spi.MetamodelGraphWalker - Visiting attribute path : products.supplier.products
22:30:06.595 [main] DEBUG org.hibernate.persister.walking.spi.MetamodelGraphWalker - Property path deemed to be circular : products.supplier.products
22:30:06.595 [main] DEBUG org.hibernate.persister.walking.spi.MetamodelGraphWalker - Visiting attribute path : products.supplierId
22:30:06.595 [main] DEBUG org.hibernate.loader.plan.build.internal.FetchStyleLoadPlanBuildingAssociationVisitationStrategy - Building LoadPlan...
22:30:06.595 [main] DEBUG org.hibernate.loader.plan.exec.internal.LoadQueryJoinAndFetchProcessor - processing queryspace &lt;gen:0&gt;
22:30:06.596 [main] DEBUG org.hibernate.loader.plan.build.spi.LoadPlanTreePrinter - LoadPlan(entity=com.project.backend.domain.Category)
    - Returns
       - EntityReturnImpl(entity=com.project.backend.domain.Category, querySpaceUid=&lt;gen:0&gt;, path=com.project.backend.domain.Category)
          - CollectionAttributeFetchImpl(collection=com.project.backend.domain.Category.products, querySpaceUid=&lt;gen:1&gt;, path=com.project.backend.domain.Category.products)
             - (collection element) CollectionFetchableElementEntityGraph(entity=com.project.backend.domain.Product, querySpaceUid=&lt;gen:2&gt;, path=com.project.backend.domain.Category.products.&lt;elements&gt;)
                - EntityAttributeFetchImpl(entity=com.project.backend.domain.Supplier, querySpaceUid=&lt;gen:3&gt;, path=com.project.backend.domain.Category.products.&lt;elements&gt;.supplier)
    - QuerySpaces
       - EntityQuerySpaceImpl(uid=&lt;gen:0&gt;, entity=com.project.backend.domain.Category)
          - SQL table alias mapping - category0_
          - alias suffix - 0_
          - suffixed key columns - {id1_0_0_}
          - JOIN (JoinDefinedByMetadata(products)) : &lt;gen:0&gt; -&gt; &lt;gen:1&gt;
             - CollectionQuerySpaceImpl(uid=&lt;gen:1&gt;, collection=com.project.backend.domain.Category.products)
                - SQL table alias mapping - products1_
                - alias suffix - 1_
                - suffixed key columns - {category2_1_1_}
                - entity-element alias suffix - 2_
                - 2_entity-element suffixed key columns - id1_1_2_
                - JOIN (JoinDefinedByMetadata(elements)) : &lt;gen:1&gt; -&gt; &lt;gen:2&gt;
                   - EntityQuerySpaceImpl(uid=&lt;gen:2&gt;, entity=com.project.backend.domain.Product)
                      - SQL table alias mapping - products1_
                      - alias suffix - 2_
                      - suffixed key columns - {id1_1_2_}
                      - JOIN (JoinDefinedByMetadata(supplier)) : &lt;gen:2&gt; -&gt; &lt;gen:3&gt;
                         - EntityQuerySpaceImpl(uid=&lt;gen:3&gt;, entity=com.project.backend.domain.Supplier)
                            - SQL table alias mapping - supplier2_
                            - alias suffix - 3_
                            - suffixed key columns - {id1_2_3_}

22:30:06.596 [main] DEBUG org.hibernate.loader.entity.plan.EntityLoader - Static select for entity com.project.backend.domain.Category [NONE]: select category0_.id as id1_0_0_, category0_.description as descript2_0_0_, category0_.name as name3_0_0_, products1_.categoryId as category2_1_1_, products1_.id as id1_1_1_, products1_.id as id1_1_2_, products1_.categoryId as category2_1_2_, products1_.description as descript3_1_2_, products1_.name as name4_1_2_, products1_.price as price5_1_2_, products1_.supplierid as supplier6_1_2_, supplier2_.id as id1_2_3_, supplier2_.address as address2_2_3_, supplier2_.name as name3_2_3_ from Category category0_ left outer join Product products1_ on category0_.id=products1_.categoryId left outer join Supplier supplier2_ on products1_.supplierid=supplier2_.id where category0_.id=?
22:30:06.597 [main] DEBUG org.hibernate.loader.plan.build.internal.spaces.QuerySpacesImpl - Adding QuerySpace : uid = &lt;gen:0&gt; -&gt; org.hibernate.loader.plan.build.internal.spaces.EntityQuerySpaceImpl@76c548f]
22:30:06.597 [main] DEBUG org.hibernate.persister.walking.spi.MetamodelGraphWalker - Visiting attribute path : description
22:30:06.597 [main] DEBUG org.hibernate.persister.walking.spi.MetamodelGraphWalker - Visiting attribute path : name
22:30:06.597 [main] DEBUG org.hibernate.persister.walking.spi.MetamodelGraphWalker - Visiting attribute path : products
22:30:06.597 [main] DEBUG org.hibernate.loader.plan.build.internal.spaces.QuerySpacesImpl - Adding QuerySpace : uid = &lt;gen:1&gt; -&gt; org.hibernate.loader.plan.build.internal.spaces.CollectionQuerySpaceImpl@26722665]
22:30:06.597 [main] DEBUG org.hibernate.loader.plan.build.internal.spaces.QuerySpacesImpl - Adding QuerySpace : uid = &lt;gen:2&gt; -&gt; org.hibernate.loader.plan.build.internal.spaces.EntityQuerySpaceImpl@7d0614f]
22:30:06.597 [main] DEBUG org.hibernate.persister.walking.spi.MetamodelGraphWalker - Visiting attribute path : products.category
22:30:06.597 [main] DEBUG org.hibernate.persister.walking.spi.MetamodelGraphWalker - Property path deemed to be circular : products.category
22:30:06.597 [main] DEBUG org.hibernate.persister.walking.spi.MetamodelGraphWalker - Visiting attribute path : products.categoryId
22:30:06.597 [main] DEBUG org.hibernate.persister.walking.spi.MetamodelGraphWalker - Visiting attribute path : products.description
22:30:06.597 [main] DEBUG org.hibernate.persister.walking.spi.MetamodelGraphWalker - Visiting attribute path : products.name
22:30:06.598 [main] DEBUG org.hibernate.persister.walking.spi.MetamodelGraphWalker - Visiting attribute path : products.price
22:30:06.598 [main] DEBUG org.hibernate.persister.walking.spi.MetamodelGraphWalker - Visiting attribute path : products.supplier
22:30:06.598 [main] DEBUG org.hibernate.loader.plan.build.internal.spaces.QuerySpacesImpl - Adding QuerySpace : uid = &lt;gen:3&gt; -&gt; org.hibernate.loader.plan.build.internal.spaces.EntityQuerySpaceImpl@6b667cb3]
22:30:06.598 [main] DEBUG org.hibernate.persister.walking.spi.MetamodelGraphWalker - Visiting attribute path : products.supplier.address
22:30:06.598 [main] DEBUG org.hibernate.persister.walking.spi.MetamodelGraphWalker - Visiting attribute path : products.supplier.name
22:30:06.598 [main] DEBUG org.hibernate.persister.walking.spi.MetamodelGraphWalker - Visiting attribute path : products.supplier.products
22:30:06.598 [main] DEBUG org.hibernate.persister.walking.spi.MetamodelGraphWalker - Property path deemed to be circular : products.supplier.products
22:30:06.598 [main] DEBUG org.hibernate.persister.walking.spi.MetamodelGraphWalker - Visiting attribute path : products.supplierId
22:30:06.598 [main] DEBUG org.hibernate.loader.plan.build.internal.FetchStyleLoadPlanBuildingAssociationVisitationStrategy - Building LoadPlan...
22:30:06.598 [main] DEBUG org.hibernate.loader.plan.exec.internal.LoadQueryJoinAndFetchProcessor - processing queryspace &lt;gen:0&gt;
22:30:06.600 [main] DEBUG org.hibernate.loader.plan.build.spi.LoadPlanTreePrinter - LoadPlan(entity=com.project.backend.domain.Category)
    - Returns
       - EntityReturnImpl(entity=com.project.backend.domain.Category, querySpaceUid=&lt;gen:0&gt;, path=com.project.backend.domain.Category)
          - CollectionAttributeFetchImpl(collection=com.project.backend.domain.Category.products, querySpaceUid=&lt;gen:1&gt;, path=com.project.backend.domain.Category.products)
             - (collection element) CollectionFetchableElementEntityGraph(entity=com.project.backend.domain.Product, querySpaceUid=&lt;gen:2&gt;, path=com.project.backend.domain.Category.products.&lt;elements&gt;)
                - EntityAttributeFetchImpl(entity=com.project.backend.domain.Supplier, querySpaceUid=&lt;gen:3&gt;, path=com.project.backend.domain.Category.products.&lt;elements&gt;.supplier)
    - QuerySpaces
       - EntityQuerySpaceImpl(uid=&lt;gen:0&gt;, entity=com.project.backend.domain.Category)
          - SQL table alias mapping - category0_
          - alias suffix - 0_
          - suffixed key columns - {id1_0_0_}
          - JOIN (JoinDefinedByMetadata(products)) : &lt;gen:0&gt; -&gt; &lt;gen:1&gt;
             - CollectionQuerySpaceImpl(uid=&lt;gen:1&gt;, collection=com.project.backend.domain.Category.products)
                - SQL table alias mapping - products1_
                - alias suffix - 1_
                - suffixed key columns - {category2_1_1_}
                - entity-element alias suffix - 2_
                - 2_entity-element suffixed key columns - id1_1_2_
                - JOIN (JoinDefinedByMetadata(elements)) : &lt;gen:1&gt; -&gt; &lt;gen:2&gt;
                   - EntityQuerySpaceImpl(uid=&lt;gen:2&gt;, entity=com.project.backend.domain.Product)
                      - SQL table alias mapping - products1_
                      - alias suffix - 2_
                      - suffixed key columns - {id1_1_2_}
                      - JOIN (JoinDefinedByMetadata(supplier)) : &lt;gen:2&gt; -&gt; &lt;gen:3&gt;
                         - EntityQuerySpaceImpl(uid=&lt;gen:3&gt;, entity=com.project.backend.domain.Supplier)
                            - SQL table alias mapping - supplier2_
                            - alias suffix - 3_
                            - suffixed key columns - {id1_2_3_}

22:30:06.600 [main] DEBUG org.hibernate.loader.entity.plan.EntityLoader - Static select for entity com.project.backend.domain.Category [READ]: select category0_.id as id1_0_0_, category0_.description as descript2_0_0_, category0_.name as name3_0_0_, products1_.categoryId as category2_1_1_, products1_.id as id1_1_1_, products1_.id as id1_1_2_, products1_.categoryId as category2_1_2_, products1_.description as descript3_1_2_, products1_.name as name4_1_2_, products1_.price as price5_1_2_, products1_.supplierid as supplier6_1_2_, supplier2_.id as id1_2_3_, supplier2_.address as address2_2_3_, supplier2_.name as name3_2_3_ from Category category0_ left outer join Product products1_ on category0_.id=products1_.categoryId left outer join Supplier supplier2_ on products1_.supplierid=supplier2_.id where category0_.id=?
22:30:06.601 [main] DEBUG org.hibernate.loader.plan.build.internal.spaces.QuerySpacesImpl - Adding QuerySpace : uid = &lt;gen:0&gt; -&gt; org.hibernate.loader.plan.build.internal.spaces.EntityQuerySpaceImpl@61e3cf4d]
22:30:06.601 [main] DEBUG org.hibernate.persister.walking.spi.MetamodelGraphWalker - Visiting attribute path : description
22:30:06.601 [main] DEBUG org.hibernate.persister.walking.spi.MetamodelGraphWalker - Visiting attribute path : name
22:30:06.601 [main] DEBUG org.hibernate.persister.walking.spi.MetamodelGraphWalker - Visiting attribute path : products
22:30:06.601 [main] DEBUG org.hibernate.loader.plan.build.internal.spaces.QuerySpacesImpl - Adding QuerySpace : uid = &lt;gen:1&gt; -&gt; org.hibernate.loader.plan.build.internal.spaces.CollectionQuerySpaceImpl@64b70919]
22:30:06.601 [main] DEBUG org.hibernate.loader.plan.build.internal.spaces.QuerySpacesImpl - Adding QuerySpace : uid = &lt;gen:2&gt; -&gt; org.hibernate.loader.plan.build.internal.spaces.EntityQuerySpaceImpl@4e31c3ec]
22:30:06.601 [main] DEBUG org.hibernate.loader.plan.build.internal.FetchStyleLoadPlanBuildingAssociationVisitationStrategy - Building LoadPlan...
22:30:06.602 [main] DEBUG org.hibernate.loader.plan.exec.internal.LoadQueryJoinAndFetchProcessor - processing queryspace &lt;gen:0&gt;
22:30:06.602 [main] DEBUG org.hibernate.loader.plan.build.spi.LoadPlanTreePrinter - LoadPlan(entity=com.project.backend.domain.Category)
    - Returns
       - EntityReturnImpl(entity=com.project.backend.domain.Category, querySpaceUid=&lt;gen:0&gt;, path=com.project.backend.domain.Category)
          - CollectionAttributeFetchImpl(collection=com.project.backend.domain.Category.products, querySpaceUid=&lt;gen:1&gt;, path=com.project.backend.domain.Category.products)
             - (collection element) CollectionFetchableElementEntityGraph(entity=com.project.backend.domain.Product, querySpaceUid=&lt;gen:2&gt;, path=com.project.backend.domain.Category.products.&lt;elements&gt;)
    - QuerySpaces
       - EntityQuerySpaceImpl(uid=&lt;gen:0&gt;, entity=com.project.backend.domain.Category)
          - SQL table alias mapping - category0_
          - alias suffix - 0_
          - suffixed key columns - {id1_0_0_}

22:30:06.602 [main] DEBUG org.hibernate.loader.entity.plan.EntityLoader - Static select for entity com.project.backend.domain.Category [UPGRADE]: select category0_.id as id1_0_0_, category0_.description as descript2_0_0_, category0_.name as name3_0_0_ from Category category0_ where category0_.id=? for update
22:30:06.602 [main] DEBUG org.hibernate.loader.plan.build.internal.spaces.QuerySpacesImpl - Adding QuerySpace : uid = &lt;gen:0&gt; -&gt; org.hibernate.loader.plan.build.internal.spaces.EntityQuerySpaceImpl@3157e4c0]
22:30:06.603 [main] DEBUG org.hibernate.persister.walking.spi.MetamodelGraphWalker - Visiting attribute path : description
22:30:06.603 [main] DEBUG org.hibernate.persister.walking.spi.MetamodelGraphWalker - Visiting attribute path : name
22:30:06.603 [main] DEBUG org.hibernate.persister.walking.spi.MetamodelGraphWalker - Visiting attribute path : products
22:30:06.603 [main] DEBUG org.hibernate.loader.plan.build.internal.spaces.QuerySpacesImpl - Adding QuerySpace : uid = &lt;gen:1&gt; -&gt; org.hibernate.loader.plan.build.internal.spaces.CollectionQuerySpaceImpl@328902d5]
22:30:06.603 [main] DEBUG org.hibernate.loader.plan.build.internal.spaces.QuerySpacesImpl - Adding QuerySpace : uid = &lt;gen:2&gt; -&gt; org.hibernate.loader.plan.build.internal.spaces.EntityQuerySpaceImpl@72e789cb]
22:30:06.603 [main] DEBUG org.hibernate.loader.plan.build.internal.FetchStyleLoadPlanBuildingAssociationVisitationStrategy - Building LoadPlan...
22:30:06.603 [main] DEBUG org.hibernate.loader.plan.exec.internal.LoadQueryJoinAndFetchProcessor - processing queryspace &lt;gen:0&gt;
22:30:06.603 [main] DEBUG org.hibernate.loader.plan.build.spi.LoadPlanTreePrinter - LoadPlan(entity=com.project.backend.domain.Category)
    - Returns
       - EntityReturnImpl(entity=com.project.backend.domain.Category, querySpaceUid=&lt;gen:0&gt;, path=com.project.backend.domain.Category)
          - CollectionAttributeFetchImpl(collection=com.project.backend.domain.Category.products, querySpaceUid=&lt;gen:1&gt;, path=com.project.backend.domain.Category.products)
             - (collection element) CollectionFetchableElementEntityGraph(entity=com.project.backend.domain.Product, querySpaceUid=&lt;gen:2&gt;, path=com.project.backend.domain.Category.products.&lt;elements&gt;)
    - QuerySpaces
       - EntityQuerySpaceImpl(uid=&lt;gen:0&gt;, entity=com.project.backend.domain.Category)
          - SQL table alias mapping - category0_
          - alias suffix - 0_
          - suffixed key columns - {id1_0_0_}

22:30:06.604 [main] DEBUG org.hibernate.loader.entity.plan.EntityLoader - Static select for entity com.project.backend.domain.Category [UPGRADE_NOWAIT]: select category0_.id as id1_0_0_, category0_.description as descript2_0_0_, category0_.name as name3_0_0_ from Category category0_ where category0_.id=? for update
22:30:06.604 [main] DEBUG org.hibernate.loader.plan.build.internal.spaces.QuerySpacesImpl - Adding QuerySpace : uid = &lt;gen:0&gt; -&gt; org.hibernate.loader.plan.build.internal.spaces.EntityQuerySpaceImpl@7c1812b3]
22:30:06.604 [main] DEBUG org.hibernate.persister.walking.spi.MetamodelGraphWalker - Visiting attribute path : description
22:30:06.605 [main] DEBUG org.hibernate.persister.walking.spi.MetamodelGraphWalker - Visiting attribute path : name
22:30:06.605 [main] DEBUG org.hibernate.persister.walking.spi.MetamodelGraphWalker - Visiting attribute path : products
22:30:06.605 [main] DEBUG org.hibernate.loader.plan.build.internal.spaces.QuerySpacesImpl - Adding QuerySpace : uid = &lt;gen:1&gt; -&gt; org.hibernate.loader.plan.build.internal.spaces.CollectionQuerySpaceImpl@39e67516]
22:30:06.605 [main] DEBUG org.hibernate.loader.plan.build.internal.spaces.QuerySpacesImpl - Adding QuerySpace : uid = &lt;gen:2&gt; -&gt; org.hibernate.loader.plan.build.internal.spaces.EntityQuerySpaceImpl@77010a30]
22:30:06.606 [main] DEBUG org.hibernate.loader.plan.build.internal.FetchStyleLoadPlanBuildingAssociationVisitationStrategy - Building LoadPlan...
22:30:06.606 [main] DEBUG org.hibernate.loader.plan.exec.internal.LoadQueryJoinAndFetchProcessor - processing queryspace &lt;gen:0&gt;
22:30:06.606 [main] DEBUG org.hibernate.loader.plan.build.spi.LoadPlanTreePrinter - LoadPlan(entity=com.project.backend.domain.Category)
    - Returns
       - EntityReturnImpl(entity=com.project.backend.domain.Category, querySpaceUid=&lt;gen:0&gt;, path=com.project.backend.domain.Category)
          - CollectionAttributeFetchImpl(collection=com.project.backend.domain.Category.products, querySpaceUid=&lt;gen:1&gt;, path=com.project.backend.domain.Category.products)
             - (collection element) CollectionFetchableElementEntityGraph(entity=com.project.backend.domain.Product, querySpaceUid=&lt;gen:2&gt;, path=com.project.backend.domain.Category.products.&lt;elements&gt;)
    - QuerySpaces
       - EntityQuerySpaceImpl(uid=&lt;gen:0&gt;, entity=com.project.backend.domain.Category)
          - SQL table alias mapping - category0_
          - alias suffix - 0_
          - suffixed key columns - {id1_0_0_}

22:30:06.607 [main] DEBUG org.hibernate.loader.entity.plan.EntityLoader - Static select for entity com.project.backend.domain.Category [UPGRADE_SKIPLOCKED]: select category0_.id as id1_0_0_, category0_.description as descript2_0_0_, category0_.name as name3_0_0_ from Category category0_ where category0_.id=? for update
22:30:06.607 [main] DEBUG org.hibernate.loader.plan.build.internal.spaces.QuerySpacesImpl - Adding QuerySpace : uid = &lt;gen:0&gt; -&gt; org.hibernate.loader.plan.build.internal.spaces.EntityQuerySpaceImpl@4bb003e9]
22:30:06.607 [main] DEBUG org.hibernate.persister.walking.spi.MetamodelGraphWalker - Visiting attribute path : description
22:30:06.607 [main] DEBUG org.hibernate.persister.walking.spi.MetamodelGraphWalker - Visiting attribute path : name
22:30:06.607 [main] DEBUG org.hibernate.persister.walking.spi.MetamodelGraphWalker - Visiting attribute path : products
22:30:06.607 [main] DEBUG org.hibernate.loader.plan.build.internal.spaces.QuerySpacesImpl - Adding QuerySpace : uid = &lt;gen:1&gt; -&gt; org.hibernate.loader.plan.build.internal.spaces.CollectionQuerySpaceImpl@18eec010]
22:30:06.607 [main] DEBUG org.hibernate.loader.plan.build.internal.spaces.QuerySpacesImpl - Adding QuerySpace : uid = &lt;gen:2&gt; -&gt; org.hibernate.loader.plan.build.internal.spaces.EntityQuerySpaceImpl@67c119b7]
22:30:06.607 [main] DEBUG org.hibernate.loader.plan.build.internal.FetchStyleLoadPlanBuildingAssociationVisitationStrategy - Building LoadPlan...
22:30:06.607 [main] DEBUG org.hibernate.loader.plan.exec.internal.LoadQueryJoinAndFetchProcessor - processing queryspace &lt;gen:0&gt;
22:30:06.608 [main] DEBUG org.hibernate.loader.plan.build.spi.LoadPlanTreePrinter - LoadPlan(entity=com.project.backend.domain.Category)
    - Returns
       - EntityReturnImpl(entity=com.project.backend.domain.Category, querySpaceUid=&lt;gen:0&gt;, path=com.project.backend.domain.Category)
          - CollectionAttributeFetchImpl(collection=com.project.backend.domain.Category.products, querySpaceUid=&lt;gen:1&gt;, path=com.project.backend.domain.Category.products)
             - (collection element) CollectionFetchableElementEntityGraph(entity=com.project.backend.domain.Product, querySpaceUid=&lt;gen:2&gt;, path=com.project.backend.domain.Category.products.&lt;elements&gt;)
    - QuerySpaces
       - EntityQuerySpaceImpl(uid=&lt;gen:0&gt;, entity=com.project.backend.domain.Category)
          - SQL table alias mapping - category0_
          - alias suffix - 0_
          - suffixed key columns - {id1_0_0_}

22:30:06.608 [main] DEBUG org.hibernate.loader.entity.plan.EntityLoader - Static select for entity com.project.backend.domain.Category [FORCE]: select category0_.id as id1_0_0_, category0_.description as descript2_0_0_, category0_.name as name3_0_0_ from Category category0_ where category0_.id=? for update
22:30:06.608 [main] DEBUG org.hibernate.loader.plan.build.internal.spaces.QuerySpacesImpl - Adding QuerySpace : uid = &lt;gen:0&gt; -&gt; org.hibernate.loader.plan.build.internal.spaces.EntityQuerySpaceImpl@2ca5f1ed]
22:30:06.608 [main] DEBUG org.hibernate.persister.walking.spi.MetamodelGraphWalker - Visiting attribute path : description
22:30:06.608 [main] DEBUG org.hibernate.persister.walking.spi.MetamodelGraphWalker - Visiting attribute path : name
22:30:06.608 [main] DEBUG org.hibernate.persister.walking.spi.MetamodelGraphWalker - Visiting attribute path : products
22:30:06.608 [main] DEBUG org.hibernate.loader.plan.build.internal.spaces.QuerySpacesImpl - Adding QuerySpace : uid = &lt;gen:1&gt; -&gt; org.hibernate.loader.plan.build.internal.spaces.CollectionQuerySpaceImpl@28348c6]
22:30:06.608 [main] DEBUG org.hibernate.loader.plan.build.internal.spaces.QuerySpacesImpl - Adding QuerySpace : uid = &lt;gen:2&gt; -&gt; org.hibernate.loader.plan.build.internal.spaces.EntityQuerySpaceImpl@6de0f580]
22:30:06.608 [main] DEBUG org.hibernate.loader.plan.build.internal.FetchStyleLoadPlanBuildingAssociationVisitationStrategy - Building LoadPlan...
22:30:06.608 [main] DEBUG org.hibernate.loader.plan.exec.internal.LoadQueryJoinAndFetchProcessor - processing queryspace &lt;gen:0&gt;
22:30:06.609 [main] DEBUG org.hibernate.loader.plan.build.spi.LoadPlanTreePrinter - LoadPlan(entity=com.project.backend.domain.Category)
    - Returns
       - EntityReturnImpl(entity=com.project.backend.domain.Category, querySpaceUid=&lt;gen:0&gt;, path=com.project.backend.domain.Category)
          - CollectionAttributeFetchImpl(collection=com.project.backend.domain.Category.products, querySpaceUid=&lt;gen:1&gt;, path=com.project.backend.domain.Category.products)
             - (collection element) CollectionFetchableElementEntityGraph(entity=com.project.backend.domain.Product, querySpaceUid=&lt;gen:2&gt;, path=com.project.backend.domain.Category.products.&lt;elements&gt;)
    - QuerySpaces
       - EntityQuerySpaceImpl(uid=&lt;gen:0&gt;, entity=com.project.backend.domain.Category)
          - SQL table alias mapping - category0_
          - alias suffix - 0_
          - suffixed key columns - {id1_0_0_}

22:30:06.609 [main] DEBUG org.hibernate.loader.entity.plan.EntityLoader - Static select for entity com.project.backend.domain.Category [PESSIMISTIC_READ]: select category0_.id as id1_0_0_, category0_.description as descript2_0_0_, category0_.name as name3_0_0_ from Category category0_ where category0_.id=? for update
22:30:06.609 [main] DEBUG org.hibernate.loader.plan.build.internal.spaces.QuerySpacesImpl - Adding QuerySpace : uid = &lt;gen:0&gt; -&gt; org.hibernate.loader.plan.build.internal.spaces.EntityQuerySpaceImpl@6e495b48]
22:30:06.609 [main] DEBUG org.hibernate.persister.walking.spi.MetamodelGraphWalker - Visiting attribute path : description
22:30:06.609 [main] DEBUG org.hibernate.persister.walking.spi.MetamodelGraphWalker - Visiting attribute path : name
22:30:06.609 [main] DEBUG org.hibernate.persister.walking.spi.MetamodelGraphWalker - Visiting attribute path : products
22:30:06.609 [main] DEBUG org.hibernate.loader.plan.build.internal.spaces.QuerySpacesImpl - Adding QuerySpace : uid = &lt;gen:1&gt; -&gt; org.hibernate.loader.plan.build.internal.spaces.CollectionQuerySpaceImpl@53c68ce]
22:30:06.609 [main] DEBUG org.hibernate.loader.plan.build.internal.spaces.QuerySpacesImpl - Adding QuerySpace : uid = &lt;gen:2&gt; -&gt; org.hibernate.loader.plan.build.internal.spaces.EntityQuerySpaceImpl@6f9ad11c]
22:30:06.609 [main] DEBUG org.hibernate.loader.plan.build.internal.FetchStyleLoadPlanBuildingAssociationVisitationStrategy - Building LoadPlan...
22:30:06.609 [main] DEBUG org.hibernate.loader.plan.exec.internal.LoadQueryJoinAndFetchProcessor - processing queryspace &lt;gen:0&gt;
22:30:06.610 [main] DEBUG org.hibernate.loader.plan.build.spi.LoadPlanTreePrinter - LoadPlan(entity=com.project.backend.domain.Category)
    - Returns
       - EntityReturnImpl(entity=com.project.backend.domain.Category, querySpaceUid=&lt;gen:0&gt;, path=com.project.backend.domain.Category)
          - CollectionAttributeFetchImpl(collection=com.project.backend.domain.Category.products, querySpaceUid=&lt;gen:1&gt;, path=com.project.backend.domain.Category.products)
             - (collection element) CollectionFetchableElementEntityGraph(entity=com.project.backend.domain.Product, querySpaceUid=&lt;gen:2&gt;, path=com.project.backend.domain.Category.products.&lt;elements&gt;)
    - QuerySpaces
       - EntityQuerySpaceImpl(uid=&lt;gen:0&gt;, entity=com.project.backend.domain.Category)
          - SQL table alias mapping - category0_
          - alias suffix - 0_
          - suffixed key columns - {id1_0_0_}

22:30:06.610 [main] DEBUG org.hibernate.loader.entity.plan.EntityLoader - Static select for entity com.project.backend.domain.Category [PESSIMISTIC_WRITE]: select category0_.id as id1_0_0_, category0_.description as descript2_0_0_, category0_.name as name3_0_0_ from Category category0_ where category0_.id=? for update
22:30:06.610 [main] DEBUG org.hibernate.loader.plan.build.internal.spaces.QuerySpacesImpl - Adding QuerySpace : uid = &lt;gen:0&gt; -&gt; org.hibernate.loader.plan.build.internal.spaces.EntityQuerySpaceImpl@4b2d44bc]
22:30:06.610 [main] DEBUG org.hibernate.persister.walking.spi.MetamodelGraphWalker - Visiting attribute path : description
22:30:06.610 [main] DEBUG org.hibernate.persister.walking.spi.MetamodelGraphWalker - Visiting attribute path : name
22:30:06.610 [main] DEBUG org.hibernate.persister.walking.spi.MetamodelGraphWalker - Visiting attribute path : products
22:30:06.610 [main] DEBUG org.hibernate.loader.plan.build.internal.spaces.QuerySpacesImpl - Adding QuerySpace : uid = &lt;gen:1&gt; -&gt; org.hibernate.loader.plan.build.internal.spaces.CollectionQuerySpaceImpl@3e7545e8]
22:30:06.610 [main] DEBUG org.hibernate.loader.plan.build.internal.spaces.QuerySpacesImpl - Adding QuerySpace : uid = &lt;gen:2&gt; -&gt; org.hibernate.loader.plan.build.internal.spaces.EntityQuerySpaceImpl@75e710b]
22:30:06.610 [main] DEBUG org.hibernate.loader.plan.build.internal.FetchStyleLoadPlanBuildingAssociationVisitationStrategy - Building LoadPlan...
22:30:06.610 [main] DEBUG org.hibernate.loader.plan.exec.internal.LoadQueryJoinAndFetchProcessor - processing queryspace &lt;gen:0&gt;
22:30:06.611 [main] DEBUG org.hibernate.loader.plan.build.spi.LoadPlanTreePrinter - LoadPlan(entity=com.project.backend.domain.Category)
    - Returns
       - EntityReturnImpl(entity=com.project.backend.domain.Category, querySpaceUid=&lt;gen:0&gt;, path=com.project.backend.domain.Category)
          - CollectionAttributeFetchImpl(collection=com.project.backend.domain.Category.products, querySpaceUid=&lt;gen:1&gt;, path=com.project.backend.domain.Category.products)
             - (collection element) CollectionFetchableElementEntityGraph(entity=com.project.backend.domain.Product, querySpaceUid=&lt;gen:2&gt;, path=com.project.backend.domain.Category.products.&lt;elements&gt;)
    - QuerySpaces
       - EntityQuerySpaceImpl(uid=&lt;gen:0&gt;, entity=com.project.backend.domain.Category)
          - SQL table alias mapping - category0_
          - alias suffix - 0_
          - suffixed key columns - {id1_0_0_}

22:30:06.611 [main] DEBUG org.hibernate.loader.entity.plan.EntityLoader - Static select for entity com.project.backend.domain.Category [PESSIMISTIC_FORCE_INCREMENT]: select category0_.id as id1_0_0_, category0_.description as descript2_0_0_, category0_.name as name3_0_0_ from Category category0_ where category0_.id=? for update
22:30:06.611 [main] DEBUG org.hibernate.loader.plan.build.internal.spaces.QuerySpacesImpl - Adding QuerySpace : uid = &lt;gen:0&gt; -&gt; org.hibernate.loader.plan.build.internal.spaces.EntityQuerySpaceImpl@26f7cdf8]
22:30:06.611 [main] DEBUG org.hibernate.persister.walking.spi.MetamodelGraphWalker - Visiting attribute path : description
22:30:06.611 [main] DEBUG org.hibernate.persister.walking.spi.MetamodelGraphWalker - Visiting attribute path : name
22:30:06.611 [main] DEBUG org.hibernate.persister.walking.spi.MetamodelGraphWalker - Visiting attribute path : products
22:30:06.611 [main] DEBUG org.hibernate.loader.plan.build.internal.spaces.QuerySpacesImpl - Adding QuerySpace : uid = &lt;gen:1&gt; -&gt; org.hibernate.loader.plan.build.internal.spaces.CollectionQuerySpaceImpl@23202c31]
22:30:06.611 [main] DEBUG org.hibernate.loader.plan.build.internal.spaces.QuerySpacesImpl - Adding QuerySpace : uid = &lt;gen:2&gt; -&gt; org.hibernate.loader.plan.build.internal.spaces.EntityQuerySpaceImpl@5782d777]
22:30:06.611 [main] DEBUG org.hibernate.loader.plan.build.internal.FetchStyleLoadPlanBuildingAssociationVisitationStrategy - Building LoadPlan...
22:30:06.611 [main] DEBUG org.hibernate.loader.plan.exec.internal.LoadQueryJoinAndFetchProcessor - processing queryspace &lt;gen:0&gt;
22:30:06.612 [main] DEBUG org.hibernate.loader.plan.build.spi.LoadPlanTreePrinter - LoadPlan(entity=com.project.backend.domain.Category)
    - Returns
       - EntityReturnImpl(entity=com.project.backend.domain.Category, querySpaceUid=&lt;gen:0&gt;, path=com.project.backend.domain.Category)
          - CollectionAttributeFetchImpl(collection=com.project.backend.domain.Category.products, querySpaceUid=&lt;gen:1&gt;, path=com.project.backend.domain.Category.products)
             - (collection element) CollectionFetchableElementEntityGraph(entity=com.project.backend.domain.Product, querySpaceUid=&lt;gen:2&gt;, path=com.project.backend.domain.Category.products.&lt;elements&gt;)
    - QuerySpaces
       - EntityQuerySpaceImpl(uid=&lt;gen:0&gt;, entity=com.project.backend.domain.Category)
          - SQL table alias mapping - category0_
          - alias suffix - 0_
          - suffixed key columns - {id1_0_0_}

22:30:06.612 [main] DEBUG org.hibernate.loader.entity.plan.EntityLoader - Static select for entity com.project.backend.domain.Category [OPTIMISTIC]: select category0_.id as id1_0_0_, category0_.description as descript2_0_0_, category0_.name as name3_0_0_ from Category category0_ where category0_.id=?
22:30:06.612 [main] DEBUG org.hibernate.loader.plan.build.internal.spaces.QuerySpacesImpl - Adding QuerySpace : uid = &lt;gen:0&gt; -&gt; org.hibernate.loader.plan.build.internal.spaces.EntityQuerySpaceImpl@4f824872]
22:30:06.612 [main] DEBUG org.hibernate.persister.walking.spi.MetamodelGraphWalker - Visiting attribute path : description
22:30:06.612 [main] DEBUG org.hibernate.persister.walking.spi.MetamodelGraphWalker - Visiting attribute path : name
22:30:06.612 [main] DEBUG org.hibernate.persister.walking.spi.MetamodelGraphWalker - Visiting attribute path : products
22:30:06.612 [main] DEBUG org.hibernate.loader.plan.build.internal.spaces.QuerySpacesImpl - Adding QuerySpace : uid = &lt;gen:1&gt; -&gt; org.hibernate.loader.plan.build.internal.spaces.CollectionQuerySpaceImpl@29629fbb]
22:30:06.612 [main] DEBUG org.hibernate.loader.plan.build.internal.spaces.QuerySpacesImpl - Adding QuerySpace : uid = &lt;gen:2&gt; -&gt; org.hibernate.loader.plan.build.internal.spaces.EntityQuerySpaceImpl@681adc8f]
22:30:06.612 [main] DEBUG org.hibernate.loader.plan.build.internal.FetchStyleLoadPlanBuildingAssociationVisitationStrategy - Building LoadPlan...
22:30:06.612 [main] DEBUG org.hibernate.loader.plan.exec.internal.LoadQueryJoinAndFetchProcessor - processing queryspace &lt;gen:0&gt;
22:30:06.613 [main] DEBUG org.hibernate.loader.plan.build.spi.LoadPlanTreePrinter - LoadPlan(entity=com.project.backend.domain.Category)
    - Returns
       - EntityReturnImpl(entity=com.project.backend.domain.Category, querySpaceUid=&lt;gen:0&gt;, path=com.project.backend.domain.Category)
          - CollectionAttributeFetchImpl(collection=com.project.backend.domain.Category.products, querySpaceUid=&lt;gen:1&gt;, path=com.project.backend.domain.Category.products)
             - (collection element) CollectionFetchableElementEntityGraph(entity=com.project.backend.domain.Product, querySpaceUid=&lt;gen:2&gt;, path=com.project.backend.domain.Category.products.&lt;elements&gt;)
    - QuerySpaces
       - EntityQuerySpaceImpl(uid=&lt;gen:0&gt;, entity=com.project.backend.domain.Category)
          - SQL table alias mapping - category0_
          - alias suffix - 0_
          - suffixed key columns - {id1_0_0_}

22:30:06.613 [main] DEBUG org.hibernate.loader.entity.plan.EntityLoader - Static select for entity com.project.backend.domain.Category [OPTIMISTIC_FORCE_INCREMENT]: select category0_.id as id1_0_0_, category0_.description as descript2_0_0_, category0_.name as name3_0_0_ from Category category0_ where category0_.id=?
22:30:06.613 [main] DEBUG org.hibernate.loader.Loader - Static select for action ACTION_MERGE on entity com.project.backend.domain.Category: select category0_.id as id1_0_0_, category0_.description as descript2_0_0_, category0_.name as name3_0_0_ from Category category0_ where category0_.id=?
22:30:06.613 [main] DEBUG org.hibernate.loader.Loader - Static select for action ACTION_REFRESH on entity com.project.backend.domain.Category: select category0_.id as id1_0_0_, category0_.description as descript2_0_0_, category0_.name as name3_0_0_ from Category category0_ where category0_.id=?
22:30:06.613 [main] DEBUG org.hibernate.persister.entity.AbstractEntityPersister - Static SQL for entity: com.project.backend.domain.Supplier
22:30:06.613 [main] DEBUG org.hibernate.persister.entity.AbstractEntityPersister -  Version select: select id from Supplier where id =?
22:30:06.613 [main] DEBUG org.hibernate.persister.entity.AbstractEntityPersister -  Snapshot select: select supplier_.id, supplier_.address as address2_2_, supplier_.name as name3_2_ from Supplier supplier_ where supplier_.id=?
22:30:06.614 [main] DEBUG org.hibernate.persister.entity.AbstractEntityPersister -  Insert 0: insert into Supplier (address, name, id) values (?, ?, ?)
22:30:06.614 [main] DEBUG org.hibernate.persister.entity.AbstractEntityPersister -  Update 0: update Supplier set address=?, name=? where id=?
22:30:06.614 [main] DEBUG org.hibernate.persister.entity.AbstractEntityPersister -  Delete 0: delete from Supplier where id=?
22:30:06.614 [main] DEBUG org.hibernate.loader.plan.build.internal.spaces.QuerySpacesImpl - Adding QuerySpace : uid = &lt;gen:0&gt; -&gt; org.hibernate.loader.plan.build.internal.spaces.EntityQuerySpaceImpl@3506d826]
22:30:06.615 [main] DEBUG org.hibernate.persister.walking.spi.MetamodelGraphWalker - Visiting attribute path : address
22:30:06.615 [main] DEBUG org.hibernate.persister.walking.spi.MetamodelGraphWalker - Visiting attribute path : name
22:30:06.615 [main] DEBUG org.hibernate.persister.walking.spi.MetamodelGraphWalker - Visiting attribute path : products
22:30:06.615 [main] DEBUG org.hibernate.loader.plan.build.internal.spaces.QuerySpacesImpl - Adding QuerySpace : uid = &lt;gen:1&gt; -&gt; org.hibernate.loader.plan.build.internal.spaces.CollectionQuerySpaceImpl@8ff5094]
22:30:06.616 [main] DEBUG org.hibernate.loader.plan.build.internal.spaces.QuerySpacesImpl - Adding QuerySpace : uid = &lt;gen:2&gt; -&gt; org.hibernate.loader.plan.build.internal.spaces.EntityQuerySpaceImpl@363f0ba0]
22:30:06.616 [main] DEBUG org.hibernate.persister.walking.spi.MetamodelGraphWalker - Visiting attribute path : products.category
22:30:06.616 [main] DEBUG org.hibernate.loader.plan.build.internal.spaces.QuerySpacesImpl - Adding QuerySpace : uid = &lt;gen:3&gt; -&gt; org.hibernate.loader.plan.build.internal.spaces.EntityQuerySpaceImpl@1e008f36]
22:30:06.616 [main] DEBUG org.hibernate.persister.walking.spi.MetamodelGraphWalker - Visiting attribute path : products.category.description
22:30:06.616 [main] DEBUG org.hibernate.persister.walking.spi.MetamodelGraphWalker - Visiting attribute path : products.category.name
22:30:06.617 [main] DEBUG org.hibernate.persister.walking.spi.MetamodelGraphWalker - Visiting attribute path : products.category.products
22:30:06.617 [main] DEBUG org.hibernate.persister.walking.spi.MetamodelGraphWalker - Property path deemed to be circular : products.category.products
22:30:06.617 [main] DEBUG org.hibernate.persister.walking.spi.MetamodelGraphWalker - Visiting attribute path : products.categoryId
22:30:06.617 [main] DEBUG org.hibernate.persister.walking.spi.MetamodelGraphWalker - Visiting attribute path : products.description
22:30:06.617 [main] DEBUG org.hibernate.persister.walking.spi.MetamodelGraphWalker - Visiting attribute path : products.name
22:30:06.617 [main] DEBUG org.hibernate.persister.walking.spi.MetamodelGraphWalker - Visiting attribute path : products.price
22:30:06.618 [main] DEBUG org.hibernate.persister.walking.spi.MetamodelGraphWalker - Visiting attribute path : products.supplier
22:30:06.618 [main] DEBUG org.hibernate.persister.walking.spi.MetamodelGraphWalker - Property path deemed to be circular : products.supplier
22:30:06.618 [main] DEBUG org.hibernate.persister.walking.spi.MetamodelGraphWalker - Visiting attribute path : products.supplierId
22:30:06.618 [main] DEBUG org.hibernate.loader.plan.build.internal.FetchStyleLoadPlanBuildingAssociationVisitationStrategy - Building LoadPlan...
22:30:06.619 [main] DEBUG org.hibernate.loader.plan.exec.internal.LoadQueryJoinAndFetchProcessor - processing queryspace &lt;gen:0&gt;
22:30:06.620 [main] DEBUG org.hibernate.loader.plan.build.spi.LoadPlanTreePrinter - LoadPlan(entity=com.project.backend.domain.Supplier)
    - Returns
       - EntityReturnImpl(entity=com.project.backend.domain.Supplier, querySpaceUid=&lt;gen:0&gt;, path=com.project.backend.domain.Supplier)
          - CollectionAttributeFetchImpl(collection=com.project.backend.domain.Supplier.products, querySpaceUid=&lt;gen:1&gt;, path=com.project.backend.domain.Supplier.products)
             - (collection element) CollectionFetchableElementEntityGraph(entity=com.project.backend.domain.Product, querySpaceUid=&lt;gen:2&gt;, path=com.project.backend.domain.Supplier.products.&lt;elements&gt;)
                - EntityAttributeFetchImpl(entity=com.project.backend.domain.Category, querySpaceUid=&lt;gen:3&gt;, path=com.project.backend.domain.Supplier.products.&lt;elements&gt;.category)
    - QuerySpaces
       - EntityQuerySpaceImpl(uid=&lt;gen:0&gt;, entity=com.project.backend.domain.Supplier)
          - SQL table alias mapping - supplier0_
          - alias suffix - 0_
          - suffixed key columns - {id1_2_0_}
          - JOIN (JoinDefinedByMetadata(products)) : &lt;gen:0&gt; -&gt; &lt;gen:1&gt;
             - CollectionQuerySpaceImpl(uid=&lt;gen:1&gt;, collection=com.project.backend.domain.Supplier.products)
                - SQL table alias mapping - products1_
                - alias suffix - 1_
                - suffixed key columns - {supplier6_1_1_}
                - entity-element alias suffix - 2_
                - 2_entity-element suffixed key columns - id1_1_2_
                - JOIN (JoinDefinedByMetadata(elements)) : &lt;gen:1&gt; -&gt; &lt;gen:2&gt;
                   - EntityQuerySpaceImpl(uid=&lt;gen:2&gt;, entity=com.project.backend.domain.Product)
                      - SQL table alias mapping - products1_
                      - alias suffix - 2_
                      - suffixed key columns - {id1_1_2_}
                      - JOIN (JoinDefinedByMetadata(category)) : &lt;gen:2&gt; -&gt; &lt;gen:3&gt;
                         - EntityQuerySpaceImpl(uid=&lt;gen:3&gt;, entity=com.project.backend.domain.Category)
                            - SQL table alias mapping - category2_
                            - alias suffix - 3_
                            - suffixed key columns - {id1_0_3_}

22:30:06.620 [main] DEBUG org.hibernate.loader.entity.plan.EntityLoader - Static select for entity com.project.backend.domain.Supplier [NONE]: select supplier0_.id as id1_2_0_, supplier0_.address as address2_2_0_, supplier0_.name as name3_2_0_, products1_.supplierid as supplier6_1_1_, products1_.id as id1_1_1_, products1_.id as id1_1_2_, products1_.categoryId as category2_1_2_, products1_.description as descript3_1_2_, products1_.name as name4_1_2_, products1_.price as price5_1_2_, products1_.supplierid as supplier6_1_2_, category2_.id as id1_0_3_, category2_.description as descript2_0_3_, category2_.name as name3_0_3_ from Supplier supplier0_ left outer join Product products1_ on supplier0_.id=products1_.supplierid left outer join Category category2_ on products1_.categoryId=category2_.id where supplier0_.id=?
22:30:06.620 [main] DEBUG org.hibernate.loader.plan.build.internal.spaces.QuerySpacesImpl - Adding QuerySpace : uid = &lt;gen:0&gt; -&gt; org.hibernate.loader.plan.build.internal.spaces.EntityQuerySpaceImpl@3cae7b8b]
22:30:06.621 [main] DEBUG org.hibernate.persister.walking.spi.MetamodelGraphWalker - Visiting attribute path : address
22:30:06.621 [main] DEBUG org.hibernate.persister.walking.spi.MetamodelGraphWalker - Visiting attribute path : name
22:30:06.621 [main] DEBUG org.hibernate.persister.walking.spi.MetamodelGraphWalker - Visiting attribute path : products
22:30:06.621 [main] DEBUG org.hibernate.loader.plan.build.internal.spaces.QuerySpacesImpl - Adding QuerySpace : uid = &lt;gen:1&gt; -&gt; org.hibernate.loader.plan.build.internal.spaces.CollectionQuerySpaceImpl@2aeefcc]
22:30:06.621 [main] DEBUG org.hibernate.loader.plan.build.internal.spaces.QuerySpacesImpl - Adding QuerySpace : uid = &lt;gen:2&gt; -&gt; org.hibernate.loader.plan.build.internal.spaces.EntityQuerySpaceImpl@359ff4d9]
22:30:06.621 [main] DEBUG org.hibernate.persister.walking.spi.MetamodelGraphWalker - Visiting attribute path : products.category
22:30:06.621 [main] DEBUG org.hibernate.loader.plan.build.internal.spaces.QuerySpacesImpl - Adding QuerySpace : uid = &lt;gen:3&gt; -&gt; org.hibernate.loader.plan.build.internal.spaces.EntityQuerySpaceImpl@7ae9a33a]
22:30:06.622 [main] DEBUG org.hibernate.persister.walking.spi.MetamodelGraphWalker - Visiting attribute path : products.category.description
22:30:06.622 [main] DEBUG org.hibernate.persister.walking.spi.MetamodelGraphWalker - Visiting attribute path : products.category.name
22:30:06.622 [main] DEBUG org.hibernate.persister.walking.spi.MetamodelGraphWalker - Visiting attribute path : products.category.products
22:30:06.622 [main] DEBUG org.hibernate.persister.walking.spi.MetamodelGraphWalker - Property path deemed to be circular : products.category.products
22:30:06.623 [main] DEBUG org.hibernate.persister.walking.spi.MetamodelGraphWalker - Visiting attribute path : products.categoryId
22:30:06.623 [main] DEBUG org.hibernate.persister.walking.spi.MetamodelGraphWalker - Visiting attribute path : products.description
22:30:06.623 [main] DEBUG org.hibernate.persister.walking.spi.MetamodelGraphWalker - Visiting attribute path : products.name
22:30:06.623 [main] DEBUG org.hibernate.persister.walking.spi.MetamodelGraphWalker - Visiting attribute path : products.price
22:30:06.624 [main] DEBUG org.hibernate.persister.walking.spi.MetamodelGraphWalker - Visiting attribute path : products.supplier
22:30:06.624 [main] DEBUG org.hibernate.persister.walking.spi.MetamodelGraphWalker - Property path deemed to be circular : products.supplier
22:30:06.624 [main] DEBUG org.hibernate.persister.walking.spi.MetamodelGraphWalker - Visiting attribute path : products.supplierId
22:30:06.624 [main] DEBUG org.hibernate.loader.plan.build.internal.FetchStyleLoadPlanBuildingAssociationVisitationStrategy - Building LoadPlan...
22:30:06.625 [main] DEBUG org.hibernate.loader.plan.exec.internal.LoadQueryJoinAndFetchProcessor - processing queryspace &lt;gen:0&gt;
22:30:06.626 [main] DEBUG org.hibernate.loader.plan.build.spi.LoadPlanTreePrinter - LoadPlan(entity=com.project.backend.domain.Supplier)
    - Returns
       - EntityReturnImpl(entity=com.project.backend.domain.Supplier, querySpaceUid=&lt;gen:0&gt;, path=com.project.backend.domain.Supplier)
          - CollectionAttributeFetchImpl(collection=com.project.backend.domain.Supplier.products, querySpaceUid=&lt;gen:1&gt;, path=com.project.backend.domain.Supplier.products)
             - (collection element) CollectionFetchableElementEntityGraph(entity=com.project.backend.domain.Product, querySpaceUid=&lt;gen:2&gt;, path=com.project.backend.domain.Supplier.products.&lt;elements&gt;)
                - EntityAttributeFetchImpl(entity=com.project.backend.domain.Category, querySpaceUid=&lt;gen:3&gt;, path=com.project.backend.domain.Supplier.products.&lt;elements&gt;.category)
    - QuerySpaces
       - EntityQuerySpaceImpl(uid=&lt;gen:0&gt;, entity=com.project.backend.domain.Supplier)
          - SQL table alias mapping - supplier0_
          - alias suffix - 0_
          - suffixed key columns - {id1_2_0_}
          - JOIN (JoinDefinedByMetadata(products)) : &lt;gen:0&gt; -&gt; &lt;gen:1&gt;
             - CollectionQuerySpaceImpl(uid=&lt;gen:1&gt;, collection=com.project.backend.domain.Supplier.products)
                - SQL table alias mapping - products1_
                - alias suffix - 1_
                - suffixed key columns - {supplier6_1_1_}
                - entity-element alias suffix - 2_
                - 2_entity-element suffixed key columns - id1_1_2_
                - JOIN (JoinDefinedByMetadata(elements)) : &lt;gen:1&gt; -&gt; &lt;gen:2&gt;
                   - EntityQuerySpaceImpl(uid=&lt;gen:2&gt;, entity=com.project.backend.domain.Product)
                      - SQL table alias mapping - products1_
                      - alias suffix - 2_
                      - suffixed key columns - {id1_1_2_}
                      - JOIN (JoinDefinedByMetadata(category)) : &lt;gen:2&gt; -&gt; &lt;gen:3&gt;
                         - EntityQuerySpaceImpl(uid=&lt;gen:3&gt;, entity=com.project.backend.domain.Category)
                            - SQL table alias mapping - category2_
                            - alias suffix - 3_
                            - suffixed key columns - {id1_0_3_}

22:30:06.627 [main] DEBUG org.hibernate.loader.entity.plan.EntityLoader - Static select for entity com.project.backend.domain.Supplier [READ]: select supplier0_.id as id1_2_0_, supplier0_.address as address2_2_0_, supplier0_.name as name3_2_0_, products1_.supplierid as supplier6_1_1_, products1_.id as id1_1_1_, products1_.id as id1_1_2_, products1_.categoryId as category2_1_2_, products1_.description as descript3_1_2_, products1_.name as name4_1_2_, products1_.price as price5_1_2_, products1_.supplierid as supplier6_1_2_, category2_.id as id1_0_3_, category2_.description as descript2_0_3_, category2_.name as name3_0_3_ from Supplier supplier0_ left outer join Product products1_ on supplier0_.id=products1_.supplierid left outer join Category category2_ on products1_.categoryId=category2_.id where supplier0_.id=?
22:30:06.627 [main] DEBUG org.hibernate.loader.plan.build.internal.spaces.QuerySpacesImpl - Adding QuerySpace : uid = &lt;gen:0&gt; -&gt; org.hibernate.loader.plan.build.internal.spaces.EntityQuerySpaceImpl@5fc930f0]
22:30:06.627 [main] DEBUG org.hibernate.persister.walking.spi.MetamodelGraphWalker - Visiting attribute path : address
22:30:06.627 [main] DEBUG org.hibernate.persister.walking.spi.MetamodelGraphWalker - Visiting attribute path : name
22:30:06.627 [main] DEBUG org.hibernate.persister.walking.spi.MetamodelGraphWalker - Visiting attribute path : products
22:30:06.628 [main] DEBUG org.hibernate.loader.plan.build.internal.spaces.QuerySpacesImpl - Adding QuerySpace : uid = &lt;gen:1&gt; -&gt; org.hibernate.loader.plan.build.internal.spaces.CollectionQuerySpaceImpl@c6634d]
22:30:06.628 [main] DEBUG org.hibernate.loader.plan.build.internal.spaces.QuerySpacesImpl - Adding QuerySpace : uid = &lt;gen:2&gt; -&gt; org.hibernate.loader.plan.build.internal.spaces.EntityQuerySpaceImpl@65f58c6e]
22:30:06.629 [main] DEBUG org.hibernate.loader.plan.build.internal.FetchStyleLoadPlanBuildingAssociationVisitationStrategy - Building LoadPlan...
22:30:06.629 [main] DEBUG org.hibernate.loader.plan.exec.internal.LoadQueryJoinAndFetchProcessor - processing queryspace &lt;gen:0&gt;
22:30:06.631 [main] DEBUG org.hibernate.loader.plan.build.spi.LoadPlanTreePrinter - LoadPlan(entity=com.project.backend.domain.Supplier)
    - Returns
       - EntityReturnImpl(entity=com.project.backend.domain.Supplier, querySpaceUid=&lt;gen:0&gt;, path=com.project.backend.domain.Supplier)
          - CollectionAttributeFetchImpl(collection=com.project.backend.domain.Supplier.products, querySpaceUid=&lt;gen:1&gt;, path=com.project.backend.domain.Supplier.products)
             - (collection element) CollectionFetchableElementEntityGraph(entity=com.project.backend.domain.Product, querySpaceUid=&lt;gen:2&gt;, path=com.project.backend.domain.Supplier.products.&lt;elements&gt;)
    - QuerySpaces
       - EntityQuerySpaceImpl(uid=&lt;gen:0&gt;, entity=com.project.backend.domain.Supplier)
          - SQL table alias mapping - supplier0_
          - alias suffix - 0_
          - suffixed key columns - {id1_2_0_}

22:30:06.631 [main] DEBUG org.hibernate.loader.entity.plan.EntityLoader - Static select for entity com.project.backend.domain.Supplier [UPGRADE]: select supplier0_.id as id1_2_0_, supplier0_.address as address2_2_0_, supplier0_.name as name3_2_0_ from Supplier supplier0_ where supplier0_.id=? for update
22:30:06.632 [main] DEBUG org.hibernate.loader.plan.build.internal.spaces.QuerySpacesImpl - Adding QuerySpace : uid = &lt;gen:0&gt; -&gt; org.hibernate.loader.plan.build.internal.spaces.EntityQuerySpaceImpl@73ad7e90]
22:30:06.632 [main] DEBUG org.hibernate.persister.walking.spi.MetamodelGraphWalker - Visiting attribute path : address
22:30:06.644 [main] DEBUG org.hibernate.persister.walking.spi.MetamodelGraphWalker - Visiting attribute path : name
22:30:06.644 [main] DEBUG org.hibernate.persister.walking.spi.MetamodelGraphWalker - Visiting attribute path : products
22:30:06.645 [main] DEBUG org.hibernate.loader.plan.build.internal.spaces.QuerySpacesImpl - Adding QuerySpace : uid = &lt;gen:1&gt; -&gt; org.hibernate.loader.plan.build.internal.spaces.CollectionQuerySpaceImpl@784c5ef5]
22:30:06.645 [main] DEBUG org.hibernate.loader.plan.build.internal.spaces.QuerySpacesImpl - Adding QuerySpace : uid = &lt;gen:2&gt; -&gt; org.hibernate.loader.plan.build.internal.spaces.EntityQuerySpaceImpl@31133b6e]
22:30:06.646 [main] DEBUG org.hibernate.loader.plan.build.internal.FetchStyleLoadPlanBuildingAssociationVisitationStrategy - Building LoadPlan...
22:30:06.646 [main] DEBUG org.hibernate.loader.plan.exec.internal.LoadQueryJoinAndFetchProcessor - processing queryspace &lt;gen:0&gt;
22:30:06.646 [main] DEBUG org.hibernate.loader.plan.build.spi.LoadPlanTreePrinter - LoadPlan(entity=com.project.backend.domain.Supplier)
    - Returns
       - EntityReturnImpl(entity=com.project.backend.domain.Supplier, querySpaceUid=&lt;gen:0&gt;, path=com.project.backend.domain.Supplier)
          - CollectionAttributeFetchImpl(collection=com.project.backend.domain.Supplier.products, querySpaceUid=&lt;gen:1&gt;, path=com.project.backend.domain.Supplier.products)
             - (collection element) CollectionFetchableElementEntityGraph(entity=com.project.backend.domain.Product, querySpaceUid=&lt;gen:2&gt;, path=com.project.backend.domain.Supplier.products.&lt;elements&gt;)
    - QuerySpaces
       - EntityQuerySpaceImpl(uid=&lt;gen:0&gt;, entity=com.project.backend.domain.Supplier)
          - SQL table alias mapping - supplier0_
          - alias suffix - 0_
          - suffixed key columns - {id1_2_0_}

22:30:06.647 [main] DEBUG org.hibernate.loader.entity.plan.EntityLoader - Static select for entity com.project.backend.domain.Supplier [UPGRADE_NOWAIT]: select supplier0_.id as id1_2_0_, supplier0_.address as address2_2_0_, supplier0_.name as name3_2_0_ from Supplier supplier0_ where supplier0_.id=? for update
22:30:06.647 [main] DEBUG org.hibernate.loader.plan.build.internal.spaces.QuerySpacesImpl - Adding QuerySpace : uid = &lt;gen:0&gt; -&gt; org.hibernate.loader.plan.build.internal.spaces.EntityQuerySpaceImpl@29528a22]
22:30:06.648 [main] DEBUG org.hibernate.persister.walking.spi.MetamodelGraphWalker - Visiting attribute path : address
22:30:06.648 [main] DEBUG org.hibernate.persister.walking.spi.MetamodelGraphWalker - Visiting attribute path : name
22:30:06.648 [main] DEBUG org.hibernate.persister.walking.spi.MetamodelGraphWalker - Visiting attribute path : products
22:30:06.648 [main] DEBUG org.hibernate.loader.plan.build.internal.spaces.QuerySpacesImpl - Adding QuerySpace : uid = &lt;gen:1&gt; -&gt; org.hibernate.loader.plan.build.internal.spaces.CollectionQuerySpaceImpl@6401d0a0]
22:30:06.648 [main] DEBUG org.hibernate.loader.plan.build.internal.spaces.QuerySpacesImpl - Adding QuerySpace : uid = &lt;gen:2&gt; -&gt; org.hibernate.loader.plan.build.internal.spaces.EntityQuerySpaceImpl@4ce14f05]
22:30:06.648 [main] DEBUG org.hibernate.loader.plan.build.internal.FetchStyleLoadPlanBuildingAssociationVisitationStrategy - Building LoadPlan...
22:30:06.649 [main] DEBUG org.hibernate.loader.plan.exec.internal.LoadQueryJoinAndFetchProcessor - processing queryspace &lt;gen:0&gt;
22:30:06.649 [main] DEBUG org.hibernate.loader.plan.build.spi.LoadPlanTreePrinter - LoadPlan(entity=com.project.backend.domain.Supplier)
    - Returns
       - EntityReturnImpl(entity=com.project.backend.domain.Supplier, querySpaceUid=&lt;gen:0&gt;, path=com.project.backend.domain.Supplier)
          - CollectionAttributeFetchImpl(collection=com.project.backend.domain.Supplier.products, querySpaceUid=&lt;gen:1&gt;, path=com.project.backend.domain.Supplier.products)
             - (collection element) CollectionFetchableElementEntityGraph(entity=com.project.backend.domain.Product, querySpaceUid=&lt;gen:2&gt;, path=com.project.backend.domain.Supplier.products.&lt;elements&gt;)
    - QuerySpaces
       - EntityQuerySpaceImpl(uid=&lt;gen:0&gt;, entity=com.project.backend.domain.Supplier)
          - SQL table alias mapping - supplier0_
          - alias suffix - 0_
          - suffixed key columns - {id1_2_0_}

22:30:06.649 [main] DEBUG org.hibernate.loader.entity.plan.EntityLoader - Static select for entity com.project.backend.domain.Supplier [UPGRADE_SKIPLOCKED]: select supplier0_.id as id1_2_0_, supplier0_.address as address2_2_0_, supplier0_.name as name3_2_0_ from Supplier supplier0_ where supplier0_.id=? for update
22:30:06.650 [main] DEBUG org.hibernate.loader.plan.build.internal.spaces.QuerySpacesImpl - Adding QuerySpace : uid = &lt;gen:0&gt; -&gt; org.hibernate.loader.plan.build.internal.spaces.EntityQuerySpaceImpl@71dfcf21]
22:30:06.650 [main] DEBUG org.hibernate.persister.walking.spi.MetamodelGraphWalker - Visiting attribute path : address
22:30:06.651 [main] DEBUG org.hibernate.persister.walking.spi.MetamodelGraphWalker - Visiting attribute path : name
22:30:06.651 [main] DEBUG org.hibernate.persister.walking.spi.MetamodelGraphWalker - Visiting attribute path : products
22:30:06.651 [main] DEBUG org.hibernate.loader.plan.build.internal.spaces.QuerySpacesImpl - Adding QuerySpace : uid = &lt;gen:1&gt; -&gt; org.hibernate.loader.plan.build.internal.spaces.CollectionQuerySpaceImpl@61f80d55]
22:30:06.651 [main] DEBUG org.hibernate.loader.plan.build.internal.spaces.QuerySpacesImpl - Adding QuerySpace : uid = &lt;gen:2&gt; -&gt; org.hibernate.loader.plan.build.internal.spaces.EntityQuerySpaceImpl@27a7ef08]
22:30:06.651 [main] DEBUG org.hibernate.loader.plan.build.internal.FetchStyleLoadPlanBuildingAssociationVisitationStrategy - Building LoadPlan...
22:30:06.652 [main] DEBUG org.hibernate.loader.plan.exec.internal.LoadQueryJoinAndFetchProcessor - processing queryspace &lt;gen:0&gt;
22:30:06.652 [main] DEBUG org.hibernate.loader.plan.build.spi.LoadPlanTreePrinter - LoadPlan(entity=com.project.backend.domain.Supplier)
    - Returns
       - EntityReturnImpl(entity=com.project.backend.domain.Supplier, querySpaceUid=&lt;gen:0&gt;, path=com.project.backend.domain.Supplier)
          - CollectionAttributeFetchImpl(collection=com.project.backend.domain.Supplier.products, querySpaceUid=&lt;gen:1&gt;, path=com.project.backend.domain.Supplier.products)
             - (collection element) CollectionFetchableElementEntityGraph(entity=com.project.backend.domain.Product, querySpaceUid=&lt;gen:2&gt;, path=com.project.backend.domain.Supplier.products.&lt;elements&gt;)
    - QuerySpaces
       - EntityQuerySpaceImpl(uid=&lt;gen:0&gt;, entity=com.project.backend.domain.Supplier)
          - SQL table alias mapping - supplier0_
          - alias suffix - 0_
          - suffixed key columns - {id1_2_0_}

22:30:06.653 [main] DEBUG org.hibernate.loader.entity.plan.EntityLoader - Static select for entity com.project.backend.domain.Supplier [FORCE]: select supplier0_.id as id1_2_0_, supplier0_.address as address2_2_0_, supplier0_.name as name3_2_0_ from Supplier supplier0_ where supplier0_.id=? for update
22:30:06.653 [main] DEBUG org.hibernate.loader.plan.build.internal.spaces.QuerySpacesImpl - Adding QuerySpace : uid = &lt;gen:0&gt; -&gt; org.hibernate.loader.plan.build.internal.spaces.EntityQuerySpaceImpl@280e8a1a]
22:30:06.653 [main] DEBUG org.hibernate.persister.walking.spi.MetamodelGraphWalker - Visiting attribute path : address
22:30:06.654 [main] DEBUG org.hibernate.persister.walking.spi.MetamodelGraphWalker - Visiting attribute path : name
22:30:06.654 [main] DEBUG org.hibernate.persister.walking.spi.MetamodelGraphWalker - Visiting attribute path : products
22:30:06.654 [main] DEBUG org.hibernate.loader.plan.build.internal.spaces.QuerySpacesImpl - Adding QuerySpace : uid = &lt;gen:1&gt; -&gt; org.hibernate.loader.plan.build.internal.spaces.CollectionQuerySpaceImpl@30501e60]
22:30:06.654 [main] DEBUG org.hibernate.loader.plan.build.internal.spaces.QuerySpacesImpl - Adding QuerySpace : uid = &lt;gen:2&gt; -&gt; org.hibernate.loader.plan.build.internal.spaces.EntityQuerySpaceImpl@289778cd]
22:30:06.655 [main] DEBUG org.hibernate.loader.plan.build.internal.FetchStyleLoadPlanBuildingAssociationVisitationStrategy - Building LoadPlan...
22:30:06.656 [main] DEBUG org.hibernate.loader.plan.exec.internal.LoadQueryJoinAndFetchProcessor - processing queryspace &lt;gen:0&gt;
22:30:06.657 [main] DEBUG org.hibernate.loader.plan.build.spi.LoadPlanTreePrinter - LoadPlan(entity=com.project.backend.domain.Supplier)
    - Returns
       - EntityReturnImpl(entity=com.project.backend.domain.Supplier, querySpaceUid=&lt;gen:0&gt;, path=com.project.backend.domain.Supplier)
          - CollectionAttributeFetchImpl(collection=com.project.backend.domain.Supplier.products, querySpaceUid=&lt;gen:1&gt;, path=com.project.backend.domain.Supplier.products)
             - (collection element) CollectionFetchableElementEntityGraph(entity=com.project.backend.domain.Product, querySpaceUid=&lt;gen:2&gt;, path=com.project.backend.domain.Supplier.products.&lt;elements&gt;)
    - QuerySpaces
       - EntityQuerySpaceImpl(uid=&lt;gen:0&gt;, entity=com.project.backend.domain.Supplier)
          - SQL table alias mapping - supplier0_
          - alias suffix - 0_
          - suffixed key columns - {id1_2_0_}

22:30:06.657 [main] DEBUG org.hibernate.loader.entity.plan.EntityLoader - Static select for entity com.project.backend.domain.Supplier [PESSIMISTIC_READ]: select supplier0_.id as id1_2_0_, supplier0_.address as address2_2_0_, supplier0_.name as name3_2_0_ from Supplier supplier0_ where supplier0_.id=? for update
22:30:06.657 [main] DEBUG org.hibernate.loader.plan.build.internal.spaces.QuerySpacesImpl - Adding QuerySpace : uid = &lt;gen:0&gt; -&gt; org.hibernate.loader.plan.build.internal.spaces.EntityQuerySpaceImpl@7495699f]
22:30:06.658 [main] DEBUG org.hibernate.persister.walking.spi.MetamodelGraphWalker - Visiting attribute path : address
22:30:06.658 [main] DEBUG org.hibernate.persister.walking.spi.MetamodelGraphWalker - Visiting attribute path : name
22:30:06.658 [main] DEBUG org.hibernate.persister.walking.spi.MetamodelGraphWalker - Visiting attribute path : products
22:30:06.658 [main] DEBUG org.hibernate.loader.plan.build.internal.spaces.QuerySpacesImpl - Adding QuerySpace : uid = &lt;gen:1&gt; -&gt; org.hibernate.loader.plan.build.internal.spaces.CollectionQuerySpaceImpl@4cb0a000]
22:30:06.658 [main] DEBUG org.hibernate.loader.plan.build.internal.spaces.QuerySpacesImpl - Adding QuerySpace : uid = &lt;gen:2&gt; -&gt; org.hibernate.loader.plan.build.internal.spaces.EntityQuerySpaceImpl@5ff2e84b]
22:30:06.658 [main] DEBUG org.hibernate.loader.plan.build.internal.FetchStyleLoadPlanBuildingAssociationVisitationStrategy - Building LoadPlan...
22:30:06.659 [main] DEBUG org.hibernate.loader.plan.exec.internal.LoadQueryJoinAndFetchProcessor - processing queryspace &lt;gen:0&gt;
22:30:06.660 [main] DEBUG org.hibernate.loader.plan.build.spi.LoadPlanTreePrinter - LoadPlan(entity=com.project.backend.domain.Supplier)
    - Returns
       - EntityReturnImpl(entity=com.project.backend.domain.Supplier, querySpaceUid=&lt;gen:0&gt;, path=com.project.backend.domain.Supplier)
          - CollectionAttributeFetchImpl(collection=com.project.backend.domain.Supplier.products, querySpaceUid=&lt;gen:1&gt;, path=com.project.backend.domain.Supplier.products)
             - (collection element) CollectionFetchableElementEntityGraph(entity=com.project.backend.domain.Product, querySpaceUid=&lt;gen:2&gt;, path=com.project.backend.domain.Supplier.products.&lt;elements&gt;)
    - QuerySpaces
       - EntityQuerySpaceImpl(uid=&lt;gen:0&gt;, entity=com.project.backend.domain.Supplier)
          - SQL table alias mapping - supplier0_
          - alias suffix - 0_
          - suffixed key columns - {id1_2_0_}

22:30:06.660 [main] DEBUG org.hibernate.loader.entity.plan.EntityLoader - Static select for entity com.project.backend.domain.Supplier [PESSIMISTIC_WRITE]: select supplier0_.id as id1_2_0_, supplier0_.address as address2_2_0_, supplier0_.name as name3_2_0_ from Supplier supplier0_ where supplier0_.id=? for update
22:30:06.660 [main] DEBUG org.hibernate.loader.plan.build.internal.spaces.QuerySpacesImpl - Adding QuerySpace : uid = &lt;gen:0&gt; -&gt; org.hibernate.loader.plan.build.internal.spaces.EntityQuerySpaceImpl@74abbb]
22:30:06.661 [main] DEBUG org.hibernate.persister.walking.spi.MetamodelGraphWalker - Visiting attribute path : address
22:30:06.661 [main] DEBUG org.hibernate.persister.walking.spi.MetamodelGraphWalker - Visiting attribute path : name
22:30:06.661 [main] DEBUG org.hibernate.persister.walking.spi.MetamodelGraphWalker - Visiting attribute path : products
22:30:06.661 [main] DEBUG org.hibernate.loader.plan.build.internal.spaces.QuerySpacesImpl - Adding QuerySpace : uid = &lt;gen:1&gt; -&gt; org.hibernate.loader.plan.build.internal.spaces.CollectionQuerySpaceImpl@2dddc1b9]
22:30:06.662 [main] DEBUG org.hibernate.loader.plan.build.internal.spaces.QuerySpacesImpl - Adding QuerySpace : uid = &lt;gen:2&gt; -&gt; org.hibernate.loader.plan.build.internal.spaces.EntityQuerySpaceImpl@65a5d4f9]
22:30:06.662 [main] DEBUG org.hibernate.loader.plan.build.internal.FetchStyleLoadPlanBuildingAssociationVisitationStrategy - Building LoadPlan...
22:30:06.662 [main] DEBUG org.hibernate.loader.plan.exec.internal.LoadQueryJoinAndFetchProcessor - processing queryspace &lt;gen:0&gt;
22:30:06.663 [main] DEBUG org.hibernate.loader.plan.build.spi.LoadPlanTreePrinter - LoadPlan(entity=com.project.backend.domain.Supplier)
    - Returns
       - EntityReturnImpl(entity=com.project.backend.domain.Supplier, querySpaceUid=&lt;gen:0&gt;, path=com.project.backend.domain.Supplier)
          - CollectionAttributeFetchImpl(collection=com.project.backend.domain.Supplier.products, querySpaceUid=&lt;gen:1&gt;, path=com.project.backend.domain.Supplier.products)
             - (collection element) CollectionFetchableElementEntityGraph(entity=com.project.backend.domain.Product, querySpaceUid=&lt;gen:2&gt;, path=com.project.backend.domain.Supplier.products.&lt;elements&gt;)
    - QuerySpaces
       - EntityQuerySpaceImpl(uid=&lt;gen:0&gt;, entity=com.project.backend.domain.Supplier)
          - SQL table alias mapping - supplier0_
          - alias suffix - 0_
          - suffixed key columns - {id1_2_0_}

22:30:06.664 [main] DEBUG org.hibernate.loader.entity.plan.EntityLoader - Static select for entity com.project.backend.domain.Supplier [PESSIMISTIC_FORCE_INCREMENT]: select supplier0_.id as id1_2_0_, supplier0_.address as address2_2_0_, supplier0_.name as name3_2_0_ from Supplier supplier0_ where supplier0_.id=? for update
22:30:06.664 [main] DEBUG org.hibernate.loader.plan.build.internal.spaces.QuerySpacesImpl - Adding QuerySpace : uid = &lt;gen:0&gt; -&gt; org.hibernate.loader.plan.build.internal.spaces.EntityQuerySpaceImpl@40298285]
22:30:06.664 [main] DEBUG org.hibernate.persister.walking.spi.MetamodelGraphWalker - Visiting attribute path : address
22:30:06.664 [main] DEBUG org.hibernate.persister.walking.spi.MetamodelGraphWalker - Visiting attribute path : name
22:30:06.664 [main] DEBUG org.hibernate.persister.walking.spi.MetamodelGraphWalker - Visiting attribute path : products
22:30:06.665 [main] DEBUG org.hibernate.loader.plan.build.internal.spaces.QuerySpacesImpl - Adding QuerySpace : uid = &lt;gen:1&gt; -&gt; org.hibernate.loader.plan.build.internal.spaces.CollectionQuerySpaceImpl@41b0ae4c]
22:30:06.665 [main] DEBUG org.hibernate.loader.plan.build.internal.spaces.QuerySpacesImpl - Adding QuerySpace : uid = &lt;gen:2&gt; -&gt; org.hibernate.loader.plan.build.internal.spaces.EntityQuerySpaceImpl@af9a89f]
22:30:06.665 [main] DEBUG org.hibernate.loader.plan.build.internal.FetchStyleLoadPlanBuildingAssociationVisitationStrategy - Building LoadPlan...
22:30:06.665 [main] DEBUG org.hibernate.loader.plan.exec.internal.LoadQueryJoinAndFetchProcessor - processing queryspace &lt;gen:0&gt;
22:30:06.665 [main] DEBUG org.hibernate.loader.plan.build.spi.LoadPlanTreePrinter - LoadPlan(entity=com.project.backend.domain.Supplier)
    - Returns
       - EntityReturnImpl(entity=com.project.backend.domain.Supplier, querySpaceUid=&lt;gen:0&gt;, path=com.project.backend.domain.Supplier)
          - CollectionAttributeFetchImpl(collection=com.project.backend.domain.Supplier.products, querySpaceUid=&lt;gen:1&gt;, path=com.project.backend.domain.Supplier.products)
             - (collection element) CollectionFetchableElementEntityGraph(entity=com.project.backend.domain.Product, querySpaceUid=&lt;gen:2&gt;, path=com.project.backend.domain.Supplier.products.&lt;elements&gt;)
    - QuerySpaces
       - EntityQuerySpaceImpl(uid=&lt;gen:0&gt;, entity=com.project.backend.domain.Supplier)
          - SQL table alias mapping - supplier0_
          - alias suffix - 0_
          - suffixed key columns - {id1_2_0_}

22:30:06.666 [main] DEBUG org.hibernate.loader.entity.plan.EntityLoader - Static select for entity com.project.backend.domain.Supplier [OPTIMISTIC]: select supplier0_.id as id1_2_0_, supplier0_.address as address2_2_0_, supplier0_.name as name3_2_0_ from Supplier supplier0_ where supplier0_.id=?
22:30:06.666 [main] DEBUG org.hibernate.loader.plan.build.internal.spaces.QuerySpacesImpl - Adding QuerySpace : uid = &lt;gen:0&gt; -&gt; org.hibernate.loader.plan.build.internal.spaces.EntityQuerySpaceImpl@6482eef]
22:30:06.666 [main] DEBUG org.hibernate.persister.walking.spi.MetamodelGraphWalker - Visiting attribute path : address
22:30:06.667 [main] DEBUG org.hibernate.persister.walking.spi.MetamodelGraphWalker - Visiting attribute path : name
22:30:06.667 [main] DEBUG org.hibernate.persister.walking.spi.MetamodelGraphWalker - Visiting attribute path : products
22:30:06.668 [main] DEBUG org.hibernate.loader.plan.build.internal.spaces.QuerySpacesImpl - Adding QuerySpace : uid = &lt;gen:1&gt; -&gt; org.hibernate.loader.plan.build.internal.spaces.CollectionQuerySpaceImpl@5b498842]
22:30:06.668 [main] DEBUG org.hibernate.loader.plan.build.internal.spaces.QuerySpacesImpl - Adding QuerySpace : uid = &lt;gen:2&gt; -&gt; org.hibernate.loader.plan.build.internal.spaces.EntityQuerySpaceImpl@1cb37ee4]
22:30:06.668 [main] DEBUG org.hibernate.loader.plan.build.internal.FetchStyleLoadPlanBuildingAssociationVisitationStrategy - Building LoadPlan...
22:30:06.668 [main] DEBUG org.hibernate.loader.plan.exec.internal.LoadQueryJoinAndFetchProcessor - processing queryspace &lt;gen:0&gt;
22:30:06.668 [main] DEBUG org.hibernate.loader.plan.build.spi.LoadPlanTreePrinter - LoadPlan(entity=com.project.backend.domain.Supplier)
    - Returns
       - EntityReturnImpl(entity=com.project.backend.domain.Supplier, querySpaceUid=&lt;gen:0&gt;, path=com.project.backend.domain.Supplier)
          - CollectionAttributeFetchImpl(collection=com.project.backend.domain.Supplier.products, querySpaceUid=&lt;gen:1&gt;, path=com.project.backend.domain.Supplier.products)
             - (collection element) CollectionFetchableElementEntityGraph(entity=com.project.backend.domain.Product, querySpaceUid=&lt;gen:2&gt;, path=com.project.backend.domain.Supplier.products.&lt;elements&gt;)
    - QuerySpaces
       - EntityQuerySpaceImpl(uid=&lt;gen:0&gt;, entity=com.project.backend.domain.Supplier)
          - SQL table alias mapping - supplier0_
          - alias suffix - 0_
          - suffixed key columns - {id1_2_0_}

22:30:06.669 [main] DEBUG org.hibernate.loader.entity.plan.EntityLoader - Static select for entity com.project.backend.domain.Supplier [OPTIMISTIC_FORCE_INCREMENT]: select supplier0_.id as id1_2_0_, supplier0_.address as address2_2_0_, supplier0_.name as name3_2_0_ from Supplier supplier0_ where supplier0_.id=?
22:30:06.669 [main] DEBUG org.hibernate.loader.Loader - Static select for action ACTION_MERGE on entity com.project.backend.domain.Supplier: select supplier0_.id as id1_2_0_, supplier0_.address as address2_2_0_, supplier0_.name as name3_2_0_ from Supplier supplier0_ where supplier0_.id=?
22:30:06.670 [main] DEBUG org.hibernate.loader.Loader - Static select for action ACTION_REFRESH on entity com.project.backend.domain.Supplier: select supplier0_.id as id1_2_0_, supplier0_.address as address2_2_0_, supplier0_.name as name3_2_0_ from Supplier supplier0_ where supplier0_.id=?
22:30:06.670 [main] DEBUG org.hibernate.loader.plan.build.internal.spaces.QuerySpacesImpl - Adding QuerySpace : uid = &lt;gen:0&gt; -&gt; org.hibernate.loader.plan.build.internal.spaces.CollectionQuerySpaceImpl@5bcb04cb]
22:30:06.670 [main] DEBUG org.hibernate.loader.plan.build.internal.spaces.QuerySpacesImpl - Adding QuerySpace : uid = &lt;gen:1&gt; -&gt; org.hibernate.loader.plan.build.internal.spaces.EntityQuerySpaceImpl@385e36d4]
22:30:06.670 [main] DEBUG org.hibernate.persister.walking.spi.MetamodelGraphWalker - Visiting attribute path : category
22:30:06.670 [main] DEBUG org.hibernate.persister.walking.spi.MetamodelGraphWalker - Property path deemed to be circular : category
22:30:06.671 [main] DEBUG org.hibernate.persister.walking.spi.MetamodelGraphWalker - Visiting attribute path : categoryId
22:30:06.671 [main] DEBUG org.hibernate.persister.walking.spi.MetamodelGraphWalker - Visiting attribute path : description
22:30:06.671 [main] DEBUG org.hibernate.persister.walking.spi.MetamodelGraphWalker - Visiting attribute path : name
22:30:06.671 [main] DEBUG org.hibernate.persister.walking.spi.MetamodelGraphWalker - Visiting attribute path : price
22:30:06.671 [main] DEBUG org.hibernate.persister.walking.spi.MetamodelGraphWalker - Visiting attribute path : supplier
22:30:06.672 [main] DEBUG org.hibernate.loader.plan.build.internal.spaces.QuerySpacesImpl - Adding QuerySpace : uid = &lt;gen:2&gt; -&gt; org.hibernate.loader.plan.build.internal.spaces.EntityQuerySpaceImpl@2bef09c0]
22:30:06.672 [main] DEBUG org.hibernate.persister.walking.spi.MetamodelGraphWalker - Visiting attribute path : supplier.address
22:30:06.672 [main] DEBUG org.hibernate.persister.walking.spi.MetamodelGraphWalker - Visiting attribute path : supplier.name
22:30:06.672 [main] DEBUG org.hibernate.persister.walking.spi.MetamodelGraphWalker - Visiting attribute path : supplier.products
22:30:06.672 [main] DEBUG org.hibernate.persister.walking.spi.MetamodelGraphWalker - Property path deemed to be circular : supplier.products
22:30:06.672 [main] DEBUG org.hibernate.persister.walking.spi.MetamodelGraphWalker - Visiting attribute path : supplierId
22:30:06.673 [main] DEBUG org.hibernate.loader.plan.build.internal.FetchStyleLoadPlanBuildingAssociationVisitationStrategy - Building LoadPlan...
22:30:06.673 [main] DEBUG org.hibernate.loader.plan.exec.internal.LoadQueryJoinAndFetchProcessor - processing queryspace &lt;gen:0&gt;
22:30:06.674 [main] DEBUG org.hibernate.loader.plan.build.spi.LoadPlanTreePrinter - LoadPlan(collection=com.project.backend.domain.Category.products)
    - Returns
       - CollectionReturnImpl(collection=com.project.backend.domain.Category.products, querySpaceUid=&lt;gen:0&gt;, path=[com.project.backend.domain.Category.products])
          - (collection element) CollectionFetchableElementEntityGraph(entity=com.project.backend.domain.Product, querySpaceUid=&lt;gen:1&gt;, path=[com.project.backend.domain.Category.products].&lt;elements&gt;)
             - EntityAttributeFetchImpl(entity=com.project.backend.domain.Supplier, querySpaceUid=&lt;gen:2&gt;, path=[com.project.backend.domain.Category.products].&lt;elements&gt;.supplier)
    - QuerySpaces
       - CollectionQuerySpaceImpl(uid=&lt;gen:0&gt;, collection=com.project.backend.domain.Category.products)
          - SQL table alias mapping - products0_
          - alias suffix - 0_
          - suffixed key columns - {category2_1_0_}
          - entity-element alias suffix - 1_
          - 1_entity-element suffixed key columns - id1_1_1_
          - JOIN (JoinDefinedByMetadata(elements)) : &lt;gen:0&gt; -&gt; &lt;gen:1&gt;
             - EntityQuerySpaceImpl(uid=&lt;gen:1&gt;, entity=com.project.backend.domain.Product)
                - SQL table alias mapping - products0_
                - alias suffix - 1_
                - suffixed key columns - {id1_1_1_}
                - JOIN (JoinDefinedByMetadata(supplier)) : &lt;gen:1&gt; -&gt; &lt;gen:2&gt;
                   - EntityQuerySpaceImpl(uid=&lt;gen:2&gt;, entity=com.project.backend.domain.Supplier)
                      - SQL table alias mapping - supplier1_
                      - alias suffix - 2_
                      - suffixed key columns - {id1_2_2_}

22:30:06.674 [main] DEBUG org.hibernate.loader.collection.plan.CollectionLoader - Static select for collection com.project.backend.domain.Category.products: select products0_.categoryId as category2_1_0_, products0_.id as id1_1_0_, products0_.id as id1_1_1_, products0_.categoryId as category2_1_1_, products0_.description as descript3_1_1_, products0_.name as name4_1_1_, products0_.price as price5_1_1_, products0_.supplierid as supplier6_1_1_, supplier1_.id as id1_2_2_, supplier1_.address as address2_2_2_, supplier1_.name as name3_2_2_ from Product products0_ inner join Supplier supplier1_ on products0_.supplierid=supplier1_.id where products0_.categoryId=?
22:30:06.674 [main] DEBUG org.hibernate.loader.plan.build.internal.spaces.QuerySpacesImpl - Adding QuerySpace : uid = &lt;gen:0&gt; -&gt; org.hibernate.loader.plan.build.internal.spaces.CollectionQuerySpaceImpl@58a63629]
22:30:06.675 [main] DEBUG org.hibernate.loader.plan.build.internal.spaces.QuerySpacesImpl - Adding QuerySpace : uid = &lt;gen:1&gt; -&gt; org.hibernate.loader.plan.build.internal.spaces.EntityQuerySpaceImpl@7de843ef]
22:30:06.675 [main] DEBUG org.hibernate.persister.walking.spi.MetamodelGraphWalker - Visiting attribute path : category
22:30:06.675 [main] DEBUG org.hibernate.loader.plan.build.internal.spaces.QuerySpacesImpl - Adding QuerySpace : uid = &lt;gen:2&gt; -&gt; org.hibernate.loader.plan.build.internal.spaces.EntityQuerySpaceImpl@56ac5c80]
22:30:06.676 [main] DEBUG org.hibernate.persister.walking.spi.MetamodelGraphWalker - Visiting attribute path : category.description
22:30:06.676 [main] DEBUG org.hibernate.persister.walking.spi.MetamodelGraphWalker - Visiting attribute path : category.name
22:30:06.676 [main] DEBUG org.hibernate.persister.walking.spi.MetamodelGraphWalker - Visiting attribute path : category.products
22:30:06.676 [main] DEBUG org.hibernate.persister.walking.spi.MetamodelGraphWalker - Property path deemed to be circular : category.products
22:30:06.676 [main] DEBUG org.hibernate.persister.walking.spi.MetamodelGraphWalker - Visiting attribute path : categoryId
22:30:06.676 [main] DEBUG org.hibernate.persister.walking.spi.MetamodelGraphWalker - Visiting attribute path : description
22:30:06.677 [main] DEBUG org.hibernate.persister.walking.spi.MetamodelGraphWalker - Visiting attribute path : name
22:30:06.677 [main] DEBUG org.hibernate.persister.walking.spi.MetamodelGraphWalker - Visiting attribute path : price
22:30:06.677 [main] DEBUG org.hibernate.persister.walking.spi.MetamodelGraphWalker - Visiting attribute path : supplier
22:30:06.677 [main] DEBUG org.hibernate.persister.walking.spi.MetamodelGraphWalker - Property path deemed to be circular : supplier
22:30:06.677 [main] DEBUG org.hibernate.persister.walking.spi.MetamodelGraphWalker - Visiting attribute path : supplierId
22:30:06.677 [main] DEBUG org.hibernate.loader.plan.build.internal.FetchStyleLoadPlanBuildingAssociationVisitationStrategy - Building LoadPlan...
22:30:06.678 [main] DEBUG org.hibernate.loader.plan.exec.internal.LoadQueryJoinAndFetchProcessor - processing queryspace &lt;gen:0&gt;
22:30:06.680 [main] DEBUG org.hibernate.loader.plan.build.spi.LoadPlanTreePrinter - LoadPlan(collection=com.project.backend.domain.Supplier.products)
    - Returns
       - CollectionReturnImpl(collection=com.project.backend.domain.Supplier.products, querySpaceUid=&lt;gen:0&gt;, path=[com.project.backend.domain.Supplier.products])
          - (collection element) CollectionFetchableElementEntityGraph(entity=com.project.backend.domain.Product, querySpaceUid=&lt;gen:1&gt;, path=[com.project.backend.domain.Supplier.products].&lt;elements&gt;)
             - EntityAttributeFetchImpl(entity=com.project.backend.domain.Category, querySpaceUid=&lt;gen:2&gt;, path=[com.project.backend.domain.Supplier.products].&lt;elements&gt;.category)
    - QuerySpaces
       - CollectionQuerySpaceImpl(uid=&lt;gen:0&gt;, collection=com.project.backend.domain.Supplier.products)
          - SQL table alias mapping - products0_
          - alias suffix - 0_
          - suffixed key columns - {supplier6_1_0_}
          - entity-element alias suffix - 1_
          - 1_entity-element suffixed key columns - id1_1_1_
          - JOIN (JoinDefinedByMetadata(elements)) : &lt;gen:0&gt; -&gt; &lt;gen:1&gt;
             - EntityQuerySpaceImpl(uid=&lt;gen:1&gt;, entity=com.project.backend.domain.Product)
                - SQL table alias mapping - products0_
                - alias suffix - 1_
                - suffixed key columns - {id1_1_1_}
                - JOIN (JoinDefinedByMetadata(category)) : &lt;gen:1&gt; -&gt; &lt;gen:2&gt;
                   - EntityQuerySpaceImpl(uid=&lt;gen:2&gt;, entity=com.project.backend.domain.Category)
                      - SQL table alias mapping - category1_
                      - alias suffix - 2_
                      - suffixed key columns - {id1_0_2_}

22:30:06.681 [main] DEBUG org.hibernate.loader.collection.plan.CollectionLoader - Static select for collection com.project.backend.domain.Supplier.products: select products0_.supplierid as supplier6_1_0_, products0_.id as id1_1_0_, products0_.id as id1_1_1_, products0_.categoryId as category2_1_1_, products0_.description as descript3_1_1_, products0_.name as name4_1_1_, products0_.price as price5_1_1_, products0_.supplierid as supplier6_1_1_, category1_.id as id1_0_2_, category1_.description as descript2_0_2_, category1_.name as name3_0_2_ from Product products0_ inner join Category category1_ on products0_.categoryId=category1_.id where products0_.supplierid=?
22:30:06.681 [main] DEBUG org.hibernate.internal.SessionFactoryImpl - Instantiated session factory
22:30:06.681 [main] DEBUG org.hibernate.engine.transaction.jta.platform.internal.JtaPlatformInitiator - No JtaPlatform was specified, checking resolver
22:30:06.681 [main] DEBUG org.hibernate.engine.transaction.jta.platform.internal.JtaPlatformResolverInitiator - No JtaPlatformResolver was specified, using default [org.hibernate.engine.transaction.jta.platform.internal.StandardJtaPlatformResolver]
22:30:06.687 [main] DEBUG org.hibernate.engine.transaction.jta.platform.internal.StandardJtaPlatformResolver - Could not resolve JtaPlatform, using default [org.hibernate.engine.transaction.jta.platform.internal.NoJtaPlatform]
22:30:06.687 [main] DEBUG org.hibernate.internal.NamedQueryRepository - Checking 0 named HQL queries
22:30:06.687 [main] DEBUG org.hibernate.internal.NamedQueryRepository - Checking 0 named SQL queries
22:30:06.687 [main] DEBUG org.hibernate.internal.SessionFactoryRegistry - Registering SessionFactory: b0e70957-1e1d-44d4-866a-9262982d1412 (&lt;unnamed&gt;)
22:30:06.687 [main] DEBUG org.hibernate.internal.SessionFactoryRegistry - Not binding SessionFactory to JNDI, no JNDI name configured
22:30:06.688 [main] DEBUG org.springframework.beans.factory.support.DefaultListableBeanFactory - Eagerly caching bean &apos;sessionFactory&apos; to allow for resolving potential circular references
22:30:06.707 [main] DEBUG org.springframework.beans.factory.support.DefaultListableBeanFactory - Returning cached instance of singleton bean &apos;org.springframework.transaction.config.internalTransactionAdvisor&apos;
22:30:06.725 [main] DEBUG org.springframework.beans.factory.support.DefaultListableBeanFactory - Finished creating instance of bean &apos;sessionFactory&apos;
22:30:06.725 [main] DEBUG org.springframework.beans.factory.annotation.AutowiredAnnotationBeanPostProcessor - Autowiring by type from bean name &apos;categoryDAO&apos; to bean named &apos;sessionFactory&apos;
22:30:06.725 [main] DEBUG org.springframework.beans.factory.annotation.InjectionMetadata - Processing injected element of bean &apos;categoryDAO&apos;: AutowiredFieldElement for private com.project.backend.domain.Category com.project.backend.daoimpl.CategoryDAOIMPL.category
22:30:06.725 [main] DEBUG org.springframework.core.annotation.AnnotationUtils - Failed to meta-introspect annotation [interface org.springframework.beans.factory.annotation.Autowired]: java.lang.NullPointerException
22:30:06.726 [main] DEBUG org.springframework.beans.factory.support.DefaultListableBeanFactory - Creating shared instance of singleton bean &apos;category&apos;
22:30:06.726 [main] DEBUG org.springframework.beans.factory.support.DefaultListableBeanFactory - Creating instance of bean &apos;category&apos;
22:30:06.727 [main] DEBUG org.springframework.beans.factory.support.DefaultListableBeanFactory - Eagerly caching bean &apos;category&apos; to allow for resolving potential circular references
22:30:06.729 [main] DEBUG org.springframework.beans.factory.support.DefaultListableBeanFactory - Returning cached instance of singleton bean &apos;org.springframework.transaction.config.internalTransactionAdvisor&apos;
22:30:06.729 [main] DEBUG org.springframework.beans.factory.support.DefaultListableBeanFactory - Finished creating instance of bean &apos;category&apos;
22:30:06.730 [main] DEBUG org.springframework.beans.factory.annotation.AutowiredAnnotationBeanPostProcessor - Autowiring by type from bean name &apos;categoryDAO&apos; to bean named &apos;category&apos;
22:30:06.730 [main] DEBUG org.springframework.beans.factory.support.DefaultListableBeanFactory - Returning cached instance of singleton bean &apos;org.springframework.transaction.config.internalTransactionAdvisor&apos;
22:30:06.731 [main] DEBUG org.springframework.transaction.annotation.AnnotationTransactionAttributeSource - Adding transactional method &apos;com.project.backend.daoimpl.CategoryDAOIMPL.get&apos; with attribute: PROPAGATION_REQUIRED,ISOLATION_DEFAULT; &apos;&apos;
22:30:06.731 [main] DEBUG org.springframework.aop.framework.autoproxy.InfrastructureAdvisorAutoProxyCreator - Creating implicit proxy for bean &apos;categoryDAO&apos; with 0 common interceptors and 1 specific interceptors
22:30:06.732 [main] DEBUG org.springframework.aop.framework.JdkDynamicAopProxy - Creating JDK dynamic proxy: target source is SingletonTargetSource for target object [com.project.backend.daoimpl.CategoryDAOIMPL@474fae39]
22:30:06.734 [main] DEBUG org.springframework.beans.factory.support.DefaultListableBeanFactory - Finished creating instance of bean &apos;categoryDAO&apos;
22:30:06.735 [main] DEBUG org.springframework.beans.factory.support.DefaultListableBeanFactory - Creating shared instance of singleton bean &apos;productDAO&apos;
22:30:06.735 [main] DEBUG org.springframework.beans.factory.support.DefaultListableBeanFactory - Creating instance of bean &apos;productDAO&apos;
22:30:06.737 [main] DEBUG org.springframework.beans.factory.annotation.InjectionMetadata - Registered injected element on class [com.project.backend.daoimpl.ProductDAOIMPL]: AutowiredFieldElement for private org.hibernate.SessionFactory com.project.backend.daoimpl.ProductDAOIMPL.sessionFactory
22:30:06.737 [main] DEBUG org.springframework.beans.factory.annotation.InjectionMetadata - Registered injected element on class [com.project.backend.daoimpl.ProductDAOIMPL]: AutowiredFieldElement for private com.project.backend.domain.Product com.project.backend.daoimpl.ProductDAOIMPL.product
22:30:06.737 [main] DEBUG org.springframework.beans.factory.support.DefaultListableBeanFactory - Eagerly caching bean &apos;productDAO&apos; to allow for resolving potential circular references
22:30:06.739 [main] DEBUG org.springframework.beans.factory.annotation.InjectionMetadata - Processing injected element of bean &apos;productDAO&apos;: AutowiredFieldElement for private org.hibernate.SessionFactory com.project.backend.daoimpl.ProductDAOIMPL.sessionFactory
22:30:06.740 [main] DEBUG org.springframework.core.annotation.AnnotationUtils - Failed to meta-introspect annotation [interface org.springframework.beans.factory.annotation.Autowired]: java.lang.NullPointerException
22:30:06.740 [main] DEBUG org.springframework.beans.factory.support.DefaultListableBeanFactory - Returning cached instance of singleton bean &apos;sessionFactory&apos;
22:30:06.741 [main] DEBUG org.springframework.beans.factory.annotation.AutowiredAnnotationBeanPostProcessor - Autowiring by type from bean name &apos;productDAO&apos; to bean named &apos;sessionFactory&apos;
22:30:06.741 [main] DEBUG org.springframework.beans.factory.annotation.InjectionMetadata - Processing injected element of bean &apos;productDAO&apos;: AutowiredFieldElement for private com.project.backend.domain.Product com.project.backend.daoimpl.ProductDAOIMPL.product
22:30:06.741 [main] DEBUG org.springframework.core.annotation.AnnotationUtils - Failed to meta-introspect annotation [interface org.springframework.beans.factory.annotation.Autowired]: java.lang.NullPointerException
22:30:06.743 [main] DEBUG org.springframework.beans.factory.support.DefaultListableBeanFactory - Creating shared instance of singleton bean &apos;product&apos;
22:30:06.743 [main] DEBUG org.springframework.beans.factory.support.DefaultListableBeanFactory - Creating instance of bean &apos;product&apos;
22:30:06.744 [main] DEBUG org.springframework.beans.factory.support.DefaultListableBeanFactory - Eagerly caching bean &apos;product&apos; to allow for resolving potential circular references
22:30:06.744 [main] DEBUG org.springframework.beans.factory.support.DefaultListableBeanFactory - Returning cached instance of singleton bean &apos;org.springframework.transaction.config.internalTransactionAdvisor&apos;
22:30:06.745 [main] DEBUG org.springframework.beans.factory.support.DefaultListableBeanFactory - Finished creating instance of bean &apos;product&apos;
22:30:06.745 [main] DEBUG org.springframework.beans.factory.annotation.AutowiredAnnotationBeanPostProcessor - Autowiring by type from bean name &apos;productDAO&apos; to bean named &apos;product&apos;
22:30:06.745 [main] DEBUG org.springframework.beans.factory.support.DefaultListableBeanFactory - Returning cached instance of singleton bean &apos;org.springframework.transaction.config.internalTransactionAdvisor&apos;
22:30:06.746 [main] DEBUG org.springframework.transaction.annotation.AnnotationTransactionAttributeSource - Adding transactional method &apos;com.project.backend.daoimpl.ProductDAOIMPL.get&apos; with attribute: PROPAGATION_REQUIRED,ISOLATION_DEFAULT; &apos;&apos;
22:30:06.746 [main] DEBUG org.springframework.aop.framework.autoproxy.InfrastructureAdvisorAutoProxyCreator - Creating implicit proxy for bean &apos;productDAO&apos; with 0 common interceptors and 1 specific interceptors
22:30:06.746 [main] DEBUG org.springframework.aop.framework.JdkDynamicAopProxy - Creating JDK dynamic proxy: target source is SingletonTargetSource for target object [com.project.backend.daoimpl.ProductDAOIMPL@21f8e55f]
22:30:06.747 [main] DEBUG org.springframework.beans.factory.support.DefaultListableBeanFactory - Finished creating instance of bean &apos;productDAO&apos;
22:30:06.747 [main] DEBUG org.springframework.beans.factory.support.DefaultListableBeanFactory - Creating shared instance of singleton bean &apos;supplierDAO&apos;
22:30:06.747 [main] DEBUG org.springframework.beans.factory.support.DefaultListableBeanFactory - Creating instance of bean &apos;supplierDAO&apos;
22:30:06.748 [main] DEBUG org.springframework.beans.factory.annotation.InjectionMetadata - Registered injected element on class [com.project.backend.daoimpl.SupplierDAOIMPL]: AutowiredFieldElement for private org.hibernate.SessionFactory com.project.backend.daoimpl.SupplierDAOIMPL.sessionFactory
22:30:06.748 [main] DEBUG org.springframework.beans.factory.annotation.InjectionMetadata - Registered injected element on class [com.project.backend.daoimpl.SupplierDAOIMPL]: AutowiredFieldElement for private com.project.backend.domain.Supplier com.project.backend.daoimpl.SupplierDAOIMPL.supplier
22:30:06.748 [main] DEBUG org.springframework.beans.factory.support.DefaultListableBeanFactory - Eagerly caching bean &apos;supplierDAO&apos; to allow for resolving potential circular references
22:30:06.750 [main] DEBUG org.springframework.beans.factory.annotation.InjectionMetadata - Processing injected element of bean &apos;supplierDAO&apos;: AutowiredFieldElement for private org.hibernate.SessionFactory com.project.backend.daoimpl.SupplierDAOIMPL.sessionFactory
22:30:06.750 [main] DEBUG org.springframework.core.annotation.AnnotationUtils - Failed to meta-introspect annotation [interface org.springframework.beans.factory.annotation.Autowired]: java.lang.NullPointerException
22:30:06.750 [main] DEBUG org.springframework.beans.factory.support.DefaultListableBeanFactory - Returning cached instance of singleton bean &apos;sessionFactory&apos;
22:30:06.751 [main] DEBUG org.springframework.beans.factory.annotation.AutowiredAnnotationBeanPostProcessor - Autowiring by type from bean name &apos;supplierDAO&apos; to bean named &apos;sessionFactory&apos;
22:30:06.751 [main] DEBUG org.springframework.beans.factory.annotation.InjectionMetadata - Processing injected element of bean &apos;supplierDAO&apos;: AutowiredFieldElement for private com.project.backend.domain.Supplier com.project.backend.daoimpl.SupplierDAOIMPL.supplier
22:30:06.751 [main] DEBUG org.springframework.core.annotation.AnnotationUtils - Failed to meta-introspect annotation [interface org.springframework.beans.factory.annotation.Autowired]: java.lang.NullPointerException
22:30:06.752 [main] DEBUG org.springframework.beans.factory.support.DefaultListableBeanFactory - Creating shared instance of singleton bean &apos;supplier&apos;
22:30:06.752 [main] DEBUG org.springframework.beans.factory.support.DefaultListableBeanFactory - Creating instance of bean &apos;supplier&apos;
22:30:06.752 [main] DEBUG org.springframework.beans.factory.support.DefaultListableBeanFactory - Eagerly caching bean &apos;supplier&apos; to allow for resolving potential circular references
22:30:06.862 [main] DEBUG org.springframework.beans.factory.support.DefaultListableBeanFactory - Returning cached instance of singleton bean &apos;org.springframework.transaction.config.internalTransactionAdvisor&apos;
22:30:06.863 [main] DEBUG org.springframework.beans.factory.support.DefaultListableBeanFactory - Finished creating instance of bean &apos;supplier&apos;
22:30:06.863 [main] DEBUG org.springframework.beans.factory.annotation.AutowiredAnnotationBeanPostProcessor - Autowiring by type from bean name &apos;supplierDAO&apos; to bean named &apos;supplier&apos;
22:30:06.864 [main] DEBUG org.springframework.beans.factory.support.DefaultListableBeanFactory - Returning cached instance of singleton bean &apos;org.springframework.transaction.config.internalTransactionAdvisor&apos;
22:30:06.864 [main] DEBUG org.springframework.transaction.annotation.AnnotationTransactionAttributeSource - Adding transactional method &apos;com.project.backend.daoimpl.SupplierDAOIMPL.get&apos; with attribute: PROPAGATION_REQUIRED,ISOLATION_DEFAULT; &apos;&apos;
22:30:06.865 [main] DEBUG org.springframework.aop.framework.autoproxy.InfrastructureAdvisorAutoProxyCreator - Creating implicit proxy for bean &apos;supplierDAO&apos; with 0 common interceptors and 1 specific interceptors
22:30:06.865 [main] DEBUG org.springframework.aop.framework.JdkDynamicAopProxy - Creating JDK dynamic proxy: target source is SingletonTargetSource for target object [com.project.backend.daoimpl.SupplierDAOIMPL@680d4a6a]
22:30:06.865 [main] DEBUG org.springframework.beans.factory.support.DefaultListableBeanFactory - Finished creating instance of bean &apos;supplierDAO&apos;
22:30:06.866 [main] DEBUG org.springframework.beans.factory.support.DefaultListableBeanFactory - Creating shared instance of singleton bean &apos;userDAO&apos;
22:30:06.866 [main] DEBUG org.springframework.beans.factory.support.DefaultListableBeanFactory - Creating instance of bean &apos;userDAO&apos;
22:30:06.867 [main] DEBUG org.springframework.beans.factory.annotation.InjectionMetadata - Registered injected element on class [com.project.backend.daoimpl.UserDAOIMPL]: AutowiredFieldElement for private org.hibernate.SessionFactory com.project.backend.daoimpl.UserDAOIMPL.sessionFactory
22:30:06.867 [main] DEBUG org.springframework.beans.factory.annotation.InjectionMetadata - Registered injected element on class [com.project.backend.daoimpl.UserDAOIMPL]: AutowiredFieldElement for private com.project.backend.domain.User com.project.backend.daoimpl.UserDAOIMPL.user
22:30:06.867 [main] DEBUG org.springframework.beans.factory.support.DefaultListableBeanFactory - Eagerly caching bean &apos;userDAO&apos; to allow for resolving potential circular references
22:30:06.869 [main] DEBUG org.springframework.beans.factory.annotation.InjectionMetadata - Processing injected element of bean &apos;userDAO&apos;: AutowiredFieldElement for private org.hibernate.SessionFactory com.project.backend.daoimpl.UserDAOIMPL.sessionFactory
22:30:06.869 [main] DEBUG org.springframework.core.annotation.AnnotationUtils - Failed to meta-introspect annotation [interface org.springframework.beans.factory.annotation.Autowired]: java.lang.NullPointerException
22:30:06.870 [main] DEBUG org.springframework.beans.factory.support.DefaultListableBeanFactory - Returning cached instance of singleton bean &apos;sessionFactory&apos;
22:30:06.870 [main] DEBUG org.springframework.beans.factory.annotation.AutowiredAnnotationBeanPostProcessor - Autowiring by type from bean name &apos;userDAO&apos; to bean named &apos;sessionFactory&apos;
22:30:06.870 [main] DEBUG org.springframework.beans.factory.annotation.InjectionMetadata - Processing injected element of bean &apos;userDAO&apos;: AutowiredFieldElement for private com.project.backend.domain.User com.project.backend.daoimpl.UserDAOIMPL.user
22:30:06.870 [main] DEBUG org.springframework.core.annotation.AnnotationUtils - Failed to meta-introspect annotation [interface org.springframework.beans.factory.annotation.Autowired]: java.lang.NullPointerException
22:30:06.871 [main] DEBUG org.springframework.beans.factory.support.DefaultListableBeanFactory - Creating shared instance of singleton bean &apos;user&apos;
22:30:06.871 [main] DEBUG org.springframework.beans.factory.support.DefaultListableBeanFactory - Creating instance of bean &apos;user&apos;
22:30:06.872 [main] DEBUG org.springframework.beans.factory.support.DefaultListableBeanFactory - Eagerly caching bean &apos;user&apos; to allow for resolving potential circular references
22:30:06.874 [main] DEBUG org.springframework.beans.factory.support.DefaultListableBeanFactory - Returning cached instance of singleton bean &apos;org.springframework.transaction.config.internalTransactionAdvisor&apos;
22:30:06.875 [main] DEBUG org.springframework.beans.factory.support.DefaultListableBeanFactory - Finished creating instance of bean &apos;user&apos;
22:30:06.875 [main] DEBUG org.springframework.beans.factory.annotation.AutowiredAnnotationBeanPostProcessor - Autowiring by type from bean name &apos;userDAO&apos; to bean named &apos;user&apos;
22:30:06.875 [main] DEBUG org.springframework.beans.factory.support.DefaultListableBeanFactory - Returning cached instance of singleton bean &apos;org.springframework.transaction.config.internalTransactionAdvisor&apos;
22:30:06.875 [main] DEBUG org.springframework.transaction.annotation.AnnotationTransactionAttributeSource - Adding transactional method &apos;com.project.backend.daoimpl.UserDAOIMPL.get&apos; with attribute: PROPAGATION_REQUIRED,ISOLATION_DEFAULT; &apos;&apos;
22:30:06.876 [main] DEBUG org.springframework.aop.framework.autoproxy.InfrastructureAdvisorAutoProxyCreator - Creating implicit proxy for bean &apos;userDAO&apos; with 0 common interceptors and 1 specific interceptors
22:30:06.876 [main] DEBUG org.springframework.aop.framework.JdkDynamicAopProxy - Creating JDK dynamic proxy: target source is SingletonTargetSource for target object [com.project.backend.daoimpl.UserDAOIMPL@70101687]
22:30:06.877 [main] DEBUG org.springframework.beans.factory.support.DefaultListableBeanFactory - Finished creating instance of bean &apos;userDAO&apos;
22:30:06.877 [main] DEBUG org.springframework.beans.factory.support.DefaultListableBeanFactory - Returning cached instance of singleton bean &apos;category&apos;
22:30:06.877 [main] DEBUG org.springframework.beans.factory.support.DefaultListableBeanFactory - Returning cached instance of singleton bean &apos;product&apos;
22:30:06.878 [main] DEBUG org.springframework.beans.factory.support.DefaultListableBeanFactory - Returning cached instance of singleton bean &apos;supplier&apos;
22:30:06.878 [main] DEBUG org.springframework.beans.factory.support.DefaultListableBeanFactory - Returning cached instance of singleton bean &apos;user&apos;
22:30:06.878 [main] DEBUG org.springframework.beans.factory.support.DefaultListableBeanFactory - Returning cached instance of singleton bean &apos;org.springframework.transaction.annotation.ProxyTransactionManagementConfiguration&apos;
22:30:06.878 [main] DEBUG org.springframework.beans.factory.support.DefaultListableBeanFactory - Returning cached instance of singleton bean &apos;org.springframework.transaction.config.internalTransactionAdvisor&apos;
22:30:06.878 [main] DEBUG org.springframework.beans.factory.support.DefaultListableBeanFactory - Returning cached instance of singleton bean &apos;transactionAttributeSource&apos;
22:30:06.879 [main] DEBUG org.springframework.beans.factory.support.DefaultListableBeanFactory - Returning cached instance of singleton bean &apos;transactionInterceptor&apos;
22:30:06.879 [main] DEBUG org.springframework.beans.factory.support.DefaultListableBeanFactory - Creating shared instance of singleton bean &apos;org.springframework.transaction.config.internalTransactionalEventListenerFactory&apos;
22:30:06.879 [main] DEBUG org.springframework.beans.factory.support.DefaultListableBeanFactory - Creating instance of bean &apos;org.springframework.transaction.config.internalTransactionalEventListenerFactory&apos;
22:30:06.879 [main] DEBUG org.springframework.beans.factory.support.DefaultListableBeanFactory - Returning cached instance of singleton bean &apos;org.springframework.transaction.annotation.ProxyTransactionManagementConfiguration&apos;
22:30:06.881 [main] DEBUG org.springframework.beans.factory.support.DefaultListableBeanFactory - Eagerly caching bean &apos;org.springframework.transaction.config.internalTransactionalEventListenerFactory&apos; to allow for resolving potential circular references
22:30:06.882 [main] DEBUG org.springframework.beans.factory.support.DefaultListableBeanFactory - Returning cached instance of singleton bean &apos;org.springframework.transaction.config.internalTransactionAdvisor&apos;
22:30:06.894 [main] DEBUG org.springframework.beans.factory.support.DefaultListableBeanFactory - Finished creating instance of bean &apos;org.springframework.transaction.config.internalTransactionalEventListenerFactory&apos;
22:30:06.894 [main] DEBUG org.springframework.beans.factory.support.DefaultListableBeanFactory - Returning cached instance of singleton bean &apos;dataSource&apos;
22:30:06.895 [main] DEBUG org.springframework.beans.factory.support.DefaultListableBeanFactory - Returning cached instance of singleton bean &apos;sessionFactory&apos;
22:30:06.895 [main] DEBUG org.springframework.beans.factory.support.DefaultListableBeanFactory - Creating shared instance of singleton bean &apos;transactionManager&apos;
22:30:06.895 [main] DEBUG org.springframework.beans.factory.support.DefaultListableBeanFactory - Creating instance of bean &apos;transactionManager&apos;
22:30:06.895 [main] DEBUG org.springframework.beans.factory.support.DefaultListableBeanFactory - Returning cached instance of singleton bean &apos;applicationContextConfig&apos;
22:30:06.895 [main] DEBUG org.springframework.beans.factory.support.DefaultListableBeanFactory - Returning cached instance of singleton bean &apos;sessionFactory&apos;
22:30:06.895 [main] DEBUG org.springframework.beans.factory.support.DefaultListableBeanFactory - Autowiring by type from bean name &apos;transactionManager&apos; via factory method to bean named &apos;sessionFactory&apos;
22:30:06.896 [main] INFO org.springframework.orm.hibernate5.HibernateTransactionManager - Using DataSource [org.springframework.jdbc.datasource.DriverManagerDataSource@76d05cc9] of Hibernate SessionFactory for HibernateTransactionManager
22:30:06.896 [main] DEBUG org.springframework.beans.factory.support.DefaultListableBeanFactory - Eagerly caching bean &apos;transactionManager&apos; to allow for resolving potential circular references
22:30:06.901 [main] DEBUG org.springframework.beans.factory.support.DefaultListableBeanFactory - Invoking afterPropertiesSet() on bean with name &apos;transactionManager&apos;
22:30:06.901 [main] DEBUG org.springframework.beans.factory.support.DefaultListableBeanFactory - Returning cached instance of singleton bean &apos;org.springframework.transaction.config.internalTransactionAdvisor&apos;
22:30:06.902 [main] DEBUG org.springframework.beans.factory.support.DefaultListableBeanFactory - Finished creating instance of bean &apos;transactionManager&apos;
22:30:06.902 [main] DEBUG org.springframework.beans.factory.support.DefaultListableBeanFactory - Returning cached instance of singleton bean &apos;org.springframework.aop.config.internalAutoProxyCreator&apos;
22:30:06.902 [main] DEBUG org.springframework.beans.factory.support.DefaultListableBeanFactory - Returning cached instance of singleton bean &apos;org.springframework.context.event.internalEventListenerFactory&apos;
22:30:06.902 [main] DEBUG org.springframework.beans.factory.support.DefaultListableBeanFactory - Returning cached instance of singleton bean &apos;org.springframework.transaction.config.internalTransactionalEventListenerFactory&apos;
22:30:06.919 [main] DEBUG org.springframework.context.annotation.AnnotationConfigApplicationContext - Unable to locate LifecycleProcessor with name &apos;lifecycleProcessor&apos;: using default [org.springframework.context.support.DefaultLifecycleProcessor@15f2eda3]
22:30:06.919 [main] DEBUG org.springframework.beans.factory.support.DefaultListableBeanFactory - Returning cached instance of singleton bean &apos;lifecycleProcessor&apos;
22:30:06.919 [main] DEBUG org.springframework.core.env.PropertySourcesPropertyResolver - Could not find key &apos;spring.liveBeansView.mbeanDomain&apos; in any property source
22:30:06.920 [main] DEBUG org.springframework.beans.factory.support.DefaultListableBeanFactory - Returning cached instance of singleton bean &apos;productDAO&apos;
22:30:06.920 [main] DEBUG org.springframework.beans.factory.support.DefaultListableBeanFactory - Returning cached instance of singleton bean &apos;product&apos;
22:30:06.921 [main] DEBUG org.springframework.beans.factory.support.DefaultListableBeanFactory - Returning cached instance of singleton bean &apos;transactionManager&apos;
22:30:06.921 [main] DEBUG org.springframework.orm.hibernate5.HibernateTransactionManager - Creating new transaction with name [com.project.backend.daoimpl.ProductDAOIMPL.get]: PROPAGATION_REQUIRED,ISOLATION_DEFAULT; &apos;&apos;
22:30:06.922 [main] DEBUG org.hibernate.stat.internal.StatisticsInitiator - Statistics initialized [enabled=false]
22:30:06.922 [main] DEBUG org.springframework.orm.hibernate5.HibernateTransactionManager - Opened new Session [SessionImpl(PersistenceContext[entityKeys=[],collectionKeys=[]];ActionQueue[insertions=ExecutableList{size=0} updates=ExecutableList{size=0} deletions=ExecutableList{size=0} orphanRemovals=ExecutableList{size=0} collectionCreations=ExecutableList{size=0} collectionRemovals=ExecutableList{size=0} collectionUpdates=ExecutableList{size=0} collectionQueuedOps=ExecutableList{size=0} unresolvedInsertDependencies=null])] for Hibernate transaction
22:30:06.922 [main] DEBUG org.springframework.orm.hibernate5.HibernateTransactionManager - Preparing JDBC Connection of Hibernate Session [SessionImpl(PersistenceContext[entityKeys=[],collectionKeys=[]];ActionQueue[insertions=ExecutableList{size=0} updates=ExecutableList{size=0} deletions=ExecutableList{size=0} orphanRemovals=ExecutableList{size=0} collectionCreations=ExecutableList{size=0} collectionRemovals=ExecutableList{size=0} collectionUpdates=ExecutableList{size=0} collectionQueuedOps=ExecutableList{size=0} unresolvedInsertDependencies=null])]
22:30:06.922 [main] DEBUG org.springframework.jdbc.datasource.DriverManagerDataSource - Creating new JDBC DriverManager Connection to [jdbc:h2:~/test]
22:30:06.967 [main] DEBUG org.hibernate.engine.transaction.internal.TransactionImpl - begin
22:30:06.968 [main] DEBUG org.springframework.orm.hibernate5.HibernateTransactionManager - Exposing Hibernate transaction as JDBC transaction [conn9: url=jdbc:h2:~/test user=SA]
22:30:06.968 [main] DEBUG org.hibernate.SQL - select product0_.id as id1_1_0_, product0_.categoryId as category2_1_0_, product0_.description as descript3_1_0_, product0_.name as name4_1_0_, product0_.price as price5_1_0_, product0_.supplierid as supplier6_1_0_, category1_.id as id1_0_1_, category1_.description as descript2_0_1_, category1_.name as name3_0_1_, supplier2_.id as id1_2_2_, supplier2_.address as address2_2_2_, supplier2_.name as name3_2_2_ from Product product0_ inner join Category category1_ on product0_.categoryId=category1_.id inner join Supplier supplier2_ on product0_.supplierid=supplier2_.id where product0_.id=?
Hibernate: select product0_.id as id1_1_0_, product0_.categoryId as category2_1_0_, product0_.description as descript3_1_0_, product0_.name as name4_1_0_, product0_.price as price5_1_0_, product0_.supplierid as supplier6_1_0_, category1_.id as id1_0_1_, category1_.description as descript2_0_1_, category1_.name as name3_0_1_, supplier2_.id as id1_2_2_, supplier2_.address as address2_2_2_, supplier2_.name as name3_2_2_ from Product product0_ inner join Category category1_ on product0_.categoryId=category1_.id inner join Supplier supplier2_ on product0_.supplierid=supplier2_.id where product0_.id=?
22:30:06.984 [main] DEBUG org.hibernate.resource.jdbc.internal.ResourceRegistryStandardImpl - HHH000387: ResultSet&apos;s statement was not registered
22:30:06.985 [main] DEBUG org.hibernate.loader.entity.plan.AbstractLoadPlanBasedEntityLoader - Done entity load : com.project.backend.domain.Product#Lenevo-001
22:30:06.986 [main] DEBUG org.springframework.orm.hibernate5.HibernateTransactionManager - Initiating transaction rollback
22:30:07.008 [main] DEBUG org.springframework.orm.hibernate5.HibernateTransactionManager - Rolling back Hibernate transaction on Session [SessionImpl(PersistenceContext[entityKeys=[],collectionKeys=[]];ActionQueue[insertions=ExecutableList{size=0} updates=ExecutableList{size=0} deletions=ExecutableList{size=0} orphanRemovals=ExecutableList{size=0} collectionCreations=ExecutableList{size=0} collectionRemovals=ExecutableList{size=0} collectionUpdates=ExecutableList{size=0} collectionQueuedOps=ExecutableList{size=0} unresolvedInsertDependencies=null])]
22:30:07.008 [main] DEBUG org.hibernate.engine.transaction.internal.TransactionImpl - rolling back
22:30:07.010 [main] DEBUG org.springframework.orm.hibernate5.HibernateTransactionManager - Closing Hibernate Session [SessionImpl(PersistenceContext[entityKeys=[],collectionKeys=[]];ActionQueue[insertions=ExecutableList{size=0} updates=ExecutableList{size=0} deletions=ExecutableList{size=0} orphanRemovals=ExecutableList{size=0} collectionCreations=ExecutableList{size=0} collectionRemovals=ExecutableList{size=0} collectionUpdates=ExecutableList{size=0} collectionQueuedOps=ExecutableList{size=0} unresolvedInsertDependencies=null])] after transaction
</system-out>
  </testcase>
  <testcase classname="com.project.backend.ProductTestCase" name="updateProductTestCase" time="0.051">
    <error message="Batch update returned unexpected row count from update [0]; actual row count: 0; expected: 1; nested exception is org.hibernate.StaleStateException: Batch update returned unexpected row count from update [0]; actual row count: 0; expected: 1" type="org.springframework.orm.hibernate5.HibernateOptimisticLockingFailureException">org.springframework.orm.hibernate5.HibernateOptimisticLockingFailureException: Batch update returned unexpected row count from update [0]; actual row count: 0; expected: 1; nested exception is org.hibernate.StaleStateException: Batch update returned unexpected row count from update [0]; actual row count: 0; expected: 1
	at org.springframework.orm.hibernate5.SessionFactoryUtils.convertHibernateAccessException(SessionFactoryUtils.java:289)
	at org.springframework.orm.hibernate5.HibernateTransactionManager.convertHibernateAccessException(HibernateTransactionManager.java:785)
	at org.springframework.orm.hibernate5.HibernateTransactionManager.doCommit(HibernateTransactionManager.java:617)
	at org.springframework.transaction.support.AbstractPlatformTransactionManager.processCommit(AbstractPlatformTransactionManager.java:746)
	at org.springframework.transaction.support.AbstractPlatformTransactionManager.commit(AbstractPlatformTransactionManager.java:714)
	at org.springframework.transaction.interceptor.TransactionAspectSupport.commitTransactionAfterReturning(TransactionAspectSupport.java:532)
	at org.springframework.transaction.interceptor.TransactionAspectSupport.invokeWithinTransaction(TransactionAspectSupport.java:304)
	at org.springframework.transaction.interceptor.TransactionInterceptor.invoke(TransactionInterceptor.java:98)
	at org.springframework.aop.framework.ReflectiveMethodInvocation.proceed(ReflectiveMethodInvocation.java:185)
	at org.springframework.aop.framework.JdkDynamicAopProxy.invoke(JdkDynamicAopProxy.java:212)
	at com.sun.proxy.$Proxy34.update(Unknown Source)
	at com.project.backend.ProductTestCase.updateProductTestCase(ProductTestCase.java:52)
	at sun.reflect.NativeMethodAccessorImpl.invoke0(Native Method)
	at sun.reflect.NativeMethodAccessorImpl.invoke(Unknown Source)
	at sun.reflect.DelegatingMethodAccessorImpl.invoke(Unknown Source)
	at java.lang.reflect.Method.invoke(Unknown Source)
	at org.junit.internal.runners.TestMethod.invoke(TestMethod.java:59)
	at org.junit.internal.runners.MethodRoadie.runTestMethod(MethodRoadie.java:98)
	at org.junit.internal.runners.MethodRoadie$2.run(MethodRoadie.java:79)
	at org.junit.internal.runners.MethodRoadie.runBeforesThenTestThenAfters(MethodRoadie.java:87)
	at org.junit.internal.runners.MethodRoadie.runTest(MethodRoadie.java:77)
	at org.junit.internal.runners.MethodRoadie.run(MethodRoadie.java:42)
	at org.junit.internal.runners.JUnit4ClassRunner.invokeTestMethod(JUnit4ClassRunner.java:88)
	at org.junit.internal.runners.JUnit4ClassRunner.runMethods(JUnit4ClassRunner.java:51)
	at org.junit.internal.runners.JUnit4ClassRunner$1.run(JUnit4ClassRunner.java:44)
	at org.junit.internal.runners.ClassRoadie.runUnprotected(ClassRoadie.java:27)
	at org.junit.internal.runners.ClassRoadie.runProtected(ClassRoadie.java:37)
	at org.junit.internal.runners.JUnit4ClassRunner.run(JUnit4ClassRunner.java:42)
	at org.apache.maven.surefire.junit4.JUnit4Provider.execute(JUnit4Provider.java:252)
	at org.apache.maven.surefire.junit4.JUnit4Provider.executeTestSet(JUnit4Provider.java:141)
	at org.apache.maven.surefire.junit4.JUnit4Provider.invoke(JUnit4Provider.java:112)
	at sun.reflect.NativeMethodAccessorImpl.invoke0(Native Method)
	at sun.reflect.NativeMethodAccessorImpl.invoke(Unknown Source)
	at sun.reflect.DelegatingMethodAccessorImpl.invoke(Unknown Source)
	at java.lang.reflect.Method.invoke(Unknown Source)
	at org.apache.maven.surefire.util.ReflectionUtils.invokeMethodWithArray(ReflectionUtils.java:189)
	at org.apache.maven.surefire.booter.ProviderFactory$ProviderProxy.invoke(ProviderFactory.java:165)
	at org.apache.maven.surefire.booter.ProviderFactory.invokeProvider(ProviderFactory.java:85)
	at org.apache.maven.surefire.booter.ForkedBooter.runSuitesInProcess(ForkedBooter.java:115)
	at org.apache.maven.surefire.booter.ForkedBooter.main(ForkedBooter.java:75)
Caused by: org.hibernate.StaleStateException: Batch update returned unexpected row count from update [0]; actual row count: 0; expected: 1
	at org.hibernate.jdbc.Expectations$BasicExpectation.checkBatched(Expectations.java:67)
	at org.hibernate.jdbc.Expectations$BasicExpectation.verifyOutcome(Expectations.java:54)
	at org.hibernate.engine.jdbc.batch.internal.NonBatchingBatch.addToBatch(NonBatchingBatch.java:46)
	at org.hibernate.persister.entity.AbstractEntityPersister.update(AbstractEntityPersister.java:3069)
	at org.hibernate.persister.entity.AbstractEntityPersister.updateOrInsert(AbstractEntityPersister.java:2948)
	at org.hibernate.persister.entity.AbstractEntityPersister.update(AbstractEntityPersister.java:3328)
	at org.hibernate.action.internal.EntityUpdateAction.execute(EntityUpdateAction.java:145)
	at org.hibernate.engine.spi.ActionQueue.executeActions(ActionQueue.java:560)
	at org.hibernate.engine.spi.ActionQueue.executeActions(ActionQueue.java:434)
	at org.hibernate.event.internal.AbstractFlushingEventListener.performExecutions(AbstractFlushingEventListener.java:337)
	at org.hibernate.event.internal.DefaultFlushEventListener.onFlush(DefaultFlushEventListener.java:39)
	at org.hibernate.internal.SessionImpl.flush(SessionImpl.java:1224)
	at org.hibernate.internal.SessionImpl.managedFlush(SessionImpl.java:464)
	at org.hibernate.internal.SessionImpl.flushBeforeTransactionCompletion(SessionImpl.java:2905)
	at org.hibernate.internal.SessionImpl.beforeTransactionCompletion(SessionImpl.java:2281)
	at org.hibernate.engine.jdbc.internal.JdbcCoordinatorImpl.beforeTransactionCompletion(JdbcCoordinatorImpl.java:485)
	at org.hibernate.resource.transaction.backend.jdbc.internal.JdbcResourceLocalTransactionCoordinatorImpl.beforeCompletionCallback(JdbcResourceLocalTransactionCoordinatorImpl.java:146)
	at org.hibernate.resource.transaction.backend.jdbc.internal.JdbcResourceLocalTransactionCoordinatorImpl.access$100(JdbcResourceLocalTransactionCoordinatorImpl.java:38)
	at org.hibernate.resource.transaction.backend.jdbc.internal.JdbcResourceLocalTransactionCoordinatorImpl$TransactionDriverControlImpl.commit(JdbcResourceLocalTransactionCoordinatorImpl.java:230)
	at org.hibernate.engine.transaction.internal.TransactionImpl.commit(TransactionImpl.java:65)
	at org.springframework.orm.hibernate5.HibernateTransactionManager.doCommit(HibernateTransactionManager.java:609)
	... 37 more
</error>
    <system-out>22:30:07.016 [main] DEBUG org.springframework.transaction.annotation.AnnotationTransactionAttributeSource - Adding transactional method &apos;com.project.backend.daoimpl.ProductDAOIMPL.update&apos; with attribute: PROPAGATION_REQUIRED,ISOLATION_DEFAULT; &apos;&apos;
22:30:07.016 [main] DEBUG org.springframework.orm.hibernate5.HibernateTransactionManager - Creating new transaction with name [com.project.backend.daoimpl.ProductDAOIMPL.update]: PROPAGATION_REQUIRED,ISOLATION_DEFAULT; &apos;&apos;
22:30:07.017 [main] DEBUG org.springframework.orm.hibernate5.HibernateTransactionManager - Opened new Session [SessionImpl(PersistenceContext[entityKeys=[],collectionKeys=[]];ActionQueue[insertions=ExecutableList{size=0} updates=ExecutableList{size=0} deletions=ExecutableList{size=0} orphanRemovals=ExecutableList{size=0} collectionCreations=ExecutableList{size=0} collectionRemovals=ExecutableList{size=0} collectionUpdates=ExecutableList{size=0} collectionQueuedOps=ExecutableList{size=0} unresolvedInsertDependencies=null])] for Hibernate transaction
22:30:07.017 [main] DEBUG org.springframework.orm.hibernate5.HibernateTransactionManager - Preparing JDBC Connection of Hibernate Session [SessionImpl(PersistenceContext[entityKeys=[],collectionKeys=[]];ActionQueue[insertions=ExecutableList{size=0} updates=ExecutableList{size=0} deletions=ExecutableList{size=0} orphanRemovals=ExecutableList{size=0} collectionCreations=ExecutableList{size=0} collectionRemovals=ExecutableList{size=0} collectionUpdates=ExecutableList{size=0} collectionQueuedOps=ExecutableList{size=0} unresolvedInsertDependencies=null])]
22:30:07.017 [main] DEBUG org.springframework.jdbc.datasource.DriverManagerDataSource - Creating new JDBC DriverManager Connection to [jdbc:h2:~/test]
22:30:07.065 [main] DEBUG org.hibernate.engine.transaction.internal.TransactionImpl - begin
22:30:07.066 [main] DEBUG org.springframework.orm.hibernate5.HibernateTransactionManager - Exposing Hibernate transaction as JDBC transaction [conn10: url=jdbc:h2:~/test user=SA]
22:30:07.066 [main] DEBUG org.springframework.orm.hibernate5.HibernateTransactionManager - Initiating transaction commit
22:30:07.066 [main] DEBUG org.springframework.orm.hibernate5.HibernateTransactionManager - Committing Hibernate transaction on Session [SessionImpl(PersistenceContext[entityKeys=[EntityKey[com.project.backend.domain.Product#Lenevo-002]],collectionKeys=[]];ActionQueue[insertions=ExecutableList{size=0} updates=ExecutableList{size=0} deletions=ExecutableList{size=0} orphanRemovals=ExecutableList{size=0} collectionCreations=ExecutableList{size=0} collectionRemovals=ExecutableList{size=0} collectionUpdates=ExecutableList{size=0} collectionQueuedOps=ExecutableList{size=0} unresolvedInsertDependencies=null])]
22:30:07.066 [main] DEBUG org.hibernate.engine.transaction.internal.TransactionImpl - committing
22:30:07.066 [main] DEBUG org.hibernate.event.internal.AbstractFlushingEventListener - Processing flush-time cascades
22:30:07.067 [main] DEBUG org.hibernate.event.internal.AbstractFlushingEventListener - Dirty checking collections
22:30:07.067 [main] DEBUG org.hibernate.event.internal.AbstractFlushingEventListener - Flushed: 0 insertions, 1 updates, 0 deletions to 1 objects
22:30:07.067 [main] DEBUG org.hibernate.event.internal.AbstractFlushingEventListener - Flushed: 0 (re)creations, 0 updates, 0 removals to 0 collections
22:30:07.067 [main] DEBUG org.hibernate.internal.util.EntityPrinter - Listing entities:
22:30:07.067 [main] DEBUG org.hibernate.internal.util.EntityPrinter - com.project.backend.domain.Product{supplierId=null, price=0, supplier=null, name=Lenevo -- prodcut, description=This is not Lenevo product, id=Lenevo-002, category=null, categoryId=null}
22:30:07.068 [main] DEBUG org.hibernate.SQL - update Product set categoryId=?, description=?, name=?, price=?, supplierId=? where id=?
Hibernate: update Product set categoryId=?, description=?, name=?, price=?, supplierId=? where id=?
22:30:07.070 [main] ERROR org.hibernate.internal.SessionImpl - HHH000346: Error during managed flush [Batch update returned unexpected row count from update [0]; actual row count: 0; expected: 1]
22:30:07.070 [main] DEBUG org.hibernate.resource.transaction.backend.jdbc.internal.JdbcResourceLocalTransactionCoordinatorImpl - JDBC transaction marked for rollback-only (exception provided for stack trace)
java.lang.Exception: exception just for purpose of providing stack trace
	at org.hibernate.resource.transaction.backend.jdbc.internal.JdbcResourceLocalTransactionCoordinatorImpl$TransactionDriverControlImpl.markRollbackOnly(JdbcResourceLocalTransactionCoordinatorImpl.java:264)
	at org.hibernate.resource.transaction.backend.jdbc.internal.JdbcResourceLocalTransactionCoordinatorImpl.beforeCompletionCallback(JdbcResourceLocalTransactionCoordinatorImpl.java:155)
	at org.hibernate.resource.transaction.backend.jdbc.internal.JdbcResourceLocalTransactionCoordinatorImpl.access$100(JdbcResourceLocalTransactionCoordinatorImpl.java:38)
	at org.hibernate.resource.transaction.backend.jdbc.internal.JdbcResourceLocalTransactionCoordinatorImpl$TransactionDriverControlImpl.commit(JdbcResourceLocalTransactionCoordinatorImpl.java:230)
	at org.hibernate.engine.transaction.internal.TransactionImpl.commit(TransactionImpl.java:65)
	at org.springframework.orm.hibernate5.HibernateTransactionManager.doCommit(HibernateTransactionManager.java:609)
	at org.springframework.transaction.support.AbstractPlatformTransactionManager.processCommit(AbstractPlatformTransactionManager.java:746)
	at org.springframework.transaction.support.AbstractPlatformTransactionManager.commit(AbstractPlatformTransactionManager.java:714)
	at org.springframework.transaction.interceptor.TransactionAspectSupport.commitTransactionAfterReturning(TransactionAspectSupport.java:532)
	at org.springframework.transaction.interceptor.TransactionAspectSupport.invokeWithinTransaction(TransactionAspectSupport.java:304)
	at org.springframework.transaction.interceptor.TransactionInterceptor.invoke(TransactionInterceptor.java:98)
	at org.springframework.aop.framework.ReflectiveMethodInvocation.proceed(ReflectiveMethodInvocation.java:185)
	at org.springframework.aop.framework.JdkDynamicAopProxy.invoke(JdkDynamicAopProxy.java:212)
	at com.sun.proxy.$Proxy34.update(Unknown Source)
	at com.project.backend.ProductTestCase.updateProductTestCase(ProductTestCase.java:52)
	at sun.reflect.NativeMethodAccessorImpl.invoke0(Native Method)
	at sun.reflect.NativeMethodAccessorImpl.invoke(Unknown Source)
	at sun.reflect.DelegatingMethodAccessorImpl.invoke(Unknown Source)
	at java.lang.reflect.Method.invoke(Unknown Source)
	at org.junit.internal.runners.TestMethod.invoke(TestMethod.java:59)
	at org.junit.internal.runners.MethodRoadie.runTestMethod(MethodRoadie.java:98)
	at org.junit.internal.runners.MethodRoadie$2.run(MethodRoadie.java:79)
	at org.junit.internal.runners.MethodRoadie.runBeforesThenTestThenAfters(MethodRoadie.java:87)
	at org.junit.internal.runners.MethodRoadie.runTest(MethodRoadie.java:77)
	at org.junit.internal.runners.MethodRoadie.run(MethodRoadie.java:42)
	at org.junit.internal.runners.JUnit4ClassRunner.invokeTestMethod(JUnit4ClassRunner.java:88)
	at org.junit.internal.runners.JUnit4ClassRunner.runMethods(JUnit4ClassRunner.java:51)
	at org.junit.internal.runners.JUnit4ClassRunner$1.run(JUnit4ClassRunner.java:44)
	at org.junit.internal.runners.ClassRoadie.runUnprotected(ClassRoadie.java:27)
	at org.junit.internal.runners.ClassRoadie.runProtected(ClassRoadie.java:37)
	at org.junit.internal.runners.JUnit4ClassRunner.run(JUnit4ClassRunner.java:42)
	at org.apache.maven.surefire.junit4.JUnit4Provider.execute(JUnit4Provider.java:252)
	at org.apache.maven.surefire.junit4.JUnit4Provider.executeTestSet(JUnit4Provider.java:141)
	at org.apache.maven.surefire.junit4.JUnit4Provider.invoke(JUnit4Provider.java:112)
	at sun.reflect.NativeMethodAccessorImpl.invoke0(Native Method)
	at sun.reflect.NativeMethodAccessorImpl.invoke(Unknown Source)
	at sun.reflect.DelegatingMethodAccessorImpl.invoke(Unknown Source)
	at java.lang.reflect.Method.invoke(Unknown Source)
	at org.apache.maven.surefire.util.ReflectionUtils.invokeMethodWithArray(ReflectionUtils.java:189)
	at org.apache.maven.surefire.booter.ProviderFactory$ProviderProxy.invoke(ProviderFactory.java:165)
	at org.apache.maven.surefire.booter.ProviderFactory.invokeProvider(ProviderFactory.java:85)
	at org.apache.maven.surefire.booter.ForkedBooter.runSuitesInProcess(ForkedBooter.java:115)
	at org.apache.maven.surefire.booter.ForkedBooter.main(ForkedBooter.java:75)
22:30:07.075 [main] DEBUG org.springframework.orm.hibernate5.HibernateTransactionManager - Initiating transaction rollback after commit exception
org.springframework.orm.hibernate5.HibernateOptimisticLockingFailureException: Batch update returned unexpected row count from update [0]; actual row count: 0; expected: 1; nested exception is org.hibernate.StaleStateException: Batch update returned unexpected row count from update [0]; actual row count: 0; expected: 1
	at org.springframework.orm.hibernate5.SessionFactoryUtils.convertHibernateAccessException(SessionFactoryUtils.java:289)
	at org.springframework.orm.hibernate5.HibernateTransactionManager.convertHibernateAccessException(HibernateTransactionManager.java:785)
	at org.springframework.orm.hibernate5.HibernateTransactionManager.doCommit(HibernateTransactionManager.java:617)
	at org.springframework.transaction.support.AbstractPlatformTransactionManager.processCommit(AbstractPlatformTransactionManager.java:746)
	at org.springframework.transaction.support.AbstractPlatformTransactionManager.commit(AbstractPlatformTransactionManager.java:714)
	at org.springframework.transaction.interceptor.TransactionAspectSupport.commitTransactionAfterReturning(TransactionAspectSupport.java:532)
	at org.springframework.transaction.interceptor.TransactionAspectSupport.invokeWithinTransaction(TransactionAspectSupport.java:304)
	at org.springframework.transaction.interceptor.TransactionInterceptor.invoke(TransactionInterceptor.java:98)
	at org.springframework.aop.framework.ReflectiveMethodInvocation.proceed(ReflectiveMethodInvocation.java:185)
	at org.springframework.aop.framework.JdkDynamicAopProxy.invoke(JdkDynamicAopProxy.java:212)
	at com.sun.proxy.$Proxy34.update(Unknown Source)
	at com.project.backend.ProductTestCase.updateProductTestCase(ProductTestCase.java:52)
	at sun.reflect.NativeMethodAccessorImpl.invoke0(Native Method)
	at sun.reflect.NativeMethodAccessorImpl.invoke(Unknown Source)
	at sun.reflect.DelegatingMethodAccessorImpl.invoke(Unknown Source)
	at java.lang.reflect.Method.invoke(Unknown Source)
	at org.junit.internal.runners.TestMethod.invoke(TestMethod.java:59)
	at org.junit.internal.runners.MethodRoadie.runTestMethod(MethodRoadie.java:98)
	at org.junit.internal.runners.MethodRoadie$2.run(MethodRoadie.java:79)
	at org.junit.internal.runners.MethodRoadie.runBeforesThenTestThenAfters(MethodRoadie.java:87)
	at org.junit.internal.runners.MethodRoadie.runTest(MethodRoadie.java:77)
	at org.junit.internal.runners.MethodRoadie.run(MethodRoadie.java:42)
	at org.junit.internal.runners.JUnit4ClassRunner.invokeTestMethod(JUnit4ClassRunner.java:88)
	at org.junit.internal.runners.JUnit4ClassRunner.runMethods(JUnit4ClassRunner.java:51)
	at org.junit.internal.runners.JUnit4ClassRunner$1.run(JUnit4ClassRunner.java:44)
	at org.junit.internal.runners.ClassRoadie.runUnprotected(ClassRoadie.java:27)
	at org.junit.internal.runners.ClassRoadie.runProtected(ClassRoadie.java:37)
	at org.junit.internal.runners.JUnit4ClassRunner.run(JUnit4ClassRunner.java:42)
	at org.apache.maven.surefire.junit4.JUnit4Provider.execute(JUnit4Provider.java:252)
	at org.apache.maven.surefire.junit4.JUnit4Provider.executeTestSet(JUnit4Provider.java:141)
	at org.apache.maven.surefire.junit4.JUnit4Provider.invoke(JUnit4Provider.java:112)
	at sun.reflect.NativeMethodAccessorImpl.invoke0(Native Method)
	at sun.reflect.NativeMethodAccessorImpl.invoke(Unknown Source)
	at sun.reflect.DelegatingMethodAccessorImpl.invoke(Unknown Source)
	at java.lang.reflect.Method.invoke(Unknown Source)
	at org.apache.maven.surefire.util.ReflectionUtils.invokeMethodWithArray(ReflectionUtils.java:189)
	at org.apache.maven.surefire.booter.ProviderFactory$ProviderProxy.invoke(ProviderFactory.java:165)
	at org.apache.maven.surefire.booter.ProviderFactory.invokeProvider(ProviderFactory.java:85)
	at org.apache.maven.surefire.booter.ForkedBooter.runSuitesInProcess(ForkedBooter.java:115)
	at org.apache.maven.surefire.booter.ForkedBooter.main(ForkedBooter.java:75)
Caused by: org.hibernate.StaleStateException: Batch update returned unexpected row count from update [0]; actual row count: 0; expected: 1
	at org.hibernate.jdbc.Expectations$BasicExpectation.checkBatched(Expectations.java:67)
	at org.hibernate.jdbc.Expectations$BasicExpectation.verifyOutcome(Expectations.java:54)
	at org.hibernate.engine.jdbc.batch.internal.NonBatchingBatch.addToBatch(NonBatchingBatch.java:46)
	at org.hibernate.persister.entity.AbstractEntityPersister.update(AbstractEntityPersister.java:3069)
	at org.hibernate.persister.entity.AbstractEntityPersister.updateOrInsert(AbstractEntityPersister.java:2948)
	at org.hibernate.persister.entity.AbstractEntityPersister.update(AbstractEntityPersister.java:3328)
	at org.hibernate.action.internal.EntityUpdateAction.execute(EntityUpdateAction.java:145)
	at org.hibernate.engine.spi.ActionQueue.executeActions(ActionQueue.java:560)
	at org.hibernate.engine.spi.ActionQueue.executeActions(ActionQueue.java:434)
	at org.hibernate.event.internal.AbstractFlushingEventListener.performExecutions(AbstractFlushingEventListener.java:337)
	at org.hibernate.event.internal.DefaultFlushEventListener.onFlush(DefaultFlushEventListener.java:39)
	at org.hibernate.internal.SessionImpl.flush(SessionImpl.java:1224)
	at org.hibernate.internal.SessionImpl.managedFlush(SessionImpl.java:464)
	at org.hibernate.internal.SessionImpl.flushBeforeTransactionCompletion(SessionImpl.java:2905)
	at org.hibernate.internal.SessionImpl.beforeTransactionCompletion(SessionImpl.java:2281)
	at org.hibernate.engine.jdbc.internal.JdbcCoordinatorImpl.beforeTransactionCompletion(JdbcCoordinatorImpl.java:485)
	at org.hibernate.resource.transaction.backend.jdbc.internal.JdbcResourceLocalTransactionCoordinatorImpl.beforeCompletionCallback(JdbcResourceLocalTransactionCoordinatorImpl.java:146)
	at org.hibernate.resource.transaction.backend.jdbc.internal.JdbcResourceLocalTransactionCoordinatorImpl.access$100(JdbcResourceLocalTransactionCoordinatorImpl.java:38)
	at org.hibernate.resource.transaction.backend.jdbc.internal.JdbcResourceLocalTransactionCoordinatorImpl$TransactionDriverControlImpl.commit(JdbcResourceLocalTransactionCoordinatorImpl.java:230)
	at org.hibernate.engine.transaction.internal.TransactionImpl.commit(TransactionImpl.java:65)
	at org.springframework.orm.hibernate5.HibernateTransactionManager.doCommit(HibernateTransactionManager.java:609)
	... 37 common frames omitted
22:30:07.076 [main] DEBUG org.springframework.orm.hibernate5.HibernateTransactionManager - Rolling back Hibernate transaction on Session [SessionImpl(PersistenceContext[entityKeys=[EntityKey[com.project.backend.domain.Product#Lenevo-002]],collectionKeys=[]];ActionQueue[insertions=ExecutableList{size=0} updates=ExecutableList{size=1} deletions=ExecutableList{size=0} orphanRemovals=ExecutableList{size=0} collectionCreations=ExecutableList{size=0} collectionRemovals=ExecutableList{size=0} collectionUpdates=ExecutableList{size=0} collectionQueuedOps=ExecutableList{size=0} unresolvedInsertDependencies=null])]
22:30:07.076 [main] DEBUG org.hibernate.engine.transaction.internal.TransactionImpl - rollback() called on an inactive transaction
22:30:07.094 [main] DEBUG org.springframework.orm.hibernate5.HibernateTransactionManager - Closing Hibernate Session [SessionImpl(PersistenceContext[entityKeys=[EntityKey[com.project.backend.domain.Product#Lenevo-002]],collectionKeys=[]];ActionQueue[insertions=ExecutableList{size=0} updates=ExecutableList{size=1} deletions=ExecutableList{size=0} orphanRemovals=ExecutableList{size=0} collectionCreations=ExecutableList{size=0} collectionRemovals=ExecutableList{size=0} collectionUpdates=ExecutableList{size=0} collectionQueuedOps=ExecutableList{size=0} unresolvedInsertDependencies=null])] after transaction
22:30:07.094 [main] DEBUG org.hibernate.engine.jdbc.internal.JdbcCoordinatorImpl - HHH000420: Closing un-released batch
22:30:07.094 [main] INFO org.hibernate.engine.jdbc.batch.internal.AbstractBatchImpl - HHH000010: On release of batch it still contained JDBC statements
22:30:07.094 [main] DEBUG org.hibernate.resource.jdbc.internal.ResourceRegistryStandardImpl - HHH000387: ResultSet&apos;s statement was not registered
22:30:07.097 [main] DEBUG org.hibernate.resource.jdbc.internal.ResourceRegistryStandardImpl - Exception clearing maxRows/queryTimeout [The object is already closed [90007-196]]
</system-out>
  </testcase>
  <testcase classname="com.project.backend.ProductTestCase" name="getAllProductsTestCase" time="0.128">
    <failure message="get all products  expected:&lt;3&gt; but was:&lt;1&gt;" type="java.lang.AssertionError">java.lang.AssertionError: get all products  expected:&lt;3&gt; but was:&lt;1&gt;
	at org.junit.Assert.fail(Assert.java:74)
	at org.junit.Assert.failNotEquals(Assert.java:448)
	at org.junit.Assert.assertEquals(Assert.java:102)
	at org.junit.Assert.assertEquals(Assert.java:323)
	at com.project.backend.ProductTestCase.getAllProductsTestCase(ProductTestCase.java:83)
	at sun.reflect.NativeMethodAccessorImpl.invoke0(Native Method)
	at sun.reflect.NativeMethodAccessorImpl.invoke(Unknown Source)
	at sun.reflect.DelegatingMethodAccessorImpl.invoke(Unknown Source)
	at java.lang.reflect.Method.invoke(Unknown Source)
	at org.junit.internal.runners.TestMethod.invoke(TestMethod.java:59)
	at org.junit.internal.runners.MethodRoadie.runTestMethod(MethodRoadie.java:98)
	at org.junit.internal.runners.MethodRoadie$2.run(MethodRoadie.java:79)
	at org.junit.internal.runners.MethodRoadie.runBeforesThenTestThenAfters(MethodRoadie.java:87)
	at org.junit.internal.runners.MethodRoadie.runTest(MethodRoadie.java:77)
	at org.junit.internal.runners.MethodRoadie.run(MethodRoadie.java:42)
	at org.junit.internal.runners.JUnit4ClassRunner.invokeTestMethod(JUnit4ClassRunner.java:88)
	at org.junit.internal.runners.JUnit4ClassRunner.runMethods(JUnit4ClassRunner.java:51)
	at org.junit.internal.runners.JUnit4ClassRunner$1.run(JUnit4ClassRunner.java:44)
	at org.junit.internal.runners.ClassRoadie.runUnprotected(ClassRoadie.java:27)
	at org.junit.internal.runners.ClassRoadie.runProtected(ClassRoadie.java:37)
	at org.junit.internal.runners.JUnit4ClassRunner.run(JUnit4ClassRunner.java:42)
	at org.apache.maven.surefire.junit4.JUnit4Provider.execute(JUnit4Provider.java:252)
	at org.apache.maven.surefire.junit4.JUnit4Provider.executeTestSet(JUnit4Provider.java:141)
	at org.apache.maven.surefire.junit4.JUnit4Provider.invoke(JUnit4Provider.java:112)
	at sun.reflect.NativeMethodAccessorImpl.invoke0(Native Method)
	at sun.reflect.NativeMethodAccessorImpl.invoke(Unknown Source)
	at sun.reflect.DelegatingMethodAccessorImpl.invoke(Unknown Source)
	at java.lang.reflect.Method.invoke(Unknown Source)
	at org.apache.maven.surefire.util.ReflectionUtils.invokeMethodWithArray(ReflectionUtils.java:189)
	at org.apache.maven.surefire.booter.ProviderFactory$ProviderProxy.invoke(ProviderFactory.java:165)
	at org.apache.maven.surefire.booter.ProviderFactory.invokeProvider(ProviderFactory.java:85)
	at org.apache.maven.surefire.booter.ForkedBooter.runSuitesInProcess(ForkedBooter.java:115)
	at org.apache.maven.surefire.booter.ForkedBooter.main(ForkedBooter.java:75)
</failure>
    <system-out>22:30:07.100 [main] DEBUG org.springframework.transaction.annotation.AnnotationTransactionAttributeSource - Adding transactional method &apos;com.project.backend.daoimpl.ProductDAOIMPL.list&apos; with attribute: PROPAGATION_REQUIRED,ISOLATION_DEFAULT; &apos;&apos;
22:30:07.101 [main] DEBUG org.springframework.orm.hibernate5.HibernateTransactionManager - Creating new transaction with name [com.project.backend.daoimpl.ProductDAOIMPL.list]: PROPAGATION_REQUIRED,ISOLATION_DEFAULT; &apos;&apos;
22:30:07.101 [main] DEBUG org.springframework.orm.hibernate5.HibernateTransactionManager - Opened new Session [SessionImpl(PersistenceContext[entityKeys=[],collectionKeys=[]];ActionQueue[insertions=ExecutableList{size=0} updates=ExecutableList{size=0} deletions=ExecutableList{size=0} orphanRemovals=ExecutableList{size=0} collectionCreations=ExecutableList{size=0} collectionRemovals=ExecutableList{size=0} collectionUpdates=ExecutableList{size=0} collectionQueuedOps=ExecutableList{size=0} unresolvedInsertDependencies=null])] for Hibernate transaction
22:30:07.101 [main] DEBUG org.springframework.orm.hibernate5.HibernateTransactionManager - Preparing JDBC Connection of Hibernate Session [SessionImpl(PersistenceContext[entityKeys=[],collectionKeys=[]];ActionQueue[insertions=ExecutableList{size=0} updates=ExecutableList{size=0} deletions=ExecutableList{size=0} orphanRemovals=ExecutableList{size=0} collectionCreations=ExecutableList{size=0} collectionRemovals=ExecutableList{size=0} collectionUpdates=ExecutableList{size=0} collectionQueuedOps=ExecutableList{size=0} unresolvedInsertDependencies=null])]
22:30:07.101 [main] DEBUG org.springframework.jdbc.datasource.DriverManagerDataSource - Creating new JDBC DriverManager Connection to [jdbc:h2:~/test]
22:30:07.140 [main] DEBUG org.hibernate.engine.transaction.internal.TransactionImpl - begin
22:30:07.140 [main] DEBUG org.springframework.orm.hibernate5.HibernateTransactionManager - Exposing Hibernate transaction as JDBC transaction [conn11: url=jdbc:h2:~/test user=SA]
22:30:07.141 [main] DEBUG org.hibernate.hql.internal.QueryTranslatorFactoryInitiator - QueryTranslatorFactory : org.hibernate.hql.internal.ast.ASTQueryTranslatorFactory@1280851e
22:30:07.141 [main] INFO org.hibernate.hql.internal.QueryTranslatorFactoryInitiator - HHH000397: Using ASTQueryTranslatorFactory
22:30:07.142 [main] DEBUG org.hibernate.hql.internal.ast.QueryTranslatorImpl - parse() - HQL: from com.project.backend.domain.Product
22:30:07.145 [main] DEBUG org.hibernate.hql.internal.ast.QueryTranslatorImpl - --- HQL AST ---
 \-[QUERY] Node: &apos;query&apos;
    \-[SELECT_FROM] Node: &apos;SELECT_FROM&apos;
       \-[FROM] Node: &apos;from&apos;
          \-[RANGE] Node: &apos;RANGE&apos;
             \-[DOT] Node: &apos;.&apos;
                +-[DOT] Node: &apos;.&apos;
                |  +-[DOT] Node: &apos;.&apos;
                |  |  +-[DOT] Node: &apos;.&apos;
                |  |  |  +-[IDENT] Node: &apos;com&apos;
                |  |  |  \-[IDENT] Node: &apos;project&apos;
                |  |  \-[IDENT] Node: &apos;backend&apos;
                |  \-[IDENT] Node: &apos;domain&apos;
                \-[IDENT] Node: &apos;Product&apos;

22:30:07.145 [main] DEBUG org.hibernate.hql.internal.ast.ErrorCounter - throwQueryException() : no errors
22:30:07.146 [main] DEBUG org.hibernate.hql.internal.antlr.HqlSqlBaseWalker - select &lt;&lt; begin [level=1, statement=select]
22:30:07.146 [main] DEBUG org.hibernate.hql.internal.ast.tree.FromElement - FromClause{level=1} : com.project.backend.domain.Product (&lt;no alias&gt;) -&gt; product0_
22:30:07.146 [main] DEBUG org.hibernate.hql.internal.antlr.HqlSqlBaseWalker - select : finishing up [level=1, statement=select]
22:30:07.146 [main] DEBUG org.hibernate.hql.internal.ast.HqlSqlWalker - processQuery() :  ( SELECT ( FromClause{level=1} Product product0_ ) )
22:30:07.146 [main] DEBUG org.hibernate.hql.internal.ast.HqlSqlWalker - Derived SELECT clause created.
22:30:07.147 [main] DEBUG org.hibernate.hql.internal.ast.util.JoinProcessor - Using FROM fragment [Product product0_]
22:30:07.147 [main] DEBUG org.hibernate.hql.internal.antlr.HqlSqlBaseWalker - select &gt;&gt; end [level=1, statement=select]
22:30:07.147 [main] DEBUG org.hibernate.hql.internal.ast.QueryTranslatorImpl - --- SQL AST ---
 \-[SELECT] QueryNode: &apos;SELECT&apos;  querySpaces (Product)
    +-[SELECT_CLAUSE] SelectClause: &apos;{derived select clause}&apos;
    |  +-[SELECT_EXPR] SelectExpressionImpl: &apos;product0_.id as id1_1_&apos; {FromElement{explicit,not a collection join,not a fetch join,fetch non-lazy properties,classAlias=null,role=null,tableName=Product,tableAlias=product0_,origin=null,columns={,className=com.project.backend.domain.Product}}}
    |  \-[SQL_TOKEN] SqlFragment: &apos;product0_.categoryId as category2_1_, product0_.description as descript3_1_, product0_.name as name4_1_, product0_.price as price5_1_, product0_.supplierid as supplier6_1_&apos;
    \-[FROM] FromClause: &apos;from&apos; FromClause{level=1, fromElementCounter=1, fromElements=1, fromElementByClassAlias=[], fromElementByTableAlias=[product0_], fromElementsByPath=[], collectionJoinFromElementsByPath=[], impliedElements=[]}
       \-[FROM_FRAGMENT] FromElement: &apos;Product product0_&apos; FromElement{explicit,not a collection join,not a fetch join,fetch non-lazy properties,classAlias=null,role=null,tableName=Product,tableAlias=product0_,origin=null,columns={,className=com.project.backend.domain.Product}}

22:30:07.147 [main] DEBUG org.hibernate.hql.internal.ast.ErrorCounter - throwQueryException() : no errors
22:30:07.147 [main] DEBUG org.hibernate.hql.internal.ast.QueryTranslatorImpl - HQL: from com.project.backend.domain.Product
22:30:07.147 [main] DEBUG org.hibernate.hql.internal.ast.QueryTranslatorImpl - SQL: select product0_.id as id1_1_, product0_.categoryId as category2_1_, product0_.description as descript3_1_, product0_.name as name4_1_, product0_.price as price5_1_, product0_.supplierid as supplier6_1_ from Product product0_
22:30:07.147 [main] DEBUG org.hibernate.hql.internal.ast.ErrorCounter - throwQueryException() : no errors
22:30:07.148 [main] DEBUG org.hibernate.SQL - select product0_.id as id1_1_, product0_.categoryId as category2_1_, product0_.description as descript3_1_, product0_.name as name4_1_, product0_.price as price5_1_, product0_.supplierid as supplier6_1_ from Product product0_
Hibernate: select product0_.id as id1_1_, product0_.categoryId as category2_1_, product0_.description as descript3_1_, product0_.name as name4_1_, product0_.price as price5_1_, product0_.supplierid as supplier6_1_ from Product product0_
22:30:07.148 [main] DEBUG org.hibernate.loader.Loader - Result set row: 0
22:30:07.149 [main] DEBUG org.hibernate.loader.Loader - Result row: EntityKey[com.project.backend.domain.Product#prd-001]
22:30:07.149 [main] DEBUG org.hibernate.engine.internal.TwoPhaseLoad - Resolving associations for [com.project.backend.domain.Product#prd-001]
22:30:07.149 [main] DEBUG org.hibernate.SQL - select category0_.id as id1_0_0_, category0_.description as descript2_0_0_, category0_.name as name3_0_0_, products1_.categoryId as category2_1_1_, products1_.id as id1_1_1_, products1_.id as id1_1_2_, products1_.categoryId as category2_1_2_, products1_.description as descript3_1_2_, products1_.name as name4_1_2_, products1_.price as price5_1_2_, products1_.supplierid as supplier6_1_2_, supplier2_.id as id1_2_3_, supplier2_.address as address2_2_3_, supplier2_.name as name3_2_3_ from Category category0_ left outer join Product products1_ on category0_.id=products1_.categoryId left outer join Supplier supplier2_ on products1_.supplierid=supplier2_.id where category0_.id=?
Hibernate: select category0_.id as id1_0_0_, category0_.description as descript2_0_0_, category0_.name as name3_0_0_, products1_.categoryId as category2_1_1_, products1_.id as id1_1_1_, products1_.id as id1_1_2_, products1_.categoryId as category2_1_2_, products1_.description as descript3_1_2_, products1_.name as name4_1_2_, products1_.price as price5_1_2_, products1_.supplierid as supplier6_1_2_, supplier2_.id as id1_2_3_, supplier2_.address as address2_2_3_, supplier2_.name as name3_2_3_ from Category category0_ left outer join Product products1_ on category0_.id=products1_.categoryId left outer join Supplier supplier2_ on products1_.supplierid=supplier2_.id where category0_.id=?
22:30:07.155 [main] DEBUG org.hibernate.loader.plan.exec.process.internal.ResultSetProcessorImpl - Starting ResultSet row #0
22:30:07.155 [main] DEBUG org.hibernate.loader.plan.exec.process.internal.EntityReferenceInitializerImpl - On call to EntityIdentifierReaderImpl#resolve, EntityKey was already known; should only happen on root returns with an optional identifier specified
22:30:07.156 [main] DEBUG org.hibernate.loader.plan.exec.process.internal.CollectionReferenceInitializerImpl - Found row of collection: [com.project.backend.domain.Category.products#WoMenCategory001]
22:30:07.157 [main] DEBUG org.hibernate.engine.internal.TwoPhaseLoad - Resolving associations for [com.project.backend.domain.Category#WoMenCategory001]
22:30:07.157 [main] DEBUG org.hibernate.engine.internal.TwoPhaseLoad - Done materializing entity [com.project.backend.domain.Category#WoMenCategory001]
22:30:07.157 [main] DEBUG org.hibernate.engine.internal.TwoPhaseLoad - Resolving associations for [com.project.backend.domain.Supplier#SUP-001]
22:30:07.157 [main] DEBUG org.hibernate.engine.internal.TwoPhaseLoad - Done materializing entity [com.project.backend.domain.Supplier#SUP-001]
22:30:07.157 [main] DEBUG org.hibernate.engine.loading.internal.CollectionLoadContext - 1 collections were found in result set for role: com.project.backend.domain.Category.products
22:30:07.158 [main] DEBUG org.hibernate.engine.loading.internal.CollectionLoadContext - Collection fully initialized: [com.project.backend.domain.Category.products#WoMenCategory001]
22:30:07.158 [main] DEBUG org.hibernate.engine.loading.internal.CollectionLoadContext - 1 collections initialized for role: com.project.backend.domain.Category.products
22:30:07.158 [main] DEBUG org.hibernate.resource.jdbc.internal.ResourceRegistryStandardImpl - HHH000387: ResultSet&apos;s statement was not registered
22:30:07.160 [main] DEBUG org.hibernate.loader.entity.plan.AbstractLoadPlanBasedEntityLoader - Done entity load : com.project.backend.domain.Category#WoMenCategory001
22:30:07.160 [main] DEBUG org.hibernate.engine.internal.TwoPhaseLoad - Done materializing entity [com.project.backend.domain.Product#prd-001]
22:30:07.160 [main] DEBUG org.hibernate.loader.collection.plan.AbstractLoadPlanBasedCollectionInitializer - Loading collection: [com.project.backend.domain.Supplier.products#SUP-001]
22:30:07.161 [main] DEBUG org.hibernate.SQL - select products0_.supplierid as supplier6_1_0_, products0_.id as id1_1_0_, products0_.id as id1_1_1_, products0_.categoryId as category2_1_1_, products0_.description as descript3_1_1_, products0_.name as name4_1_1_, products0_.price as price5_1_1_, products0_.supplierid as supplier6_1_1_, category1_.id as id1_0_2_, category1_.description as descript2_0_2_, category1_.name as name3_0_2_ from Product products0_ inner join Category category1_ on products0_.categoryId=category1_.id where products0_.supplierid=?
Hibernate: select products0_.supplierid as supplier6_1_0_, products0_.id as id1_1_0_, products0_.id as id1_1_1_, products0_.categoryId as category2_1_1_, products0_.description as descript3_1_1_, products0_.name as name4_1_1_, products0_.price as price5_1_1_, products0_.supplierid as supplier6_1_1_, category1_.id as id1_0_2_, category1_.description as descript2_0_2_, category1_.name as name3_0_2_ from Product products0_ inner join Category category1_ on products0_.categoryId=category1_.id where products0_.supplierid=?
22:30:07.162 [main] DEBUG org.hibernate.loader.plan.exec.process.internal.ResultSetProcessorImpl - Preparing collection intializer : [com.project.backend.domain.Supplier.products#SUP-001]
22:30:07.163 [main] DEBUG org.hibernate.loader.plan.exec.process.internal.ResultSetProcessorImpl - Starting ResultSet row #0
22:30:07.163 [main] DEBUG org.hibernate.loader.plan.exec.process.internal.CollectionReferenceInitializerImpl - Found row of collection: [com.project.backend.domain.Supplier.products#SUP-001]
22:30:07.163 [main] DEBUG org.hibernate.engine.loading.internal.CollectionLoadContext - 1 collections were found in result set for role: com.project.backend.domain.Supplier.products
22:30:07.164 [main] DEBUG org.hibernate.engine.loading.internal.CollectionLoadContext - Collection fully initialized: [com.project.backend.domain.Supplier.products#SUP-001]
22:30:07.164 [main] DEBUG org.hibernate.engine.loading.internal.CollectionLoadContext - 1 collections initialized for role: com.project.backend.domain.Supplier.products
22:30:07.164 [main] DEBUG org.hibernate.resource.jdbc.internal.ResourceRegistryStandardImpl - HHH000387: ResultSet&apos;s statement was not registered
22:30:07.164 [main] DEBUG org.hibernate.loader.collection.plan.AbstractLoadPlanBasedCollectionInitializer - Done loading collection
22:30:07.164 [main] DEBUG org.springframework.orm.hibernate5.HibernateTransactionManager - Initiating transaction commit
22:30:07.164 [main] DEBUG org.springframework.orm.hibernate5.HibernateTransactionManager - Committing Hibernate transaction on Session [SessionImpl(PersistenceContext[entityKeys=[EntityKey[com.project.backend.domain.Category#WoMenCategory001], EntityKey[com.project.backend.domain.Supplier#SUP-001], EntityKey[com.project.backend.domain.Product#prd-001]],collectionKeys=[CollectionKey[com.project.backend.domain.Supplier.products#SUP-001], CollectionKey[com.project.backend.domain.Category.products#WoMenCategory001]]];ActionQueue[insertions=ExecutableList{size=0} updates=ExecutableList{size=0} deletions=ExecutableList{size=0} orphanRemovals=ExecutableList{size=0} collectionCreations=ExecutableList{size=0} collectionRemovals=ExecutableList{size=0} collectionUpdates=ExecutableList{size=0} collectionQueuedOps=ExecutableList{size=0} unresolvedInsertDependencies=null])]
22:30:07.164 [main] DEBUG org.hibernate.engine.transaction.internal.TransactionImpl - committing
22:30:07.165 [main] DEBUG org.hibernate.event.internal.AbstractFlushingEventListener - Processing flush-time cascades
22:30:07.165 [main] DEBUG org.hibernate.event.internal.AbstractFlushingEventListener - Dirty checking collections
22:30:07.165 [main] DEBUG org.hibernate.engine.internal.Collections - Collection found: [com.project.backend.domain.Category.products#WoMenCategory001], was: [com.project.backend.domain.Category.products#WoMenCategory001] (initialized)
22:30:07.165 [main] DEBUG org.hibernate.engine.internal.Collections - Collection found: [com.project.backend.domain.Supplier.products#SUP-001], was: [com.project.backend.domain.Supplier.products#SUP-001] (initialized)
22:30:07.165 [main] DEBUG org.hibernate.event.internal.AbstractFlushingEventListener - Flushed: 0 insertions, 0 updates, 0 deletions to 3 objects
22:30:07.166 [main] DEBUG org.hibernate.event.internal.AbstractFlushingEventListener - Flushed: 0 (re)creations, 0 updates, 0 removals to 2 collections
22:30:07.166 [main] DEBUG org.hibernate.internal.util.EntityPrinter - Listing entities:
22:30:07.166 [main] DEBUG org.hibernate.internal.util.EntityPrinter - com.project.backend.domain.Category{name=Women, description=This is Women category, id=WoMenCategory001, products=[com.project.backend.domain.Product#prd-001]}
22:30:07.166 [main] DEBUG org.hibernate.internal.util.EntityPrinter - com.project.backend.domain.Supplier{address=kigsway cmp, delhi, name=suvidha store, id=SUP-001, products=[com.project.backend.domain.Product#prd-001]}
22:30:07.166 [main] DEBUG org.hibernate.internal.util.EntityPrinter - com.project.backend.domain.Product{supplierId=SUP-001, price=20000, supplier=com.project.backend.domain.Supplier#SUP-001, name=guitar, description=this is guitar, id=prd-001, category=com.project.backend.domain.Category#WoMenCategory001, categoryId=WoMenCategory001}
22:30:07.186 [main] DEBUG org.springframework.orm.hibernate5.HibernateTransactionManager - Closing Hibernate Session [SessionImpl(PersistenceContext[entityKeys=[EntityKey[com.project.backend.domain.Category#WoMenCategory001], EntityKey[com.project.backend.domain.Supplier#SUP-001], EntityKey[com.project.backend.domain.Product#prd-001]],collectionKeys=[CollectionKey[com.project.backend.domain.Supplier.products#SUP-001], CollectionKey[com.project.backend.domain.Category.products#WoMenCategory001]]];ActionQueue[insertions=ExecutableList{size=0} updates=ExecutableList{size=0} deletions=ExecutableList{size=0} orphanRemovals=ExecutableList{size=0} collectionCreations=ExecutableList{size=0} collectionRemovals=ExecutableList{size=0} collectionUpdates=ExecutableList{size=0} collectionQueuedOps=ExecutableList{size=0} unresolvedInsertDependencies=null])] after transaction
</system-out>
  </testcase>
</testsuite>